[0.056s] Invoking command in '/home/kevin/Desktop/INF3995-102/build/limo_msgs': CMAKE_PREFIX_PATH=/opt/ros/humble /usr/bin/cmake /home/kevin/Desktop/INF3995-102/robot/limo/src/limo_ros2/limo_msgs -DCMAKE_INSTALL_PREFIX=/home/kevin/Desktop/INF3995-102/install/limo_msgs
[0.728s] -- The C compiler identification is GNU 11.4.0
[0.728s] -- The CXX compiler identification is GNU 11.4.0
[0.728s] -- Detecting C compiler ABI info
[0.728s] -- Detecting C compiler ABI info - done
[0.728s] -- Check for working C compiler: /usr/bin/cc - skipped
[0.728s] -- Detecting C compile features
[0.728s] -- Detecting C compile features - done
[0.728s] -- Detecting CXX compiler ABI info
[0.728s] -- Detecting CXX compiler ABI info - done
[0.729s] -- Check for working CXX compiler: /usr/bin/c++ - skipped
[0.729s] -- Detecting CXX compile features
[0.730s] -- Detecting CXX compile features - done
[0.731s] -- Found ament_cmake: 1.3.11 (/opt/ros/humble/share/ament_cmake/cmake)
[0.731s] -- Found Python3: /usr/bin/python3 (found version "3.10.12") found components: Interpreter 
[0.731s] -- Found std_msgs: 4.2.4 (/opt/ros/humble/share/std_msgs/cmake)
[0.731s] -- Found rosidl_generator_c: 3.1.6 (/opt/ros/humble/share/rosidl_generator_c/cmake)
[0.731s] -- Found rosidl_adapter: 3.1.6 (/opt/ros/humble/share/rosidl_adapter/cmake)
[0.732s] -- Found rosidl_generator_cpp: 3.1.6 (/opt/ros/humble/share/rosidl_generator_cpp/cmake)
[0.733s] -- Using all available rosidl_typesupport_c: rosidl_typesupport_fastrtps_c;rosidl_typesupport_introspection_c
[0.733s] -- Using all available rosidl_typesupport_cpp: rosidl_typesupport_fastrtps_cpp;rosidl_typesupport_introspection_cpp
[0.734s] -- Found rosidl_default_generators: 1.2.0 (/opt/ros/humble/share/rosidl_default_generators/cmake)
[1.049s] -- Found ament_cmake_ros: 0.10.0 (/opt/ros/humble/share/ament_cmake_ros/cmake)
[1.545s] -- Using all available rosidl_typesupport_c: rosidl_typesupport_fastrtps_c;rosidl_typesupport_introspection_c
[1.722s] -- Using all available rosidl_typesupport_cpp: rosidl_typesupport_fastrtps_cpp;rosidl_typesupport_introspection_cpp
[1.751s] -- Found PythonInterp: /usr/bin/python3 (found suitable version "3.10.12", minimum required is "3.6") 
[1.754s] -- Found python_cmake_module: 0.10.0 (/opt/ros/humble/share/python_cmake_module/cmake)
[1.792s] -- Found PythonLibs: /usr/lib/x86_64-linux-gnu/libpython3.10.so (found suitable version "3.10.12", minimum required is "3.5") 
[1.793s] -- Using PYTHON_EXECUTABLE: /usr/bin/python3
[1.793s] -- Using PYTHON_INCLUDE_DIRS: /usr/include/python3.10
[1.793s] -- Using PYTHON_LIBRARIES: /usr/lib/x86_64-linux-gnu/libpython3.10.so
[1.815s] -- Found PythonExtra: .so  
[1.868s] -- Found ament_lint_auto: 0.12.11 (/opt/ros/humble/share/ament_lint_auto/cmake)
[1.897s] -- Added test 'copyright' to check source files copyright and LICENSE
[1.898s] -- Added test 'lint_cmake' to check CMake code style
[1.899s] -- Added test 'xmllint' to check XML markup files
[1.902s] -- Configuring done
[1.936s] -- Generating done
[1.948s] -- Build files have been written to: /home/kevin/Desktop/INF3995-102/build/limo_msgs
[1.961s] Invoked command in '/home/kevin/Desktop/INF3995-102/build/limo_msgs' returned '0': CMAKE_PREFIX_PATH=/opt/ros/humble /usr/bin/cmake /home/kevin/Desktop/INF3995-102/robot/limo/src/limo_ros2/limo_msgs -DCMAKE_INSTALL_PREFIX=/home/kevin/Desktop/INF3995-102/install/limo_msgs
[1.963s] Invoking command in '/home/kevin/Desktop/INF3995-102/build/limo_msgs': CMAKE_PREFIX_PATH=/opt/ros/humble /usr/bin/cmake --build /home/kevin/Desktop/INF3995-102/build/limo_msgs -- -j20 -l20
[2.012s] [  3%] [34m[1mGenerating C code for ROS interfaces[0m
[2.022s] [  6%] [34m[1mGenerating C++ code for ROS interfaces[0m
[2.030s] [  6%] Built target ament_cmake_python_copy_limo_msgs
[2.314s] [  9%] Built target limo_msgs__cpp
[2.314s] [  9%] [32mBuilding C object CMakeFiles/limo_msgs__rosidl_generator_c.dir/rosidl_generator_c/limo_msgs/msg/detail/limo_status__functions.c.o[0m
[2.320s] [ 12%] [34m[1mGenerating C++ type support dispatch for ROS interfaces[0m
[2.320s] [ 16%] [34m[1mGenerating C++ type support for eProsima Fast-RTPS[0m
[2.322s] [ 19%] [34m[1mGenerating C++ introspection for ROS interfaces[0m
[2.372s] [ 22%] [32m[1mLinking C shared library liblimo_msgs__rosidl_generator_c.so[0m
[2.393s] running egg_info
[2.394s] creating limo_msgs.egg-info
[2.394s] writing limo_msgs.egg-info/PKG-INFO
[2.395s] writing dependency_links to limo_msgs.egg-info/dependency_links.txt
[2.395s] writing top-level names to limo_msgs.egg-info/top_level.txt
[2.395s] writing manifest file 'limo_msgs.egg-info/SOURCES.txt'
[2.398s] reading manifest file 'limo_msgs.egg-info/SOURCES.txt'
[2.399s] writing manifest file 'limo_msgs.egg-info/SOURCES.txt'
[2.412s] [ 22%] Built target limo_msgs__rosidl_generator_c
[2.424s] [ 25%] [34m[1mGenerating C introspection for ROS interfaces[0m
[2.427s] [ 29%] [34m[1mGenerating C type support for eProsima Fast-RTPS[0m
[2.427s] [ 32%] [34m[1mGenerating C type support dispatch for ROS interfaces[0m
[2.445s] [ 32%] Built target ament_cmake_python_build_limo_msgs_egg
[2.606s] [ 35%] [32mBuilding CXX object CMakeFiles/limo_msgs__rosidl_typesupport_introspection_cpp.dir/rosidl_typesupport_introspection_cpp/limo_msgs/msg/detail/limo_status__type_support.cpp.o[0m
[2.632s] [ 38%] [32mBuilding CXX object CMakeFiles/limo_msgs__rosidl_typesupport_fastrtps_cpp.dir/rosidl_typesupport_fastrtps_cpp/limo_msgs/msg/detail/dds_fastrtps/limo_status__type_support.cpp.o[0m
[2.643s] [ 41%] [32mBuilding CXX object CMakeFiles/limo_msgs__rosidl_typesupport_cpp.dir/rosidl_typesupport_cpp/limo_msgs/msg/limo_status__type_support.cpp.o[0m
[2.747s] [ 45%] [32mBuilding CXX object CMakeFiles/limo_msgs__rosidl_typesupport_c.dir/rosidl_typesupport_c/limo_msgs/msg/limo_status__type_support.cpp.o[0m
[2.770s] [ 48%] [32mBuilding C object CMakeFiles/limo_msgs__rosidl_typesupport_introspection_c.dir/rosidl_typesupport_introspection_c/limo_msgs/msg/detail/limo_status__type_support.c.o[0m
[2.773s] [ 51%] [32mBuilding CXX object CMakeFiles/limo_msgs__rosidl_typesupport_fastrtps_c.dir/rosidl_typesupport_fastrtps_c/limo_msgs/msg/detail/limo_status__type_support_c.cpp.o[0m
[2.787s] [ 54%] [32m[1mLinking CXX shared library liblimo_msgs__rosidl_typesupport_c.so[0m
[2.815s] [ 58%] [32m[1mLinking C shared library liblimo_msgs__rosidl_typesupport_introspection_c.so[0m
[2.846s] [ 58%] Built target limo_msgs__rosidl_typesupport_c
[2.851s] [ 58%] Built target limo_msgs__rosidl_typesupport_introspection_c
[2.943s] [ 61%] [32m[1mLinking CXX shared library liblimo_msgs__rosidl_typesupport_cpp.so[0m
[2.991s] [ 61%] Built target limo_msgs__rosidl_typesupport_cpp
[3.053s] [ 64%] [32m[1mLinking CXX shared library liblimo_msgs__rosidl_typesupport_fastrtps_cpp.so[0m
[3.054s] [ 67%] [32m[1mLinking CXX shared library liblimo_msgs__rosidl_typesupport_introspection_cpp.so[0m
[3.135s] [ 67%] Built target limo_msgs__rosidl_typesupport_introspection_cpp
[3.154s] [ 67%] Built target limo_msgs__rosidl_typesupport_fastrtps_cpp
[3.225s] [ 70%] [32m[1mLinking CXX shared library liblimo_msgs__rosidl_typesupport_fastrtps_c.so[0m
[3.320s] [ 70%] Built target limo_msgs__rosidl_typesupport_fastrtps_c
[3.344s] [ 70%] Built target limo_msgs
[3.369s] [ 74%] [34m[1mGenerating Python code for ROS interfaces[0m
[3.715s] [ 74%] Built target limo_msgs__py
[3.736s] [ 77%] [32mBuilding C object CMakeFiles/limo_msgs__rosidl_generator_py.dir/rosidl_generator_py/limo_msgs/msg/_limo_status_s.c.o[0m
[3.838s] [ 80%] [32m[1mLinking C shared library rosidl_generator_py/limo_msgs/liblimo_msgs__rosidl_generator_py.so[0m
[3.876s] [ 80%] Built target limo_msgs__rosidl_generator_py
[3.895s] [ 83%] [32mBuilding C object CMakeFiles/limo_msgs__rosidl_typesupport_c__pyext.dir/rosidl_generator_py/limo_msgs/_limo_msgs_s.ep.rosidl_typesupport_c.c.o[0m
[3.896s] [ 87%] [32mBuilding C object CMakeFiles/limo_msgs__rosidl_typesupport_fastrtps_c__pyext.dir/rosidl_generator_py/limo_msgs/_limo_msgs_s.ep.rosidl_typesupport_fastrtps_c.c.o[0m
[3.899s] [ 90%] [32mBuilding C object CMakeFiles/limo_msgs__rosidl_typesupport_introspection_c__pyext.dir/rosidl_generator_py/limo_msgs/_limo_msgs_s.ep.rosidl_typesupport_introspection_c.c.o[0m
[3.985s] [ 93%] [32m[1mLinking C shared library rosidl_generator_py/limo_msgs/limo_msgs_s__rosidl_typesupport_fastrtps_c.cpython-310-x86_64-linux-gnu.so[0m
[4.001s] [ 96%] [32m[1mLinking C shared library rosidl_generator_py/limo_msgs/limo_msgs_s__rosidl_typesupport_c.cpython-310-x86_64-linux-gnu.so[0m
[4.019s] [100%] [32m[1mLinking C shared library rosidl_generator_py/limo_msgs/limo_msgs_s__rosidl_typesupport_introspection_c.cpython-310-x86_64-linux-gnu.so[0m
[4.023s] [100%] Built target limo_msgs__rosidl_typesupport_fastrtps_c__pyext
[4.047s] [100%] Built target limo_msgs__rosidl_typesupport_c__pyext
[4.054s] [100%] Built target limo_msgs__rosidl_typesupport_introspection_c__pyext
[4.068s] Invoked command in '/home/kevin/Desktop/INF3995-102/build/limo_msgs' returned '0': CMAKE_PREFIX_PATH=/opt/ros/humble /usr/bin/cmake --build /home/kevin/Desktop/INF3995-102/build/limo_msgs -- -j20 -l20
[4.070s] Invoking command in '/home/kevin/Desktop/INF3995-102/build/limo_msgs': CMAKE_PREFIX_PATH=/opt/ros/humble /usr/bin/cmake --install /home/kevin/Desktop/INF3995-102/build/limo_msgs
[4.078s] -- Install configuration: ""
[4.079s] -- Installing: /home/kevin/Desktop/INF3995-102/install/limo_msgs/share/ament_index/resource_index/rosidl_interfaces/limo_msgs
[4.079s] -- Installing: /home/kevin/Desktop/INF3995-102/install/limo_msgs/include/limo_msgs/limo_msgs
[4.079s] -- Installing: /home/kevin/Desktop/INF3995-102/install/limo_msgs/include/limo_msgs/limo_msgs/msg
[4.079s] -- Installing: /home/kevin/Desktop/INF3995-102/install/limo_msgs/include/limo_msgs/limo_msgs/msg/detail
[4.079s] -- Installing: /home/kevin/Desktop/INF3995-102/install/limo_msgs/include/limo_msgs/limo_msgs/msg/detail/limo_status__functions.c
[4.079s] -- Installing: /home/kevin/Desktop/INF3995-102/install/limo_msgs/include/limo_msgs/limo_msgs/msg/detail/limo_status__functions.h
[4.080s] -- Installing: /home/kevin/Desktop/INF3995-102/install/limo_msgs/include/limo_msgs/limo_msgs/msg/detail/limo_status__type_support.h
[4.080s] -- Installing: /home/kevin/Desktop/INF3995-102/install/limo_msgs/include/limo_msgs/limo_msgs/msg/detail/limo_status__struct.h
[4.080s] -- Installing: /home/kevin/Desktop/INF3995-102/install/limo_msgs/include/limo_msgs/limo_msgs/msg/limo_status.h
[4.080s] -- Installing: /home/kevin/Desktop/INF3995-102/install/limo_msgs/include/limo_msgs/limo_msgs/msg/rosidl_generator_c__visibility_control.h
[4.080s] -- Installing: /home/kevin/Desktop/INF3995-102/install/limo_msgs/share/limo_msgs/environment/library_path.sh
[4.080s] -- Installing: /home/kevin/Desktop/INF3995-102/install/limo_msgs/share/limo_msgs/environment/library_path.dsv
[4.080s] -- Installing: /home/kevin/Desktop/INF3995-102/install/limo_msgs/lib/liblimo_msgs__rosidl_generator_c.so
[4.080s] -- Set runtime path of "/home/kevin/Desktop/INF3995-102/install/limo_msgs/lib/liblimo_msgs__rosidl_generator_c.so" to ""
[4.081s] -- Up-to-date: /home/kevin/Desktop/INF3995-102/install/limo_msgs/include/limo_msgs/limo_msgs
[4.081s] -- Up-to-date: /home/kevin/Desktop/INF3995-102/install/limo_msgs/include/limo_msgs/limo_msgs/msg
[4.081s] -- Up-to-date: /home/kevin/Desktop/INF3995-102/install/limo_msgs/include/limo_msgs/limo_msgs/msg/detail
[4.081s] -- Installing: /home/kevin/Desktop/INF3995-102/install/limo_msgs/include/limo_msgs/limo_msgs/msg/detail/limo_status__rosidl_typesupport_fastrtps_c.h
[4.081s] -- Installing: /home/kevin/Desktop/INF3995-102/install/limo_msgs/include/limo_msgs/limo_msgs/msg/rosidl_typesupport_fastrtps_c__visibility_control.h
[4.081s] -- Installing: /home/kevin/Desktop/INF3995-102/install/limo_msgs/lib/liblimo_msgs__rosidl_typesupport_fastrtps_c.so
[4.081s] -- Set runtime path of "/home/kevin/Desktop/INF3995-102/install/limo_msgs/lib/liblimo_msgs__rosidl_typesupport_fastrtps_c.so" to ""
[4.081s] -- Up-to-date: /home/kevin/Desktop/INF3995-102/install/limo_msgs/include/limo_msgs/limo_msgs
[4.081s] -- Up-to-date: /home/kevin/Desktop/INF3995-102/install/limo_msgs/include/limo_msgs/limo_msgs/msg
[4.081s] -- Up-to-date: /home/kevin/Desktop/INF3995-102/install/limo_msgs/include/limo_msgs/limo_msgs/msg/detail
[4.081s] -- Installing: /home/kevin/Desktop/INF3995-102/install/limo_msgs/include/limo_msgs/limo_msgs/msg/detail/limo_status__traits.hpp
[4.081s] -- Installing: /home/kevin/Desktop/INF3995-102/install/limo_msgs/include/limo_msgs/limo_msgs/msg/detail/limo_status__type_support.hpp
[4.081s] -- Installing: /home/kevin/Desktop/INF3995-102/install/limo_msgs/include/limo_msgs/limo_msgs/msg/detail/limo_status__builder.hpp
[4.081s] -- Installing: /home/kevin/Desktop/INF3995-102/install/limo_msgs/include/limo_msgs/limo_msgs/msg/detail/limo_status__struct.hpp
[4.081s] -- Installing: /home/kevin/Desktop/INF3995-102/install/limo_msgs/include/limo_msgs/limo_msgs/msg/limo_status.hpp
[4.081s] -- Installing: /home/kevin/Desktop/INF3995-102/install/limo_msgs/include/limo_msgs/limo_msgs/msg/rosidl_generator_cpp__visibility_control.hpp
[4.081s] -- Up-to-date: /home/kevin/Desktop/INF3995-102/install/limo_msgs/include/limo_msgs/limo_msgs
[4.082s] -- Up-to-date: /home/kevin/Desktop/INF3995-102/install/limo_msgs/include/limo_msgs/limo_msgs/msg
[4.082s] -- Up-to-date: /home/kevin/Desktop/INF3995-102/install/limo_msgs/include/limo_msgs/limo_msgs/msg/detail
[4.082s] -- Installing: /home/kevin/Desktop/INF3995-102/install/limo_msgs/include/limo_msgs/limo_msgs/msg/detail/dds_fastrtps
[4.082s] -- Installing: /home/kevin/Desktop/INF3995-102/install/limo_msgs/include/limo_msgs/limo_msgs/msg/detail/limo_status__rosidl_typesupport_fastrtps_cpp.hpp
[4.082s] -- Installing: /home/kevin/Desktop/INF3995-102/install/limo_msgs/include/limo_msgs/limo_msgs/msg/rosidl_typesupport_fastrtps_cpp__visibility_control.h
[4.082s] -- Installing: /home/kevin/Desktop/INF3995-102/install/limo_msgs/lib/liblimo_msgs__rosidl_typesupport_fastrtps_cpp.so
[4.082s] -- Set runtime path of "/home/kevin/Desktop/INF3995-102/install/limo_msgs/lib/liblimo_msgs__rosidl_typesupport_fastrtps_cpp.so" to ""
[4.082s] -- Up-to-date: /home/kevin/Desktop/INF3995-102/install/limo_msgs/include/limo_msgs/limo_msgs
[4.083s] -- Up-to-date: /home/kevin/Desktop/INF3995-102/install/limo_msgs/include/limo_msgs/limo_msgs/msg
[4.083s] -- Up-to-date: /home/kevin/Desktop/INF3995-102/install/limo_msgs/include/limo_msgs/limo_msgs/msg/detail
[4.083s] -- Installing: /home/kevin/Desktop/INF3995-102/install/limo_msgs/include/limo_msgs/limo_msgs/msg/detail/limo_status__rosidl_typesupport_introspection_c.h
[4.083s] -- Installing: /home/kevin/Desktop/INF3995-102/install/limo_msgs/include/limo_msgs/limo_msgs/msg/detail/limo_status__type_support.c
[4.083s] -- Installing: /home/kevin/Desktop/INF3995-102/install/limo_msgs/include/limo_msgs/limo_msgs/msg/rosidl_typesupport_introspection_c__visibility_control.h
[4.083s] -- Installing: /home/kevin/Desktop/INF3995-102/install/limo_msgs/lib/liblimo_msgs__rosidl_typesupport_introspection_c.so
[4.083s] -- Set runtime path of "/home/kevin/Desktop/INF3995-102/install/limo_msgs/lib/liblimo_msgs__rosidl_typesupport_introspection_c.so" to ""
[4.083s] -- Installing: /home/kevin/Desktop/INF3995-102/install/limo_msgs/lib/liblimo_msgs__rosidl_typesupport_c.so
[4.083s] -- Set runtime path of "/home/kevin/Desktop/INF3995-102/install/limo_msgs/lib/liblimo_msgs__rosidl_typesupport_c.so" to ""
[4.084s] -- Up-to-date: /home/kevin/Desktop/INF3995-102/install/limo_msgs/include/limo_msgs/limo_msgs
[4.084s] -- Up-to-date: /home/kevin/Desktop/INF3995-102/install/limo_msgs/include/limo_msgs/limo_msgs/msg
[4.084s] -- Up-to-date: /home/kevin/Desktop/INF3995-102/install/limo_msgs/include/limo_msgs/limo_msgs/msg/detail
[4.084s] -- Installing: /home/kevin/Desktop/INF3995-102/install/limo_msgs/include/limo_msgs/limo_msgs/msg/detail/limo_status__type_support.cpp
[4.084s] -- Installing: /home/kevin/Desktop/INF3995-102/install/limo_msgs/include/limo_msgs/limo_msgs/msg/detail/limo_status__rosidl_typesupport_introspection_cpp.hpp
[4.084s] -- Installing: /home/kevin/Desktop/INF3995-102/install/limo_msgs/lib/liblimo_msgs__rosidl_typesupport_introspection_cpp.so
[4.084s] -- Set runtime path of "/home/kevin/Desktop/INF3995-102/install/limo_msgs/lib/liblimo_msgs__rosidl_typesupport_introspection_cpp.so" to ""
[4.084s] -- Installing: /home/kevin/Desktop/INF3995-102/install/limo_msgs/lib/liblimo_msgs__rosidl_typesupport_cpp.so
[4.084s] -- Set runtime path of "/home/kevin/Desktop/INF3995-102/install/limo_msgs/lib/liblimo_msgs__rosidl_typesupport_cpp.so" to ""
[4.084s] -- Installing: /home/kevin/Desktop/INF3995-102/install/limo_msgs/share/limo_msgs/environment/pythonpath.sh
[4.085s] -- Installing: /home/kevin/Desktop/INF3995-102/install/limo_msgs/share/limo_msgs/environment/pythonpath.dsv
[4.085s] -- Installing: /home/kevin/Desktop/INF3995-102/install/limo_msgs/local/lib/python3.10/dist-packages/limo_msgs-0.0.0-py3.10.egg-info
[4.085s] -- Installing: /home/kevin/Desktop/INF3995-102/install/limo_msgs/local/lib/python3.10/dist-packages/limo_msgs-0.0.0-py3.10.egg-info/PKG-INFO
[4.085s] -- Installing: /home/kevin/Desktop/INF3995-102/install/limo_msgs/local/lib/python3.10/dist-packages/limo_msgs-0.0.0-py3.10.egg-info/SOURCES.txt
[4.085s] -- Installing: /home/kevin/Desktop/INF3995-102/install/limo_msgs/local/lib/python3.10/dist-packages/limo_msgs-0.0.0-py3.10.egg-info/top_level.txt
[4.085s] -- Installing: /home/kevin/Desktop/INF3995-102/install/limo_msgs/local/lib/python3.10/dist-packages/limo_msgs-0.0.0-py3.10.egg-info/dependency_links.txt
[4.085s] -- Installing: /home/kevin/Desktop/INF3995-102/install/limo_msgs/local/lib/python3.10/dist-packages/limo_msgs
[4.085s] -- Installing: /home/kevin/Desktop/INF3995-102/install/limo_msgs/local/lib/python3.10/dist-packages/limo_msgs/_limo_msgs_s.ep.rosidl_typesupport_c.c
[4.085s] -- Installing: /home/kevin/Desktop/INF3995-102/install/limo_msgs/local/lib/python3.10/dist-packages/limo_msgs/limo_msgs_s__rosidl_typesupport_c.cpython-310-x86_64-linux-gnu.so
[4.085s] -- Installing: /home/kevin/Desktop/INF3995-102/install/limo_msgs/local/lib/python3.10/dist-packages/limo_msgs/msg
[4.085s] -- Installing: /home/kevin/Desktop/INF3995-102/install/limo_msgs/local/lib/python3.10/dist-packages/limo_msgs/msg/__init__.py
[4.086s] -- Installing: /home/kevin/Desktop/INF3995-102/install/limo_msgs/local/lib/python3.10/dist-packages/limo_msgs/msg/_limo_status.py
[4.086s] -- Installing: /home/kevin/Desktop/INF3995-102/install/limo_msgs/local/lib/python3.10/dist-packages/limo_msgs/msg/_limo_status_s.c
[4.086s] -- Installing: /home/kevin/Desktop/INF3995-102/install/limo_msgs/local/lib/python3.10/dist-packages/limo_msgs/__init__.py
[4.086s] -- Installing: /home/kevin/Desktop/INF3995-102/install/limo_msgs/local/lib/python3.10/dist-packages/limo_msgs/limo_msgs_s__rosidl_typesupport_introspection_c.cpython-310-x86_64-linux-gnu.so
[4.086s] -- Installing: /home/kevin/Desktop/INF3995-102/install/limo_msgs/local/lib/python3.10/dist-packages/limo_msgs/_limo_msgs_s.ep.rosidl_typesupport_introspection_c.c
[4.086s] -- Installing: /home/kevin/Desktop/INF3995-102/install/limo_msgs/local/lib/python3.10/dist-packages/limo_msgs/limo_msgs_s__rosidl_typesupport_fastrtps_c.cpython-310-x86_64-linux-gnu.so
[4.086s] -- Installing: /home/kevin/Desktop/INF3995-102/install/limo_msgs/local/lib/python3.10/dist-packages/limo_msgs/_limo_msgs_s.ep.rosidl_typesupport_fastrtps_c.c
[4.086s] -- Installing: /home/kevin/Desktop/INF3995-102/install/limo_msgs/local/lib/python3.10/dist-packages/limo_msgs/liblimo_msgs__rosidl_generator_py.so
[4.116s] Listing '/home/kevin/Desktop/INF3995-102/install/limo_msgs/local/lib/python3.10/dist-packages/limo_msgs'...
[4.116s] Compiling '/home/kevin/Desktop/INF3995-102/install/limo_msgs/local/lib/python3.10/dist-packages/limo_msgs/__init__.py'...
[4.116s] Listing '/home/kevin/Desktop/INF3995-102/install/limo_msgs/local/lib/python3.10/dist-packages/limo_msgs/msg'...
[4.116s] Compiling '/home/kevin/Desktop/INF3995-102/install/limo_msgs/local/lib/python3.10/dist-packages/limo_msgs/msg/__init__.py'...
[4.116s] Compiling '/home/kevin/Desktop/INF3995-102/install/limo_msgs/local/lib/python3.10/dist-packages/limo_msgs/msg/_limo_status.py'...
[4.120s] -- Installing: /home/kevin/Desktop/INF3995-102/install/limo_msgs/local/lib/python3.10/dist-packages/limo_msgs/limo_msgs_s__rosidl_typesupport_fastrtps_c.cpython-310-x86_64-linux-gnu.so
[4.120s] -- Set runtime path of "/home/kevin/Desktop/INF3995-102/install/limo_msgs/local/lib/python3.10/dist-packages/limo_msgs/limo_msgs_s__rosidl_typesupport_fastrtps_c.cpython-310-x86_64-linux-gnu.so" to ""
[4.120s] -- Installing: /home/kevin/Desktop/INF3995-102/install/limo_msgs/local/lib/python3.10/dist-packages/limo_msgs/limo_msgs_s__rosidl_typesupport_introspection_c.cpython-310-x86_64-linux-gnu.so
[4.121s] -- Set runtime path of "/home/kevin/Desktop/INF3995-102/install/limo_msgs/local/lib/python3.10/dist-packages/limo_msgs/limo_msgs_s__rosidl_typesupport_introspection_c.cpython-310-x86_64-linux-gnu.so" to ""
[4.121s] -- Installing: /home/kevin/Desktop/INF3995-102/install/limo_msgs/local/lib/python3.10/dist-packages/limo_msgs/limo_msgs_s__rosidl_typesupport_c.cpython-310-x86_64-linux-gnu.so
[4.121s] -- Set runtime path of "/home/kevin/Desktop/INF3995-102/install/limo_msgs/local/lib/python3.10/dist-packages/limo_msgs/limo_msgs_s__rosidl_typesupport_c.cpython-310-x86_64-linux-gnu.so" to ""
[4.121s] -- Installing: /home/kevin/Desktop/INF3995-102/install/limo_msgs/lib/liblimo_msgs__rosidl_generator_py.so
[4.121s] -- Set runtime path of "/home/kevin/Desktop/INF3995-102/install/limo_msgs/lib/liblimo_msgs__rosidl_generator_py.so" to ""
[4.121s] -- Installing: /home/kevin/Desktop/INF3995-102/install/limo_msgs/share/limo_msgs/msg/LimoStatus.idl
[4.121s] -- Installing: /home/kevin/Desktop/INF3995-102/install/limo_msgs/share/limo_msgs/msg/LimoStatus.msg
[4.121s] -- Installing: /home/kevin/Desktop/INF3995-102/install/limo_msgs/share/ament_index/resource_index/package_run_dependencies/limo_msgs
[4.121s] -- Installing: /home/kevin/Desktop/INF3995-102/install/limo_msgs/share/ament_index/resource_index/parent_prefix_path/limo_msgs
[4.121s] -- Installing: /home/kevin/Desktop/INF3995-102/install/limo_msgs/share/limo_msgs/environment/ament_prefix_path.sh
[4.122s] -- Installing: /home/kevin/Desktop/INF3995-102/install/limo_msgs/share/limo_msgs/environment/ament_prefix_path.dsv
[4.122s] -- Installing: /home/kevin/Desktop/INF3995-102/install/limo_msgs/share/limo_msgs/environment/path.sh
[4.122s] -- Installing: /home/kevin/Desktop/INF3995-102/install/limo_msgs/share/limo_msgs/environment/path.dsv
[4.122s] -- Installing: /home/kevin/Desktop/INF3995-102/install/limo_msgs/share/limo_msgs/local_setup.bash
[4.122s] -- Installing: /home/kevin/Desktop/INF3995-102/install/limo_msgs/share/limo_msgs/local_setup.sh
[4.122s] -- Installing: /home/kevin/Desktop/INF3995-102/install/limo_msgs/share/limo_msgs/local_setup.zsh
[4.123s] -- Installing: /home/kevin/Desktop/INF3995-102/install/limo_msgs/share/limo_msgs/local_setup.dsv
[4.123s] -- Installing: /home/kevin/Desktop/INF3995-102/install/limo_msgs/share/limo_msgs/package.dsv
[4.123s] -- Installing: /home/kevin/Desktop/INF3995-102/install/limo_msgs/share/ament_index/resource_index/packages/limo_msgs
[4.123s] -- Installing: /home/kevin/Desktop/INF3995-102/install/limo_msgs/share/limo_msgs/cmake/export_limo_msgs__rosidl_generator_cExport.cmake
[4.123s] -- Installing: /home/kevin/Desktop/INF3995-102/install/limo_msgs/share/limo_msgs/cmake/export_limo_msgs__rosidl_generator_cExport-noconfig.cmake
[4.123s] -- Installing: /home/kevin/Desktop/INF3995-102/install/limo_msgs/share/limo_msgs/cmake/export_limo_msgs__rosidl_typesupport_fastrtps_cExport.cmake
[4.123s] -- Installing: /home/kevin/Desktop/INF3995-102/install/limo_msgs/share/limo_msgs/cmake/export_limo_msgs__rosidl_typesupport_fastrtps_cExport-noconfig.cmake
[4.123s] -- Installing: /home/kevin/Desktop/INF3995-102/install/limo_msgs/share/limo_msgs/cmake/export_limo_msgs__rosidl_generator_cppExport.cmake
[4.123s] -- Installing: /home/kevin/Desktop/INF3995-102/install/limo_msgs/share/limo_msgs/cmake/export_limo_msgs__rosidl_typesupport_fastrtps_cppExport.cmake
[4.123s] -- Installing: /home/kevin/Desktop/INF3995-102/install/limo_msgs/share/limo_msgs/cmake/export_limo_msgs__rosidl_typesupport_fastrtps_cppExport-noconfig.cmake
[4.123s] -- Installing: /home/kevin/Desktop/INF3995-102/install/limo_msgs/share/limo_msgs/cmake/limo_msgs__rosidl_typesupport_introspection_cExport.cmake
[4.123s] -- Installing: /home/kevin/Desktop/INF3995-102/install/limo_msgs/share/limo_msgs/cmake/limo_msgs__rosidl_typesupport_introspection_cExport-noconfig.cmake
[4.123s] -- Installing: /home/kevin/Desktop/INF3995-102/install/limo_msgs/share/limo_msgs/cmake/limo_msgs__rosidl_typesupport_cExport.cmake
[4.124s] -- Installing: /home/kevin/Desktop/INF3995-102/install/limo_msgs/share/limo_msgs/cmake/limo_msgs__rosidl_typesupport_cExport-noconfig.cmake
[4.124s] -- Installing: /home/kevin/Desktop/INF3995-102/install/limo_msgs/share/limo_msgs/cmake/limo_msgs__rosidl_typesupport_introspection_cppExport.cmake
[4.124s] -- Installing: /home/kevin/Desktop/INF3995-102/install/limo_msgs/share/limo_msgs/cmake/limo_msgs__rosidl_typesupport_introspection_cppExport-noconfig.cmake
[4.124s] -- Installing: /home/kevin/Desktop/INF3995-102/install/limo_msgs/share/limo_msgs/cmake/limo_msgs__rosidl_typesupport_cppExport.cmake
[4.124s] -- Installing: /home/kevin/Desktop/INF3995-102/install/limo_msgs/share/limo_msgs/cmake/limo_msgs__rosidl_typesupport_cppExport-noconfig.cmake
[4.124s] -- Installing: /home/kevin/Desktop/INF3995-102/install/limo_msgs/share/limo_msgs/cmake/export_limo_msgs__rosidl_generator_pyExport.cmake
[4.124s] -- Installing: /home/kevin/Desktop/INF3995-102/install/limo_msgs/share/limo_msgs/cmake/export_limo_msgs__rosidl_generator_pyExport-noconfig.cmake
[4.124s] -- Installing: /home/kevin/Desktop/INF3995-102/install/limo_msgs/share/limo_msgs/cmake/rosidl_cmake-extras.cmake
[4.124s] -- Installing: /home/kevin/Desktop/INF3995-102/install/limo_msgs/share/limo_msgs/cmake/ament_cmake_export_dependencies-extras.cmake
[4.124s] -- Installing: /home/kevin/Desktop/INF3995-102/install/limo_msgs/share/limo_msgs/cmake/ament_cmake_export_include_directories-extras.cmake
[4.124s] -- Installing: /home/kevin/Desktop/INF3995-102/install/limo_msgs/share/limo_msgs/cmake/ament_cmake_export_libraries-extras.cmake
[4.125s] -- Installing: /home/kevin/Desktop/INF3995-102/install/limo_msgs/share/limo_msgs/cmake/ament_cmake_export_targets-extras.cmake
[4.125s] -- Installing: /home/kevin/Desktop/INF3995-102/install/limo_msgs/share/limo_msgs/cmake/rosidl_cmake_export_typesupport_targets-extras.cmake
[4.125s] -- Installing: /home/kevin/Desktop/INF3995-102/install/limo_msgs/share/limo_msgs/cmake/rosidl_cmake_export_typesupport_libraries-extras.cmake
[4.125s] -- Installing: /home/kevin/Desktop/INF3995-102/install/limo_msgs/share/limo_msgs/cmake/limo_msgsConfig.cmake
[4.125s] -- Installing: /home/kevin/Desktop/INF3995-102/install/limo_msgs/share/limo_msgs/cmake/limo_msgsConfig-version.cmake
[4.125s] -- Installing: /home/kevin/Desktop/INF3995-102/install/limo_msgs/share/limo_msgs/package.xml
[4.127s] Invoked command in '/home/kevin/Desktop/INF3995-102/build/limo_msgs' returned '0': CMAKE_PREFIX_PATH=/opt/ros/humble /usr/bin/cmake --install /home/kevin/Desktop/INF3995-102/build/limo_msgs
