[0.061s] Invoking command in '/home/isshadd/INF3995-102/robot/gazebo2/build/ros_gz_example_bringup': CMAKE_PREFIX_PATH=/home/isshadd/INF3995-102/robot/gazebo2/install/ros_gz_example_gazebo:/home/isshadd/INF3995-102/robot/gazebo2/install/ros_gz_example_description:/home/isshadd/INF3995-102/robot/gazebo2/install/ros_gz_example_bringup:/home/isshadd/INF3995-102/robot/gazebo2/install/ros_gz_example_application:/opt/ros/humble IGN_GAZEBO_PLUGIN_PATH=/home/isshadd/INF3995-102/robot/gazebo2/install/ros_gz_example_gazebo/lib/ros_gz_example_gazebo IGN_GAZEBO_RESOURCE_PATH=/home/isshadd/INF3995-102/robot/gazebo2/install/ros_gz_example_description/share/ros_gz_example_description/models:${IGN_GAZEBO_RESOURCE_PATH} /usr/bin/cmake --build /home/isshadd/INF3995-102/robot/gazebo2/build/ros_gz_example_bringup -- -j8 -l8
[0.107s] Invoked command in '/home/isshadd/INF3995-102/robot/gazebo2/build/ros_gz_example_bringup' returned '0': CMAKE_PREFIX_PATH=/home/isshadd/INF3995-102/robot/gazebo2/install/ros_gz_example_gazebo:/home/isshadd/INF3995-102/robot/gazebo2/install/ros_gz_example_description:/home/isshadd/INF3995-102/robot/gazebo2/install/ros_gz_example_bringup:/home/isshadd/INF3995-102/robot/gazebo2/install/ros_gz_example_application:/opt/ros/humble IGN_GAZEBO_PLUGIN_PATH=/home/isshadd/INF3995-102/robot/gazebo2/install/ros_gz_example_gazebo/lib/ros_gz_example_gazebo IGN_GAZEBO_RESOURCE_PATH=/home/isshadd/INF3995-102/robot/gazebo2/install/ros_gz_example_description/share/ros_gz_example_description/models:${IGN_GAZEBO_RESOURCE_PATH} /usr/bin/cmake --build /home/isshadd/INF3995-102/robot/gazebo2/build/ros_gz_example_bringup -- -j8 -l8
[0.111s] Invoking command in '/home/isshadd/INF3995-102/robot/gazebo2/build/ros_gz_example_bringup': CMAKE_PREFIX_PATH=/home/isshadd/INF3995-102/robot/gazebo2/install/ros_gz_example_gazebo:/home/isshadd/INF3995-102/robot/gazebo2/install/ros_gz_example_description:/home/isshadd/INF3995-102/robot/gazebo2/install/ros_gz_example_bringup:/home/isshadd/INF3995-102/robot/gazebo2/install/ros_gz_example_application:/opt/ros/humble IGN_GAZEBO_PLUGIN_PATH=/home/isshadd/INF3995-102/robot/gazebo2/install/ros_gz_example_gazebo/lib/ros_gz_example_gazebo IGN_GAZEBO_RESOURCE_PATH=/home/isshadd/INF3995-102/robot/gazebo2/install/ros_gz_example_description/share/ros_gz_example_description/models:${IGN_GAZEBO_RESOURCE_PATH} /usr/bin/cmake --install /home/isshadd/INF3995-102/robot/gazebo2/build/ros_gz_example_bringup
[0.117s] -- Install configuration: ""
[0.118s] -- Up-to-date: /home/isshadd/INF3995-102/robot/gazebo2/install/ros_gz_example_bringup/share/ros_gz_example_bringup/launch
[0.119s] -- Installing: /home/isshadd/INF3995-102/robot/gazebo2/install/ros_gz_example_bringup/share/ros_gz_example_bringup/launch/diff_drive.launch.py
[0.120s] -- Up-to-date: /home/isshadd/INF3995-102/robot/gazebo2/install/ros_gz_example_bringup/share/ros_gz_example_bringup/config
[0.120s] -- Up-to-date: /home/isshadd/INF3995-102/robot/gazebo2/install/ros_gz_example_bringup/share/ros_gz_example_bringup/config/diff_drive.rviz
[0.120s] -- Up-to-date: /home/isshadd/INF3995-102/robot/gazebo2/install/ros_gz_example_bringup/share/ros_gz_example_bringup/config/limo_diff_drive.rviz
[0.120s] -- Up-to-date: /home/isshadd/INF3995-102/robot/gazebo2/install/ros_gz_example_bringup/share/ros_gz_example_bringup/config/ros_gz_example_bridge.yaml
[0.120s] -- Up-to-date: /home/isshadd/INF3995-102/robot/gazebo2/install/ros_gz_example_bringup/share/ros_gz_example_bringup/config/cartographer_2d.lua
[0.121s] -- Up-to-date: /home/isshadd/INF3995-102/robot/gazebo2/install/ros_gz_example_bringup/share/ament_index/resource_index/package_run_dependencies/ros_gz_example_bringup
[0.121s] -- Up-to-date: /home/isshadd/INF3995-102/robot/gazebo2/install/ros_gz_example_bringup/share/ament_index/resource_index/parent_prefix_path/ros_gz_example_bringup
[0.121s] -- Up-to-date: /home/isshadd/INF3995-102/robot/gazebo2/install/ros_gz_example_bringup/share/ros_gz_example_bringup/environment/ament_prefix_path.sh
[0.121s] -- Up-to-date: /home/isshadd/INF3995-102/robot/gazebo2/install/ros_gz_example_bringup/share/ros_gz_example_bringup/environment/ament_prefix_path.dsv
[0.121s] -- Up-to-date: /home/isshadd/INF3995-102/robot/gazebo2/install/ros_gz_example_bringup/share/ros_gz_example_bringup/environment/path.sh
[0.121s] -- Up-to-date: /home/isshadd/INF3995-102/robot/gazebo2/install/ros_gz_example_bringup/share/ros_gz_example_bringup/environment/path.dsv
[0.121s] -- Up-to-date: /home/isshadd/INF3995-102/robot/gazebo2/install/ros_gz_example_bringup/share/ros_gz_example_bringup/local_setup.bash
[0.121s] -- Up-to-date: /home/isshadd/INF3995-102/robot/gazebo2/install/ros_gz_example_bringup/share/ros_gz_example_bringup/local_setup.sh
[0.121s] -- Up-to-date: /home/isshadd/INF3995-102/robot/gazebo2/install/ros_gz_example_bringup/share/ros_gz_example_bringup/local_setup.zsh
[0.121s] -- Up-to-date: /home/isshadd/INF3995-102/robot/gazebo2/install/ros_gz_example_bringup/share/ros_gz_example_bringup/local_setup.dsv
[0.121s] -- Up-to-date: /home/isshadd/INF3995-102/robot/gazebo2/install/ros_gz_example_bringup/share/ros_gz_example_bringup/package.dsv
[0.121s] -- Up-to-date: /home/isshadd/INF3995-102/robot/gazebo2/install/ros_gz_example_bringup/share/ament_index/resource_index/packages/ros_gz_example_bringup
[0.121s] -- Up-to-date: /home/isshadd/INF3995-102/robot/gazebo2/install/ros_gz_example_bringup/share/ros_gz_example_bringup/cmake/ros_gz_example_bringupConfig.cmake
[0.121s] -- Up-to-date: /home/isshadd/INF3995-102/robot/gazebo2/install/ros_gz_example_bringup/share/ros_gz_example_bringup/cmake/ros_gz_example_bringupConfig-version.cmake
[0.122s] -- Up-to-date: /home/isshadd/INF3995-102/robot/gazebo2/install/ros_gz_example_bringup/share/ros_gz_example_bringup/package.xml
[0.124s] Invoked command in '/home/isshadd/INF3995-102/robot/gazebo2/build/ros_gz_example_bringup' returned '0': CMAKE_PREFIX_PATH=/home/isshadd/INF3995-102/robot/gazebo2/install/ros_gz_example_gazebo:/home/isshadd/INF3995-102/robot/gazebo2/install/ros_gz_example_description:/home/isshadd/INF3995-102/robot/gazebo2/install/ros_gz_example_bringup:/home/isshadd/INF3995-102/robot/gazebo2/install/ros_gz_example_application:/opt/ros/humble IGN_GAZEBO_PLUGIN_PATH=/home/isshadd/INF3995-102/robot/gazebo2/install/ros_gz_example_gazebo/lib/ros_gz_example_gazebo IGN_GAZEBO_RESOURCE_PATH=/home/isshadd/INF3995-102/robot/gazebo2/install/ros_gz_example_description/share/ros_gz_example_description/models:${IGN_GAZEBO_RESOURCE_PATH} /usr/bin/cmake --install /home/isshadd/INF3995-102/robot/gazebo2/build/ros_gz_example_bringup
