[0.017s] Invoking command in '/home/kevin/Desktop/INF3995-102/build/limo_bringup': AMENT_PREFIX_PATH=/home/kevin/Desktop/INF3995-102/install/limo_msgs:${AMENT_PREFIX_PATH} CMAKE_PREFIX_PATH=/home/kevin/Desktop/INF3995-102/install/limo_msgs:/opt/ros/humble LD_LIBRARY_PATH=/home/kevin/Desktop/INF3995-102/install/limo_msgs/lib:${LD_LIBRARY_PATH} PYTHONPATH=/home/kevin/Desktop/INF3995-102/install/limo_msgs/local/lib/python3.10/dist-packages:${PYTHONPATH} /usr/bin/cmake /home/kevin/Desktop/INF3995-102/robot/limo/src/limo_ros2/limo_bringup -DCMAKE_INSTALL_PREFIX=/home/kevin/Desktop/INF3995-102/install/limo_bringup
[0.072s] -- The C compiler identification is GNU 11.4.0
[0.132s] -- The CXX compiler identification is GNU 11.4.0
[0.139s] -- Detecting C compiler ABI info
[0.210s] -- Detecting C compiler ABI info - done
[0.220s] -- Check for working C compiler: /usr/bin/cc - skipped
[0.220s] -- Detecting C compile features
[0.220s] -- Detecting C compile features - done
[0.223s] -- Detecting CXX compiler ABI info
[0.296s] -- Detecting CXX compiler ABI info - done
[0.306s] -- Check for working CXX compiler: /usr/bin/c++ - skipped
[0.306s] -- Detecting CXX compile features
[0.306s] -- Detecting CXX compile features - done
[0.308s] -- Found ament_cmake: 1.3.11 (/opt/ros/humble/share/ament_cmake/cmake)
[0.459s] -- Found Python3: /usr/bin/python3 (found version "3.10.12") found components: Interpreter 
[0.619s] -- Configuring done
[0.622s] -- Generating done
[0.624s] -- Build files have been written to: /home/kevin/Desktop/INF3995-102/build/limo_bringup
[0.630s] Invoked command in '/home/kevin/Desktop/INF3995-102/build/limo_bringup' returned '0': AMENT_PREFIX_PATH=/home/kevin/Desktop/INF3995-102/install/limo_msgs:${AMENT_PREFIX_PATH} CMAKE_PREFIX_PATH=/home/kevin/Desktop/INF3995-102/install/limo_msgs:/opt/ros/humble LD_LIBRARY_PATH=/home/kevin/Desktop/INF3995-102/install/limo_msgs/lib:${LD_LIBRARY_PATH} PYTHONPATH=/home/kevin/Desktop/INF3995-102/install/limo_msgs/local/lib/python3.10/dist-packages:${PYTHONPATH} /usr/bin/cmake /home/kevin/Desktop/INF3995-102/robot/limo/src/limo_ros2/limo_bringup -DCMAKE_INSTALL_PREFIX=/home/kevin/Desktop/INF3995-102/install/limo_bringup
[0.632s] Invoking command in '/home/kevin/Desktop/INF3995-102/build/limo_bringup': AMENT_PREFIX_PATH=/home/kevin/Desktop/INF3995-102/install/limo_msgs:${AMENT_PREFIX_PATH} CMAKE_PREFIX_PATH=/home/kevin/Desktop/INF3995-102/install/limo_msgs:/opt/ros/humble LD_LIBRARY_PATH=/home/kevin/Desktop/INF3995-102/install/limo_msgs/lib:${LD_LIBRARY_PATH} PYTHONPATH=/home/kevin/Desktop/INF3995-102/install/limo_msgs/local/lib/python3.10/dist-packages:${PYTHONPATH} /usr/bin/cmake --build /home/kevin/Desktop/INF3995-102/build/limo_bringup -- -j20 -l20
[0.669s] Invoked command in '/home/kevin/Desktop/INF3995-102/build/limo_bringup' returned '0': AMENT_PREFIX_PATH=/home/kevin/Desktop/INF3995-102/install/limo_msgs:${AMENT_PREFIX_PATH} CMAKE_PREFIX_PATH=/home/kevin/Desktop/INF3995-102/install/limo_msgs:/opt/ros/humble LD_LIBRARY_PATH=/home/kevin/Desktop/INF3995-102/install/limo_msgs/lib:${LD_LIBRARY_PATH} PYTHONPATH=/home/kevin/Desktop/INF3995-102/install/limo_msgs/local/lib/python3.10/dist-packages:${PYTHONPATH} /usr/bin/cmake --build /home/kevin/Desktop/INF3995-102/build/limo_bringup -- -j20 -l20
[0.670s] Invoking command in '/home/kevin/Desktop/INF3995-102/build/limo_bringup': AMENT_PREFIX_PATH=/home/kevin/Desktop/INF3995-102/install/limo_msgs:${AMENT_PREFIX_PATH} CMAKE_PREFIX_PATH=/home/kevin/Desktop/INF3995-102/install/limo_msgs:/opt/ros/humble LD_LIBRARY_PATH=/home/kevin/Desktop/INF3995-102/install/limo_msgs/lib:${LD_LIBRARY_PATH} PYTHONPATH=/home/kevin/Desktop/INF3995-102/install/limo_msgs/local/lib/python3.10/dist-packages:${PYTHONPATH} /usr/bin/cmake --install /home/kevin/Desktop/INF3995-102/build/limo_bringup
[0.679s] -- Install configuration: ""
[0.679s] -- Installing: /home/kevin/Desktop/INF3995-102/install/limo_bringup/share/limo_bringup//param
[0.679s] -- Installing: /home/kevin/Desktop/INF3995-102/install/limo_bringup/share/limo_bringup//param/ydlidar.yaml
[0.679s] -- Installing: /home/kevin/Desktop/INF3995-102/install/limo_bringup/share/limo_bringup//param/costmap_global_laser.yaml
[0.680s] -- Installing: /home/kevin/Desktop/INF3995-102/install/limo_bringup/share/limo_bringup//param/planner.yaml
[0.680s] -- Installing: /home/kevin/Desktop/INF3995-102/install/limo_bringup/share/limo_bringup//param/costmap_local.yaml
[0.680s] -- Installing: /home/kevin/Desktop/INF3995-102/install/limo_bringup/share/limo_bringup//param/costmap_common.yaml
[0.680s] -- Installing: /home/kevin/Desktop/INF3995-102/install/limo_bringup/share/limo_bringup//param/navigation2.yaml
[0.680s] -- Installing: /home/kevin/Desktop/INF3995-102/install/limo_bringup/share/limo_bringup//param/costmap_global_static.yaml
[0.680s] -- Installing: /home/kevin/Desktop/INF3995-102/install/limo_bringup/share/limo_bringup//param/amcl_params.yaml
[0.680s] -- Installing: /home/kevin/Desktop/INF3995-102/install/limo_bringup/share/limo_bringup//maps
[0.680s] -- Installing: /home/kevin/Desktop/INF3995-102/install/limo_bringup/share/limo_bringup//maps/limo.yaml
[0.680s] -- Installing: /home/kevin/Desktop/INF3995-102/install/limo_bringup/share/limo_bringup//maps/limo.pgm
[0.680s] -- Installing: /home/kevin/Desktop/INF3995-102/install/limo_bringup/share/limo_bringup//maps/zhiyuan.pgm
[0.680s] -- Installing: /home/kevin/Desktop/INF3995-102/install/limo_bringup/share/limo_bringup//maps/zhiyuan.yaml
[0.681s] -- Installing: /home/kevin/Desktop/INF3995-102/install/limo_bringup/share/limo_bringup//config_files
[0.681s] -- Installing: /home/kevin/Desktop/INF3995-102/install/limo_bringup/share/limo_bringup//config_files/limon_navigation.rviz
[0.681s] -- Installing: /home/kevin/Desktop/INF3995-102/install/limo_bringup/share/limo_bringup//config_files/demo_2d.rviz
[0.681s] -- Installing: /home/kevin/Desktop/INF3995-102/install/limo_bringup/share/limo_bringup//config_files/limo_lds_2d.lua
[0.681s] -- Installing: /home/kevin/Desktop/INF3995-102/install/limo_bringup/share/limo_bringup//launch
[0.681s] -- Installing: /home/kevin/Desktop/INF3995-102/install/limo_bringup/share/limo_bringup//launch/navigation2.launch.py
[0.681s] -- Installing: /home/kevin/Desktop/INF3995-102/install/limo_bringup/share/limo_bringup//launch/cartographer.launch.py
[0.681s] -- Installing: /home/kevin/Desktop/INF3995-102/install/limo_bringup/share/limo_bringup//launch/limo_navigation.launch.py
[0.682s] -- Installing: /home/kevin/Desktop/INF3995-102/install/limo_bringup/share/limo_bringup//launch/limo_localization.launch.py
[0.682s] -- Installing: /home/kevin/Desktop/INF3995-102/install/limo_bringup/share/limo_bringup//launch/limo_start_navigation.launch.py
[0.682s] -- Installing: /home/kevin/Desktop/INF3995-102/install/limo_bringup/share/limo_bringup//launch/occupancy_grid.launch.py
[0.682s] -- Installing: /home/kevin/Desktop/INF3995-102/install/limo_bringup/share/limo_bringup//launch/limo_start.launch.py
[0.682s] -- Installing: /home/kevin/Desktop/INF3995-102/install/limo_bringup/share/limo_bringup//launch/limon_teletop_keyboard.launch.py
[0.682s] -- Up-to-date: /home/kevin/Desktop/INF3995-102/install/limo_bringup/share/limo_bringup//launch
[0.683s] -- Up-to-date: /home/kevin/Desktop/INF3995-102/install/limo_bringup/share/limo_bringup//launch/navigation2.launch.py
[0.683s] -- Up-to-date: /home/kevin/Desktop/INF3995-102/install/limo_bringup/share/limo_bringup//launch/cartographer.launch.py
[0.683s] -- Up-to-date: /home/kevin/Desktop/INF3995-102/install/limo_bringup/share/limo_bringup//launch/limo_navigation.launch.py
[0.683s] -- Up-to-date: /home/kevin/Desktop/INF3995-102/install/limo_bringup/share/limo_bringup//launch/limo_localization.launch.py
[0.683s] -- Up-to-date: /home/kevin/Desktop/INF3995-102/install/limo_bringup/share/limo_bringup//launch/limo_start_navigation.launch.py
[0.683s] -- Up-to-date: /home/kevin/Desktop/INF3995-102/install/limo_bringup/share/limo_bringup//launch/occupancy_grid.launch.py
[0.683s] -- Up-to-date: /home/kevin/Desktop/INF3995-102/install/limo_bringup/share/limo_bringup//launch/limo_start.launch.py
[0.683s] -- Up-to-date: /home/kevin/Desktop/INF3995-102/install/limo_bringup/share/limo_bringup//launch/limon_teletop_keyboard.launch.py
[0.684s] -- Installing: /home/kevin/Desktop/INF3995-102/install/limo_bringup/share/ament_index/resource_index/package_run_dependencies/limo_bringup
[0.684s] -- Installing: /home/kevin/Desktop/INF3995-102/install/limo_bringup/share/ament_index/resource_index/parent_prefix_path/limo_bringup
[0.684s] -- Installing: /home/kevin/Desktop/INF3995-102/install/limo_bringup/share/limo_bringup/environment/ament_prefix_path.sh
[0.684s] -- Installing: /home/kevin/Desktop/INF3995-102/install/limo_bringup/share/limo_bringup/environment/ament_prefix_path.dsv
[0.684s] -- Installing: /home/kevin/Desktop/INF3995-102/install/limo_bringup/share/limo_bringup/environment/path.sh
[0.684s] -- Installing: /home/kevin/Desktop/INF3995-102/install/limo_bringup/share/limo_bringup/environment/path.dsv
[0.685s] -- Installing: /home/kevin/Desktop/INF3995-102/install/limo_bringup/share/limo_bringup/local_setup.bash
[0.686s] -- Installing: /home/kevin/Desktop/INF3995-102/install/limo_bringup/share/limo_bringup/local_setup.sh
[0.686s] -- Installing: /home/kevin/Desktop/INF3995-102/install/limo_bringup/share/limo_bringup/local_setup.zsh
[0.687s] -- Installing: /home/kevin/Desktop/INF3995-102/install/limo_bringup/share/limo_bringup/local_setup.dsv
[0.687s] -- Installing: /home/kevin/Desktop/INF3995-102/install/limo_bringup/share/limo_bringup/package.dsv
[0.687s] -- Installing: /home/kevin/Desktop/INF3995-102/install/limo_bringup/share/ament_index/resource_index/packages/limo_bringup
[0.687s] -- Installing: /home/kevin/Desktop/INF3995-102/install/limo_bringup/share/limo_bringup/cmake/limo_bringupConfig.cmake
[0.687s] -- Installing: /home/kevin/Desktop/INF3995-102/install/limo_bringup/share/limo_bringup/cmake/limo_bringupConfig-version.cmake
[0.687s] -- Installing: /home/kevin/Desktop/INF3995-102/install/limo_bringup/share/limo_bringup/package.xml
[0.689s] Invoked command in '/home/kevin/Desktop/INF3995-102/build/limo_bringup' returned '0': AMENT_PREFIX_PATH=/home/kevin/Desktop/INF3995-102/install/limo_msgs:${AMENT_PREFIX_PATH} CMAKE_PREFIX_PATH=/home/kevin/Desktop/INF3995-102/install/limo_msgs:/opt/ros/humble LD_LIBRARY_PATH=/home/kevin/Desktop/INF3995-102/install/limo_msgs/lib:${LD_LIBRARY_PATH} PYTHONPATH=/home/kevin/Desktop/INF3995-102/install/limo_msgs/local/lib/python3.10/dist-packages:${PYTHONPATH} /usr/bin/cmake --install /home/kevin/Desktop/INF3995-102/build/limo_bringup
