[0.020s] Invoking command in '/home/kevin/setup/INF3995-Templates/project_ws/src/build/ros_gz_example_description': /usr/bin/cmake /home/kevin/setup/INF3995-Templates/project_ws/src/ros_gz_example_description -DBUILD_TESTING=ON -DCMAKE_INSTALL_PREFIX=/home/kevin/setup/INF3995-Templates/project_ws/src/install/ros_gz_example_description
[0.180s] -- The C compiler identification is GNU 11.4.0
[0.663s] -- The CXX compiler identification is GNU 11.4.0
[0.960s] -- Detecting C compiler ABI info
[1.108s] -- Detecting C compiler ABI info - done
[1.117s] -- Check for working C compiler: /usr/bin/cc - skipped
[1.118s] -- Detecting C compile features
[1.119s] -- Detecting C compile features - done
[1.123s] -- Detecting CXX compiler ABI info
[1.314s] -- Detecting CXX compiler ABI info - done
[1.325s] -- Check for working CXX compiler: /usr/bin/c++ - skipped
[1.325s] -- Detecting CXX compile features
[1.326s] -- Detecting CXX compile features - done
[1.853s] [31mCMake Error at CMakeLists.txt:5 (find_package):
[1.853s]   By not providing "Findament_cmake.cmake" in CMAKE_MODULE_PATH this project
[1.853s]   has asked CMake to find a package configuration file provided by
[1.853s]   "ament_cmake", but CMake did not find one.
[1.853s] 
[1.853s]   Could not find a package configuration file provided by "ament_cmake" with
[1.853s]   any of the following names:
[1.853s] 
[1.853s]     ament_cmakeConfig.cmake
[1.853s]     ament_cmake-config.cmake
[1.853s] 
[1.853s]   Add the installation prefix of "ament_cmake" to CMAKE_PREFIX_PATH or set
[1.853s]   "ament_cmake_DIR" to a directory containing one of the above files.  If
[1.853s]   "ament_cmake" provides a separate development package or SDK, be sure it
[1.853s]   has been installed.
[1.853s] 
[1.854s] [0m
[1.854s] -- Configuring incomplete, errors occurred!
[1.854s] See also "/home/kevin/setup/INF3995-Templates/project_ws/src/build/ros_gz_example_description/CMakeFiles/CMakeOutput.log".
[1.858s] Invoked command in '/home/kevin/setup/INF3995-Templates/project_ws/src/build/ros_gz_example_description' returned '1': /usr/bin/cmake /home/kevin/setup/INF3995-Templates/project_ws/src/ros_gz_example_description -DBUILD_TESTING=ON -DCMAKE_INSTALL_PREFIX=/home/kevin/setup/INF3995-Templates/project_ws/src/install/ros_gz_example_description
