[0.034s] Invoking command in '/home/isshadd/INF3995-102/robot/gazebo2/build/ros_gz_example_description': CMAKE_PREFIX_PATH=${CMAKE_PREFIX_PATH}:/home/isshadd/INF3995-102/robot/install/voice_control:/home/isshadd/INF3995-102/robot/install/identification:/home/isshadd/INF3995-102/robot/install/control:/home/isshadd/INF3995-102/robot/install/communication:/opt/ros/humble /usr/bin/cmake --build /home/isshadd/INF3995-102/robot/gazebo2/build/ros_gz_example_description -- -j8 -l8
[0.099s] Invoked command in '/home/isshadd/INF3995-102/robot/gazebo2/build/ros_gz_example_description' returned '0': CMAKE_PREFIX_PATH=${CMAKE_PREFIX_PATH}:/home/isshadd/INF3995-102/robot/install/voice_control:/home/isshadd/INF3995-102/robot/install/identification:/home/isshadd/INF3995-102/robot/install/control:/home/isshadd/INF3995-102/robot/install/communication:/opt/ros/humble /usr/bin/cmake --build /home/isshadd/INF3995-102/robot/gazebo2/build/ros_gz_example_description -- -j8 -l8
[0.108s] Invoking command in '/home/isshadd/INF3995-102/robot/gazebo2/build/ros_gz_example_description': CMAKE_PREFIX_PATH=${CMAKE_PREFIX_PATH}:/home/isshadd/INF3995-102/robot/install/voice_control:/home/isshadd/INF3995-102/robot/install/identification:/home/isshadd/INF3995-102/robot/install/control:/home/isshadd/INF3995-102/robot/install/communication:/opt/ros/humble /usr/bin/cmake --install /home/isshadd/INF3995-102/robot/gazebo2/build/ros_gz_example_description
[0.120s] -- Install configuration: ""
[0.121s] -- Up-to-date: /home/isshadd/INF3995-102/robot/gazebo2/install/ros_gz_example_description/share/ros_gz_example_description/models
[0.121s] -- Up-to-date: /home/isshadd/INF3995-102/robot/gazebo2/install/ros_gz_example_description/share/ros_gz_example_description/models/limo_ackerman
[0.122s] -- Up-to-date: /home/isshadd/INF3995-102/robot/gazebo2/install/ros_gz_example_description/share/ros_gz_example_description/models/limo_ackerman/model.config
[0.122s] -- Up-to-date: /home/isshadd/INF3995-102/robot/gazebo2/install/ros_gz_example_description/share/ros_gz_example_description/models/limo_ackerman/model.sdf
[0.122s] -- Up-to-date: /home/isshadd/INF3995-102/robot/gazebo2/install/ros_gz_example_description/share/ros_gz_example_description/models/limo_ackerman/meshes
[0.122s] -- Up-to-date: /home/isshadd/INF3995-102/robot/gazebo2/install/ros_gz_example_description/share/ros_gz_example_description/models/limo_ackerman/meshes/limo_wheel.dae
[0.122s] -- Up-to-date: /home/isshadd/INF3995-102/robot/gazebo2/install/ros_gz_example_description/share/ros_gz_example_description/models/limo_ackerman/meshes/limo_base.stl
[0.122s] -- Up-to-date: /home/isshadd/INF3995-102/robot/gazebo2/install/ros_gz_example_description/share/ros_gz_example_description/models/limo_ackerman/meshes/limo_base.dae
[0.123s] -- Up-to-date: /home/isshadd/INF3995-102/robot/gazebo2/install/ros_gz_example_description/share/ros_gz_example_description/models/limo_ackerman/meshes/limo_wheel.stl
[0.123s] -- Up-to-date: /home/isshadd/INF3995-102/robot/gazebo2/install/ros_gz_example_description/share/ros_gz_example_description/models/limo_diff_drive
[0.123s] -- Up-to-date: /home/isshadd/INF3995-102/robot/gazebo2/install/ros_gz_example_description/share/ros_gz_example_description/models/limo_diff_drive/model.config
[0.123s] -- Up-to-date: /home/isshadd/INF3995-102/robot/gazebo2/install/ros_gz_example_description/share/ros_gz_example_description/models/limo_diff_drive/model.sdf
[0.123s] -- Up-to-date: /home/isshadd/INF3995-102/robot/gazebo2/install/ros_gz_example_description/share/ros_gz_example_description/models/limo_diff_drive/meshes
[0.123s] -- Up-to-date: /home/isshadd/INF3995-102/robot/gazebo2/install/ros_gz_example_description/share/ros_gz_example_description/models/limo_diff_drive/meshes/limo_wheel.dae
[0.124s] -- Up-to-date: /home/isshadd/INF3995-102/robot/gazebo2/install/ros_gz_example_description/share/ros_gz_example_description/models/limo_diff_drive/meshes/limo_base.stl
[0.124s] -- Up-to-date: /home/isshadd/INF3995-102/robot/gazebo2/install/ros_gz_example_description/share/ros_gz_example_description/models/limo_diff_drive/meshes/limo_base.dae
[0.124s] -- Up-to-date: /home/isshadd/INF3995-102/robot/gazebo2/install/ros_gz_example_description/share/ros_gz_example_description/models/limo_diff_drive/meshes/limo_wheel.stl
[0.124s] -- Up-to-date: /home/isshadd/INF3995-102/robot/gazebo2/install/ros_gz_example_description/share/ros_gz_example_description/environment/ros_gz_example_description.dsv
[0.126s] -- Up-to-date: /home/isshadd/INF3995-102/robot/gazebo2/install/ros_gz_example_description/share/ros_gz_example_description/environment/ros_gz_example_description.sh
[0.126s] -- Up-to-date: /home/isshadd/INF3995-102/robot/gazebo2/install/ros_gz_example_description/share/ament_index/resource_index/package_run_dependencies/ros_gz_example_description
[0.126s] -- Up-to-date: /home/isshadd/INF3995-102/robot/gazebo2/install/ros_gz_example_description/share/ament_index/resource_index/parent_prefix_path/ros_gz_example_description
[0.126s] -- Up-to-date: /home/isshadd/INF3995-102/robot/gazebo2/install/ros_gz_example_description/share/ros_gz_example_description/environment/ament_prefix_path.sh
[0.127s] -- Up-to-date: /home/isshadd/INF3995-102/robot/gazebo2/install/ros_gz_example_description/share/ros_gz_example_description/environment/ament_prefix_path.dsv
[0.127s] -- Up-to-date: /home/isshadd/INF3995-102/robot/gazebo2/install/ros_gz_example_description/share/ros_gz_example_description/environment/path.sh
[0.127s] -- Up-to-date: /home/isshadd/INF3995-102/robot/gazebo2/install/ros_gz_example_description/share/ros_gz_example_description/environment/path.dsv
[0.127s] -- Up-to-date: /home/isshadd/INF3995-102/robot/gazebo2/install/ros_gz_example_description/share/ros_gz_example_description/local_setup.bash
[0.128s] -- Up-to-date: /home/isshadd/INF3995-102/robot/gazebo2/install/ros_gz_example_description/share/ros_gz_example_description/local_setup.sh
[0.128s] -- Up-to-date: /home/isshadd/INF3995-102/robot/gazebo2/install/ros_gz_example_description/share/ros_gz_example_description/local_setup.zsh
[0.128s] -- Up-to-date: /home/isshadd/INF3995-102/robot/gazebo2/install/ros_gz_example_description/share/ros_gz_example_description/local_setup.dsv
[0.130s] -- Installing: /home/isshadd/INF3995-102/robot/gazebo2/install/ros_gz_example_description/share/ros_gz_example_description/package.dsv
[0.130s] -- Up-to-date: /home/isshadd/INF3995-102/robot/gazebo2/install/ros_gz_example_description/share/ament_index/resource_index/packages/ros_gz_example_description
[0.131s] -- Up-to-date: /home/isshadd/INF3995-102/robot/gazebo2/install/ros_gz_example_description/share/ros_gz_example_description/cmake/ros_gz_example_descriptionConfig.cmake
[0.132s] -- Up-to-date: /home/isshadd/INF3995-102/robot/gazebo2/install/ros_gz_example_description/share/ros_gz_example_description/cmake/ros_gz_example_descriptionConfig-version.cmake
[0.133s] -- Up-to-date: /home/isshadd/INF3995-102/robot/gazebo2/install/ros_gz_example_description/share/ros_gz_example_description/package.xml
[0.139s] Invoked command in '/home/isshadd/INF3995-102/robot/gazebo2/build/ros_gz_example_description' returned '0': CMAKE_PREFIX_PATH=${CMAKE_PREFIX_PATH}:/home/isshadd/INF3995-102/robot/install/voice_control:/home/isshadd/INF3995-102/robot/install/identification:/home/isshadd/INF3995-102/robot/install/control:/home/isshadd/INF3995-102/robot/install/communication:/opt/ros/humble /usr/bin/cmake --install /home/isshadd/INF3995-102/robot/gazebo2/build/ros_gz_example_description
