[0.114s] Invoking command in '/home/kylor/setup/INF3995-Templates/project_ws/src/build/ros_gz_example_bringup': AMENT_PREFIX_PATH=/home/kylor/setup/INF3995-Templates/project_ws/src/install/ros_gz_example_gazebo:/home/kylor/setup/INF3995-Templates/project_ws/src/install/ros_gz_example_description:${AMENT_PREFIX_PATH} CMAKE_PREFIX_PATH=/home/kylor/setup/INF3995-Templates/project_ws/src/install/ros_gz_example_gazebo:/home/kylor/setup/INF3995-Templates/project_ws/src/install/ros_gz_example_description:/home/kylor/setup/INF3995-Templates/project_ws/install/ros_gz_example_bringup:/home/kylor/setup/INF3995-Templates/project_ws/install/ros_gz_example_gazebo:/home/kylor/setup/INF3995-Templates/project_ws/install/ros_gz_example_description:/home/kylor/setup/INF3995-Templates/project_ws/install/ros_gz_example_application:/opt/ros/humble IGN_GAZEBO_PLUGIN_PATH=/home/kylor/setup/INF3995-Templates/project_ws/src/install/ros_gz_example_gazebo/lib/ros_gz_example_gazebo IGN_GAZEBO_RESOURCE_PATH=/home/kylor/setup/INF3995-Templates/project_ws/src/install/ros_gz_example_gazebo/share/ros_gz_example_gazebo/worlds:/home/kylor/setup/INF3995-Templates/project_ws/src/install/ros_gz_example_description/share/ros_gz_example_description/models:${IGN_GAZEBO_RESOURCE_PATH} /usr/bin/cmake /home/kylor/setup/INF3995-Templates/project_ws/src/ros_gz_example_bringup -DAMENT_CMAKE_SYMLINK_INSTALL=1 -DCMAKE_INSTALL_PREFIX=/home/kylor/setup/INF3995-Templates/project_ws/src/install/ros_gz_example_bringup
[0.251s] -- The C compiler identification is GNU 11.4.0
[1.137s] -- The CXX compiler identification is GNU 11.4.0
[1.530s] -- Detecting C compiler ABI info
[1.728s] -- Detecting C compiler ABI info - done
[1.736s] -- Check for working C compiler: /usr/bin/cc - skipped
[1.737s] -- Detecting C compile features
[1.737s] -- Detecting C compile features - done
[1.741s] -- Detecting CXX compiler ABI info
[1.932s] -- Detecting CXX compiler ABI info - done
[1.941s] -- Check for working CXX compiler: /usr/bin/c++ - skipped
[1.941s] -- Detecting CXX compile features
[1.942s] -- Detecting CXX compile features - done
[1.944s] -- Found ament_cmake: 1.3.11 (/opt/ros/humble/share/ament_cmake/cmake)
[2.106s] -- Found Python3: /usr/bin/python3 (found version "3.10.12") found components: Interpreter 
[2.170s] -- Override CMake install command with custom implementation using symlinks instead of copying resources
[2.195s] -- Found ros_gz_example_description: 0.0.0 (/home/kylor/setup/INF3995-Templates/project_ws/src/install/ros_gz_example_description/share/ros_gz_example_description/cmake)
[2.195s] -- Found ros_gz_example_gazebo: 0.0.0 (/home/kylor/setup/INF3995-Templates/project_ws/src/install/ros_gz_example_gazebo/share/ros_gz_example_gazebo/cmake)
[2.197s] -- Found ament_lint_auto: 0.12.11 (/opt/ros/humble/share/ament_lint_auto/cmake)
[2.267s] -- Configuring done
[2.270s] -- Generating done
[2.272s] -- Build files have been written to: /home/kylor/setup/INF3995-Templates/project_ws/src/build/ros_gz_example_bringup
[2.278s] Invoked command in '/home/kylor/setup/INF3995-Templates/project_ws/src/build/ros_gz_example_bringup' returned '0': AMENT_PREFIX_PATH=/home/kylor/setup/INF3995-Templates/project_ws/src/install/ros_gz_example_gazebo:/home/kylor/setup/INF3995-Templates/project_ws/src/install/ros_gz_example_description:${AMENT_PREFIX_PATH} CMAKE_PREFIX_PATH=/home/kylor/setup/INF3995-Templates/project_ws/src/install/ros_gz_example_gazebo:/home/kylor/setup/INF3995-Templates/project_ws/src/install/ros_gz_example_description:/home/kylor/setup/INF3995-Templates/project_ws/install/ros_gz_example_bringup:/home/kylor/setup/INF3995-Templates/project_ws/install/ros_gz_example_gazebo:/home/kylor/setup/INF3995-Templates/project_ws/install/ros_gz_example_description:/home/kylor/setup/INF3995-Templates/project_ws/install/ros_gz_example_application:/opt/ros/humble IGN_GAZEBO_PLUGIN_PATH=/home/kylor/setup/INF3995-Templates/project_ws/src/install/ros_gz_example_gazebo/lib/ros_gz_example_gazebo IGN_GAZEBO_RESOURCE_PATH=/home/kylor/setup/INF3995-Templates/project_ws/src/install/ros_gz_example_gazebo/share/ros_gz_example_gazebo/worlds:/home/kylor/setup/INF3995-Templates/project_ws/src/install/ros_gz_example_description/share/ros_gz_example_description/models:${IGN_GAZEBO_RESOURCE_PATH} /usr/bin/cmake /home/kylor/setup/INF3995-Templates/project_ws/src/ros_gz_example_bringup -DAMENT_CMAKE_SYMLINK_INSTALL=1 -DCMAKE_INSTALL_PREFIX=/home/kylor/setup/INF3995-Templates/project_ws/src/install/ros_gz_example_bringup
[2.279s] Invoking command in '/home/kylor/setup/INF3995-Templates/project_ws/src/build/ros_gz_example_bringup': AMENT_PREFIX_PATH=/home/kylor/setup/INF3995-Templates/project_ws/src/install/ros_gz_example_gazebo:/home/kylor/setup/INF3995-Templates/project_ws/src/install/ros_gz_example_description:${AMENT_PREFIX_PATH} CMAKE_PREFIX_PATH=/home/kylor/setup/INF3995-Templates/project_ws/src/install/ros_gz_example_gazebo:/home/kylor/setup/INF3995-Templates/project_ws/src/install/ros_gz_example_description:/home/kylor/setup/INF3995-Templates/project_ws/install/ros_gz_example_bringup:/home/kylor/setup/INF3995-Templates/project_ws/install/ros_gz_example_gazebo:/home/kylor/setup/INF3995-Templates/project_ws/install/ros_gz_example_description:/home/kylor/setup/INF3995-Templates/project_ws/install/ros_gz_example_application:/opt/ros/humble IGN_GAZEBO_PLUGIN_PATH=/home/kylor/setup/INF3995-Templates/project_ws/src/install/ros_gz_example_gazebo/lib/ros_gz_example_gazebo IGN_GAZEBO_RESOURCE_PATH=/home/kylor/setup/INF3995-Templates/project_ws/src/install/ros_gz_example_gazebo/share/ros_gz_example_gazebo/worlds:/home/kylor/setup/INF3995-Templates/project_ws/src/install/ros_gz_example_description/share/ros_gz_example_description/models:${IGN_GAZEBO_RESOURCE_PATH} /usr/bin/cmake --build /home/kylor/setup/INF3995-Templates/project_ws/src/build/ros_gz_example_bringup -- -j20 -l20
[2.312s] Invoked command in '/home/kylor/setup/INF3995-Templates/project_ws/src/build/ros_gz_example_bringup' returned '0': AMENT_PREFIX_PATH=/home/kylor/setup/INF3995-Templates/project_ws/src/install/ros_gz_example_gazebo:/home/kylor/setup/INF3995-Templates/project_ws/src/install/ros_gz_example_description:${AMENT_PREFIX_PATH} CMAKE_PREFIX_PATH=/home/kylor/setup/INF3995-Templates/project_ws/src/install/ros_gz_example_gazebo:/home/kylor/setup/INF3995-Templates/project_ws/src/install/ros_gz_example_description:/home/kylor/setup/INF3995-Templates/project_ws/install/ros_gz_example_bringup:/home/kylor/setup/INF3995-Templates/project_ws/install/ros_gz_example_gazebo:/home/kylor/setup/INF3995-Templates/project_ws/install/ros_gz_example_description:/home/kylor/setup/INF3995-Templates/project_ws/install/ros_gz_example_application:/opt/ros/humble IGN_GAZEBO_PLUGIN_PATH=/home/kylor/setup/INF3995-Templates/project_ws/src/install/ros_gz_example_gazebo/lib/ros_gz_example_gazebo IGN_GAZEBO_RESOURCE_PATH=/home/kylor/setup/INF3995-Templates/project_ws/src/install/ros_gz_example_gazebo/share/ros_gz_example_gazebo/worlds:/home/kylor/setup/INF3995-Templates/project_ws/src/install/ros_gz_example_description/share/ros_gz_example_description/models:${IGN_GAZEBO_RESOURCE_PATH} /usr/bin/cmake --build /home/kylor/setup/INF3995-Templates/project_ws/src/build/ros_gz_example_bringup -- -j20 -l20
[2.314s] Invoking command in '/home/kylor/setup/INF3995-Templates/project_ws/src/build/ros_gz_example_bringup': AMENT_PREFIX_PATH=/home/kylor/setup/INF3995-Templates/project_ws/src/install/ros_gz_example_gazebo:/home/kylor/setup/INF3995-Templates/project_ws/src/install/ros_gz_example_description:${AMENT_PREFIX_PATH} CMAKE_PREFIX_PATH=/home/kylor/setup/INF3995-Templates/project_ws/src/install/ros_gz_example_gazebo:/home/kylor/setup/INF3995-Templates/project_ws/src/install/ros_gz_example_description:/home/kylor/setup/INF3995-Templates/project_ws/install/ros_gz_example_bringup:/home/kylor/setup/INF3995-Templates/project_ws/install/ros_gz_example_gazebo:/home/kylor/setup/INF3995-Templates/project_ws/install/ros_gz_example_description:/home/kylor/setup/INF3995-Templates/project_ws/install/ros_gz_example_application:/opt/ros/humble IGN_GAZEBO_PLUGIN_PATH=/home/kylor/setup/INF3995-Templates/project_ws/src/install/ros_gz_example_gazebo/lib/ros_gz_example_gazebo IGN_GAZEBO_RESOURCE_PATH=/home/kylor/setup/INF3995-Templates/project_ws/src/install/ros_gz_example_gazebo/share/ros_gz_example_gazebo/worlds:/home/kylor/setup/INF3995-Templates/project_ws/src/install/ros_gz_example_description/share/ros_gz_example_description/models:${IGN_GAZEBO_RESOURCE_PATH} /usr/bin/cmake --install /home/kylor/setup/INF3995-Templates/project_ws/src/build/ros_gz_example_bringup
[2.320s] -- Install configuration: ""
[2.320s] -- Execute custom install script
[2.321s] -- Symlinking: /home/kylor/setup/INF3995-Templates/project_ws/src/install/ros_gz_example_bringup/share/ros_gz_example_bringup/launch/diff_drive.launch.py
[2.329s] -- Symlinking: /home/kylor/setup/INF3995-Templates/project_ws/src/install/ros_gz_example_bringup/share/ros_gz_example_bringup/config/cartographer_2d.lua
[2.336s] -- Symlinking: /home/kylor/setup/INF3995-Templates/project_ws/src/install/ros_gz_example_bringup/share/ros_gz_example_bringup/config/diff_drive.rviz
[2.343s] -- Symlinking: /home/kylor/setup/INF3995-Templates/project_ws/src/install/ros_gz_example_bringup/share/ros_gz_example_bringup/config/limo_diff_drive.rviz
[2.349s] -- Symlinking: /home/kylor/setup/INF3995-Templates/project_ws/src/install/ros_gz_example_bringup/share/ros_gz_example_bringup/config/ros_gz_example_bridge.yaml
[2.356s] -- Symlinking: /home/kylor/setup/INF3995-Templates/project_ws/src/install/ros_gz_example_bringup/share/ament_index/resource_index/package_run_dependencies/ros_gz_example_bringup
[2.363s] -- Symlinking: /home/kylor/setup/INF3995-Templates/project_ws/src/install/ros_gz_example_bringup/share/ament_index/resource_index/parent_prefix_path/ros_gz_example_bringup
[2.371s] -- Symlinking: /home/kylor/setup/INF3995-Templates/project_ws/src/install/ros_gz_example_bringup/share/ros_gz_example_bringup/environment/ament_prefix_path.sh
[2.378s] -- Symlinking: /home/kylor/setup/INF3995-Templates/project_ws/src/install/ros_gz_example_bringup/share/ros_gz_example_bringup/environment/ament_prefix_path.dsv
[2.387s] -- Symlinking: /home/kylor/setup/INF3995-Templates/project_ws/src/install/ros_gz_example_bringup/share/ros_gz_example_bringup/environment/path.sh
[2.395s] -- Symlinking: /home/kylor/setup/INF3995-Templates/project_ws/src/install/ros_gz_example_bringup/share/ros_gz_example_bringup/environment/path.dsv
[2.403s] -- Symlinking: /home/kylor/setup/INF3995-Templates/project_ws/src/install/ros_gz_example_bringup/share/ros_gz_example_bringup/local_setup.bash
[2.410s] -- Symlinking: /home/kylor/setup/INF3995-Templates/project_ws/src/install/ros_gz_example_bringup/share/ros_gz_example_bringup/local_setup.sh
[2.417s] -- Symlinking: /home/kylor/setup/INF3995-Templates/project_ws/src/install/ros_gz_example_bringup/share/ros_gz_example_bringup/local_setup.zsh
[2.424s] -- Symlinking: /home/kylor/setup/INF3995-Templates/project_ws/src/install/ros_gz_example_bringup/share/ros_gz_example_bringup/local_setup.dsv
[2.431s] -- Symlinking: /home/kylor/setup/INF3995-Templates/project_ws/src/install/ros_gz_example_bringup/share/ros_gz_example_bringup/package.dsv
[2.438s] -- Symlinking: /home/kylor/setup/INF3995-Templates/project_ws/src/install/ros_gz_example_bringup/share/ament_index/resource_index/packages/ros_gz_example_bringup
[2.445s] -- Symlinking: /home/kylor/setup/INF3995-Templates/project_ws/src/install/ros_gz_example_bringup/share/ros_gz_example_bringup/cmake/ros_gz_example_bringupConfig.cmake
[2.453s] -- Symlinking: /home/kylor/setup/INF3995-Templates/project_ws/src/install/ros_gz_example_bringup/share/ros_gz_example_bringup/cmake/ros_gz_example_bringupConfig-version.cmake
[2.460s] -- Symlinking: /home/kylor/setup/INF3995-Templates/project_ws/src/install/ros_gz_example_bringup/share/ros_gz_example_bringup/package.xml
[2.470s] Invoked command in '/home/kylor/setup/INF3995-Templates/project_ws/src/build/ros_gz_example_bringup' returned '0': AMENT_PREFIX_PATH=/home/kylor/setup/INF3995-Templates/project_ws/src/install/ros_gz_example_gazebo:/home/kylor/setup/INF3995-Templates/project_ws/src/install/ros_gz_example_description:${AMENT_PREFIX_PATH} CMAKE_PREFIX_PATH=/home/kylor/setup/INF3995-Templates/project_ws/src/install/ros_gz_example_gazebo:/home/kylor/setup/INF3995-Templates/project_ws/src/install/ros_gz_example_description:/home/kylor/setup/INF3995-Templates/project_ws/install/ros_gz_example_bringup:/home/kylor/setup/INF3995-Templates/project_ws/install/ros_gz_example_gazebo:/home/kylor/setup/INF3995-Templates/project_ws/install/ros_gz_example_description:/home/kylor/setup/INF3995-Templates/project_ws/install/ros_gz_example_application:/opt/ros/humble IGN_GAZEBO_PLUGIN_PATH=/home/kylor/setup/INF3995-Templates/project_ws/src/install/ros_gz_example_gazebo/lib/ros_gz_example_gazebo IGN_GAZEBO_RESOURCE_PATH=/home/kylor/setup/INF3995-Templates/project_ws/src/install/ros_gz_example_gazebo/share/ros_gz_example_gazebo/worlds:/home/kylor/setup/INF3995-Templates/project_ws/src/install/ros_gz_example_description/share/ros_gz_example_description/models:${IGN_GAZEBO_RESOURCE_PATH} /usr/bin/cmake --install /home/kylor/setup/INF3995-Templates/project_ws/src/build/ros_gz_example_bringup
