[0.023s] Invoking command in '/home/kevin/INF3995-102/robot/build/ros_gz_example_application': /usr/bin/cmake /home/kevin/INF3995-102/robot/src/ros_gz_example_application -DBUILD_TESTING=ON -DCMAKE_INSTALL_PREFIX=/home/kevin/INF3995-102/robot/install/ros_gz_example_application
[0.416s] -- The C compiler identification is GNU 11.4.0
[1.179s] -- The CXX compiler identification is GNU 11.4.0
[1.540s] -- Detecting C compiler ABI info
[1.705s] -- Detecting C compiler ABI info - done
[1.717s] -- Check for working C compiler: /usr/bin/cc - skipped
[1.719s] -- Detecting C compile features
[1.721s] -- Detecting C compile features - done
[1.727s] -- Detecting CXX compiler ABI info
[1.932s] -- Detecting CXX compiler ABI info - done
[1.943s] -- Check for working CXX compiler: /usr/bin/c++ - skipped
[1.943s] -- Detecting CXX compile features
[1.944s] -- Detecting CXX compile features - done
[2.548s] [31mCMake Error at CMakeLists.txt:5 (find_package):
[2.548s]   By not providing "Findament_cmake.cmake" in CMAKE_MODULE_PATH this project
[2.548s]   has asked CMake to find a package configuration file provided by
[2.548s]   "ament_cmake", but CMake did not find one.
[2.548s] 
[2.548s]   Could not find a package configuration file provided by "ament_cmake" with
[2.548s]   any of the following names:
[2.548s] 
[2.548s]     ament_cmakeConfig.cmake
[2.548s]     ament_cmake-config.cmake
[2.548s] 
[2.548s]   Add the installation prefix of "ament_cmake" to CMAKE_PREFIX_PATH or set
[2.548s]   "ament_cmake_DIR" to a directory containing one of the above files.  If
[2.548s]   "ament_cmake" provides a separate development package or SDK, be sure it
[2.548s]   has been installed.
[2.548s] 
[2.549s] [0m
[2.549s] -- Configuring incomplete, errors occurred!
[2.549s] See also "/home/kevin/INF3995-102/robot/build/ros_gz_example_application/CMakeFiles/CMakeOutput.log".
[2.552s] Invoked command in '/home/kevin/INF3995-102/robot/build/ros_gz_example_application' returned '1': /usr/bin/cmake /home/kevin/INF3995-102/robot/src/ros_gz_example_application -DBUILD_TESTING=ON -DCMAKE_INSTALL_PREFIX=/home/kevin/INF3995-102/robot/install/ros_gz_example_application
