[0.021s] Invoking command in '/home/kylor/INF3995-102/robot/build/ros_gz_example_application': CMAKE_PREFIX_PATH=${CMAKE_PREFIX_PATH}:/opt/ros/humble /usr/bin/cmake --build /home/kylor/INF3995-102/robot/build/ros_gz_example_application -- -j12 -l12
[0.141s] -- Found ament_cmake: 1.3.11 (/opt/ros/humble/share/ament_cmake/cmake)
[0.358s] -- Configuring done
[0.373s] -- Generating done
[0.381s] -- Build files have been written to: /home/kylor/INF3995-102/robot/build/ros_gz_example_application
[0.410s] Invoked command in '/home/kylor/INF3995-102/robot/build/ros_gz_example_application' returned '0': CMAKE_PREFIX_PATH=${CMAKE_PREFIX_PATH}:/opt/ros/humble /usr/bin/cmake --build /home/kylor/INF3995-102/robot/build/ros_gz_example_application -- -j12 -l12
[0.413s] Invoking command in '/home/kylor/INF3995-102/robot/build/ros_gz_example_application': CMAKE_PREFIX_PATH=${CMAKE_PREFIX_PATH}:/opt/ros/humble /usr/bin/cmake --install /home/kylor/INF3995-102/robot/build/ros_gz_example_application
[0.424s] -- Install configuration: ""
[0.424s] -- Up-to-date: /home/kylor/INF3995-102/robot/install/ros_gz_example_application/share/ament_index/resource_index/package_run_dependencies/ros_gz_example_application
[0.424s] -- Installing: /home/kylor/INF3995-102/robot/install/ros_gz_example_application/share/ament_index/resource_index/parent_prefix_path/ros_gz_example_application
[0.424s] -- Up-to-date: /home/kylor/INF3995-102/robot/install/ros_gz_example_application/share/ros_gz_example_application/environment/ament_prefix_path.sh
[0.424s] -- Installing: /home/kylor/INF3995-102/robot/install/ros_gz_example_application/share/ros_gz_example_application/environment/ament_prefix_path.dsv
[0.425s] -- Up-to-date: /home/kylor/INF3995-102/robot/install/ros_gz_example_application/share/ros_gz_example_application/environment/path.sh
[0.425s] -- Installing: /home/kylor/INF3995-102/robot/install/ros_gz_example_application/share/ros_gz_example_application/environment/path.dsv
[0.425s] -- Up-to-date: /home/kylor/INF3995-102/robot/install/ros_gz_example_application/share/ros_gz_example_application/local_setup.bash
[0.425s] -- Installing: /home/kylor/INF3995-102/robot/install/ros_gz_example_application/share/ros_gz_example_application/local_setup.sh
[0.425s] -- Up-to-date: /home/kylor/INF3995-102/robot/install/ros_gz_example_application/share/ros_gz_example_application/local_setup.zsh
[0.425s] -- Installing: /home/kylor/INF3995-102/robot/install/ros_gz_example_application/share/ros_gz_example_application/local_setup.dsv
[0.426s] -- Installing: /home/kylor/INF3995-102/robot/install/ros_gz_example_application/share/ros_gz_example_application/package.dsv
[0.426s] -- Up-to-date: /home/kylor/INF3995-102/robot/install/ros_gz_example_application/share/ament_index/resource_index/packages/ros_gz_example_application
[0.426s] -- Up-to-date: /home/kylor/INF3995-102/robot/install/ros_gz_example_application/share/ros_gz_example_application/cmake/ros_gz_example_applicationConfig.cmake
[0.426s] -- Up-to-date: /home/kylor/INF3995-102/robot/install/ros_gz_example_application/share/ros_gz_example_application/cmake/ros_gz_example_applicationConfig-version.cmake
[0.426s] -- Up-to-date: /home/kylor/INF3995-102/robot/install/ros_gz_example_application/share/ros_gz_example_application/package.xml
[0.463s] Invoked command in '/home/kylor/INF3995-102/robot/build/ros_gz_example_application' returned '0': CMAKE_PREFIX_PATH=${CMAKE_PREFIX_PATH}:/opt/ros/humble /usr/bin/cmake --install /home/kylor/INF3995-102/robot/build/ros_gz_example_application
