[0.160s] Invoking command in '/home/kevin/INF3995-102/robot/build/ros_gz_example_bringup': AMENT_PREFIX_PATH=/home/kevin/INF3995-102/robot/install/ros_gz_example_gazebo:/home/kevin/INF3995-102/robot/install/ros_gz_example_description:${AMENT_PREFIX_PATH} CMAKE_PREFIX_PATH=/home/kevin/INF3995-102/robot/install/ros_gz_example_gazebo:/home/kevin/INF3995-102/robot/install/ros_gz_example_description:/opt/ros/humble IGN_GAZEBO_PLUGIN_PATH=/home/kevin/INF3995-102/robot/install/ros_gz_example_gazebo/lib/ros_gz_example_gazebo IGN_GAZEBO_RESOURCE_PATH=/home/kevin/INF3995-102/robot/install/ros_gz_example_gazebo/share/ros_gz_example_gazebo/worlds:/home/kevin/INF3995-102/robot/install/ros_gz_example_description/share/ros_gz_example_description/models /usr/bin/cmake /home/kevin/INF3995-102/robot/src/ros_gz_example_bringup -DBUILD_TESTING=ON -DCMAKE_INSTALL_PREFIX=/home/kevin/INF3995-102/robot/install/ros_gz_example_bringup
[0.428s] -- The C compiler identification is GNU 11.4.0
[1.728s] -- The CXX compiler identification is GNU 11.4.0
[2.180s] -- Detecting C compiler ABI info
[2.352s] -- Detecting C compiler ABI info - done
[2.364s] -- Check for working C compiler: /usr/bin/cc - skipped
[2.364s] -- Detecting C compile features
[2.365s] -- Detecting C compile features - done
[2.370s] -- Detecting CXX compiler ABI info
[2.595s] -- Detecting CXX compiler ABI info - done
[2.609s] -- Check for working CXX compiler: /usr/bin/c++ - skipped
[2.610s] -- Detecting CXX compile features
[2.611s] -- Detecting CXX compile features - done
[2.613s] -- Found ament_cmake: 1.3.11 (/opt/ros/humble/share/ament_cmake/cmake)
[2.844s] -- Found Python3: /usr/bin/python3 (found version "3.10.12") found components: Interpreter 
[2.968s] -- Found ros_gz_example_description: 0.0.0 (/home/kevin/INF3995-102/robot/install/ros_gz_example_description/share/ros_gz_example_description/cmake)
[2.969s] -- Found ros_gz_example_gazebo: 0.0.0 (/home/kevin/INF3995-102/robot/install/ros_gz_example_gazebo/share/ros_gz_example_gazebo/cmake)
[2.971s] -- Found ament_lint_auto: 0.12.11 (/opt/ros/humble/share/ament_lint_auto/cmake)
[3.071s] -- Configuring done
[3.075s] -- Generating done
[3.078s] -- Build files have been written to: /home/kevin/INF3995-102/robot/build/ros_gz_example_bringup
[3.084s] Invoked command in '/home/kevin/INF3995-102/robot/build/ros_gz_example_bringup' returned '0': AMENT_PREFIX_PATH=/home/kevin/INF3995-102/robot/install/ros_gz_example_gazebo:/home/kevin/INF3995-102/robot/install/ros_gz_example_description:${AMENT_PREFIX_PATH} CMAKE_PREFIX_PATH=/home/kevin/INF3995-102/robot/install/ros_gz_example_gazebo:/home/kevin/INF3995-102/robot/install/ros_gz_example_description:/opt/ros/humble IGN_GAZEBO_PLUGIN_PATH=/home/kevin/INF3995-102/robot/install/ros_gz_example_gazebo/lib/ros_gz_example_gazebo IGN_GAZEBO_RESOURCE_PATH=/home/kevin/INF3995-102/robot/install/ros_gz_example_gazebo/share/ros_gz_example_gazebo/worlds:/home/kevin/INF3995-102/robot/install/ros_gz_example_description/share/ros_gz_example_description/models /usr/bin/cmake /home/kevin/INF3995-102/robot/src/ros_gz_example_bringup -DBUILD_TESTING=ON -DCMAKE_INSTALL_PREFIX=/home/kevin/INF3995-102/robot/install/ros_gz_example_bringup
[3.089s] Invoking command in '/home/kevin/INF3995-102/robot/build/ros_gz_example_bringup': AMENT_PREFIX_PATH=/home/kevin/INF3995-102/robot/install/ros_gz_example_gazebo:/home/kevin/INF3995-102/robot/install/ros_gz_example_description:${AMENT_PREFIX_PATH} CMAKE_PREFIX_PATH=/home/kevin/INF3995-102/robot/install/ros_gz_example_gazebo:/home/kevin/INF3995-102/robot/install/ros_gz_example_description:/opt/ros/humble IGN_GAZEBO_PLUGIN_PATH=/home/kevin/INF3995-102/robot/install/ros_gz_example_gazebo/lib/ros_gz_example_gazebo IGN_GAZEBO_RESOURCE_PATH=/home/kevin/INF3995-102/robot/install/ros_gz_example_gazebo/share/ros_gz_example_gazebo/worlds:/home/kevin/INF3995-102/robot/install/ros_gz_example_description/share/ros_gz_example_description/models /usr/bin/cmake --build /home/kevin/INF3995-102/robot/build/ros_gz_example_bringup -- -j20 -l20
[3.135s] Invoked command in '/home/kevin/INF3995-102/robot/build/ros_gz_example_bringup' returned '0': AMENT_PREFIX_PATH=/home/kevin/INF3995-102/robot/install/ros_gz_example_gazebo:/home/kevin/INF3995-102/robot/install/ros_gz_example_description:${AMENT_PREFIX_PATH} CMAKE_PREFIX_PATH=/home/kevin/INF3995-102/robot/install/ros_gz_example_gazebo:/home/kevin/INF3995-102/robot/install/ros_gz_example_description:/opt/ros/humble IGN_GAZEBO_PLUGIN_PATH=/home/kevin/INF3995-102/robot/install/ros_gz_example_gazebo/lib/ros_gz_example_gazebo IGN_GAZEBO_RESOURCE_PATH=/home/kevin/INF3995-102/robot/install/ros_gz_example_gazebo/share/ros_gz_example_gazebo/worlds:/home/kevin/INF3995-102/robot/install/ros_gz_example_description/share/ros_gz_example_description/models /usr/bin/cmake --build /home/kevin/INF3995-102/robot/build/ros_gz_example_bringup -- -j20 -l20
[3.138s] Invoking command in '/home/kevin/INF3995-102/robot/build/ros_gz_example_bringup': AMENT_PREFIX_PATH=/home/kevin/INF3995-102/robot/install/ros_gz_example_gazebo:/home/kevin/INF3995-102/robot/install/ros_gz_example_description:${AMENT_PREFIX_PATH} CMAKE_PREFIX_PATH=/home/kevin/INF3995-102/robot/install/ros_gz_example_gazebo:/home/kevin/INF3995-102/robot/install/ros_gz_example_description:/opt/ros/humble IGN_GAZEBO_PLUGIN_PATH=/home/kevin/INF3995-102/robot/install/ros_gz_example_gazebo/lib/ros_gz_example_gazebo IGN_GAZEBO_RESOURCE_PATH=/home/kevin/INF3995-102/robot/install/ros_gz_example_gazebo/share/ros_gz_example_gazebo/worlds:/home/kevin/INF3995-102/robot/install/ros_gz_example_description/share/ros_gz_example_description/models /usr/bin/cmake --install /home/kevin/INF3995-102/robot/build/ros_gz_example_bringup
[3.147s] -- Install configuration: ""
[3.148s] -- Installing: /home/kevin/INF3995-102/robot/install/ros_gz_example_bringup/share/ros_gz_example_bringup/launch
[3.149s] -- Installing: /home/kevin/INF3995-102/robot/install/ros_gz_example_bringup/share/ros_gz_example_bringup/launch/diff_drive.launch.py:Zone.Identifier
[3.149s] -- Installing: /home/kevin/INF3995-102/robot/install/ros_gz_example_bringup/share/ros_gz_example_bringup/launch/diff_drive.launch.py
[3.150s] -- Installing: /home/kevin/INF3995-102/robot/install/ros_gz_example_bringup/share/ros_gz_example_bringup/config
[3.151s] -- Installing: /home/kevin/INF3995-102/robot/install/ros_gz_example_bringup/share/ros_gz_example_bringup/config/limo_diff_drive.rviz:Zone.Identifier
[3.152s] -- Installing: /home/kevin/INF3995-102/robot/install/ros_gz_example_bringup/share/ros_gz_example_bringup/config/diff_drive.rviz:Zone.Identifier
[3.152s] -- Installing: /home/kevin/INF3995-102/robot/install/ros_gz_example_bringup/share/ros_gz_example_bringup/config/ros_gz_example_bridge.yaml:Zone.Identifier
[3.152s] -- Installing: /home/kevin/INF3995-102/robot/install/ros_gz_example_bringup/share/ros_gz_example_bringup/config/cartographer_2d.lua
[3.153s] -- Installing: /home/kevin/INF3995-102/robot/install/ros_gz_example_bringup/share/ros_gz_example_bringup/config/diff_drive.rviz
[3.154s] -- Installing: /home/kevin/INF3995-102/robot/install/ros_gz_example_bringup/share/ros_gz_example_bringup/config/ros_gz_example_bridge.yaml
[3.154s] -- Installing: /home/kevin/INF3995-102/robot/install/ros_gz_example_bringup/share/ros_gz_example_bringup/config/cartographer_2d.lua:Zone.Identifier
[3.155s] -- Installing: /home/kevin/INF3995-102/robot/install/ros_gz_example_bringup/share/ros_gz_example_bringup/config/limo_diff_drive.rviz
[3.156s] -- Installing: /home/kevin/INF3995-102/robot/install/ros_gz_example_bringup/share/ament_index/resource_index/package_run_dependencies/ros_gz_example_bringup
[3.157s] -- Installing: /home/kevin/INF3995-102/robot/install/ros_gz_example_bringup/share/ament_index/resource_index/parent_prefix_path/ros_gz_example_bringup
[3.157s] -- Installing: /home/kevin/INF3995-102/robot/install/ros_gz_example_bringup/share/ros_gz_example_bringup/environment/ament_prefix_path.sh
[3.157s] -- Installing: /home/kevin/INF3995-102/robot/install/ros_gz_example_bringup/share/ros_gz_example_bringup/environment/ament_prefix_path.dsv
[3.158s] -- Installing: /home/kevin/INF3995-102/robot/install/ros_gz_example_bringup/share/ros_gz_example_bringup/environment/path.sh
[3.158s] -- Installing: /home/kevin/INF3995-102/robot/install/ros_gz_example_bringup/share/ros_gz_example_bringup/environment/path.dsv
[3.158s] -- Installing: /home/kevin/INF3995-102/robot/install/ros_gz_example_bringup/share/ros_gz_example_bringup/local_setup.bash
[3.158s] -- Installing: /home/kevin/INF3995-102/robot/install/ros_gz_example_bringup/share/ros_gz_example_bringup/local_setup.sh
[3.159s] -- Installing: /home/kevin/INF3995-102/robot/install/ros_gz_example_bringup/share/ros_gz_example_bringup/local_setup.zsh
[3.159s] -- Installing: /home/kevin/INF3995-102/robot/install/ros_gz_example_bringup/share/ros_gz_example_bringup/local_setup.dsv
[3.159s] -- Installing: /home/kevin/INF3995-102/robot/install/ros_gz_example_bringup/share/ros_gz_example_bringup/package.dsv
[3.160s] -- Installing: /home/kevin/INF3995-102/robot/install/ros_gz_example_bringup/share/ament_index/resource_index/packages/ros_gz_example_bringup
[3.160s] -- Installing: /home/kevin/INF3995-102/robot/install/ros_gz_example_bringup/share/ros_gz_example_bringup/cmake/ros_gz_example_bringupConfig.cmake
[3.160s] -- Installing: /home/kevin/INF3995-102/robot/install/ros_gz_example_bringup/share/ros_gz_example_bringup/cmake/ros_gz_example_bringupConfig-version.cmake
[3.160s] -- Installing: /home/kevin/INF3995-102/robot/install/ros_gz_example_bringup/share/ros_gz_example_bringup/package.xml
[3.163s] Invoked command in '/home/kevin/INF3995-102/robot/build/ros_gz_example_bringup' returned '0': AMENT_PREFIX_PATH=/home/kevin/INF3995-102/robot/install/ros_gz_example_gazebo:/home/kevin/INF3995-102/robot/install/ros_gz_example_description:${AMENT_PREFIX_PATH} CMAKE_PREFIX_PATH=/home/kevin/INF3995-102/robot/install/ros_gz_example_gazebo:/home/kevin/INF3995-102/robot/install/ros_gz_example_description:/opt/ros/humble IGN_GAZEBO_PLUGIN_PATH=/home/kevin/INF3995-102/robot/install/ros_gz_example_gazebo/lib/ros_gz_example_gazebo IGN_GAZEBO_RESOURCE_PATH=/home/kevin/INF3995-102/robot/install/ros_gz_example_gazebo/share/ros_gz_example_gazebo/worlds:/home/kevin/INF3995-102/robot/install/ros_gz_example_description/share/ros_gz_example_description/models /usr/bin/cmake --install /home/kevin/INF3995-102/robot/build/ros_gz_example_bringup
