[0.067s] Invoking command in '/home/isshadd/INF3995-102/robot/gazebo2/build/ros_gz_example_application': CMAKE_PREFIX_PATH=/opt/ros/humble /usr/bin/cmake /home/isshadd/INF3995-102/robot/gazebo2/src/ros_gz_example_application -DBUILD_TESTING=ON -DCMAKE_INSTALL_PREFIX=/home/isshadd/INF3995-102/robot/gazebo2/install/ros_gz_example_application
[0.947s] -- The C compiler identification is GNU 11.4.0
[2.080s] -- The CXX compiler identification is GNU 11.4.0
[2.696s] -- Detecting C compiler ABI info
[3.011s] -- Detecting C compiler ABI info - done
[3.033s] -- Check for working C compiler: /usr/bin/cc - skipped
[3.036s] -- Detecting C compile features
[3.039s] -- Detecting C compile features - done
[3.058s] -- Detecting CXX compiler ABI info
[3.372s] -- Detecting CXX compiler ABI info - done
[3.392s] -- Check for working CXX compiler: /usr/bin/c++ - skipped
[3.393s] -- Detecting CXX compile features
[3.394s] -- Detecting CXX compile features - done
[3.412s] -- Found ament_cmake: 1.3.11 (/opt/ros/humble/share/ament_cmake/cmake)
[3.857s] -- Found Python3: /usr/bin/python3 (found version "3.10.12") found components: Interpreter 
[4.422s] -- Configuring done
[4.458s] -- Generating done
[4.468s] -- Build files have been written to: /home/isshadd/INF3995-102/robot/gazebo2/build/ros_gz_example_application
[4.521s] Invoked command in '/home/isshadd/INF3995-102/robot/gazebo2/build/ros_gz_example_application' returned '0': CMAKE_PREFIX_PATH=/opt/ros/humble /usr/bin/cmake /home/isshadd/INF3995-102/robot/gazebo2/src/ros_gz_example_application -DBUILD_TESTING=ON -DCMAKE_INSTALL_PREFIX=/home/isshadd/INF3995-102/robot/gazebo2/install/ros_gz_example_application
[4.525s] Invoking command in '/home/isshadd/INF3995-102/robot/gazebo2/build/ros_gz_example_application': CMAKE_PREFIX_PATH=/opt/ros/humble /usr/bin/cmake --build /home/isshadd/INF3995-102/robot/gazebo2/build/ros_gz_example_application -- -j8 -l8
[4.599s] Invoked command in '/home/isshadd/INF3995-102/robot/gazebo2/build/ros_gz_example_application' returned '0': CMAKE_PREFIX_PATH=/opt/ros/humble /usr/bin/cmake --build /home/isshadd/INF3995-102/robot/gazebo2/build/ros_gz_example_application -- -j8 -l8
[4.600s] Invoking command in '/home/isshadd/INF3995-102/robot/gazebo2/build/ros_gz_example_application': CMAKE_PREFIX_PATH=/opt/ros/humble /usr/bin/cmake --install /home/isshadd/INF3995-102/robot/gazebo2/build/ros_gz_example_application
[4.614s] -- Install configuration: ""
[4.618s] -- Installing: /home/isshadd/INF3995-102/robot/gazebo2/install/ros_gz_example_application/share/ament_index/resource_index/package_run_dependencies/ros_gz_example_application
[4.619s] -- Installing: /home/isshadd/INF3995-102/robot/gazebo2/install/ros_gz_example_application/share/ament_index/resource_index/parent_prefix_path/ros_gz_example_application
[4.622s] -- Installing: /home/isshadd/INF3995-102/robot/gazebo2/install/ros_gz_example_application/share/ros_gz_example_application/environment/ament_prefix_path.sh
[4.622s] -- Installing: /home/isshadd/INF3995-102/robot/gazebo2/install/ros_gz_example_application/share/ros_gz_example_application/environment/ament_prefix_path.dsv
[4.623s] -- Installing: /home/isshadd/INF3995-102/robot/gazebo2/install/ros_gz_example_application/share/ros_gz_example_application/environment/path.sh
[4.626s] -- Installing: /home/isshadd/INF3995-102/robot/gazebo2/install/ros_gz_example_application/share/ros_gz_example_application/environment/path.dsv
[4.626s] -- Installing: /home/isshadd/INF3995-102/robot/gazebo2/install/ros_gz_example_application/share/ros_gz_example_application/local_setup.bash
[4.627s] -- Installing: /home/isshadd/INF3995-102/robot/gazebo2/install/ros_gz_example_application/share/ros_gz_example_application/local_setup.sh
[4.630s] -- Installing: /home/isshadd/INF3995-102/robot/gazebo2/install/ros_gz_example_application/share/ros_gz_example_application/local_setup.zsh
[4.630s] -- Installing: /home/isshadd/INF3995-102/robot/gazebo2/install/ros_gz_example_application/share/ros_gz_example_application/local_setup.dsv
[4.631s] -- Installing: /home/isshadd/INF3995-102/robot/gazebo2/install/ros_gz_example_application/share/ros_gz_example_application/package.dsv
[4.631s] -- Installing: /home/isshadd/INF3995-102/robot/gazebo2/install/ros_gz_example_application/share/ament_index/resource_index/packages/ros_gz_example_application
[4.632s] -- Installing: /home/isshadd/INF3995-102/robot/gazebo2/install/ros_gz_example_application/share/ros_gz_example_application/cmake/ros_gz_example_applicationConfig.cmake
[4.633s] -- Installing: /home/isshadd/INF3995-102/robot/gazebo2/install/ros_gz_example_application/share/ros_gz_example_application/cmake/ros_gz_example_applicationConfig-version.cmake
[4.634s] -- Installing: /home/isshadd/INF3995-102/robot/gazebo2/install/ros_gz_example_application/share/ros_gz_example_application/package.xml
[4.642s] Invoked command in '/home/isshadd/INF3995-102/robot/gazebo2/build/ros_gz_example_application' returned '0': CMAKE_PREFIX_PATH=/opt/ros/humble /usr/bin/cmake --install /home/isshadd/INF3995-102/robot/gazebo2/build/ros_gz_example_application
