[0.041s] Invoking command in '/home/isshadd/INF3995-102/robot/gazebo2/build/ros_gz_example_application': CMAKE_PREFIX_PATH=${CMAKE_PREFIX_PATH}:/opt/ros/humble /usr/bin/cmake --build /home/isshadd/INF3995-102/robot/gazebo2/build/ros_gz_example_application -- -j8 -l8
[0.192s] Invoked command in '/home/isshadd/INF3995-102/robot/gazebo2/build/ros_gz_example_application' returned '0': CMAKE_PREFIX_PATH=${CMAKE_PREFIX_PATH}:/opt/ros/humble /usr/bin/cmake --build /home/isshadd/INF3995-102/robot/gazebo2/build/ros_gz_example_application -- -j8 -l8
[0.208s] Invoking command in '/home/isshadd/INF3995-102/robot/gazebo2/build/ros_gz_example_application': CMAKE_PREFIX_PATH=${CMAKE_PREFIX_PATH}:/opt/ros/humble /usr/bin/cmake --install /home/isshadd/INF3995-102/robot/gazebo2/build/ros_gz_example_application
[0.216s] -- Install configuration: ""
[0.217s] -- Up-to-date: /home/isshadd/INF3995-102/robot/gazebo2/install/ros_gz_example_application/share/ament_index/resource_index/package_run_dependencies/ros_gz_example_application
[0.217s] -- Up-to-date: /home/isshadd/INF3995-102/robot/gazebo2/install/ros_gz_example_application/share/ament_index/resource_index/parent_prefix_path/ros_gz_example_application
[0.217s] -- Up-to-date: /home/isshadd/INF3995-102/robot/gazebo2/install/ros_gz_example_application/share/ros_gz_example_application/environment/ament_prefix_path.sh
[0.218s] -- Up-to-date: /home/isshadd/INF3995-102/robot/gazebo2/install/ros_gz_example_application/share/ros_gz_example_application/environment/ament_prefix_path.dsv
[0.218s] -- Up-to-date: /home/isshadd/INF3995-102/robot/gazebo2/install/ros_gz_example_application/share/ros_gz_example_application/environment/path.sh
[0.218s] -- Up-to-date: /home/isshadd/INF3995-102/robot/gazebo2/install/ros_gz_example_application/share/ros_gz_example_application/environment/path.dsv
[0.218s] -- Up-to-date: /home/isshadd/INF3995-102/robot/gazebo2/install/ros_gz_example_application/share/ros_gz_example_application/local_setup.bash
[0.219s] -- Up-to-date: /home/isshadd/INF3995-102/robot/gazebo2/install/ros_gz_example_application/share/ros_gz_example_application/local_setup.sh
[0.219s] -- Up-to-date: /home/isshadd/INF3995-102/robot/gazebo2/install/ros_gz_example_application/share/ros_gz_example_application/local_setup.zsh
[0.219s] -- Up-to-date: /home/isshadd/INF3995-102/robot/gazebo2/install/ros_gz_example_application/share/ros_gz_example_application/local_setup.dsv
[0.219s] -- Up-to-date: /home/isshadd/INF3995-102/robot/gazebo2/install/ros_gz_example_application/share/ros_gz_example_application/package.dsv
[0.219s] -- Up-to-date: /home/isshadd/INF3995-102/robot/gazebo2/install/ros_gz_example_application/share/ament_index/resource_index/packages/ros_gz_example_application
[0.219s] -- Up-to-date: /home/isshadd/INF3995-102/robot/gazebo2/install/ros_gz_example_application/share/ros_gz_example_application/cmake/ros_gz_example_applicationConfig.cmake
[0.219s] -- Up-to-date: /home/isshadd/INF3995-102/robot/gazebo2/install/ros_gz_example_application/share/ros_gz_example_application/cmake/ros_gz_example_applicationConfig-version.cmake
[0.220s] -- Up-to-date: /home/isshadd/INF3995-102/robot/gazebo2/install/ros_gz_example_application/share/ros_gz_example_application/package.xml
[0.230s] Invoked command in '/home/isshadd/INF3995-102/robot/gazebo2/build/ros_gz_example_application' returned '0': CMAKE_PREFIX_PATH=${CMAKE_PREFIX_PATH}:/opt/ros/humble /usr/bin/cmake --install /home/isshadd/INF3995-102/robot/gazebo2/build/ros_gz_example_application
