[0.018s] Invoking command in '/home/kevin/setup/INF3995-Templates/project_ws/src/build/ros_gz_example_application': /usr/bin/cmake /home/kevin/setup/INF3995-Templates/project_ws/src/ros_gz_example_application -DBUILD_TESTING=ON -DCMAKE_INSTALL_PREFIX=/home/kevin/setup/INF3995-Templates/project_ws/src/install/ros_gz_example_application
[0.174s] -- The C compiler identification is GNU 11.4.0
[0.656s] -- The CXX compiler identification is GNU 11.4.0
[0.943s] -- Detecting C compiler ABI info
[1.101s] -- Detecting C compiler ABI info - done
[1.111s] -- Check for working C compiler: /usr/bin/cc - skipped
[1.111s] -- Detecting C compile features
[1.111s] -- Detecting C compile features - done
[1.116s] -- Detecting CXX compiler ABI info
[1.302s] -- Detecting CXX compiler ABI info - done
[1.313s] -- Check for working CXX compiler: /usr/bin/c++ - skipped
[1.313s] -- Detecting CXX compile features
[1.314s] -- Detecting CXX compile features - done
[1.844s] [31mCMake Error at CMakeLists.txt:5 (find_package):
[1.844s]   By not providing "Findament_cmake.cmake" in CMAKE_MODULE_PATH this project
[1.844s]   has asked CMake to find a package configuration file provided by
[1.844s]   "ament_cmake", but CMake did not find one.
[1.844s] 
[1.844s]   Could not find a package configuration file provided by "ament_cmake" with
[1.844s]   any of the following names:
[1.844s] 
[1.844s]     ament_cmakeConfig.cmake
[1.844s]     ament_cmake-config.cmake
[1.845s] 
[1.845s]   Add the installation prefix of "ament_cmake" to CMAKE_PREFIX_PATH or set
[1.845s]   "ament_cmake_DIR" to a directory containing one of the above files.  If
[1.845s]   "ament_cmake" provides a separate development package or SDK, be sure it
[1.845s]   has been installed.
[1.845s] 
[1.845s] [0m
[1.845s] -- Configuring incomplete, errors occurred!
[1.845s] See also "/home/kevin/setup/INF3995-Templates/project_ws/src/build/ros_gz_example_application/CMakeFiles/CMakeOutput.log".
[1.849s] Invoked command in '/home/kevin/setup/INF3995-Templates/project_ws/src/build/ros_gz_example_application' returned '1': /usr/bin/cmake /home/kevin/setup/INF3995-Templates/project_ws/src/ros_gz_example_application -DBUILD_TESTING=ON -DCMAKE_INSTALL_PREFIX=/home/kevin/setup/INF3995-Templates/project_ws/src/install/ros_gz_example_application
