[0.624s] DEBUG:colcon:Command line arguments: ['/usr/local/bin/colcon', 'build', '--cmake-args', '-DBUILD_TESTING=ON']
[0.624s] DEBUG:colcon:Parsed command line arguments: Namespace(log_base=None, log_level=None, verb_name='build', build_base='build', install_base='install', merge_install=False, symlink_install=False, test_result_base=None, continue_on_error=False, executor='parallel', parallel_workers=20, event_handlers=None, ignore_user_meta=False, metas=['./colcon.meta'], base_paths=['.'], packages_ignore=None, packages_ignore_regex=None, paths=None, packages_up_to=None, packages_up_to_regex=None, packages_above=None, packages_above_and_dependencies=None, packages_above_depth=None, packages_select_by_dep=None, packages_skip_by_dep=None, packages_skip_up_to=None, packages_select_build_failed=False, packages_skip_build_finished=False, packages_select_test_failures=False, packages_skip_test_passed=False, packages_select=None, packages_skip=None, packages_select_regex=None, packages_skip_regex=None, packages_start=None, packages_end=None, cmake_args=['-DBUILD_TESTING=ON'], cmake_target=None, cmake_target_skip_unavailable=False, cmake_clean_cache=False, cmake_clean_first=False, cmake_force_configure=False, ament_cmake_args=None, catkin_cmake_args=None, catkin_skip_building_tests=False, verb_parser=<colcon_defaults.argument_parser.defaults.DefaultArgumentsDecorator object at 0x7fcbd1bd4c70>, verb_extension=<colcon_core.verb.build.BuildVerb object at 0x7fcbd1dcd9f0>, main=<bound method BuildVerb.main of <colcon_core.verb.build.BuildVerb object at 0x7fcbd1dcd9f0>>)
[1.157s] Level 1:colcon.colcon_core.package_discovery:discover_packages(colcon_meta) check parameters
[1.158s] Level 1:colcon.colcon_core.package_discovery:discover_packages(recursive) check parameters
[1.158s] Level 1:colcon.colcon_core.package_discovery:discover_packages(ignore) check parameters
[1.158s] Level 1:colcon.colcon_core.package_discovery:discover_packages(path) check parameters
[1.158s] Level 1:colcon.colcon_core.package_discovery:discover_packages(colcon_meta) discover
[1.158s] Level 1:colcon.colcon_core.package_discovery:discover_packages(recursive) discover
[1.158s] INFO:colcon.colcon_core.package_discovery:Crawling recursively for packages in '/home/kevin/INF3995-102/robot'
[1.158s] Level 1:colcon.colcon_core.package_identification:_identify(.) by extensions ['ignore', 'ignore_ament_install']
[1.158s] Level 1:colcon.colcon_core.package_identification:_identify(.) by extension 'ignore'
[1.158s] Level 1:colcon.colcon_core.package_identification:_identify(.) by extension 'ignore_ament_install'
[1.158s] Level 1:colcon.colcon_core.package_identification:_identify(.) by extensions ['colcon_pkg']
[1.158s] Level 1:colcon.colcon_core.package_identification:_identify(.) by extension 'colcon_pkg'
[1.158s] Level 1:colcon.colcon_core.package_identification:_identify(.) by extensions ['colcon_meta']
[1.158s] Level 1:colcon.colcon_core.package_identification:_identify(.) by extension 'colcon_meta'
[1.159s] Level 1:colcon.colcon_core.package_identification:_identify(.) by extensions ['ros']
[1.159s] Level 1:colcon.colcon_core.package_identification:_identify(.) by extension 'ros'
[1.180s] Level 1:colcon.colcon_core.package_identification:_identify(.) by extensions ['cmake', 'python']
[1.180s] Level 1:colcon.colcon_core.package_identification:_identify(.) by extension 'cmake'
[1.180s] Level 1:colcon.colcon_core.package_identification:_identify(.) by extension 'python'
[1.181s] Level 1:colcon.colcon_core.package_identification:_identify(.) by extensions ['python_setup_py']
[1.181s] Level 1:colcon.colcon_core.package_identification:_identify(.) by extension 'python_setup_py'
[1.181s] Level 1:colcon.colcon_core.package_identification:_identify(build) by extensions ['ignore', 'ignore_ament_install']
[1.181s] Level 1:colcon.colcon_core.package_identification:_identify(build) by extension 'ignore'
[1.181s] Level 1:colcon.colcon_core.package_identification:_identify(build) ignored
[1.182s] Level 1:colcon.colcon_core.package_identification:_identify(install) by extensions ['ignore', 'ignore_ament_install']
[1.182s] Level 1:colcon.colcon_core.package_identification:_identify(install) by extension 'ignore'
[1.183s] Level 1:colcon.colcon_core.package_identification:_identify(install) ignored
[1.183s] Level 1:colcon.colcon_core.package_identification:_identify(log) by extensions ['ignore', 'ignore_ament_install']
[1.183s] Level 1:colcon.colcon_core.package_identification:_identify(log) by extension 'ignore'
[1.183s] Level 1:colcon.colcon_core.package_identification:_identify(log) ignored
[1.183s] Level 1:colcon.colcon_core.package_identification:_identify(src) by extensions ['ignore', 'ignore_ament_install']
[1.184s] Level 1:colcon.colcon_core.package_identification:_identify(src) by extension 'ignore'
[1.184s] Level 1:colcon.colcon_core.package_identification:_identify(src) by extension 'ignore_ament_install'
[1.184s] Level 1:colcon.colcon_core.package_identification:_identify(src) by extensions ['colcon_pkg']
[1.184s] Level 1:colcon.colcon_core.package_identification:_identify(src) by extension 'colcon_pkg'
[1.184s] Level 1:colcon.colcon_core.package_identification:_identify(src) by extensions ['colcon_meta']
[1.184s] Level 1:colcon.colcon_core.package_identification:_identify(src) by extension 'colcon_meta'
[1.184s] Level 1:colcon.colcon_core.package_identification:_identify(src) by extensions ['ros']
[1.184s] Level 1:colcon.colcon_core.package_identification:_identify(src) by extension 'ros'
[1.184s] Level 1:colcon.colcon_core.package_identification:_identify(src) by extensions ['cmake', 'python']
[1.184s] Level 1:colcon.colcon_core.package_identification:_identify(src) by extension 'cmake'
[1.184s] Level 1:colcon.colcon_core.package_identification:_identify(src) by extension 'python'
[1.184s] Level 1:colcon.colcon_core.package_identification:_identify(src) by extensions ['python_setup_py']
[1.184s] Level 1:colcon.colcon_core.package_identification:_identify(src) by extension 'python_setup_py'
[1.185s] Level 1:colcon.colcon_core.package_identification:_identify(src/build) by extensions ['ignore', 'ignore_ament_install']
[1.185s] Level 1:colcon.colcon_core.package_identification:_identify(src/build) by extension 'ignore'
[1.185s] Level 1:colcon.colcon_core.package_identification:_identify(src/build) ignored
[1.185s] Level 1:colcon.colcon_core.package_identification:_identify(src/install) by extensions ['ignore', 'ignore_ament_install']
[1.186s] Level 1:colcon.colcon_core.package_identification:_identify(src/install) by extension 'ignore'
[1.186s] Level 1:colcon.colcon_core.package_identification:_identify(src/install) ignored
[1.186s] Level 1:colcon.colcon_core.package_identification:_identify(src/log) by extensions ['ignore', 'ignore_ament_install']
[1.186s] Level 1:colcon.colcon_core.package_identification:_identify(src/log) by extension 'ignore'
[1.186s] Level 1:colcon.colcon_core.package_identification:_identify(src/log) ignored
[1.187s] Level 1:colcon.colcon_core.package_identification:_identify(src/ros_gz_example_application) by extensions ['ignore', 'ignore_ament_install']
[1.187s] Level 1:colcon.colcon_core.package_identification:_identify(src/ros_gz_example_application) by extension 'ignore'
[1.187s] Level 1:colcon.colcon_core.package_identification:_identify(src/ros_gz_example_application) by extension 'ignore_ament_install'
[1.187s] Level 1:colcon.colcon_core.package_identification:_identify(src/ros_gz_example_application) by extensions ['colcon_pkg']
[1.187s] Level 1:colcon.colcon_core.package_identification:_identify(src/ros_gz_example_application) by extension 'colcon_pkg'
[1.187s] Level 1:colcon.colcon_core.package_identification:_identify(src/ros_gz_example_application) by extensions ['colcon_meta']
[1.187s] Level 1:colcon.colcon_core.package_identification:_identify(src/ros_gz_example_application) by extension 'colcon_meta'
[1.187s] Level 1:colcon.colcon_core.package_identification:_identify(src/ros_gz_example_application) by extensions ['ros']
[1.187s] Level 1:colcon.colcon_core.package_identification:_identify(src/ros_gz_example_application) by extension 'ros'
[1.192s] DEBUG:colcon.colcon_core.package_identification:Package 'src/ros_gz_example_application' with type 'ros.ament_cmake' and name 'ros_gz_example_application'
[1.193s] Level 1:colcon.colcon_core.package_identification:_identify(src/ros_gz_example_bringup) by extensions ['ignore', 'ignore_ament_install']
[1.193s] Level 1:colcon.colcon_core.package_identification:_identify(src/ros_gz_example_bringup) by extension 'ignore'
[1.193s] Level 1:colcon.colcon_core.package_identification:_identify(src/ros_gz_example_bringup) by extension 'ignore_ament_install'
[1.193s] Level 1:colcon.colcon_core.package_identification:_identify(src/ros_gz_example_bringup) by extensions ['colcon_pkg']
[1.193s] Level 1:colcon.colcon_core.package_identification:_identify(src/ros_gz_example_bringup) by extension 'colcon_pkg'
[1.193s] Level 1:colcon.colcon_core.package_identification:_identify(src/ros_gz_example_bringup) by extensions ['colcon_meta']
[1.193s] Level 1:colcon.colcon_core.package_identification:_identify(src/ros_gz_example_bringup) by extension 'colcon_meta'
[1.193s] Level 1:colcon.colcon_core.package_identification:_identify(src/ros_gz_example_bringup) by extensions ['ros']
[1.193s] Level 1:colcon.colcon_core.package_identification:_identify(src/ros_gz_example_bringup) by extension 'ros'
[1.195s] DEBUG:colcon.colcon_core.package_identification:Package 'src/ros_gz_example_bringup' with type 'ros.ament_cmake' and name 'ros_gz_example_bringup'
[1.196s] Level 1:colcon.colcon_core.package_identification:_identify(src/ros_gz_example_description) by extensions ['ignore', 'ignore_ament_install']
[1.196s] Level 1:colcon.colcon_core.package_identification:_identify(src/ros_gz_example_description) by extension 'ignore'
[1.196s] Level 1:colcon.colcon_core.package_identification:_identify(src/ros_gz_example_description) by extension 'ignore_ament_install'
[1.196s] Level 1:colcon.colcon_core.package_identification:_identify(src/ros_gz_example_description) by extensions ['colcon_pkg']
[1.196s] Level 1:colcon.colcon_core.package_identification:_identify(src/ros_gz_example_description) by extension 'colcon_pkg'
[1.196s] Level 1:colcon.colcon_core.package_identification:_identify(src/ros_gz_example_description) by extensions ['colcon_meta']
[1.196s] Level 1:colcon.colcon_core.package_identification:_identify(src/ros_gz_example_description) by extension 'colcon_meta'
[1.197s] Level 1:colcon.colcon_core.package_identification:_identify(src/ros_gz_example_description) by extensions ['ros']
[1.197s] Level 1:colcon.colcon_core.package_identification:_identify(src/ros_gz_example_description) by extension 'ros'
[1.197s] DEBUG:colcon.colcon_core.package_identification:Package 'src/ros_gz_example_description' with type 'ros.ament_cmake' and name 'ros_gz_example_description'
[1.198s] Level 1:colcon.colcon_core.package_identification:_identify(src/ros_gz_example_gazebo) by extensions ['ignore', 'ignore_ament_install']
[1.198s] Level 1:colcon.colcon_core.package_identification:_identify(src/ros_gz_example_gazebo) by extension 'ignore'
[1.198s] Level 1:colcon.colcon_core.package_identification:_identify(src/ros_gz_example_gazebo) by extension 'ignore_ament_install'
[1.198s] Level 1:colcon.colcon_core.package_identification:_identify(src/ros_gz_example_gazebo) by extensions ['colcon_pkg']
[1.198s] Level 1:colcon.colcon_core.package_identification:_identify(src/ros_gz_example_gazebo) by extension 'colcon_pkg'
[1.198s] Level 1:colcon.colcon_core.package_identification:_identify(src/ros_gz_example_gazebo) by extensions ['colcon_meta']
[1.198s] Level 1:colcon.colcon_core.package_identification:_identify(src/ros_gz_example_gazebo) by extension 'colcon_meta'
[1.198s] Level 1:colcon.colcon_core.package_identification:_identify(src/ros_gz_example_gazebo) by extensions ['ros']
[1.198s] Level 1:colcon.colcon_core.package_identification:_identify(src/ros_gz_example_gazebo) by extension 'ros'
[1.200s] DEBUG:colcon.colcon_core.package_identification:Package 'src/ros_gz_example_gazebo' with type 'ros.ament_cmake' and name 'ros_gz_example_gazebo'
[1.200s] Level 1:colcon.colcon_core.package_discovery:discover_packages(recursive) using defaults
[1.200s] Level 1:colcon.colcon_core.package_discovery:discover_packages(ignore) discover
[1.200s] Level 1:colcon.colcon_core.package_discovery:discover_packages(ignore) using defaults
[1.200s] Level 1:colcon.colcon_core.package_discovery:discover_packages(path) discover
[1.200s] Level 1:colcon.colcon_core.package_discovery:discover_packages(path) using defaults
[1.250s] Level 5:colcon.colcon_core.verb:set package 'ros_gz_example_application' build argument 'cmake_args' from command line to '['-DBUILD_TESTING=ON']'
[1.250s] Level 5:colcon.colcon_core.verb:set package 'ros_gz_example_application' build argument 'cmake_target' from command line to 'None'
[1.250s] Level 5:colcon.colcon_core.verb:set package 'ros_gz_example_application' build argument 'cmake_target_skip_unavailable' from command line to 'False'
[1.250s] Level 5:colcon.colcon_core.verb:set package 'ros_gz_example_application' build argument 'cmake_clean_cache' from command line to 'False'
[1.250s] Level 5:colcon.colcon_core.verb:set package 'ros_gz_example_application' build argument 'cmake_clean_first' from command line to 'False'
[1.250s] Level 5:colcon.colcon_core.verb:set package 'ros_gz_example_application' build argument 'cmake_force_configure' from command line to 'False'
[1.250s] Level 5:colcon.colcon_core.verb:set package 'ros_gz_example_application' build argument 'ament_cmake_args' from command line to 'None'
[1.250s] Level 5:colcon.colcon_core.verb:set package 'ros_gz_example_application' build argument 'catkin_cmake_args' from command line to 'None'
[1.250s] Level 5:colcon.colcon_core.verb:set package 'ros_gz_example_application' build argument 'catkin_skip_building_tests' from command line to 'False'
[1.250s] DEBUG:colcon.colcon_core.verb:Building package 'ros_gz_example_application' with the following arguments: {'ament_cmake_args': None, 'build_base': '/home/kevin/INF3995-102/robot/build/ros_gz_example_application', 'catkin_cmake_args': None, 'catkin_skip_building_tests': False, 'cmake_args': ['-DBUILD_TESTING=ON'], 'cmake_clean_cache': False, 'cmake_clean_first': False, 'cmake_force_configure': False, 'cmake_target': None, 'cmake_target_skip_unavailable': False, 'install_base': '/home/kevin/INF3995-102/robot/install/ros_gz_example_application', 'merge_install': False, 'path': '/home/kevin/INF3995-102/robot/src/ros_gz_example_application', 'symlink_install': False, 'test_result_base': None}
[1.252s] Level 5:colcon.colcon_core.verb:set package 'ros_gz_example_description' build argument 'cmake_args' from command line to '['-DBUILD_TESTING=ON']'
[1.252s] Level 5:colcon.colcon_core.verb:set package 'ros_gz_example_description' build argument 'cmake_target' from command line to 'None'
[1.252s] Level 5:colcon.colcon_core.verb:set package 'ros_gz_example_description' build argument 'cmake_target_skip_unavailable' from command line to 'False'
[1.252s] Level 5:colcon.colcon_core.verb:set package 'ros_gz_example_description' build argument 'cmake_clean_cache' from command line to 'False'
[1.252s] Level 5:colcon.colcon_core.verb:set package 'ros_gz_example_description' build argument 'cmake_clean_first' from command line to 'False'
[1.252s] Level 5:colcon.colcon_core.verb:set package 'ros_gz_example_description' build argument 'cmake_force_configure' from command line to 'False'
[1.252s] Level 5:colcon.colcon_core.verb:set package 'ros_gz_example_description' build argument 'ament_cmake_args' from command line to 'None'
[1.253s] Level 5:colcon.colcon_core.verb:set package 'ros_gz_example_description' build argument 'catkin_cmake_args' from command line to 'None'
[1.253s] Level 5:colcon.colcon_core.verb:set package 'ros_gz_example_description' build argument 'catkin_skip_building_tests' from command line to 'False'
[1.253s] DEBUG:colcon.colcon_core.verb:Building package 'ros_gz_example_description' with the following arguments: {'ament_cmake_args': None, 'build_base': '/home/kevin/INF3995-102/robot/build/ros_gz_example_description', 'catkin_cmake_args': None, 'catkin_skip_building_tests': False, 'cmake_args': ['-DBUILD_TESTING=ON'], 'cmake_clean_cache': False, 'cmake_clean_first': False, 'cmake_force_configure': False, 'cmake_target': None, 'cmake_target_skip_unavailable': False, 'install_base': '/home/kevin/INF3995-102/robot/install/ros_gz_example_description', 'merge_install': False, 'path': '/home/kevin/INF3995-102/robot/src/ros_gz_example_description', 'symlink_install': False, 'test_result_base': None}
[1.254s] Level 5:colcon.colcon_core.verb:set package 'ros_gz_example_gazebo' build argument 'cmake_args' from command line to '['-DBUILD_TESTING=ON']'
[1.254s] Level 5:colcon.colcon_core.verb:set package 'ros_gz_example_gazebo' build argument 'cmake_target' from command line to 'None'
[1.254s] Level 5:colcon.colcon_core.verb:set package 'ros_gz_example_gazebo' build argument 'cmake_target_skip_unavailable' from command line to 'False'
[1.254s] Level 5:colcon.colcon_core.verb:set package 'ros_gz_example_gazebo' build argument 'cmake_clean_cache' from command line to 'False'
[1.254s] Level 5:colcon.colcon_core.verb:set package 'ros_gz_example_gazebo' build argument 'cmake_clean_first' from command line to 'False'
[1.254s] Level 5:colcon.colcon_core.verb:set package 'ros_gz_example_gazebo' build argument 'cmake_force_configure' from command line to 'False'
[1.254s] Level 5:colcon.colcon_core.verb:set package 'ros_gz_example_gazebo' build argument 'ament_cmake_args' from command line to 'None'
[1.254s] Level 5:colcon.colcon_core.verb:set package 'ros_gz_example_gazebo' build argument 'catkin_cmake_args' from command line to 'None'
[1.254s] Level 5:colcon.colcon_core.verb:set package 'ros_gz_example_gazebo' build argument 'catkin_skip_building_tests' from command line to 'False'
[1.255s] DEBUG:colcon.colcon_core.verb:Building package 'ros_gz_example_gazebo' with the following arguments: {'ament_cmake_args': None, 'build_base': '/home/kevin/INF3995-102/robot/build/ros_gz_example_gazebo', 'catkin_cmake_args': None, 'catkin_skip_building_tests': False, 'cmake_args': ['-DBUILD_TESTING=ON'], 'cmake_clean_cache': False, 'cmake_clean_first': False, 'cmake_force_configure': False, 'cmake_target': None, 'cmake_target_skip_unavailable': False, 'install_base': '/home/kevin/INF3995-102/robot/install/ros_gz_example_gazebo', 'merge_install': False, 'path': '/home/kevin/INF3995-102/robot/src/ros_gz_example_gazebo', 'symlink_install': False, 'test_result_base': None}
[1.256s] Level 5:colcon.colcon_core.verb:set package 'ros_gz_example_bringup' build argument 'cmake_args' from command line to '['-DBUILD_TESTING=ON']'
[1.256s] Level 5:colcon.colcon_core.verb:set package 'ros_gz_example_bringup' build argument 'cmake_target' from command line to 'None'
[1.256s] Level 5:colcon.colcon_core.verb:set package 'ros_gz_example_bringup' build argument 'cmake_target_skip_unavailable' from command line to 'False'
[1.256s] Level 5:colcon.colcon_core.verb:set package 'ros_gz_example_bringup' build argument 'cmake_clean_cache' from command line to 'False'
[1.256s] Level 5:colcon.colcon_core.verb:set package 'ros_gz_example_bringup' build argument 'cmake_clean_first' from command line to 'False'
[1.256s] Level 5:colcon.colcon_core.verb:set package 'ros_gz_example_bringup' build argument 'cmake_force_configure' from command line to 'False'
[1.256s] Level 5:colcon.colcon_core.verb:set package 'ros_gz_example_bringup' build argument 'ament_cmake_args' from command line to 'None'
[1.256s] Level 5:colcon.colcon_core.verb:set package 'ros_gz_example_bringup' build argument 'catkin_cmake_args' from command line to 'None'
[1.256s] Level 5:colcon.colcon_core.verb:set package 'ros_gz_example_bringup' build argument 'catkin_skip_building_tests' from command line to 'False'
[1.256s] DEBUG:colcon.colcon_core.verb:Building package 'ros_gz_example_bringup' with the following arguments: {'ament_cmake_args': None, 'build_base': '/home/kevin/INF3995-102/robot/build/ros_gz_example_bringup', 'catkin_cmake_args': None, 'catkin_skip_building_tests': False, 'cmake_args': ['-DBUILD_TESTING=ON'], 'cmake_clean_cache': False, 'cmake_clean_first': False, 'cmake_force_configure': False, 'cmake_target': None, 'cmake_target_skip_unavailable': False, 'install_base': '/home/kevin/INF3995-102/robot/install/ros_gz_example_bringup', 'merge_install': False, 'path': '/home/kevin/INF3995-102/robot/src/ros_gz_example_bringup', 'symlink_install': False, 'test_result_base': None}
[1.257s] INFO:colcon.colcon_core.executor:Executing jobs using 'parallel' executor
[1.258s] DEBUG:colcon.colcon_parallel_executor.executor.parallel:run_until_complete
[1.259s] INFO:colcon.colcon_ros.task.ament_cmake.build:Building ROS package in '/home/kevin/INF3995-102/robot/src/ros_gz_example_description' with build type 'ament_cmake'
[1.259s] INFO:colcon.colcon_cmake.task.cmake.build:Building CMake package in '/home/kevin/INF3995-102/robot/src/ros_gz_example_description'
[1.268s] INFO:colcon.colcon_core.plugin_system:Skipping extension 'colcon_core.shell.bat': Not used on non-Windows systems
[1.268s] INFO:colcon.colcon_core.shell:Skip shell extension 'powershell' for command environment: Not usable outside of PowerShell
[1.268s] DEBUG:colcon.colcon_core.shell:Skip shell extension 'dsv' for command environment
[1.279s] INFO:colcon.colcon_ros.task.ament_cmake.build:Building ROS package in '/home/kevin/INF3995-102/robot/src/ros_gz_example_application' with build type 'ament_cmake'
[1.279s] INFO:colcon.colcon_cmake.task.cmake.build:Building CMake package in '/home/kevin/INF3995-102/robot/src/ros_gz_example_application'
[1.280s] INFO:colcon.colcon_core.shell:Skip shell extension 'powershell' for command environment: Not usable outside of PowerShell
[1.280s] DEBUG:colcon.colcon_core.shell:Skip shell extension 'dsv' for command environment
[1.289s] DEBUG:colcon.colcon_core.event_handler.log_command:Invoking command in '/home/kevin/INF3995-102/robot/build/ros_gz_example_description': CMAKE_PREFIX_PATH=/opt/ros/humble /usr/bin/cmake /home/kevin/INF3995-102/robot/src/ros_gz_example_description -DBUILD_TESTING=ON -DCMAKE_INSTALL_PREFIX=/home/kevin/INF3995-102/robot/install/ros_gz_example_description
[1.302s] DEBUG:colcon.colcon_core.event_handler.log_command:Invoking command in '/home/kevin/INF3995-102/robot/build/ros_gz_example_application': CMAKE_PREFIX_PATH=/opt/ros/humble /usr/bin/cmake /home/kevin/INF3995-102/robot/src/ros_gz_example_application -DBUILD_TESTING=ON -DCMAKE_INSTALL_PREFIX=/home/kevin/INF3995-102/robot/install/ros_gz_example_application
[1.901s] DEBUG:colcon.colcon_core.event_handler.log_command:Invoked command in '/home/kevin/INF3995-102/robot/build/ros_gz_example_description' returned '0': CMAKE_PREFIX_PATH=/opt/ros/humble /usr/bin/cmake /home/kevin/INF3995-102/robot/src/ros_gz_example_description -DBUILD_TESTING=ON -DCMAKE_INSTALL_PREFIX=/home/kevin/INF3995-102/robot/install/ros_gz_example_description
[1.904s] DEBUG:colcon.colcon_core.event_handler.log_command:Invoking command in '/home/kevin/INF3995-102/robot/build/ros_gz_example_description': CMAKE_PREFIX_PATH=/opt/ros/humble /usr/bin/cmake --build /home/kevin/INF3995-102/robot/build/ros_gz_example_description -- -j20 -l20
[1.905s] DEBUG:colcon.colcon_core.event_handler.log_command:Invoked command in '/home/kevin/INF3995-102/robot/build/ros_gz_example_application' returned '0': CMAKE_PREFIX_PATH=/opt/ros/humble /usr/bin/cmake /home/kevin/INF3995-102/robot/src/ros_gz_example_application -DBUILD_TESTING=ON -DCMAKE_INSTALL_PREFIX=/home/kevin/INF3995-102/robot/install/ros_gz_example_application
[1.908s] DEBUG:colcon.colcon_core.event_handler.log_command:Invoking command in '/home/kevin/INF3995-102/robot/build/ros_gz_example_application': CMAKE_PREFIX_PATH=/opt/ros/humble /usr/bin/cmake --build /home/kevin/INF3995-102/robot/build/ros_gz_example_application -- -j20 -l20
[1.946s] DEBUG:colcon.colcon_core.event_handler.log_command:Invoked command in '/home/kevin/INF3995-102/robot/build/ros_gz_example_description' returned '0': CMAKE_PREFIX_PATH=/opt/ros/humble /usr/bin/cmake --build /home/kevin/INF3995-102/robot/build/ros_gz_example_description -- -j20 -l20
[1.959s] DEBUG:colcon.colcon_core.event_handler.log_command:Invoking command in '/home/kevin/INF3995-102/robot/build/ros_gz_example_description': CMAKE_PREFIX_PATH=/opt/ros/humble /usr/bin/cmake --install /home/kevin/INF3995-102/robot/build/ros_gz_example_description
[1.962s] DEBUG:colcon.colcon_core.event_handler.log_command:Invoked command in '/home/kevin/INF3995-102/robot/build/ros_gz_example_application' returned '0': CMAKE_PREFIX_PATH=/opt/ros/humble /usr/bin/cmake --build /home/kevin/INF3995-102/robot/build/ros_gz_example_application -- -j20 -l20
[1.965s] DEBUG:colcon.colcon_core.event_handler.log_command:Invoking command in '/home/kevin/INF3995-102/robot/build/ros_gz_example_application': CMAKE_PREFIX_PATH=/opt/ros/humble /usr/bin/cmake --install /home/kevin/INF3995-102/robot/build/ros_gz_example_application
[1.980s] Level 1:colcon.colcon_core.environment:create_environment_scripts_only(ros_gz_example_application)
[1.981s] DEBUG:colcon.colcon_core.event_handler.log_command:Invoked command in '/home/kevin/INF3995-102/robot/build/ros_gz_example_application' returned '0': CMAKE_PREFIX_PATH=/opt/ros/humble /usr/bin/cmake --install /home/kevin/INF3995-102/robot/build/ros_gz_example_application
[1.992s] Level 1:colcon.colcon_core.environment:checking '/home/kevin/INF3995-102/robot/install/ros_gz_example_application' for CMake module files
[1.993s] Level 1:colcon.colcon_core.environment:checking '/home/kevin/INF3995-102/robot/install/ros_gz_example_application' for CMake config files
[1.993s] Level 1:colcon.colcon_core.shell:create_environment_hook('ros_gz_example_application', 'cmake_prefix_path')
[1.994s] INFO:colcon.colcon_core.shell:Creating environment hook '/home/kevin/INF3995-102/robot/install/ros_gz_example_application/share/ros_gz_example_application/hook/cmake_prefix_path.ps1'
[1.996s] INFO:colcon.colcon_core.shell:Creating environment descriptor '/home/kevin/INF3995-102/robot/install/ros_gz_example_application/share/ros_gz_example_application/hook/cmake_prefix_path.dsv'
[1.998s] INFO:colcon.colcon_core.shell:Creating environment hook '/home/kevin/INF3995-102/robot/install/ros_gz_example_application/share/ros_gz_example_application/hook/cmake_prefix_path.sh'
[2.000s] Level 1:colcon.colcon_core.environment:checking '/home/kevin/INF3995-102/robot/install/ros_gz_example_application/bin'
[2.000s] Level 1:colcon.colcon_core.environment:checking '/home/kevin/INF3995-102/robot/install/ros_gz_example_application/lib/pkgconfig/ros_gz_example_application.pc'
[2.002s] Level 1:colcon.colcon_core.environment:checking '/home/kevin/INF3995-102/robot/install/ros_gz_example_application/lib/python3.10/site-packages'
[2.002s] Level 1:colcon.colcon_core.environment:checking '/home/kevin/INF3995-102/robot/install/ros_gz_example_application/bin'
[2.003s] INFO:colcon.colcon_core.shell:Creating package script '/home/kevin/INF3995-102/robot/install/ros_gz_example_application/share/ros_gz_example_application/package.ps1'
[2.005s] INFO:colcon.colcon_core.shell:Creating package descriptor '/home/kevin/INF3995-102/robot/install/ros_gz_example_application/share/ros_gz_example_application/package.dsv'
[2.007s] INFO:colcon.colcon_core.shell:Creating package script '/home/kevin/INF3995-102/robot/install/ros_gz_example_application/share/ros_gz_example_application/package.sh'
[2.009s] INFO:colcon.colcon_core.shell:Creating package script '/home/kevin/INF3995-102/robot/install/ros_gz_example_application/share/ros_gz_example_application/package.bash'
[2.012s] INFO:colcon.colcon_core.shell:Creating package script '/home/kevin/INF3995-102/robot/install/ros_gz_example_application/share/ros_gz_example_application/package.zsh'
[2.014s] Level 1:colcon.colcon_core.environment:create_file_with_runtime_dependencies(/home/kevin/INF3995-102/robot/install/ros_gz_example_application/share/colcon-core/packages/ros_gz_example_application)
[2.015s] Level 1:colcon.colcon_core.environment:create_environment_scripts_only(ros_gz_example_application)
[2.015s] Level 1:colcon.colcon_core.environment:checking '/home/kevin/INF3995-102/robot/install/ros_gz_example_application' for CMake module files
[2.016s] Level 1:colcon.colcon_core.environment:checking '/home/kevin/INF3995-102/robot/install/ros_gz_example_application' for CMake config files
[2.016s] Level 1:colcon.colcon_core.shell:create_environment_hook('ros_gz_example_application', 'cmake_prefix_path')
[2.017s] INFO:colcon.colcon_core.shell:Creating environment hook '/home/kevin/INF3995-102/robot/install/ros_gz_example_application/share/ros_gz_example_application/hook/cmake_prefix_path.ps1'
[2.017s] INFO:colcon.colcon_core.shell:Creating environment descriptor '/home/kevin/INF3995-102/robot/install/ros_gz_example_application/share/ros_gz_example_application/hook/cmake_prefix_path.dsv'
[2.018s] INFO:colcon.colcon_core.shell:Creating environment hook '/home/kevin/INF3995-102/robot/install/ros_gz_example_application/share/ros_gz_example_application/hook/cmake_prefix_path.sh'
[2.020s] Level 1:colcon.colcon_core.environment:checking '/home/kevin/INF3995-102/robot/install/ros_gz_example_application/bin'
[2.020s] Level 1:colcon.colcon_core.environment:checking '/home/kevin/INF3995-102/robot/install/ros_gz_example_application/lib/pkgconfig/ros_gz_example_application.pc'
[2.020s] Level 1:colcon.colcon_core.environment:checking '/home/kevin/INF3995-102/robot/install/ros_gz_example_application/lib/python3.10/site-packages'
[2.021s] Level 1:colcon.colcon_core.environment:checking '/home/kevin/INF3995-102/robot/install/ros_gz_example_application/bin'
[2.021s] INFO:colcon.colcon_core.shell:Creating package script '/home/kevin/INF3995-102/robot/install/ros_gz_example_application/share/ros_gz_example_application/package.ps1'
[2.022s] INFO:colcon.colcon_core.shell:Creating package descriptor '/home/kevin/INF3995-102/robot/install/ros_gz_example_application/share/ros_gz_example_application/package.dsv'
[2.023s] INFO:colcon.colcon_core.shell:Creating package script '/home/kevin/INF3995-102/robot/install/ros_gz_example_application/share/ros_gz_example_application/package.sh'
[2.024s] INFO:colcon.colcon_core.shell:Creating package script '/home/kevin/INF3995-102/robot/install/ros_gz_example_application/share/ros_gz_example_application/package.bash'
[2.025s] INFO:colcon.colcon_core.shell:Creating package script '/home/kevin/INF3995-102/robot/install/ros_gz_example_application/share/ros_gz_example_application/package.zsh'
[2.026s] Level 1:colcon.colcon_core.environment:create_file_with_runtime_dependencies(/home/kevin/INF3995-102/robot/install/ros_gz_example_application/share/colcon-core/packages/ros_gz_example_application)
[2.591s] Level 1:colcon.colcon_core.environment:create_environment_scripts_only(ros_gz_example_description)
[2.592s] DEBUG:colcon.colcon_core.event_handler.log_command:Invoked command in '/home/kevin/INF3995-102/robot/build/ros_gz_example_description' returned '0': CMAKE_PREFIX_PATH=/opt/ros/humble /usr/bin/cmake --install /home/kevin/INF3995-102/robot/build/ros_gz_example_description
[2.592s] Level 1:colcon.colcon_core.environment:checking '/home/kevin/INF3995-102/robot/install/ros_gz_example_description' for CMake module files
[2.594s] Level 1:colcon.colcon_core.environment:checking '/home/kevin/INF3995-102/robot/install/ros_gz_example_description' for CMake config files
[2.595s] Level 1:colcon.colcon_core.shell:create_environment_hook('ros_gz_example_description', 'cmake_prefix_path')
[2.595s] INFO:colcon.colcon_core.shell:Creating environment hook '/home/kevin/INF3995-102/robot/install/ros_gz_example_description/share/ros_gz_example_description/hook/cmake_prefix_path.ps1'
[2.596s] INFO:colcon.colcon_core.shell:Creating environment descriptor '/home/kevin/INF3995-102/robot/install/ros_gz_example_description/share/ros_gz_example_description/hook/cmake_prefix_path.dsv'
[2.597s] INFO:colcon.colcon_core.shell:Creating environment hook '/home/kevin/INF3995-102/robot/install/ros_gz_example_description/share/ros_gz_example_description/hook/cmake_prefix_path.sh'
[2.598s] Level 1:colcon.colcon_core.environment:checking '/home/kevin/INF3995-102/robot/install/ros_gz_example_description/bin'
[2.599s] Level 1:colcon.colcon_core.environment:checking '/home/kevin/INF3995-102/robot/install/ros_gz_example_description/lib/pkgconfig/ros_gz_example_description.pc'
[2.599s] Level 1:colcon.colcon_core.environment:checking '/home/kevin/INF3995-102/robot/install/ros_gz_example_description/lib/python3.10/site-packages'
[2.599s] Level 1:colcon.colcon_core.environment:checking '/home/kevin/INF3995-102/robot/install/ros_gz_example_description/bin'
[2.600s] INFO:colcon.colcon_core.shell:Creating package script '/home/kevin/INF3995-102/robot/install/ros_gz_example_description/share/ros_gz_example_description/package.ps1'
[2.601s] INFO:colcon.colcon_core.shell:Creating package descriptor '/home/kevin/INF3995-102/robot/install/ros_gz_example_description/share/ros_gz_example_description/package.dsv'
[2.602s] INFO:colcon.colcon_core.shell:Creating package script '/home/kevin/INF3995-102/robot/install/ros_gz_example_description/share/ros_gz_example_description/package.sh'
[2.603s] INFO:colcon.colcon_core.shell:Creating package script '/home/kevin/INF3995-102/robot/install/ros_gz_example_description/share/ros_gz_example_description/package.bash'
[2.604s] INFO:colcon.colcon_core.shell:Creating package script '/home/kevin/INF3995-102/robot/install/ros_gz_example_description/share/ros_gz_example_description/package.zsh'
[2.606s] Level 1:colcon.colcon_core.environment:create_file_with_runtime_dependencies(/home/kevin/INF3995-102/robot/install/ros_gz_example_description/share/colcon-core/packages/ros_gz_example_description)
[2.607s] Level 1:colcon.colcon_core.environment:create_environment_scripts_only(ros_gz_example_description)
[2.608s] Level 1:colcon.colcon_core.environment:checking '/home/kevin/INF3995-102/robot/install/ros_gz_example_description' for CMake module files
[2.608s] Level 1:colcon.colcon_core.environment:checking '/home/kevin/INF3995-102/robot/install/ros_gz_example_description' for CMake config files
[2.608s] Level 1:colcon.colcon_core.shell:create_environment_hook('ros_gz_example_description', 'cmake_prefix_path')
[2.609s] INFO:colcon.colcon_core.shell:Creating environment hook '/home/kevin/INF3995-102/robot/install/ros_gz_example_description/share/ros_gz_example_description/hook/cmake_prefix_path.ps1'
[2.610s] INFO:colcon.colcon_core.shell:Creating environment descriptor '/home/kevin/INF3995-102/robot/install/ros_gz_example_description/share/ros_gz_example_description/hook/cmake_prefix_path.dsv'
[2.610s] INFO:colcon.colcon_core.shell:Creating environment hook '/home/kevin/INF3995-102/robot/install/ros_gz_example_description/share/ros_gz_example_description/hook/cmake_prefix_path.sh'
[2.611s] Level 1:colcon.colcon_core.environment:checking '/home/kevin/INF3995-102/robot/install/ros_gz_example_description/bin'
[2.611s] Level 1:colcon.colcon_core.environment:checking '/home/kevin/INF3995-102/robot/install/ros_gz_example_description/lib/pkgconfig/ros_gz_example_description.pc'
[2.612s] Level 1:colcon.colcon_core.environment:checking '/home/kevin/INF3995-102/robot/install/ros_gz_example_description/lib/python3.10/site-packages'
[2.612s] Level 1:colcon.colcon_core.environment:checking '/home/kevin/INF3995-102/robot/install/ros_gz_example_description/bin'
[2.612s] INFO:colcon.colcon_core.shell:Creating package script '/home/kevin/INF3995-102/robot/install/ros_gz_example_description/share/ros_gz_example_description/package.ps1'
[2.613s] INFO:colcon.colcon_core.shell:Creating package descriptor '/home/kevin/INF3995-102/robot/install/ros_gz_example_description/share/ros_gz_example_description/package.dsv'
[2.614s] INFO:colcon.colcon_core.shell:Creating package script '/home/kevin/INF3995-102/robot/install/ros_gz_example_description/share/ros_gz_example_description/package.sh'
[2.615s] INFO:colcon.colcon_core.shell:Creating package script '/home/kevin/INF3995-102/robot/install/ros_gz_example_description/share/ros_gz_example_description/package.bash'
[2.616s] INFO:colcon.colcon_core.shell:Creating package script '/home/kevin/INF3995-102/robot/install/ros_gz_example_description/share/ros_gz_example_description/package.zsh'
[2.617s] Level 1:colcon.colcon_core.environment:create_file_with_runtime_dependencies(/home/kevin/INF3995-102/robot/install/ros_gz_example_description/share/colcon-core/packages/ros_gz_example_description)
[2.617s] INFO:colcon.colcon_ros.task.ament_cmake.build:Building ROS package in '/home/kevin/INF3995-102/robot/src/ros_gz_example_gazebo' with build type 'ament_cmake'
[2.617s] INFO:colcon.colcon_cmake.task.cmake.build:Building CMake package in '/home/kevin/INF3995-102/robot/src/ros_gz_example_gazebo'
[2.618s] INFO:colcon.colcon_core.shell:Skip shell extension 'powershell' for command environment: Not usable outside of PowerShell
[2.618s] DEBUG:colcon.colcon_core.shell:Skip shell extension 'dsv' for command environment
[2.778s] DEBUG:colcon.colcon_core.event_handler.log_command:Invoking command in '/home/kevin/INF3995-102/robot/build/ros_gz_example_gazebo': AMENT_PREFIX_PATH=/home/kevin/INF3995-102/robot/install/ros_gz_example_description:${AMENT_PREFIX_PATH} CMAKE_PREFIX_PATH=/home/kevin/INF3995-102/robot/install/ros_gz_example_description:/opt/ros/humble IGN_GAZEBO_RESOURCE_PATH=/home/kevin/INF3995-102/robot/install/ros_gz_example_description/share/ros_gz_example_description/models /usr/bin/cmake /home/kevin/INF3995-102/robot/src/ros_gz_example_gazebo -DBUILD_TESTING=ON -DCMAKE_INSTALL_PREFIX=/home/kevin/INF3995-102/robot/install/ros_gz_example_gazebo
[23.259s] DEBUG:colcon.colcon_core.event_handler.log_command:Invoked command in '/home/kevin/INF3995-102/robot/build/ros_gz_example_gazebo' returned '0': AMENT_PREFIX_PATH=/home/kevin/INF3995-102/robot/install/ros_gz_example_description:${AMENT_PREFIX_PATH} CMAKE_PREFIX_PATH=/home/kevin/INF3995-102/robot/install/ros_gz_example_description:/opt/ros/humble IGN_GAZEBO_RESOURCE_PATH=/home/kevin/INF3995-102/robot/install/ros_gz_example_description/share/ros_gz_example_description/models /usr/bin/cmake /home/kevin/INF3995-102/robot/src/ros_gz_example_gazebo -DBUILD_TESTING=ON -DCMAKE_INSTALL_PREFIX=/home/kevin/INF3995-102/robot/install/ros_gz_example_gazebo
[23.262s] DEBUG:colcon.colcon_core.event_handler.log_command:Invoking command in '/home/kevin/INF3995-102/robot/build/ros_gz_example_gazebo': AMENT_PREFIX_PATH=/home/kevin/INF3995-102/robot/install/ros_gz_example_description:${AMENT_PREFIX_PATH} CMAKE_PREFIX_PATH=/home/kevin/INF3995-102/robot/install/ros_gz_example_description:/opt/ros/humble IGN_GAZEBO_RESOURCE_PATH=/home/kevin/INF3995-102/robot/install/ros_gz_example_description/share/ros_gz_example_description/models /usr/bin/cmake --build /home/kevin/INF3995-102/robot/build/ros_gz_example_gazebo -- -j20 -l20
[23.317s] DEBUG:colcon.colcon_core.event_handler.log_command:Invoked command in '/home/kevin/INF3995-102/robot/build/ros_gz_example_gazebo' returned '0': AMENT_PREFIX_PATH=/home/kevin/INF3995-102/robot/install/ros_gz_example_description:${AMENT_PREFIX_PATH} CMAKE_PREFIX_PATH=/home/kevin/INF3995-102/robot/install/ros_gz_example_description:/opt/ros/humble IGN_GAZEBO_RESOURCE_PATH=/home/kevin/INF3995-102/robot/install/ros_gz_example_description/share/ros_gz_example_description/models /usr/bin/cmake --build /home/kevin/INF3995-102/robot/build/ros_gz_example_gazebo -- -j20 -l20
[23.319s] DEBUG:colcon.colcon_core.event_handler.log_command:Invoking command in '/home/kevin/INF3995-102/robot/build/ros_gz_example_gazebo': AMENT_PREFIX_PATH=/home/kevin/INF3995-102/robot/install/ros_gz_example_description:${AMENT_PREFIX_PATH} CMAKE_PREFIX_PATH=/home/kevin/INF3995-102/robot/install/ros_gz_example_description:/opt/ros/humble IGN_GAZEBO_RESOURCE_PATH=/home/kevin/INF3995-102/robot/install/ros_gz_example_description/share/ros_gz_example_description/models /usr/bin/cmake --install /home/kevin/INF3995-102/robot/build/ros_gz_example_gazebo
[23.338s] Level 1:colcon.colcon_core.environment:create_environment_scripts_only(ros_gz_example_gazebo)
[23.339s] Level 1:colcon.colcon_core.environment:checking '/home/kevin/INF3995-102/robot/install/ros_gz_example_gazebo' for CMake module files
[23.340s] DEBUG:colcon.colcon_core.event_handler.log_command:Invoked command in '/home/kevin/INF3995-102/robot/build/ros_gz_example_gazebo' returned '0': AMENT_PREFIX_PATH=/home/kevin/INF3995-102/robot/install/ros_gz_example_description:${AMENT_PREFIX_PATH} CMAKE_PREFIX_PATH=/home/kevin/INF3995-102/robot/install/ros_gz_example_description:/opt/ros/humble IGN_GAZEBO_RESOURCE_PATH=/home/kevin/INF3995-102/robot/install/ros_gz_example_description/share/ros_gz_example_description/models /usr/bin/cmake --install /home/kevin/INF3995-102/robot/build/ros_gz_example_gazebo
[23.340s] Level 1:colcon.colcon_core.environment:checking '/home/kevin/INF3995-102/robot/install/ros_gz_example_gazebo' for CMake config files
[23.340s] Level 1:colcon.colcon_core.shell:create_environment_hook('ros_gz_example_gazebo', 'cmake_prefix_path')
[23.341s] INFO:colcon.colcon_core.shell:Creating environment hook '/home/kevin/INF3995-102/robot/install/ros_gz_example_gazebo/share/ros_gz_example_gazebo/hook/cmake_prefix_path.ps1'
[23.342s] INFO:colcon.colcon_core.shell:Creating environment descriptor '/home/kevin/INF3995-102/robot/install/ros_gz_example_gazebo/share/ros_gz_example_gazebo/hook/cmake_prefix_path.dsv'
[23.343s] INFO:colcon.colcon_core.shell:Creating environment hook '/home/kevin/INF3995-102/robot/install/ros_gz_example_gazebo/share/ros_gz_example_gazebo/hook/cmake_prefix_path.sh'
[23.344s] Level 1:colcon.colcon_core.environment:checking '/home/kevin/INF3995-102/robot/install/ros_gz_example_gazebo/bin'
[23.344s] Level 1:colcon.colcon_core.environment:checking '/home/kevin/INF3995-102/robot/install/ros_gz_example_gazebo/lib/pkgconfig/ros_gz_example_gazebo.pc'
[23.345s] Level 1:colcon.colcon_core.environment:checking '/home/kevin/INF3995-102/robot/install/ros_gz_example_gazebo/lib/python3.10/site-packages'
[23.345s] Level 1:colcon.colcon_core.environment:checking '/home/kevin/INF3995-102/robot/install/ros_gz_example_gazebo/bin'
[23.346s] INFO:colcon.colcon_core.shell:Creating package script '/home/kevin/INF3995-102/robot/install/ros_gz_example_gazebo/share/ros_gz_example_gazebo/package.ps1'
[23.347s] INFO:colcon.colcon_core.shell:Creating package descriptor '/home/kevin/INF3995-102/robot/install/ros_gz_example_gazebo/share/ros_gz_example_gazebo/package.dsv'
[23.348s] INFO:colcon.colcon_core.shell:Creating package script '/home/kevin/INF3995-102/robot/install/ros_gz_example_gazebo/share/ros_gz_example_gazebo/package.sh'
[23.348s] INFO:colcon.colcon_core.shell:Creating package script '/home/kevin/INF3995-102/robot/install/ros_gz_example_gazebo/share/ros_gz_example_gazebo/package.bash'
[23.350s] INFO:colcon.colcon_core.shell:Creating package script '/home/kevin/INF3995-102/robot/install/ros_gz_example_gazebo/share/ros_gz_example_gazebo/package.zsh'
[23.350s] Level 1:colcon.colcon_core.environment:create_file_with_runtime_dependencies(/home/kevin/INF3995-102/robot/install/ros_gz_example_gazebo/share/colcon-core/packages/ros_gz_example_gazebo)
[23.352s] Level 1:colcon.colcon_core.environment:create_environment_scripts_only(ros_gz_example_gazebo)
[23.352s] Level 1:colcon.colcon_core.environment:checking '/home/kevin/INF3995-102/robot/install/ros_gz_example_gazebo' for CMake module files
[23.353s] Level 1:colcon.colcon_core.environment:checking '/home/kevin/INF3995-102/robot/install/ros_gz_example_gazebo' for CMake config files
[23.353s] Level 1:colcon.colcon_core.shell:create_environment_hook('ros_gz_example_gazebo', 'cmake_prefix_path')
[23.353s] INFO:colcon.colcon_core.shell:Creating environment hook '/home/kevin/INF3995-102/robot/install/ros_gz_example_gazebo/share/ros_gz_example_gazebo/hook/cmake_prefix_path.ps1'
[23.354s] INFO:colcon.colcon_core.shell:Creating environment descriptor '/home/kevin/INF3995-102/robot/install/ros_gz_example_gazebo/share/ros_gz_example_gazebo/hook/cmake_prefix_path.dsv'
[23.355s] INFO:colcon.colcon_core.shell:Creating environment hook '/home/kevin/INF3995-102/robot/install/ros_gz_example_gazebo/share/ros_gz_example_gazebo/hook/cmake_prefix_path.sh'
[23.356s] Level 1:colcon.colcon_core.environment:checking '/home/kevin/INF3995-102/robot/install/ros_gz_example_gazebo/bin'
[23.356s] Level 1:colcon.colcon_core.environment:checking '/home/kevin/INF3995-102/robot/install/ros_gz_example_gazebo/lib/pkgconfig/ros_gz_example_gazebo.pc'
[23.356s] Level 1:colcon.colcon_core.environment:checking '/home/kevin/INF3995-102/robot/install/ros_gz_example_gazebo/lib/python3.10/site-packages'
[23.356s] Level 1:colcon.colcon_core.environment:checking '/home/kevin/INF3995-102/robot/install/ros_gz_example_gazebo/bin'
[23.357s] INFO:colcon.colcon_core.shell:Creating package script '/home/kevin/INF3995-102/robot/install/ros_gz_example_gazebo/share/ros_gz_example_gazebo/package.ps1'
[23.358s] INFO:colcon.colcon_core.shell:Creating package descriptor '/home/kevin/INF3995-102/robot/install/ros_gz_example_gazebo/share/ros_gz_example_gazebo/package.dsv'
[23.359s] INFO:colcon.colcon_core.shell:Creating package script '/home/kevin/INF3995-102/robot/install/ros_gz_example_gazebo/share/ros_gz_example_gazebo/package.sh'
[23.359s] INFO:colcon.colcon_core.shell:Creating package script '/home/kevin/INF3995-102/robot/install/ros_gz_example_gazebo/share/ros_gz_example_gazebo/package.bash'
[23.360s] INFO:colcon.colcon_core.shell:Creating package script '/home/kevin/INF3995-102/robot/install/ros_gz_example_gazebo/share/ros_gz_example_gazebo/package.zsh'
[23.361s] Level 1:colcon.colcon_core.environment:create_file_with_runtime_dependencies(/home/kevin/INF3995-102/robot/install/ros_gz_example_gazebo/share/colcon-core/packages/ros_gz_example_gazebo)
[23.362s] INFO:colcon.colcon_ros.task.ament_cmake.build:Building ROS package in '/home/kevin/INF3995-102/robot/src/ros_gz_example_bringup' with build type 'ament_cmake'
[23.362s] INFO:colcon.colcon_cmake.task.cmake.build:Building CMake package in '/home/kevin/INF3995-102/robot/src/ros_gz_example_bringup'
[23.362s] INFO:colcon.colcon_core.shell:Skip shell extension 'powershell' for command environment: Not usable outside of PowerShell
[23.362s] DEBUG:colcon.colcon_core.shell:Skip shell extension 'dsv' for command environment
[23.525s] DEBUG:colcon.colcon_core.event_handler.log_command:Invoking command in '/home/kevin/INF3995-102/robot/build/ros_gz_example_bringup': AMENT_PREFIX_PATH=/home/kevin/INF3995-102/robot/install/ros_gz_example_gazebo:/home/kevin/INF3995-102/robot/install/ros_gz_example_description:${AMENT_PREFIX_PATH} CMAKE_PREFIX_PATH=/home/kevin/INF3995-102/robot/install/ros_gz_example_gazebo:/home/kevin/INF3995-102/robot/install/ros_gz_example_description:/opt/ros/humble IGN_GAZEBO_PLUGIN_PATH=/home/kevin/INF3995-102/robot/install/ros_gz_example_gazebo/lib/ros_gz_example_gazebo IGN_GAZEBO_RESOURCE_PATH=/home/kevin/INF3995-102/robot/install/ros_gz_example_gazebo/share/ros_gz_example_gazebo/worlds:/home/kevin/INF3995-102/robot/install/ros_gz_example_description/share/ros_gz_example_description/models /usr/bin/cmake /home/kevin/INF3995-102/robot/src/ros_gz_example_bringup -DBUILD_TESTING=ON -DCMAKE_INSTALL_PREFIX=/home/kevin/INF3995-102/robot/install/ros_gz_example_bringup
[26.449s] DEBUG:colcon.colcon_core.event_handler.log_command:Invoked command in '/home/kevin/INF3995-102/robot/build/ros_gz_example_bringup' returned '0': AMENT_PREFIX_PATH=/home/kevin/INF3995-102/robot/install/ros_gz_example_gazebo:/home/kevin/INF3995-102/robot/install/ros_gz_example_description:${AMENT_PREFIX_PATH} CMAKE_PREFIX_PATH=/home/kevin/INF3995-102/robot/install/ros_gz_example_gazebo:/home/kevin/INF3995-102/robot/install/ros_gz_example_description:/opt/ros/humble IGN_GAZEBO_PLUGIN_PATH=/home/kevin/INF3995-102/robot/install/ros_gz_example_gazebo/lib/ros_gz_example_gazebo IGN_GAZEBO_RESOURCE_PATH=/home/kevin/INF3995-102/robot/install/ros_gz_example_gazebo/share/ros_gz_example_gazebo/worlds:/home/kevin/INF3995-102/robot/install/ros_gz_example_description/share/ros_gz_example_description/models /usr/bin/cmake /home/kevin/INF3995-102/robot/src/ros_gz_example_bringup -DBUILD_TESTING=ON -DCMAKE_INSTALL_PREFIX=/home/kevin/INF3995-102/robot/install/ros_gz_example_bringup
[26.454s] DEBUG:colcon.colcon_core.event_handler.log_command:Invoking command in '/home/kevin/INF3995-102/robot/build/ros_gz_example_bringup': AMENT_PREFIX_PATH=/home/kevin/INF3995-102/robot/install/ros_gz_example_gazebo:/home/kevin/INF3995-102/robot/install/ros_gz_example_description:${AMENT_PREFIX_PATH} CMAKE_PREFIX_PATH=/home/kevin/INF3995-102/robot/install/ros_gz_example_gazebo:/home/kevin/INF3995-102/robot/install/ros_gz_example_description:/opt/ros/humble IGN_GAZEBO_PLUGIN_PATH=/home/kevin/INF3995-102/robot/install/ros_gz_example_gazebo/lib/ros_gz_example_gazebo IGN_GAZEBO_RESOURCE_PATH=/home/kevin/INF3995-102/robot/install/ros_gz_example_gazebo/share/ros_gz_example_gazebo/worlds:/home/kevin/INF3995-102/robot/install/ros_gz_example_description/share/ros_gz_example_description/models /usr/bin/cmake --build /home/kevin/INF3995-102/robot/build/ros_gz_example_bringup -- -j20 -l20
[26.501s] DEBUG:colcon.colcon_core.event_handler.log_command:Invoked command in '/home/kevin/INF3995-102/robot/build/ros_gz_example_bringup' returned '0': AMENT_PREFIX_PATH=/home/kevin/INF3995-102/robot/install/ros_gz_example_gazebo:/home/kevin/INF3995-102/robot/install/ros_gz_example_description:${AMENT_PREFIX_PATH} CMAKE_PREFIX_PATH=/home/kevin/INF3995-102/robot/install/ros_gz_example_gazebo:/home/kevin/INF3995-102/robot/install/ros_gz_example_description:/opt/ros/humble IGN_GAZEBO_PLUGIN_PATH=/home/kevin/INF3995-102/robot/install/ros_gz_example_gazebo/lib/ros_gz_example_gazebo IGN_GAZEBO_RESOURCE_PATH=/home/kevin/INF3995-102/robot/install/ros_gz_example_gazebo/share/ros_gz_example_gazebo/worlds:/home/kevin/INF3995-102/robot/install/ros_gz_example_description/share/ros_gz_example_description/models /usr/bin/cmake --build /home/kevin/INF3995-102/robot/build/ros_gz_example_bringup -- -j20 -l20
[26.503s] DEBUG:colcon.colcon_core.event_handler.log_command:Invoking command in '/home/kevin/INF3995-102/robot/build/ros_gz_example_bringup': AMENT_PREFIX_PATH=/home/kevin/INF3995-102/robot/install/ros_gz_example_gazebo:/home/kevin/INF3995-102/robot/install/ros_gz_example_description:${AMENT_PREFIX_PATH} CMAKE_PREFIX_PATH=/home/kevin/INF3995-102/robot/install/ros_gz_example_gazebo:/home/kevin/INF3995-102/robot/install/ros_gz_example_description:/opt/ros/humble IGN_GAZEBO_PLUGIN_PATH=/home/kevin/INF3995-102/robot/install/ros_gz_example_gazebo/lib/ros_gz_example_gazebo IGN_GAZEBO_RESOURCE_PATH=/home/kevin/INF3995-102/robot/install/ros_gz_example_gazebo/share/ros_gz_example_gazebo/worlds:/home/kevin/INF3995-102/robot/install/ros_gz_example_description/share/ros_gz_example_description/models /usr/bin/cmake --install /home/kevin/INF3995-102/robot/build/ros_gz_example_bringup
[26.527s] Level 1:colcon.colcon_core.environment:create_environment_scripts_only(ros_gz_example_bringup)
[26.527s] Level 1:colcon.colcon_core.environment:checking '/home/kevin/INF3995-102/robot/install/ros_gz_example_bringup' for CMake module files
[26.529s] DEBUG:colcon.colcon_core.event_handler.log_command:Invoked command in '/home/kevin/INF3995-102/robot/build/ros_gz_example_bringup' returned '0': AMENT_PREFIX_PATH=/home/kevin/INF3995-102/robot/install/ros_gz_example_gazebo:/home/kevin/INF3995-102/robot/install/ros_gz_example_description:${AMENT_PREFIX_PATH} CMAKE_PREFIX_PATH=/home/kevin/INF3995-102/robot/install/ros_gz_example_gazebo:/home/kevin/INF3995-102/robot/install/ros_gz_example_description:/opt/ros/humble IGN_GAZEBO_PLUGIN_PATH=/home/kevin/INF3995-102/robot/install/ros_gz_example_gazebo/lib/ros_gz_example_gazebo IGN_GAZEBO_RESOURCE_PATH=/home/kevin/INF3995-102/robot/install/ros_gz_example_gazebo/share/ros_gz_example_gazebo/worlds:/home/kevin/INF3995-102/robot/install/ros_gz_example_description/share/ros_gz_example_description/models /usr/bin/cmake --install /home/kevin/INF3995-102/robot/build/ros_gz_example_bringup
[26.529s] Level 1:colcon.colcon_core.environment:checking '/home/kevin/INF3995-102/robot/install/ros_gz_example_bringup' for CMake config files
[26.529s] Level 1:colcon.colcon_core.shell:create_environment_hook('ros_gz_example_bringup', 'cmake_prefix_path')
[26.530s] INFO:colcon.colcon_core.shell:Creating environment hook '/home/kevin/INF3995-102/robot/install/ros_gz_example_bringup/share/ros_gz_example_bringup/hook/cmake_prefix_path.ps1'
[26.531s] INFO:colcon.colcon_core.shell:Creating environment descriptor '/home/kevin/INF3995-102/robot/install/ros_gz_example_bringup/share/ros_gz_example_bringup/hook/cmake_prefix_path.dsv'
[26.531s] INFO:colcon.colcon_core.shell:Creating environment hook '/home/kevin/INF3995-102/robot/install/ros_gz_example_bringup/share/ros_gz_example_bringup/hook/cmake_prefix_path.sh'
[26.532s] Level 1:colcon.colcon_core.environment:checking '/home/kevin/INF3995-102/robot/install/ros_gz_example_bringup/bin'
[26.533s] Level 1:colcon.colcon_core.environment:checking '/home/kevin/INF3995-102/robot/install/ros_gz_example_bringup/lib/pkgconfig/ros_gz_example_bringup.pc'
[26.533s] Level 1:colcon.colcon_core.environment:checking '/home/kevin/INF3995-102/robot/install/ros_gz_example_bringup/lib/python3.10/site-packages'
[26.533s] Level 1:colcon.colcon_core.environment:checking '/home/kevin/INF3995-102/robot/install/ros_gz_example_bringup/bin'
[26.534s] INFO:colcon.colcon_core.shell:Creating package script '/home/kevin/INF3995-102/robot/install/ros_gz_example_bringup/share/ros_gz_example_bringup/package.ps1'
[26.534s] INFO:colcon.colcon_core.shell:Creating package descriptor '/home/kevin/INF3995-102/robot/install/ros_gz_example_bringup/share/ros_gz_example_bringup/package.dsv'
[26.536s] INFO:colcon.colcon_core.shell:Creating package script '/home/kevin/INF3995-102/robot/install/ros_gz_example_bringup/share/ros_gz_example_bringup/package.sh'
[26.539s] INFO:colcon.colcon_core.shell:Creating package script '/home/kevin/INF3995-102/robot/install/ros_gz_example_bringup/share/ros_gz_example_bringup/package.bash'
[26.541s] INFO:colcon.colcon_core.shell:Creating package script '/home/kevin/INF3995-102/robot/install/ros_gz_example_bringup/share/ros_gz_example_bringup/package.zsh'
[26.542s] Level 1:colcon.colcon_core.environment:create_file_with_runtime_dependencies(/home/kevin/INF3995-102/robot/install/ros_gz_example_bringup/share/colcon-core/packages/ros_gz_example_bringup)
[26.543s] Level 1:colcon.colcon_core.environment:create_environment_scripts_only(ros_gz_example_bringup)
[26.543s] Level 1:colcon.colcon_core.environment:checking '/home/kevin/INF3995-102/robot/install/ros_gz_example_bringup' for CMake module files
[26.543s] Level 1:colcon.colcon_core.environment:checking '/home/kevin/INF3995-102/robot/install/ros_gz_example_bringup' for CMake config files
[26.544s] Level 1:colcon.colcon_core.shell:create_environment_hook('ros_gz_example_bringup', 'cmake_prefix_path')
[26.544s] INFO:colcon.colcon_core.shell:Creating environment hook '/home/kevin/INF3995-102/robot/install/ros_gz_example_bringup/share/ros_gz_example_bringup/hook/cmake_prefix_path.ps1'
[26.545s] INFO:colcon.colcon_core.shell:Creating environment descriptor '/home/kevin/INF3995-102/robot/install/ros_gz_example_bringup/share/ros_gz_example_bringup/hook/cmake_prefix_path.dsv'
[26.546s] INFO:colcon.colcon_core.shell:Creating environment hook '/home/kevin/INF3995-102/robot/install/ros_gz_example_bringup/share/ros_gz_example_bringup/hook/cmake_prefix_path.sh'
[26.547s] Level 1:colcon.colcon_core.environment:checking '/home/kevin/INF3995-102/robot/install/ros_gz_example_bringup/bin'
[26.547s] Level 1:colcon.colcon_core.environment:checking '/home/kevin/INF3995-102/robot/install/ros_gz_example_bringup/lib/pkgconfig/ros_gz_example_bringup.pc'
[26.548s] Level 1:colcon.colcon_core.environment:checking '/home/kevin/INF3995-102/robot/install/ros_gz_example_bringup/lib/python3.10/site-packages'
[26.548s] Level 1:colcon.colcon_core.environment:checking '/home/kevin/INF3995-102/robot/install/ros_gz_example_bringup/bin'
[26.548s] INFO:colcon.colcon_core.shell:Creating package script '/home/kevin/INF3995-102/robot/install/ros_gz_example_bringup/share/ros_gz_example_bringup/package.ps1'
[26.549s] INFO:colcon.colcon_core.shell:Creating package descriptor '/home/kevin/INF3995-102/robot/install/ros_gz_example_bringup/share/ros_gz_example_bringup/package.dsv'
[26.550s] INFO:colcon.colcon_core.shell:Creating package script '/home/kevin/INF3995-102/robot/install/ros_gz_example_bringup/share/ros_gz_example_bringup/package.sh'
[26.551s] INFO:colcon.colcon_core.shell:Creating package script '/home/kevin/INF3995-102/robot/install/ros_gz_example_bringup/share/ros_gz_example_bringup/package.bash'
[26.552s] INFO:colcon.colcon_core.shell:Creating package script '/home/kevin/INF3995-102/robot/install/ros_gz_example_bringup/share/ros_gz_example_bringup/package.zsh'
[26.552s] Level 1:colcon.colcon_core.environment:create_file_with_runtime_dependencies(/home/kevin/INF3995-102/robot/install/ros_gz_example_bringup/share/colcon-core/packages/ros_gz_example_bringup)
[26.553s] DEBUG:colcon.colcon_parallel_executor.executor.parallel:closing loop
[26.554s] DEBUG:colcon.colcon_parallel_executor.executor.parallel:loop closed
[26.554s] DEBUG:colcon.colcon_parallel_executor.executor.parallel:run_until_complete finished with '0'
[26.554s] DEBUG:colcon.colcon_core.event_reactor:joining thread
[26.733s] INFO:colcon.colcon_core.plugin_system:Skipping extension 'colcon_notification.desktop_notification.notify_send': Could not find 'notify-send'
[26.734s] INFO:colcon.colcon_core.plugin_system:Skipping extension 'colcon_notification.desktop_notification.terminal_notifier': Not used on non-Darwin systems
[26.734s] INFO:colcon.colcon_core.plugin_system:Skipping extension 'colcon_notification.desktop_notification.win32': Not used on non-Windows systems
[26.734s] INFO:colcon.colcon_notification.desktop_notification:Sending desktop notification using 'notify2'
[26.734s] DEBUG:colcon.colcon_notification.desktop_notification.notify2:Failed to initialize notify2: org.freedesktop.DBus.Error.FileNotFound: Failed to connect to socket /run/user/1000/bus: No such file or directory
[26.734s] DEBUG:colcon.colcon_core.event_reactor:joined thread
[26.735s] INFO:colcon.colcon_core.shell:Creating prefix script '/home/kevin/INF3995-102/robot/install/local_setup.ps1'
[26.758s] INFO:colcon.colcon_core.shell:Creating prefix util module '/home/kevin/INF3995-102/robot/install/_local_setup_util_ps1.py'
[26.762s] INFO:colcon.colcon_core.shell:Creating prefix chain script '/home/kevin/INF3995-102/robot/install/setup.ps1'
[26.764s] INFO:colcon.colcon_core.shell:Creating prefix script '/home/kevin/INF3995-102/robot/install/local_setup.sh'
[26.767s] INFO:colcon.colcon_core.shell:Creating prefix util module '/home/kevin/INF3995-102/robot/install/_local_setup_util_sh.py'
[26.768s] INFO:colcon.colcon_core.shell:Creating prefix chain script '/home/kevin/INF3995-102/robot/install/setup.sh'
[26.771s] INFO:colcon.colcon_core.shell:Creating prefix script '/home/kevin/INF3995-102/robot/install/local_setup.bash'
[26.773s] INFO:colcon.colcon_core.shell:Creating prefix chain script '/home/kevin/INF3995-102/robot/install/setup.bash'
[26.776s] INFO:colcon.colcon_core.shell:Creating prefix script '/home/kevin/INF3995-102/robot/install/local_setup.zsh'
[26.778s] INFO:colcon.colcon_core.shell:Creating prefix chain script '/home/kevin/INF3995-102/robot/install/setup.zsh'
