[0.243s] DEBUG:colcon:Command line arguments: ['/usr/local/bin/colcon', 'build', '--cmake-args', '-DBUILD_TESTING=ON']
[0.243s] DEBUG:colcon:Parsed command line arguments: Namespace(log_base=None, log_level=None, verb_name='build', build_base='build', install_base='install', merge_install=False, symlink_install=False, test_result_base=None, continue_on_error=False, executor='parallel', parallel_workers=8, event_handlers=None, ignore_user_meta=False, metas=['./colcon.meta'], base_paths=['.'], packages_ignore=None, packages_ignore_regex=None, paths=None, packages_up_to=None, packages_up_to_regex=None, packages_above=None, packages_above_and_dependencies=None, packages_above_depth=None, packages_select_by_dep=None, packages_skip_by_dep=None, packages_skip_up_to=None, packages_select_build_failed=False, packages_skip_build_finished=False, packages_select_test_failures=False, packages_skip_test_passed=False, packages_select=None, packages_skip=None, packages_select_regex=None, packages_skip_regex=None, packages_start=None, packages_end=None, cmake_args=['-DBUILD_TESTING=ON'], cmake_target=None, cmake_target_skip_unavailable=False, cmake_clean_cache=False, cmake_clean_first=False, cmake_force_configure=False, ament_cmake_args=None, catkin_cmake_args=None, catkin_skip_building_tests=False, verb_parser=<colcon_defaults.argument_parser.defaults.DefaultArgumentsDecorator object at 0x7fa2eb8e7070>, verb_extension=<colcon_core.verb.build.BuildVerb object at 0x7fa2eb8e6ad0>, main=<bound method BuildVerb.main of <colcon_core.verb.build.BuildVerb object at 0x7fa2eb8e6ad0>>)
[0.433s] Level 1:colcon.colcon_core.package_discovery:discover_packages(colcon_meta) check parameters
[0.434s] Level 1:colcon.colcon_core.package_discovery:discover_packages(recursive) check parameters
[0.434s] Level 1:colcon.colcon_core.package_discovery:discover_packages(ignore) check parameters
[0.434s] Level 1:colcon.colcon_core.package_discovery:discover_packages(path) check parameters
[0.434s] Level 1:colcon.colcon_core.package_discovery:discover_packages(colcon_meta) discover
[0.434s] Level 1:colcon.colcon_core.package_discovery:discover_packages(recursive) discover
[0.434s] INFO:colcon.colcon_core.package_discovery:Crawling recursively for packages in '/home/isshadd/INF3995-102/robot/gazebo2'
[0.434s] Level 1:colcon.colcon_core.package_identification:_identify(.) by extensions ['ignore', 'ignore_ament_install']
[0.434s] Level 1:colcon.colcon_core.package_identification:_identify(.) by extension 'ignore'
[0.434s] Level 1:colcon.colcon_core.package_identification:_identify(.) by extension 'ignore_ament_install'
[0.434s] Level 1:colcon.colcon_core.package_identification:_identify(.) by extensions ['colcon_pkg']
[0.434s] Level 1:colcon.colcon_core.package_identification:_identify(.) by extension 'colcon_pkg'
[0.434s] Level 1:colcon.colcon_core.package_identification:_identify(.) by extensions ['colcon_meta']
[0.434s] Level 1:colcon.colcon_core.package_identification:_identify(.) by extension 'colcon_meta'
[0.434s] Level 1:colcon.colcon_core.package_identification:_identify(.) by extensions ['ros']
[0.434s] Level 1:colcon.colcon_core.package_identification:_identify(.) by extension 'ros'
[0.445s] Level 1:colcon.colcon_core.package_identification:_identify(.) by extensions ['cmake', 'python']
[0.445s] Level 1:colcon.colcon_core.package_identification:_identify(.) by extension 'cmake'
[0.445s] Level 1:colcon.colcon_core.package_identification:_identify(.) by extension 'python'
[0.445s] Level 1:colcon.colcon_core.package_identification:_identify(.) by extensions ['python_setup_py']
[0.445s] Level 1:colcon.colcon_core.package_identification:_identify(.) by extension 'python_setup_py'
[0.445s] Level 1:colcon.colcon_core.package_identification:_identify(build) by extensions ['ignore', 'ignore_ament_install']
[0.445s] Level 1:colcon.colcon_core.package_identification:_identify(build) by extension 'ignore'
[0.445s] Level 1:colcon.colcon_core.package_identification:_identify(build) ignored
[0.445s] Level 1:colcon.colcon_core.package_identification:_identify(install) by extensions ['ignore', 'ignore_ament_install']
[0.446s] Level 1:colcon.colcon_core.package_identification:_identify(install) by extension 'ignore'
[0.446s] Level 1:colcon.colcon_core.package_identification:_identify(install) ignored
[0.446s] Level 1:colcon.colcon_core.package_identification:_identify(log) by extensions ['ignore', 'ignore_ament_install']
[0.446s] Level 1:colcon.colcon_core.package_identification:_identify(log) by extension 'ignore'
[0.446s] Level 1:colcon.colcon_core.package_identification:_identify(log) ignored
[0.446s] Level 1:colcon.colcon_core.package_identification:_identify(src) by extensions ['ignore', 'ignore_ament_install']
[0.446s] Level 1:colcon.colcon_core.package_identification:_identify(src) by extension 'ignore'
[0.446s] Level 1:colcon.colcon_core.package_identification:_identify(src) by extension 'ignore_ament_install'
[0.446s] Level 1:colcon.colcon_core.package_identification:_identify(src) by extensions ['colcon_pkg']
[0.446s] Level 1:colcon.colcon_core.package_identification:_identify(src) by extension 'colcon_pkg'
[0.446s] Level 1:colcon.colcon_core.package_identification:_identify(src) by extensions ['colcon_meta']
[0.446s] Level 1:colcon.colcon_core.package_identification:_identify(src) by extension 'colcon_meta'
[0.446s] Level 1:colcon.colcon_core.package_identification:_identify(src) by extensions ['ros']
[0.446s] Level 1:colcon.colcon_core.package_identification:_identify(src) by extension 'ros'
[0.446s] Level 1:colcon.colcon_core.package_identification:_identify(src) by extensions ['cmake', 'python']
[0.446s] Level 1:colcon.colcon_core.package_identification:_identify(src) by extension 'cmake'
[0.447s] Level 1:colcon.colcon_core.package_identification:_identify(src) by extension 'python'
[0.447s] Level 1:colcon.colcon_core.package_identification:_identify(src) by extensions ['python_setup_py']
[0.447s] Level 1:colcon.colcon_core.package_identification:_identify(src) by extension 'python_setup_py'
[0.447s] Level 1:colcon.colcon_core.package_identification:_identify(src/ros_gz_example_application) by extensions ['ignore', 'ignore_ament_install']
[0.447s] Level 1:colcon.colcon_core.package_identification:_identify(src/ros_gz_example_application) by extension 'ignore'
[0.447s] Level 1:colcon.colcon_core.package_identification:_identify(src/ros_gz_example_application) by extension 'ignore_ament_install'
[0.447s] Level 1:colcon.colcon_core.package_identification:_identify(src/ros_gz_example_application) by extensions ['colcon_pkg']
[0.447s] Level 1:colcon.colcon_core.package_identification:_identify(src/ros_gz_example_application) by extension 'colcon_pkg'
[0.447s] Level 1:colcon.colcon_core.package_identification:_identify(src/ros_gz_example_application) by extensions ['colcon_meta']
[0.447s] Level 1:colcon.colcon_core.package_identification:_identify(src/ros_gz_example_application) by extension 'colcon_meta'
[0.447s] Level 1:colcon.colcon_core.package_identification:_identify(src/ros_gz_example_application) by extensions ['ros']
[0.447s] Level 1:colcon.colcon_core.package_identification:_identify(src/ros_gz_example_application) by extension 'ros'
[0.452s] DEBUG:colcon.colcon_core.package_identification:Package 'src/ros_gz_example_application' with type 'ros.ament_cmake' and name 'ros_gz_example_application'
[0.452s] Level 1:colcon.colcon_core.package_identification:_identify(src/ros_gz_example_bringup) by extensions ['ignore', 'ignore_ament_install']
[0.452s] Level 1:colcon.colcon_core.package_identification:_identify(src/ros_gz_example_bringup) by extension 'ignore'
[0.452s] Level 1:colcon.colcon_core.package_identification:_identify(src/ros_gz_example_bringup) by extension 'ignore_ament_install'
[0.452s] Level 1:colcon.colcon_core.package_identification:_identify(src/ros_gz_example_bringup) by extensions ['colcon_pkg']
[0.452s] Level 1:colcon.colcon_core.package_identification:_identify(src/ros_gz_example_bringup) by extension 'colcon_pkg'
[0.452s] Level 1:colcon.colcon_core.package_identification:_identify(src/ros_gz_example_bringup) by extensions ['colcon_meta']
[0.452s] Level 1:colcon.colcon_core.package_identification:_identify(src/ros_gz_example_bringup) by extension 'colcon_meta'
[0.452s] Level 1:colcon.colcon_core.package_identification:_identify(src/ros_gz_example_bringup) by extensions ['ros']
[0.453s] Level 1:colcon.colcon_core.package_identification:_identify(src/ros_gz_example_bringup) by extension 'ros'
[0.453s] DEBUG:colcon.colcon_core.package_identification:Package 'src/ros_gz_example_bringup' with type 'ros.ament_cmake' and name 'ros_gz_example_bringup'
[0.453s] Level 1:colcon.colcon_core.package_identification:_identify(src/ros_gz_example_description) by extensions ['ignore', 'ignore_ament_install']
[0.454s] Level 1:colcon.colcon_core.package_identification:_identify(src/ros_gz_example_description) by extension 'ignore'
[0.454s] Level 1:colcon.colcon_core.package_identification:_identify(src/ros_gz_example_description) by extension 'ignore_ament_install'
[0.454s] Level 1:colcon.colcon_core.package_identification:_identify(src/ros_gz_example_description) by extensions ['colcon_pkg']
[0.454s] Level 1:colcon.colcon_core.package_identification:_identify(src/ros_gz_example_description) by extension 'colcon_pkg'
[0.454s] Level 1:colcon.colcon_core.package_identification:_identify(src/ros_gz_example_description) by extensions ['colcon_meta']
[0.454s] Level 1:colcon.colcon_core.package_identification:_identify(src/ros_gz_example_description) by extension 'colcon_meta'
[0.454s] Level 1:colcon.colcon_core.package_identification:_identify(src/ros_gz_example_description) by extensions ['ros']
[0.454s] Level 1:colcon.colcon_core.package_identification:_identify(src/ros_gz_example_description) by extension 'ros'
[0.454s] DEBUG:colcon.colcon_core.package_identification:Package 'src/ros_gz_example_description' with type 'ros.ament_cmake' and name 'ros_gz_example_description'
[0.454s] Level 1:colcon.colcon_core.package_identification:_identify(src/ros_gz_example_gazebo) by extensions ['ignore', 'ignore_ament_install']
[0.455s] Level 1:colcon.colcon_core.package_identification:_identify(src/ros_gz_example_gazebo) by extension 'ignore'
[0.455s] Level 1:colcon.colcon_core.package_identification:_identify(src/ros_gz_example_gazebo) by extension 'ignore_ament_install'
[0.455s] Level 1:colcon.colcon_core.package_identification:_identify(src/ros_gz_example_gazebo) by extensions ['colcon_pkg']
[0.455s] Level 1:colcon.colcon_core.package_identification:_identify(src/ros_gz_example_gazebo) by extension 'colcon_pkg'
[0.455s] Level 1:colcon.colcon_core.package_identification:_identify(src/ros_gz_example_gazebo) by extensions ['colcon_meta']
[0.455s] Level 1:colcon.colcon_core.package_identification:_identify(src/ros_gz_example_gazebo) by extension 'colcon_meta'
[0.455s] Level 1:colcon.colcon_core.package_identification:_identify(src/ros_gz_example_gazebo) by extensions ['ros']
[0.455s] Level 1:colcon.colcon_core.package_identification:_identify(src/ros_gz_example_gazebo) by extension 'ros'
[0.457s] DEBUG:colcon.colcon_core.package_identification:Package 'src/ros_gz_example_gazebo' with type 'ros.ament_cmake' and name 'ros_gz_example_gazebo'
[0.457s] Level 1:colcon.colcon_core.package_discovery:discover_packages(recursive) using defaults
[0.457s] Level 1:colcon.colcon_core.package_discovery:discover_packages(ignore) discover
[0.457s] Level 1:colcon.colcon_core.package_discovery:discover_packages(ignore) using defaults
[0.457s] Level 1:colcon.colcon_core.package_discovery:discover_packages(path) discover
[0.457s] Level 1:colcon.colcon_core.package_discovery:discover_packages(path) using defaults
[0.487s] Level 5:colcon.colcon_core.verb:set package 'ros_gz_example_application' build argument 'cmake_args' from command line to '['-DBUILD_TESTING=ON']'
[0.487s] Level 5:colcon.colcon_core.verb:set package 'ros_gz_example_application' build argument 'cmake_target' from command line to 'None'
[0.487s] Level 5:colcon.colcon_core.verb:set package 'ros_gz_example_application' build argument 'cmake_target_skip_unavailable' from command line to 'False'
[0.487s] Level 5:colcon.colcon_core.verb:set package 'ros_gz_example_application' build argument 'cmake_clean_cache' from command line to 'False'
[0.487s] Level 5:colcon.colcon_core.verb:set package 'ros_gz_example_application' build argument 'cmake_clean_first' from command line to 'False'
[0.487s] Level 5:colcon.colcon_core.verb:set package 'ros_gz_example_application' build argument 'cmake_force_configure' from command line to 'False'
[0.487s] Level 5:colcon.colcon_core.verb:set package 'ros_gz_example_application' build argument 'ament_cmake_args' from command line to 'None'
[0.487s] Level 5:colcon.colcon_core.verb:set package 'ros_gz_example_application' build argument 'catkin_cmake_args' from command line to 'None'
[0.487s] Level 5:colcon.colcon_core.verb:set package 'ros_gz_example_application' build argument 'catkin_skip_building_tests' from command line to 'False'
[0.487s] DEBUG:colcon.colcon_core.verb:Building package 'ros_gz_example_application' with the following arguments: {'ament_cmake_args': None, 'build_base': '/home/isshadd/INF3995-102/robot/gazebo2/build/ros_gz_example_application', 'catkin_cmake_args': None, 'catkin_skip_building_tests': False, 'cmake_args': ['-DBUILD_TESTING=ON'], 'cmake_clean_cache': False, 'cmake_clean_first': False, 'cmake_force_configure': False, 'cmake_target': None, 'cmake_target_skip_unavailable': False, 'install_base': '/home/isshadd/INF3995-102/robot/gazebo2/install/ros_gz_example_application', 'merge_install': False, 'path': '/home/isshadd/INF3995-102/robot/gazebo2/src/ros_gz_example_application', 'symlink_install': False, 'test_result_base': None}
[0.488s] Level 5:colcon.colcon_core.verb:set package 'ros_gz_example_description' build argument 'cmake_args' from command line to '['-DBUILD_TESTING=ON']'
[0.488s] Level 5:colcon.colcon_core.verb:set package 'ros_gz_example_description' build argument 'cmake_target' from command line to 'None'
[0.488s] Level 5:colcon.colcon_core.verb:set package 'ros_gz_example_description' build argument 'cmake_target_skip_unavailable' from command line to 'False'
[0.488s] Level 5:colcon.colcon_core.verb:set package 'ros_gz_example_description' build argument 'cmake_clean_cache' from command line to 'False'
[0.488s] Level 5:colcon.colcon_core.verb:set package 'ros_gz_example_description' build argument 'cmake_clean_first' from command line to 'False'
[0.488s] Level 5:colcon.colcon_core.verb:set package 'ros_gz_example_description' build argument 'cmake_force_configure' from command line to 'False'
[0.488s] Level 5:colcon.colcon_core.verb:set package 'ros_gz_example_description' build argument 'ament_cmake_args' from command line to 'None'
[0.488s] Level 5:colcon.colcon_core.verb:set package 'ros_gz_example_description' build argument 'catkin_cmake_args' from command line to 'None'
[0.488s] Level 5:colcon.colcon_core.verb:set package 'ros_gz_example_description' build argument 'catkin_skip_building_tests' from command line to 'False'
[0.488s] DEBUG:colcon.colcon_core.verb:Building package 'ros_gz_example_description' with the following arguments: {'ament_cmake_args': None, 'build_base': '/home/isshadd/INF3995-102/robot/gazebo2/build/ros_gz_example_description', 'catkin_cmake_args': None, 'catkin_skip_building_tests': False, 'cmake_args': ['-DBUILD_TESTING=ON'], 'cmake_clean_cache': False, 'cmake_clean_first': False, 'cmake_force_configure': False, 'cmake_target': None, 'cmake_target_skip_unavailable': False, 'install_base': '/home/isshadd/INF3995-102/robot/gazebo2/install/ros_gz_example_description', 'merge_install': False, 'path': '/home/isshadd/INF3995-102/robot/gazebo2/src/ros_gz_example_description', 'symlink_install': False, 'test_result_base': None}
[0.488s] Level 5:colcon.colcon_core.verb:set package 'ros_gz_example_gazebo' build argument 'cmake_args' from command line to '['-DBUILD_TESTING=ON']'
[0.488s] Level 5:colcon.colcon_core.verb:set package 'ros_gz_example_gazebo' build argument 'cmake_target' from command line to 'None'
[0.488s] Level 5:colcon.colcon_core.verb:set package 'ros_gz_example_gazebo' build argument 'cmake_target_skip_unavailable' from command line to 'False'
[0.488s] Level 5:colcon.colcon_core.verb:set package 'ros_gz_example_gazebo' build argument 'cmake_clean_cache' from command line to 'False'
[0.488s] Level 5:colcon.colcon_core.verb:set package 'ros_gz_example_gazebo' build argument 'cmake_clean_first' from command line to 'False'
[0.488s] Level 5:colcon.colcon_core.verb:set package 'ros_gz_example_gazebo' build argument 'cmake_force_configure' from command line to 'False'
[0.488s] Level 5:colcon.colcon_core.verb:set package 'ros_gz_example_gazebo' build argument 'ament_cmake_args' from command line to 'None'
[0.488s] Level 5:colcon.colcon_core.verb:set package 'ros_gz_example_gazebo' build argument 'catkin_cmake_args' from command line to 'None'
[0.489s] Level 5:colcon.colcon_core.verb:set package 'ros_gz_example_gazebo' build argument 'catkin_skip_building_tests' from command line to 'False'
[0.489s] DEBUG:colcon.colcon_core.verb:Building package 'ros_gz_example_gazebo' with the following arguments: {'ament_cmake_args': None, 'build_base': '/home/isshadd/INF3995-102/robot/gazebo2/build/ros_gz_example_gazebo', 'catkin_cmake_args': None, 'catkin_skip_building_tests': False, 'cmake_args': ['-DBUILD_TESTING=ON'], 'cmake_clean_cache': False, 'cmake_clean_first': False, 'cmake_force_configure': False, 'cmake_target': None, 'cmake_target_skip_unavailable': False, 'install_base': '/home/isshadd/INF3995-102/robot/gazebo2/install/ros_gz_example_gazebo', 'merge_install': False, 'path': '/home/isshadd/INF3995-102/robot/gazebo2/src/ros_gz_example_gazebo', 'symlink_install': False, 'test_result_base': None}
[0.489s] Level 5:colcon.colcon_core.verb:set package 'ros_gz_example_bringup' build argument 'cmake_args' from command line to '['-DBUILD_TESTING=ON']'
[0.489s] Level 5:colcon.colcon_core.verb:set package 'ros_gz_example_bringup' build argument 'cmake_target' from command line to 'None'
[0.489s] Level 5:colcon.colcon_core.verb:set package 'ros_gz_example_bringup' build argument 'cmake_target_skip_unavailable' from command line to 'False'
[0.489s] Level 5:colcon.colcon_core.verb:set package 'ros_gz_example_bringup' build argument 'cmake_clean_cache' from command line to 'False'
[0.489s] Level 5:colcon.colcon_core.verb:set package 'ros_gz_example_bringup' build argument 'cmake_clean_first' from command line to 'False'
[0.489s] Level 5:colcon.colcon_core.verb:set package 'ros_gz_example_bringup' build argument 'cmake_force_configure' from command line to 'False'
[0.489s] Level 5:colcon.colcon_core.verb:set package 'ros_gz_example_bringup' build argument 'ament_cmake_args' from command line to 'None'
[0.489s] Level 5:colcon.colcon_core.verb:set package 'ros_gz_example_bringup' build argument 'catkin_cmake_args' from command line to 'None'
[0.489s] Level 5:colcon.colcon_core.verb:set package 'ros_gz_example_bringup' build argument 'catkin_skip_building_tests' from command line to 'False'
[0.489s] DEBUG:colcon.colcon_core.verb:Building package 'ros_gz_example_bringup' with the following arguments: {'ament_cmake_args': None, 'build_base': '/home/isshadd/INF3995-102/robot/gazebo2/build/ros_gz_example_bringup', 'catkin_cmake_args': None, 'catkin_skip_building_tests': False, 'cmake_args': ['-DBUILD_TESTING=ON'], 'cmake_clean_cache': False, 'cmake_clean_first': False, 'cmake_force_configure': False, 'cmake_target': None, 'cmake_target_skip_unavailable': False, 'install_base': '/home/isshadd/INF3995-102/robot/gazebo2/install/ros_gz_example_bringup', 'merge_install': False, 'path': '/home/isshadd/INF3995-102/robot/gazebo2/src/ros_gz_example_bringup', 'symlink_install': False, 'test_result_base': None}
[0.489s] INFO:colcon.colcon_core.executor:Executing jobs using 'parallel' executor
[0.491s] DEBUG:colcon.colcon_parallel_executor.executor.parallel:run_until_complete
[0.491s] INFO:colcon.colcon_ros.task.ament_cmake.build:Building ROS package in '/home/isshadd/INF3995-102/robot/gazebo2/src/ros_gz_example_description' with build type 'ament_cmake'
[0.491s] INFO:colcon.colcon_cmake.task.cmake.build:Building CMake package in '/home/isshadd/INF3995-102/robot/gazebo2/src/ros_gz_example_description'
[0.495s] INFO:colcon.colcon_core.plugin_system:Skipping extension 'colcon_core.shell.bat': Not used on non-Windows systems
[0.495s] INFO:colcon.colcon_core.shell:Skip shell extension 'powershell' for command environment: Not usable outside of PowerShell
[0.495s] DEBUG:colcon.colcon_core.shell:Skip shell extension 'dsv' for command environment
[0.503s] INFO:colcon.colcon_ros.task.ament_cmake.build:Building ROS package in '/home/isshadd/INF3995-102/robot/gazebo2/src/ros_gz_example_application' with build type 'ament_cmake'
[0.503s] INFO:colcon.colcon_cmake.task.cmake.build:Building CMake package in '/home/isshadd/INF3995-102/robot/gazebo2/src/ros_gz_example_application'
[0.504s] INFO:colcon.colcon_core.shell:Skip shell extension 'powershell' for command environment: Not usable outside of PowerShell
[0.504s] DEBUG:colcon.colcon_core.shell:Skip shell extension 'dsv' for command environment
[0.528s] DEBUG:colcon.colcon_core.event_handler.log_command:Invoking command in '/home/isshadd/INF3995-102/robot/gazebo2/build/ros_gz_example_description': CMAKE_PREFIX_PATH=${CMAKE_PREFIX_PATH}:/home/isshadd/INF3995-102/robot/install/voice_control:/home/isshadd/INF3995-102/robot/install/identification:/home/isshadd/INF3995-102/robot/install/control:/home/isshadd/INF3995-102/robot/install/communication:/opt/ros/humble /usr/bin/cmake --build /home/isshadd/INF3995-102/robot/gazebo2/build/ros_gz_example_description -- -j8 -l8
[0.538s] DEBUG:colcon.colcon_core.event_handler.log_command:Invoking command in '/home/isshadd/INF3995-102/robot/gazebo2/build/ros_gz_example_application': CMAKE_PREFIX_PATH=${CMAKE_PREFIX_PATH}:/home/isshadd/INF3995-102/robot/install/voice_control:/home/isshadd/INF3995-102/robot/install/identification:/home/isshadd/INF3995-102/robot/install/control:/home/isshadd/INF3995-102/robot/install/communication:/opt/ros/humble /usr/bin/cmake --build /home/isshadd/INF3995-102/robot/gazebo2/build/ros_gz_example_application -- -j8 -l8
[0.591s] DEBUG:colcon.colcon_core.event_handler.log_command:Invoked command in '/home/isshadd/INF3995-102/robot/gazebo2/build/ros_gz_example_description' returned '0': CMAKE_PREFIX_PATH=${CMAKE_PREFIX_PATH}:/home/isshadd/INF3995-102/robot/install/voice_control:/home/isshadd/INF3995-102/robot/install/identification:/home/isshadd/INF3995-102/robot/install/control:/home/isshadd/INF3995-102/robot/install/communication:/opt/ros/humble /usr/bin/cmake --build /home/isshadd/INF3995-102/robot/gazebo2/build/ros_gz_example_description -- -j8 -l8
[0.601s] DEBUG:colcon.colcon_core.event_handler.log_command:Invoking command in '/home/isshadd/INF3995-102/robot/gazebo2/build/ros_gz_example_description': CMAKE_PREFIX_PATH=${CMAKE_PREFIX_PATH}:/home/isshadd/INF3995-102/robot/install/voice_control:/home/isshadd/INF3995-102/robot/install/identification:/home/isshadd/INF3995-102/robot/install/control:/home/isshadd/INF3995-102/robot/install/communication:/opt/ros/humble /usr/bin/cmake --install /home/isshadd/INF3995-102/robot/gazebo2/build/ros_gz_example_description
[0.604s] DEBUG:colcon.colcon_core.event_handler.log_command:Invoked command in '/home/isshadd/INF3995-102/robot/gazebo2/build/ros_gz_example_application' returned '0': CMAKE_PREFIX_PATH=${CMAKE_PREFIX_PATH}:/home/isshadd/INF3995-102/robot/install/voice_control:/home/isshadd/INF3995-102/robot/install/identification:/home/isshadd/INF3995-102/robot/install/control:/home/isshadd/INF3995-102/robot/install/communication:/opt/ros/humble /usr/bin/cmake --build /home/isshadd/INF3995-102/robot/gazebo2/build/ros_gz_example_application -- -j8 -l8
[0.608s] DEBUG:colcon.colcon_core.event_handler.log_command:Invoking command in '/home/isshadd/INF3995-102/robot/gazebo2/build/ros_gz_example_application': CMAKE_PREFIX_PATH=${CMAKE_PREFIX_PATH}:/home/isshadd/INF3995-102/robot/install/voice_control:/home/isshadd/INF3995-102/robot/install/identification:/home/isshadd/INF3995-102/robot/install/control:/home/isshadd/INF3995-102/robot/install/communication:/opt/ros/humble /usr/bin/cmake --install /home/isshadd/INF3995-102/robot/gazebo2/build/ros_gz_example_application
[0.628s] Level 1:colcon.colcon_core.environment:create_environment_scripts_only(ros_gz_example_description)
[0.631s] DEBUG:colcon.colcon_core.event_handler.log_command:Invoked command in '/home/isshadd/INF3995-102/robot/gazebo2/build/ros_gz_example_description' returned '0': CMAKE_PREFIX_PATH=${CMAKE_PREFIX_PATH}:/home/isshadd/INF3995-102/robot/install/voice_control:/home/isshadd/INF3995-102/robot/install/identification:/home/isshadd/INF3995-102/robot/install/control:/home/isshadd/INF3995-102/robot/install/communication:/opt/ros/humble /usr/bin/cmake --install /home/isshadd/INF3995-102/robot/gazebo2/build/ros_gz_example_description
[0.634s] Level 1:colcon.colcon_core.environment:checking '/home/isshadd/INF3995-102/robot/gazebo2/install/ros_gz_example_description' for CMake module files
[0.634s] Level 1:colcon.colcon_core.environment:checking '/home/isshadd/INF3995-102/robot/gazebo2/install/ros_gz_example_description' for CMake config files
[0.635s] Level 1:colcon.colcon_core.shell:create_environment_hook('ros_gz_example_description', 'cmake_prefix_path')
[0.635s] INFO:colcon.colcon_core.shell:Creating environment hook '/home/isshadd/INF3995-102/robot/gazebo2/install/ros_gz_example_description/share/ros_gz_example_description/hook/cmake_prefix_path.ps1'
[0.636s] INFO:colcon.colcon_core.shell:Creating environment descriptor '/home/isshadd/INF3995-102/robot/gazebo2/install/ros_gz_example_description/share/ros_gz_example_description/hook/cmake_prefix_path.dsv'
[0.637s] INFO:colcon.colcon_core.shell:Creating environment hook '/home/isshadd/INF3995-102/robot/gazebo2/install/ros_gz_example_description/share/ros_gz_example_description/hook/cmake_prefix_path.sh'
[0.640s] Level 1:colcon.colcon_core.environment:checking '/home/isshadd/INF3995-102/robot/gazebo2/install/ros_gz_example_description/bin'
[0.640s] Level 1:colcon.colcon_core.environment:checking '/home/isshadd/INF3995-102/robot/gazebo2/install/ros_gz_example_description/lib/pkgconfig/ros_gz_example_description.pc'
[0.641s] Level 1:colcon.colcon_core.environment:checking '/home/isshadd/INF3995-102/robot/gazebo2/install/ros_gz_example_description/lib/python3.10/site-packages'
[0.642s] Level 1:colcon.colcon_core.environment:checking '/home/isshadd/INF3995-102/robot/gazebo2/install/ros_gz_example_description/bin'
[0.642s] INFO:colcon.colcon_core.shell:Creating package script '/home/isshadd/INF3995-102/robot/gazebo2/install/ros_gz_example_description/share/ros_gz_example_description/package.ps1'
[0.646s] INFO:colcon.colcon_core.shell:Creating package descriptor '/home/isshadd/INF3995-102/robot/gazebo2/install/ros_gz_example_description/share/ros_gz_example_description/package.dsv'
[0.648s] INFO:colcon.colcon_core.shell:Creating package script '/home/isshadd/INF3995-102/robot/gazebo2/install/ros_gz_example_description/share/ros_gz_example_description/package.sh'
[0.649s] INFO:colcon.colcon_core.shell:Creating package script '/home/isshadd/INF3995-102/robot/gazebo2/install/ros_gz_example_description/share/ros_gz_example_description/package.bash'
[0.650s] INFO:colcon.colcon_core.shell:Creating package script '/home/isshadd/INF3995-102/robot/gazebo2/install/ros_gz_example_description/share/ros_gz_example_description/package.zsh'
[0.651s] Level 1:colcon.colcon_core.environment:create_file_with_runtime_dependencies(/home/isshadd/INF3995-102/robot/gazebo2/install/ros_gz_example_description/share/colcon-core/packages/ros_gz_example_description)
[0.652s] Level 1:colcon.colcon_core.environment:create_environment_scripts_only(ros_gz_example_description)
[0.652s] Level 1:colcon.colcon_core.environment:checking '/home/isshadd/INF3995-102/robot/gazebo2/install/ros_gz_example_description' for CMake module files
[0.653s] Level 1:colcon.colcon_core.environment:checking '/home/isshadd/INF3995-102/robot/gazebo2/install/ros_gz_example_description' for CMake config files
[0.653s] Level 1:colcon.colcon_core.shell:create_environment_hook('ros_gz_example_description', 'cmake_prefix_path')
[0.654s] INFO:colcon.colcon_core.shell:Creating environment hook '/home/isshadd/INF3995-102/robot/gazebo2/install/ros_gz_example_description/share/ros_gz_example_description/hook/cmake_prefix_path.ps1'
[0.655s] INFO:colcon.colcon_core.shell:Creating environment descriptor '/home/isshadd/INF3995-102/robot/gazebo2/install/ros_gz_example_description/share/ros_gz_example_description/hook/cmake_prefix_path.dsv'
[0.655s] INFO:colcon.colcon_core.shell:Creating environment hook '/home/isshadd/INF3995-102/robot/gazebo2/install/ros_gz_example_description/share/ros_gz_example_description/hook/cmake_prefix_path.sh'
[0.656s] Level 1:colcon.colcon_core.environment:checking '/home/isshadd/INF3995-102/robot/gazebo2/install/ros_gz_example_description/bin'
[0.656s] Level 1:colcon.colcon_core.environment:checking '/home/isshadd/INF3995-102/robot/gazebo2/install/ros_gz_example_description/lib/pkgconfig/ros_gz_example_description.pc'
[0.657s] Level 1:colcon.colcon_core.environment:checking '/home/isshadd/INF3995-102/robot/gazebo2/install/ros_gz_example_description/lib/python3.10/site-packages'
[0.657s] Level 1:colcon.colcon_core.environment:checking '/home/isshadd/INF3995-102/robot/gazebo2/install/ros_gz_example_description/bin'
[0.657s] INFO:colcon.colcon_core.shell:Creating package script '/home/isshadd/INF3995-102/robot/gazebo2/install/ros_gz_example_description/share/ros_gz_example_description/package.ps1'
[0.658s] INFO:colcon.colcon_core.shell:Creating package descriptor '/home/isshadd/INF3995-102/robot/gazebo2/install/ros_gz_example_description/share/ros_gz_example_description/package.dsv'
[0.659s] INFO:colcon.colcon_core.shell:Creating package script '/home/isshadd/INF3995-102/robot/gazebo2/install/ros_gz_example_description/share/ros_gz_example_description/package.sh'
[0.660s] INFO:colcon.colcon_core.shell:Creating package script '/home/isshadd/INF3995-102/robot/gazebo2/install/ros_gz_example_description/share/ros_gz_example_description/package.bash'
[0.661s] INFO:colcon.colcon_core.shell:Creating package script '/home/isshadd/INF3995-102/robot/gazebo2/install/ros_gz_example_description/share/ros_gz_example_description/package.zsh'
[0.661s] Level 1:colcon.colcon_core.environment:create_file_with_runtime_dependencies(/home/isshadd/INF3995-102/robot/gazebo2/install/ros_gz_example_description/share/colcon-core/packages/ros_gz_example_description)
[0.662s] INFO:colcon.colcon_ros.task.ament_cmake.build:Building ROS package in '/home/isshadd/INF3995-102/robot/gazebo2/src/ros_gz_example_gazebo' with build type 'ament_cmake'
[0.662s] INFO:colcon.colcon_cmake.task.cmake.build:Building CMake package in '/home/isshadd/INF3995-102/robot/gazebo2/src/ros_gz_example_gazebo'
[0.663s] INFO:colcon.colcon_core.shell:Skip shell extension 'powershell' for command environment: Not usable outside of PowerShell
[0.663s] DEBUG:colcon.colcon_core.shell:Skip shell extension 'dsv' for command environment
[0.671s] Level 1:colcon.colcon_core.environment:create_environment_scripts_only(ros_gz_example_application)
[0.672s] Level 1:colcon.colcon_core.environment:checking '/home/isshadd/INF3995-102/robot/gazebo2/install/ros_gz_example_application' for CMake module files
[0.674s] DEBUG:colcon.colcon_core.event_handler.log_command:Invoked command in '/home/isshadd/INF3995-102/robot/gazebo2/build/ros_gz_example_application' returned '0': CMAKE_PREFIX_PATH=${CMAKE_PREFIX_PATH}:/home/isshadd/INF3995-102/robot/install/voice_control:/home/isshadd/INF3995-102/robot/install/identification:/home/isshadd/INF3995-102/robot/install/control:/home/isshadd/INF3995-102/robot/install/communication:/opt/ros/humble /usr/bin/cmake --install /home/isshadd/INF3995-102/robot/gazebo2/build/ros_gz_example_application
[0.675s] Level 1:colcon.colcon_core.environment:checking '/home/isshadd/INF3995-102/robot/gazebo2/install/ros_gz_example_application' for CMake config files
[0.675s] Level 1:colcon.colcon_core.shell:create_environment_hook('ros_gz_example_application', 'cmake_prefix_path')
[0.676s] INFO:colcon.colcon_core.shell:Creating environment hook '/home/isshadd/INF3995-102/robot/gazebo2/install/ros_gz_example_application/share/ros_gz_example_application/hook/cmake_prefix_path.ps1'
[0.679s] INFO:colcon.colcon_core.shell:Creating environment descriptor '/home/isshadd/INF3995-102/robot/gazebo2/install/ros_gz_example_application/share/ros_gz_example_application/hook/cmake_prefix_path.dsv'
[0.680s] INFO:colcon.colcon_core.shell:Creating environment hook '/home/isshadd/INF3995-102/robot/gazebo2/install/ros_gz_example_application/share/ros_gz_example_application/hook/cmake_prefix_path.sh'
[0.682s] Level 1:colcon.colcon_core.environment:checking '/home/isshadd/INF3995-102/robot/gazebo2/install/ros_gz_example_application/bin'
[0.682s] Level 1:colcon.colcon_core.environment:checking '/home/isshadd/INF3995-102/robot/gazebo2/install/ros_gz_example_application/lib/pkgconfig/ros_gz_example_application.pc'
[0.683s] Level 1:colcon.colcon_core.environment:checking '/home/isshadd/INF3995-102/robot/gazebo2/install/ros_gz_example_application/lib/python3.10/site-packages'
[0.683s] Level 1:colcon.colcon_core.environment:checking '/home/isshadd/INF3995-102/robot/gazebo2/install/ros_gz_example_application/bin'
[0.683s] INFO:colcon.colcon_core.shell:Creating package script '/home/isshadd/INF3995-102/robot/gazebo2/install/ros_gz_example_application/share/ros_gz_example_application/package.ps1'
[0.684s] INFO:colcon.colcon_core.shell:Creating package descriptor '/home/isshadd/INF3995-102/robot/gazebo2/install/ros_gz_example_application/share/ros_gz_example_application/package.dsv'
[0.685s] INFO:colcon.colcon_core.shell:Creating package script '/home/isshadd/INF3995-102/robot/gazebo2/install/ros_gz_example_application/share/ros_gz_example_application/package.sh'
[0.688s] INFO:colcon.colcon_core.shell:Creating package script '/home/isshadd/INF3995-102/robot/gazebo2/install/ros_gz_example_application/share/ros_gz_example_application/package.bash'
[0.690s] INFO:colcon.colcon_core.shell:Creating package script '/home/isshadd/INF3995-102/robot/gazebo2/install/ros_gz_example_application/share/ros_gz_example_application/package.zsh'
[0.692s] Level 1:colcon.colcon_core.environment:create_file_with_runtime_dependencies(/home/isshadd/INF3995-102/robot/gazebo2/install/ros_gz_example_application/share/colcon-core/packages/ros_gz_example_application)
[0.693s] Level 1:colcon.colcon_core.environment:create_environment_scripts_only(ros_gz_example_application)
[0.694s] Level 1:colcon.colcon_core.environment:checking '/home/isshadd/INF3995-102/robot/gazebo2/install/ros_gz_example_application' for CMake module files
[0.694s] Level 1:colcon.colcon_core.environment:checking '/home/isshadd/INF3995-102/robot/gazebo2/install/ros_gz_example_application' for CMake config files
[0.695s] Level 1:colcon.colcon_core.shell:create_environment_hook('ros_gz_example_application', 'cmake_prefix_path')
[0.695s] INFO:colcon.colcon_core.shell:Creating environment hook '/home/isshadd/INF3995-102/robot/gazebo2/install/ros_gz_example_application/share/ros_gz_example_application/hook/cmake_prefix_path.ps1'
[0.696s] INFO:colcon.colcon_core.shell:Creating environment descriptor '/home/isshadd/INF3995-102/robot/gazebo2/install/ros_gz_example_application/share/ros_gz_example_application/hook/cmake_prefix_path.dsv'
[0.697s] INFO:colcon.colcon_core.shell:Creating environment hook '/home/isshadd/INF3995-102/robot/gazebo2/install/ros_gz_example_application/share/ros_gz_example_application/hook/cmake_prefix_path.sh'
[0.701s] Level 1:colcon.colcon_core.environment:checking '/home/isshadd/INF3995-102/robot/gazebo2/install/ros_gz_example_application/bin'
[0.705s] Level 1:colcon.colcon_core.environment:checking '/home/isshadd/INF3995-102/robot/gazebo2/install/ros_gz_example_application/lib/pkgconfig/ros_gz_example_application.pc'
[0.707s] Level 1:colcon.colcon_core.environment:checking '/home/isshadd/INF3995-102/robot/gazebo2/install/ros_gz_example_application/lib/python3.10/site-packages'
[0.708s] Level 1:colcon.colcon_core.environment:checking '/home/isshadd/INF3995-102/robot/gazebo2/install/ros_gz_example_application/bin'
[0.711s] INFO:colcon.colcon_core.shell:Creating package script '/home/isshadd/INF3995-102/robot/gazebo2/install/ros_gz_example_application/share/ros_gz_example_application/package.ps1'
[0.714s] INFO:colcon.colcon_core.shell:Creating package descriptor '/home/isshadd/INF3995-102/robot/gazebo2/install/ros_gz_example_application/share/ros_gz_example_application/package.dsv'
[0.716s] INFO:colcon.colcon_core.shell:Creating package script '/home/isshadd/INF3995-102/robot/gazebo2/install/ros_gz_example_application/share/ros_gz_example_application/package.sh'
[0.718s] INFO:colcon.colcon_core.shell:Creating package script '/home/isshadd/INF3995-102/robot/gazebo2/install/ros_gz_example_application/share/ros_gz_example_application/package.bash'
[0.722s] INFO:colcon.colcon_core.shell:Creating package script '/home/isshadd/INF3995-102/robot/gazebo2/install/ros_gz_example_application/share/ros_gz_example_application/package.zsh'
[0.723s] Level 1:colcon.colcon_core.environment:create_file_with_runtime_dependencies(/home/isshadd/INF3995-102/robot/gazebo2/install/ros_gz_example_application/share/colcon-core/packages/ros_gz_example_application)
[0.733s] DEBUG:colcon.colcon_core.event_handler.log_command:Invoking command in '/home/isshadd/INF3995-102/robot/gazebo2/build/ros_gz_example_gazebo': CMAKE_PREFIX_PATH=/home/isshadd/INF3995-102/robot/gazebo2/install/ros_gz_example_description:/home/isshadd/INF3995-102/robot/gazebo2/install/ros_gz_example_bringup:/home/isshadd/INF3995-102/robot/gazebo2/install/ros_gz_example_gazebo:/home/isshadd/INF3995-102/robot/gazebo2/install/ros_gz_example_application:/home/isshadd/INF3995-102/robot/install/ros_gz_example_bringup:/home/isshadd/INF3995-102/robot/install/ros_gz_example_gazebo:/home/isshadd/INF3995-102/robot/install/ros_gz_example_description:/home/isshadd/INF3995-102/robot/install/ros_gz_example_application:/home/isshadd/INF3995-102/robot/install/robot:/home/isshadd/INF3995-102/robot/install/limo_bringup:/home/isshadd/INF3995-102/robot/install/limo_msgs:/home/isshadd/INF3995-102/robot/install/limo_description:/home/isshadd/INF3995-102/robot/install/voice_control:/home/isshadd/INF3995-102/robot/install/identification:/home/isshadd/INF3995-102/robot/install/control:/home/isshadd/INF3995-102/robot/install/communication:/opt/ros/humble IGN_GAZEBO_RESOURCE_PATH=/home/isshadd/INF3995-102/robot/gazebo2/install/ros_gz_example_description/share/ros_gz_example_description/models:${IGN_GAZEBO_RESOURCE_PATH} /usr/bin/cmake --build /home/isshadd/INF3995-102/robot/gazebo2/build/ros_gz_example_gazebo -- -j8 -l8
[0.783s] DEBUG:colcon.colcon_core.event_handler.log_command:Invoked command in '/home/isshadd/INF3995-102/robot/gazebo2/build/ros_gz_example_gazebo' returned '0': CMAKE_PREFIX_PATH=/home/isshadd/INF3995-102/robot/gazebo2/install/ros_gz_example_description:/home/isshadd/INF3995-102/robot/gazebo2/install/ros_gz_example_bringup:/home/isshadd/INF3995-102/robot/gazebo2/install/ros_gz_example_gazebo:/home/isshadd/INF3995-102/robot/gazebo2/install/ros_gz_example_application:/home/isshadd/INF3995-102/robot/install/ros_gz_example_bringup:/home/isshadd/INF3995-102/robot/install/ros_gz_example_gazebo:/home/isshadd/INF3995-102/robot/install/ros_gz_example_description:/home/isshadd/INF3995-102/robot/install/ros_gz_example_application:/home/isshadd/INF3995-102/robot/install/robot:/home/isshadd/INF3995-102/robot/install/limo_bringup:/home/isshadd/INF3995-102/robot/install/limo_msgs:/home/isshadd/INF3995-102/robot/install/limo_description:/home/isshadd/INF3995-102/robot/install/voice_control:/home/isshadd/INF3995-102/robot/install/identification:/home/isshadd/INF3995-102/robot/install/control:/home/isshadd/INF3995-102/robot/install/communication:/opt/ros/humble IGN_GAZEBO_RESOURCE_PATH=/home/isshadd/INF3995-102/robot/gazebo2/install/ros_gz_example_description/share/ros_gz_example_description/models:${IGN_GAZEBO_RESOURCE_PATH} /usr/bin/cmake --build /home/isshadd/INF3995-102/robot/gazebo2/build/ros_gz_example_gazebo -- -j8 -l8
[0.787s] DEBUG:colcon.colcon_core.event_handler.log_command:Invoking command in '/home/isshadd/INF3995-102/robot/gazebo2/build/ros_gz_example_gazebo': CMAKE_PREFIX_PATH=/home/isshadd/INF3995-102/robot/gazebo2/install/ros_gz_example_description:/home/isshadd/INF3995-102/robot/gazebo2/install/ros_gz_example_bringup:/home/isshadd/INF3995-102/robot/gazebo2/install/ros_gz_example_gazebo:/home/isshadd/INF3995-102/robot/gazebo2/install/ros_gz_example_application:/home/isshadd/INF3995-102/robot/install/ros_gz_example_bringup:/home/isshadd/INF3995-102/robot/install/ros_gz_example_gazebo:/home/isshadd/INF3995-102/robot/install/ros_gz_example_description:/home/isshadd/INF3995-102/robot/install/ros_gz_example_application:/home/isshadd/INF3995-102/robot/install/robot:/home/isshadd/INF3995-102/robot/install/limo_bringup:/home/isshadd/INF3995-102/robot/install/limo_msgs:/home/isshadd/INF3995-102/robot/install/limo_description:/home/isshadd/INF3995-102/robot/install/voice_control:/home/isshadd/INF3995-102/robot/install/identification:/home/isshadd/INF3995-102/robot/install/control:/home/isshadd/INF3995-102/robot/install/communication:/opt/ros/humble IGN_GAZEBO_RESOURCE_PATH=/home/isshadd/INF3995-102/robot/gazebo2/install/ros_gz_example_description/share/ros_gz_example_description/models:${IGN_GAZEBO_RESOURCE_PATH} /usr/bin/cmake --install /home/isshadd/INF3995-102/robot/gazebo2/build/ros_gz_example_gazebo
[0.800s] Level 1:colcon.colcon_core.environment:create_environment_scripts_only(ros_gz_example_gazebo)
[0.801s] Level 1:colcon.colcon_core.environment:checking '/home/isshadd/INF3995-102/robot/gazebo2/install/ros_gz_example_gazebo' for CMake module files
[0.802s] DEBUG:colcon.colcon_core.event_handler.log_command:Invoked command in '/home/isshadd/INF3995-102/robot/gazebo2/build/ros_gz_example_gazebo' returned '0': CMAKE_PREFIX_PATH=/home/isshadd/INF3995-102/robot/gazebo2/install/ros_gz_example_description:/home/isshadd/INF3995-102/robot/gazebo2/install/ros_gz_example_bringup:/home/isshadd/INF3995-102/robot/gazebo2/install/ros_gz_example_gazebo:/home/isshadd/INF3995-102/robot/gazebo2/install/ros_gz_example_application:/home/isshadd/INF3995-102/robot/install/ros_gz_example_bringup:/home/isshadd/INF3995-102/robot/install/ros_gz_example_gazebo:/home/isshadd/INF3995-102/robot/install/ros_gz_example_description:/home/isshadd/INF3995-102/robot/install/ros_gz_example_application:/home/isshadd/INF3995-102/robot/install/robot:/home/isshadd/INF3995-102/robot/install/limo_bringup:/home/isshadd/INF3995-102/robot/install/limo_msgs:/home/isshadd/INF3995-102/robot/install/limo_description:/home/isshadd/INF3995-102/robot/install/voice_control:/home/isshadd/INF3995-102/robot/install/identification:/home/isshadd/INF3995-102/robot/install/control:/home/isshadd/INF3995-102/robot/install/communication:/opt/ros/humble IGN_GAZEBO_RESOURCE_PATH=/home/isshadd/INF3995-102/robot/gazebo2/install/ros_gz_example_description/share/ros_gz_example_description/models:${IGN_GAZEBO_RESOURCE_PATH} /usr/bin/cmake --install /home/isshadd/INF3995-102/robot/gazebo2/build/ros_gz_example_gazebo
[0.803s] Level 1:colcon.colcon_core.environment:checking '/home/isshadd/INF3995-102/robot/gazebo2/install/ros_gz_example_gazebo' for CMake config files
[0.803s] Level 1:colcon.colcon_core.shell:create_environment_hook('ros_gz_example_gazebo', 'cmake_prefix_path')
[0.803s] INFO:colcon.colcon_core.shell:Creating environment hook '/home/isshadd/INF3995-102/robot/gazebo2/install/ros_gz_example_gazebo/share/ros_gz_example_gazebo/hook/cmake_prefix_path.ps1'
[0.805s] INFO:colcon.colcon_core.shell:Creating environment descriptor '/home/isshadd/INF3995-102/robot/gazebo2/install/ros_gz_example_gazebo/share/ros_gz_example_gazebo/hook/cmake_prefix_path.dsv'
[0.806s] INFO:colcon.colcon_core.shell:Creating environment hook '/home/isshadd/INF3995-102/robot/gazebo2/install/ros_gz_example_gazebo/share/ros_gz_example_gazebo/hook/cmake_prefix_path.sh'
[0.809s] Level 1:colcon.colcon_core.environment:checking '/home/isshadd/INF3995-102/robot/gazebo2/install/ros_gz_example_gazebo/bin'
[0.809s] Level 1:colcon.colcon_core.environment:checking '/home/isshadd/INF3995-102/robot/gazebo2/install/ros_gz_example_gazebo/lib/pkgconfig/ros_gz_example_gazebo.pc'
[0.809s] Level 1:colcon.colcon_core.environment:checking '/home/isshadd/INF3995-102/robot/gazebo2/install/ros_gz_example_gazebo/lib/python3.10/site-packages'
[0.810s] Level 1:colcon.colcon_core.environment:checking '/home/isshadd/INF3995-102/robot/gazebo2/install/ros_gz_example_gazebo/bin'
[0.811s] INFO:colcon.colcon_core.shell:Creating package script '/home/isshadd/INF3995-102/robot/gazebo2/install/ros_gz_example_gazebo/share/ros_gz_example_gazebo/package.ps1'
[0.812s] INFO:colcon.colcon_core.shell:Creating package descriptor '/home/isshadd/INF3995-102/robot/gazebo2/install/ros_gz_example_gazebo/share/ros_gz_example_gazebo/package.dsv'
[0.814s] INFO:colcon.colcon_core.shell:Creating package script '/home/isshadd/INF3995-102/robot/gazebo2/install/ros_gz_example_gazebo/share/ros_gz_example_gazebo/package.sh'
[0.815s] INFO:colcon.colcon_core.shell:Creating package script '/home/isshadd/INF3995-102/robot/gazebo2/install/ros_gz_example_gazebo/share/ros_gz_example_gazebo/package.bash'
[0.821s] INFO:colcon.colcon_core.shell:Creating package script '/home/isshadd/INF3995-102/robot/gazebo2/install/ros_gz_example_gazebo/share/ros_gz_example_gazebo/package.zsh'
[0.823s] Level 1:colcon.colcon_core.environment:create_file_with_runtime_dependencies(/home/isshadd/INF3995-102/robot/gazebo2/install/ros_gz_example_gazebo/share/colcon-core/packages/ros_gz_example_gazebo)
[0.823s] Level 1:colcon.colcon_core.environment:create_environment_scripts_only(ros_gz_example_gazebo)
[0.824s] Level 1:colcon.colcon_core.environment:checking '/home/isshadd/INF3995-102/robot/gazebo2/install/ros_gz_example_gazebo' for CMake module files
[0.824s] Level 1:colcon.colcon_core.environment:checking '/home/isshadd/INF3995-102/robot/gazebo2/install/ros_gz_example_gazebo' for CMake config files
[0.824s] Level 1:colcon.colcon_core.shell:create_environment_hook('ros_gz_example_gazebo', 'cmake_prefix_path')
[0.824s] INFO:colcon.colcon_core.shell:Creating environment hook '/home/isshadd/INF3995-102/robot/gazebo2/install/ros_gz_example_gazebo/share/ros_gz_example_gazebo/hook/cmake_prefix_path.ps1'
[0.825s] INFO:colcon.colcon_core.shell:Creating environment descriptor '/home/isshadd/INF3995-102/robot/gazebo2/install/ros_gz_example_gazebo/share/ros_gz_example_gazebo/hook/cmake_prefix_path.dsv'
[0.826s] INFO:colcon.colcon_core.shell:Creating environment hook '/home/isshadd/INF3995-102/robot/gazebo2/install/ros_gz_example_gazebo/share/ros_gz_example_gazebo/hook/cmake_prefix_path.sh'
[0.827s] Level 1:colcon.colcon_core.environment:checking '/home/isshadd/INF3995-102/robot/gazebo2/install/ros_gz_example_gazebo/bin'
[0.827s] Level 1:colcon.colcon_core.environment:checking '/home/isshadd/INF3995-102/robot/gazebo2/install/ros_gz_example_gazebo/lib/pkgconfig/ros_gz_example_gazebo.pc'
[0.827s] Level 1:colcon.colcon_core.environment:checking '/home/isshadd/INF3995-102/robot/gazebo2/install/ros_gz_example_gazebo/lib/python3.10/site-packages'
[0.827s] Level 1:colcon.colcon_core.environment:checking '/home/isshadd/INF3995-102/robot/gazebo2/install/ros_gz_example_gazebo/bin'
[0.828s] INFO:colcon.colcon_core.shell:Creating package script '/home/isshadd/INF3995-102/robot/gazebo2/install/ros_gz_example_gazebo/share/ros_gz_example_gazebo/package.ps1'
[0.828s] INFO:colcon.colcon_core.shell:Creating package descriptor '/home/isshadd/INF3995-102/robot/gazebo2/install/ros_gz_example_gazebo/share/ros_gz_example_gazebo/package.dsv'
[0.829s] INFO:colcon.colcon_core.shell:Creating package script '/home/isshadd/INF3995-102/robot/gazebo2/install/ros_gz_example_gazebo/share/ros_gz_example_gazebo/package.sh'
[0.830s] INFO:colcon.colcon_core.shell:Creating package script '/home/isshadd/INF3995-102/robot/gazebo2/install/ros_gz_example_gazebo/share/ros_gz_example_gazebo/package.bash'
[0.831s] INFO:colcon.colcon_core.shell:Creating package script '/home/isshadd/INF3995-102/robot/gazebo2/install/ros_gz_example_gazebo/share/ros_gz_example_gazebo/package.zsh'
[0.833s] Level 1:colcon.colcon_core.environment:create_file_with_runtime_dependencies(/home/isshadd/INF3995-102/robot/gazebo2/install/ros_gz_example_gazebo/share/colcon-core/packages/ros_gz_example_gazebo)
[0.834s] INFO:colcon.colcon_ros.task.ament_cmake.build:Building ROS package in '/home/isshadd/INF3995-102/robot/gazebo2/src/ros_gz_example_bringup' with build type 'ament_cmake'
[0.835s] INFO:colcon.colcon_cmake.task.cmake.build:Building CMake package in '/home/isshadd/INF3995-102/robot/gazebo2/src/ros_gz_example_bringup'
[0.835s] INFO:colcon.colcon_core.shell:Skip shell extension 'powershell' for command environment: Not usable outside of PowerShell
[0.835s] DEBUG:colcon.colcon_core.shell:Skip shell extension 'dsv' for command environment
[0.955s] DEBUG:colcon.colcon_core.event_handler.log_command:Invoking command in '/home/isshadd/INF3995-102/robot/gazebo2/build/ros_gz_example_bringup': CMAKE_PREFIX_PATH=/home/isshadd/INF3995-102/robot/gazebo2/install/ros_gz_example_gazebo:/home/isshadd/INF3995-102/robot/gazebo2/install/ros_gz_example_description:/home/isshadd/INF3995-102/robot/gazebo2/install/ros_gz_example_bringup:/home/isshadd/INF3995-102/robot/gazebo2/install/ros_gz_example_application:/home/isshadd/INF3995-102/robot/install/ros_gz_example_bringup:/home/isshadd/INF3995-102/robot/install/ros_gz_example_gazebo:/home/isshadd/INF3995-102/robot/install/ros_gz_example_description:/home/isshadd/INF3995-102/robot/install/ros_gz_example_application:/home/isshadd/INF3995-102/robot/install/robot:/home/isshadd/INF3995-102/robot/install/limo_bringup:/home/isshadd/INF3995-102/robot/install/limo_msgs:/home/isshadd/INF3995-102/robot/install/limo_description:/home/isshadd/INF3995-102/robot/install/voice_control:/home/isshadd/INF3995-102/robot/install/identification:/home/isshadd/INF3995-102/robot/install/control:/home/isshadd/INF3995-102/robot/install/communication:/opt/ros/humble IGN_GAZEBO_PLUGIN_PATH=/home/isshadd/INF3995-102/robot/gazebo2/install/ros_gz_example_gazebo/lib/ros_gz_example_gazebo IGN_GAZEBO_RESOURCE_PATH=/home/isshadd/INF3995-102/robot/gazebo2/install/ros_gz_example_description/share/ros_gz_example_description/models:${IGN_GAZEBO_RESOURCE_PATH} /usr/bin/cmake --build /home/isshadd/INF3995-102/robot/gazebo2/build/ros_gz_example_bringup -- -j8 -l8
[1.008s] DEBUG:colcon.colcon_core.event_handler.log_command:Invoked command in '/home/isshadd/INF3995-102/robot/gazebo2/build/ros_gz_example_bringup' returned '0': CMAKE_PREFIX_PATH=/home/isshadd/INF3995-102/robot/gazebo2/install/ros_gz_example_gazebo:/home/isshadd/INF3995-102/robot/gazebo2/install/ros_gz_example_description:/home/isshadd/INF3995-102/robot/gazebo2/install/ros_gz_example_bringup:/home/isshadd/INF3995-102/robot/gazebo2/install/ros_gz_example_application:/home/isshadd/INF3995-102/robot/install/ros_gz_example_bringup:/home/isshadd/INF3995-102/robot/install/ros_gz_example_gazebo:/home/isshadd/INF3995-102/robot/install/ros_gz_example_description:/home/isshadd/INF3995-102/robot/install/ros_gz_example_application:/home/isshadd/INF3995-102/robot/install/robot:/home/isshadd/INF3995-102/robot/install/limo_bringup:/home/isshadd/INF3995-102/robot/install/limo_msgs:/home/isshadd/INF3995-102/robot/install/limo_description:/home/isshadd/INF3995-102/robot/install/voice_control:/home/isshadd/INF3995-102/robot/install/identification:/home/isshadd/INF3995-102/robot/install/control:/home/isshadd/INF3995-102/robot/install/communication:/opt/ros/humble IGN_GAZEBO_PLUGIN_PATH=/home/isshadd/INF3995-102/robot/gazebo2/install/ros_gz_example_gazebo/lib/ros_gz_example_gazebo IGN_GAZEBO_RESOURCE_PATH=/home/isshadd/INF3995-102/robot/gazebo2/install/ros_gz_example_description/share/ros_gz_example_description/models:${IGN_GAZEBO_RESOURCE_PATH} /usr/bin/cmake --build /home/isshadd/INF3995-102/robot/gazebo2/build/ros_gz_example_bringup -- -j8 -l8
[1.013s] DEBUG:colcon.colcon_core.event_handler.log_command:Invoking command in '/home/isshadd/INF3995-102/robot/gazebo2/build/ros_gz_example_bringup': CMAKE_PREFIX_PATH=/home/isshadd/INF3995-102/robot/gazebo2/install/ros_gz_example_gazebo:/home/isshadd/INF3995-102/robot/gazebo2/install/ros_gz_example_description:/home/isshadd/INF3995-102/robot/gazebo2/install/ros_gz_example_bringup:/home/isshadd/INF3995-102/robot/gazebo2/install/ros_gz_example_application:/home/isshadd/INF3995-102/robot/install/ros_gz_example_bringup:/home/isshadd/INF3995-102/robot/install/ros_gz_example_gazebo:/home/isshadd/INF3995-102/robot/install/ros_gz_example_description:/home/isshadd/INF3995-102/robot/install/ros_gz_example_application:/home/isshadd/INF3995-102/robot/install/robot:/home/isshadd/INF3995-102/robot/install/limo_bringup:/home/isshadd/INF3995-102/robot/install/limo_msgs:/home/isshadd/INF3995-102/robot/install/limo_description:/home/isshadd/INF3995-102/robot/install/voice_control:/home/isshadd/INF3995-102/robot/install/identification:/home/isshadd/INF3995-102/robot/install/control:/home/isshadd/INF3995-102/robot/install/communication:/opt/ros/humble IGN_GAZEBO_PLUGIN_PATH=/home/isshadd/INF3995-102/robot/gazebo2/install/ros_gz_example_gazebo/lib/ros_gz_example_gazebo IGN_GAZEBO_RESOURCE_PATH=/home/isshadd/INF3995-102/robot/gazebo2/install/ros_gz_example_description/share/ros_gz_example_description/models:${IGN_GAZEBO_RESOURCE_PATH} /usr/bin/cmake --install /home/isshadd/INF3995-102/robot/gazebo2/build/ros_gz_example_bringup
[1.029s] Level 1:colcon.colcon_core.environment:create_environment_scripts_only(ros_gz_example_bringup)
[1.030s] Level 1:colcon.colcon_core.environment:checking '/home/isshadd/INF3995-102/robot/gazebo2/install/ros_gz_example_bringup' for CMake module files
[1.031s] DEBUG:colcon.colcon_core.event_handler.log_command:Invoked command in '/home/isshadd/INF3995-102/robot/gazebo2/build/ros_gz_example_bringup' returned '0': CMAKE_PREFIX_PATH=/home/isshadd/INF3995-102/robot/gazebo2/install/ros_gz_example_gazebo:/home/isshadd/INF3995-102/robot/gazebo2/install/ros_gz_example_description:/home/isshadd/INF3995-102/robot/gazebo2/install/ros_gz_example_bringup:/home/isshadd/INF3995-102/robot/gazebo2/install/ros_gz_example_application:/home/isshadd/INF3995-102/robot/install/ros_gz_example_bringup:/home/isshadd/INF3995-102/robot/install/ros_gz_example_gazebo:/home/isshadd/INF3995-102/robot/install/ros_gz_example_description:/home/isshadd/INF3995-102/robot/install/ros_gz_example_application:/home/isshadd/INF3995-102/robot/install/robot:/home/isshadd/INF3995-102/robot/install/limo_bringup:/home/isshadd/INF3995-102/robot/install/limo_msgs:/home/isshadd/INF3995-102/robot/install/limo_description:/home/isshadd/INF3995-102/robot/install/voice_control:/home/isshadd/INF3995-102/robot/install/identification:/home/isshadd/INF3995-102/robot/install/control:/home/isshadd/INF3995-102/robot/install/communication:/opt/ros/humble IGN_GAZEBO_PLUGIN_PATH=/home/isshadd/INF3995-102/robot/gazebo2/install/ros_gz_example_gazebo/lib/ros_gz_example_gazebo IGN_GAZEBO_RESOURCE_PATH=/home/isshadd/INF3995-102/robot/gazebo2/install/ros_gz_example_description/share/ros_gz_example_description/models:${IGN_GAZEBO_RESOURCE_PATH} /usr/bin/cmake --install /home/isshadd/INF3995-102/robot/gazebo2/build/ros_gz_example_bringup
[1.032s] Level 1:colcon.colcon_core.environment:checking '/home/isshadd/INF3995-102/robot/gazebo2/install/ros_gz_example_bringup' for CMake config files
[1.033s] Level 1:colcon.colcon_core.shell:create_environment_hook('ros_gz_example_bringup', 'cmake_prefix_path')
[1.034s] INFO:colcon.colcon_core.shell:Creating environment hook '/home/isshadd/INF3995-102/robot/gazebo2/install/ros_gz_example_bringup/share/ros_gz_example_bringup/hook/cmake_prefix_path.ps1'
[1.038s] INFO:colcon.colcon_core.shell:Creating environment descriptor '/home/isshadd/INF3995-102/robot/gazebo2/install/ros_gz_example_bringup/share/ros_gz_example_bringup/hook/cmake_prefix_path.dsv'
[1.039s] INFO:colcon.colcon_core.shell:Creating environment hook '/home/isshadd/INF3995-102/robot/gazebo2/install/ros_gz_example_bringup/share/ros_gz_example_bringup/hook/cmake_prefix_path.sh'
[1.040s] Level 1:colcon.colcon_core.environment:checking '/home/isshadd/INF3995-102/robot/gazebo2/install/ros_gz_example_bringup/bin'
[1.041s] Level 1:colcon.colcon_core.environment:checking '/home/isshadd/INF3995-102/robot/gazebo2/install/ros_gz_example_bringup/lib/pkgconfig/ros_gz_example_bringup.pc'
[1.041s] Level 1:colcon.colcon_core.environment:checking '/home/isshadd/INF3995-102/robot/gazebo2/install/ros_gz_example_bringup/lib/python3.10/site-packages'
[1.041s] Level 1:colcon.colcon_core.environment:checking '/home/isshadd/INF3995-102/robot/gazebo2/install/ros_gz_example_bringup/bin'
[1.042s] INFO:colcon.colcon_core.shell:Creating package script '/home/isshadd/INF3995-102/robot/gazebo2/install/ros_gz_example_bringup/share/ros_gz_example_bringup/package.ps1'
[1.042s] INFO:colcon.colcon_core.shell:Creating package descriptor '/home/isshadd/INF3995-102/robot/gazebo2/install/ros_gz_example_bringup/share/ros_gz_example_bringup/package.dsv'
[1.045s] INFO:colcon.colcon_core.shell:Creating package script '/home/isshadd/INF3995-102/robot/gazebo2/install/ros_gz_example_bringup/share/ros_gz_example_bringup/package.sh'
[1.046s] INFO:colcon.colcon_core.shell:Creating package script '/home/isshadd/INF3995-102/robot/gazebo2/install/ros_gz_example_bringup/share/ros_gz_example_bringup/package.bash'
[1.047s] INFO:colcon.colcon_core.shell:Creating package script '/home/isshadd/INF3995-102/robot/gazebo2/install/ros_gz_example_bringup/share/ros_gz_example_bringup/package.zsh'
[1.048s] Level 1:colcon.colcon_core.environment:create_file_with_runtime_dependencies(/home/isshadd/INF3995-102/robot/gazebo2/install/ros_gz_example_bringup/share/colcon-core/packages/ros_gz_example_bringup)
[1.050s] Level 1:colcon.colcon_core.environment:create_environment_scripts_only(ros_gz_example_bringup)
[1.050s] Level 1:colcon.colcon_core.environment:checking '/home/isshadd/INF3995-102/robot/gazebo2/install/ros_gz_example_bringup' for CMake module files
[1.051s] Level 1:colcon.colcon_core.environment:checking '/home/isshadd/INF3995-102/robot/gazebo2/install/ros_gz_example_bringup' for CMake config files
[1.051s] Level 1:colcon.colcon_core.shell:create_environment_hook('ros_gz_example_bringup', 'cmake_prefix_path')
[1.052s] INFO:colcon.colcon_core.shell:Creating environment hook '/home/isshadd/INF3995-102/robot/gazebo2/install/ros_gz_example_bringup/share/ros_gz_example_bringup/hook/cmake_prefix_path.ps1'
[1.053s] INFO:colcon.colcon_core.shell:Creating environment descriptor '/home/isshadd/INF3995-102/robot/gazebo2/install/ros_gz_example_bringup/share/ros_gz_example_bringup/hook/cmake_prefix_path.dsv'
[1.054s] INFO:colcon.colcon_core.shell:Creating environment hook '/home/isshadd/INF3995-102/robot/gazebo2/install/ros_gz_example_bringup/share/ros_gz_example_bringup/hook/cmake_prefix_path.sh'
[1.056s] Level 1:colcon.colcon_core.environment:checking '/home/isshadd/INF3995-102/robot/gazebo2/install/ros_gz_example_bringup/bin'
[1.056s] Level 1:colcon.colcon_core.environment:checking '/home/isshadd/INF3995-102/robot/gazebo2/install/ros_gz_example_bringup/lib/pkgconfig/ros_gz_example_bringup.pc'
[1.057s] Level 1:colcon.colcon_core.environment:checking '/home/isshadd/INF3995-102/robot/gazebo2/install/ros_gz_example_bringup/lib/python3.10/site-packages'
[1.057s] Level 1:colcon.colcon_core.environment:checking '/home/isshadd/INF3995-102/robot/gazebo2/install/ros_gz_example_bringup/bin'
[1.058s] INFO:colcon.colcon_core.shell:Creating package script '/home/isshadd/INF3995-102/robot/gazebo2/install/ros_gz_example_bringup/share/ros_gz_example_bringup/package.ps1'
[1.059s] INFO:colcon.colcon_core.shell:Creating package descriptor '/home/isshadd/INF3995-102/robot/gazebo2/install/ros_gz_example_bringup/share/ros_gz_example_bringup/package.dsv'
[1.060s] INFO:colcon.colcon_core.shell:Creating package script '/home/isshadd/INF3995-102/robot/gazebo2/install/ros_gz_example_bringup/share/ros_gz_example_bringup/package.sh'
[1.062s] INFO:colcon.colcon_core.shell:Creating package script '/home/isshadd/INF3995-102/robot/gazebo2/install/ros_gz_example_bringup/share/ros_gz_example_bringup/package.bash'
[1.086s] INFO:colcon.colcon_core.shell:Creating package script '/home/isshadd/INF3995-102/robot/gazebo2/install/ros_gz_example_bringup/share/ros_gz_example_bringup/package.zsh'
[1.087s] Level 1:colcon.colcon_core.environment:create_file_with_runtime_dependencies(/home/isshadd/INF3995-102/robot/gazebo2/install/ros_gz_example_bringup/share/colcon-core/packages/ros_gz_example_bringup)
[1.087s] DEBUG:colcon.colcon_parallel_executor.executor.parallel:closing loop
[1.088s] DEBUG:colcon.colcon_parallel_executor.executor.parallel:loop closed
[1.088s] DEBUG:colcon.colcon_parallel_executor.executor.parallel:run_until_complete finished with '0'
[1.088s] DEBUG:colcon.colcon_core.event_reactor:joining thread
[1.140s] INFO:colcon.colcon_core.plugin_system:Skipping extension 'colcon_notification.desktop_notification.notify_send': Could not find 'notify-send'
[1.140s] INFO:colcon.colcon_core.plugin_system:Skipping extension 'colcon_notification.desktop_notification.terminal_notifier': Not used on non-Darwin systems
[1.141s] INFO:colcon.colcon_core.plugin_system:Skipping extension 'colcon_notification.desktop_notification.win32': Not used on non-Windows systems
[1.141s] INFO:colcon.colcon_notification.desktop_notification:Sending desktop notification using 'notify2'
[1.141s] DEBUG:colcon.colcon_notification.desktop_notification.notify2:Failed to initialize notify2: org.freedesktop.DBus.Error.FileNotFound: Failed to connect to socket /run/user/1000/bus: No such file or directory
[1.141s] DEBUG:colcon.colcon_core.event_reactor:joined thread
[1.142s] INFO:colcon.colcon_core.shell:Creating prefix script '/home/isshadd/INF3995-102/robot/gazebo2/install/local_setup.ps1'
[1.146s] INFO:colcon.colcon_core.shell:Creating prefix util module '/home/isshadd/INF3995-102/robot/gazebo2/install/_local_setup_util_ps1.py'
[1.149s] INFO:colcon.colcon_core.shell:Creating prefix chain script '/home/isshadd/INF3995-102/robot/gazebo2/install/setup.ps1'
[1.151s] INFO:colcon.colcon_core.shell:Creating prefix script '/home/isshadd/INF3995-102/robot/gazebo2/install/local_setup.sh'
[1.153s] INFO:colcon.colcon_core.shell:Creating prefix util module '/home/isshadd/INF3995-102/robot/gazebo2/install/_local_setup_util_sh.py'
[1.154s] INFO:colcon.colcon_core.shell:Creating prefix chain script '/home/isshadd/INF3995-102/robot/gazebo2/install/setup.sh'
[1.156s] INFO:colcon.colcon_core.shell:Creating prefix script '/home/isshadd/INF3995-102/robot/gazebo2/install/local_setup.bash'
[1.157s] INFO:colcon.colcon_core.shell:Creating prefix chain script '/home/isshadd/INF3995-102/robot/gazebo2/install/setup.bash'
[1.160s] INFO:colcon.colcon_core.shell:Creating prefix script '/home/isshadd/INF3995-102/robot/gazebo2/install/local_setup.zsh'
[1.162s] INFO:colcon.colcon_core.shell:Creating prefix chain script '/home/isshadd/INF3995-102/robot/gazebo2/install/setup.zsh'
