[0.405s] DEBUG:colcon:Command line arguments: ['/usr/local/bin/colcon', 'build', '--cmake-args', '-DBUILD_TESTING=ON']
[0.405s] DEBUG:colcon:Parsed command line arguments: Namespace(log_base=None, log_level=None, verb_name='build', build_base='build', install_base='install', merge_install=False, symlink_install=False, test_result_base=None, continue_on_error=False, executor='parallel', parallel_workers=12, event_handlers=None, ignore_user_meta=False, metas=['./colcon.meta'], base_paths=['.'], packages_ignore=None, packages_ignore_regex=None, paths=None, packages_up_to=None, packages_up_to_regex=None, packages_above=None, packages_above_and_dependencies=None, packages_above_depth=None, packages_select_by_dep=None, packages_skip_by_dep=None, packages_skip_up_to=None, packages_select_build_failed=False, packages_skip_build_finished=False, packages_select_test_failures=False, packages_skip_test_passed=False, packages_select=None, packages_skip=None, packages_select_regex=None, packages_skip_regex=None, packages_start=None, packages_end=None, cmake_args=['-DBUILD_TESTING=ON'], cmake_target=None, cmake_target_skip_unavailable=False, cmake_clean_cache=False, cmake_clean_first=False, cmake_force_configure=False, ament_cmake_args=None, catkin_cmake_args=None, catkin_skip_building_tests=False, verb_parser=<colcon_defaults.argument_parser.defaults.DefaultArgumentsDecorator object at 0x7f83a488cdc0>, verb_extension=<colcon_core.verb.build.BuildVerb object at 0x7f83a488c8b0>, main=<bound method BuildVerb.main of <colcon_core.verb.build.BuildVerb object at 0x7f83a488c8b0>>)
[0.673s] Level 1:colcon.colcon_core.package_discovery:discover_packages(colcon_meta) check parameters
[0.673s] Level 1:colcon.colcon_core.package_discovery:discover_packages(recursive) check parameters
[0.673s] Level 1:colcon.colcon_core.package_discovery:discover_packages(ignore) check parameters
[0.673s] Level 1:colcon.colcon_core.package_discovery:discover_packages(path) check parameters
[0.674s] Level 1:colcon.colcon_core.package_discovery:discover_packages(colcon_meta) discover
[0.674s] Level 1:colcon.colcon_core.package_discovery:discover_packages(recursive) discover
[0.674s] INFO:colcon.colcon_core.package_discovery:Crawling recursively for packages in '/home/kylor/INF3995-102/robot'
[0.674s] Level 1:colcon.colcon_core.package_identification:_identify(.) by extensions ['ignore', 'ignore_ament_install']
[0.674s] Level 1:colcon.colcon_core.package_identification:_identify(.) by extension 'ignore'
[0.674s] Level 1:colcon.colcon_core.package_identification:_identify(.) by extension 'ignore_ament_install'
[0.674s] Level 1:colcon.colcon_core.package_identification:_identify(.) by extensions ['colcon_pkg']
[0.674s] Level 1:colcon.colcon_core.package_identification:_identify(.) by extension 'colcon_pkg'
[0.674s] Level 1:colcon.colcon_core.package_identification:_identify(.) by extensions ['colcon_meta']
[0.674s] Level 1:colcon.colcon_core.package_identification:_identify(.) by extension 'colcon_meta'
[0.674s] Level 1:colcon.colcon_core.package_identification:_identify(.) by extensions ['ros']
[0.674s] Level 1:colcon.colcon_core.package_identification:_identify(.) by extension 'ros'
[0.691s] Level 1:colcon.colcon_core.package_identification:_identify(.) by extensions ['cmake', 'python']
[0.691s] Level 1:colcon.colcon_core.package_identification:_identify(.) by extension 'cmake'
[0.691s] Level 1:colcon.colcon_core.package_identification:_identify(.) by extension 'python'
[0.691s] Level 1:colcon.colcon_core.package_identification:_identify(.) by extensions ['python_setup_py']
[0.691s] Level 1:colcon.colcon_core.package_identification:_identify(.) by extension 'python_setup_py'
[0.691s] Level 1:colcon.colcon_core.package_identification:_identify(build) by extensions ['ignore', 'ignore_ament_install']
[0.691s] Level 1:colcon.colcon_core.package_identification:_identify(build) by extension 'ignore'
[0.691s] Level 1:colcon.colcon_core.package_identification:_identify(build) ignored
[0.691s] Level 1:colcon.colcon_core.package_identification:_identify(install) by extensions ['ignore', 'ignore_ament_install']
[0.691s] Level 1:colcon.colcon_core.package_identification:_identify(install) by extension 'ignore'
[0.691s] Level 1:colcon.colcon_core.package_identification:_identify(install) ignored
[0.692s] Level 1:colcon.colcon_core.package_identification:_identify(log) by extensions ['ignore', 'ignore_ament_install']
[0.692s] Level 1:colcon.colcon_core.package_identification:_identify(log) by extension 'ignore'
[0.692s] Level 1:colcon.colcon_core.package_identification:_identify(log) ignored
[0.692s] Level 1:colcon.colcon_core.package_identification:_identify(src) by extensions ['ignore', 'ignore_ament_install']
[0.692s] Level 1:colcon.colcon_core.package_identification:_identify(src) by extension 'ignore'
[0.692s] Level 1:colcon.colcon_core.package_identification:_identify(src) by extension 'ignore_ament_install'
[0.692s] Level 1:colcon.colcon_core.package_identification:_identify(src) by extensions ['colcon_pkg']
[0.692s] Level 1:colcon.colcon_core.package_identification:_identify(src) by extension 'colcon_pkg'
[0.692s] Level 1:colcon.colcon_core.package_identification:_identify(src) by extensions ['colcon_meta']
[0.692s] Level 1:colcon.colcon_core.package_identification:_identify(src) by extension 'colcon_meta'
[0.692s] Level 1:colcon.colcon_core.package_identification:_identify(src) by extensions ['ros']
[0.692s] Level 1:colcon.colcon_core.package_identification:_identify(src) by extension 'ros'
[0.692s] Level 1:colcon.colcon_core.package_identification:_identify(src) by extensions ['cmake', 'python']
[0.692s] Level 1:colcon.colcon_core.package_identification:_identify(src) by extension 'cmake'
[0.692s] Level 1:colcon.colcon_core.package_identification:_identify(src) by extension 'python'
[0.692s] Level 1:colcon.colcon_core.package_identification:_identify(src) by extensions ['python_setup_py']
[0.692s] Level 1:colcon.colcon_core.package_identification:_identify(src) by extension 'python_setup_py'
[0.693s] Level 1:colcon.colcon_core.package_identification:_identify(src/build) by extensions ['ignore', 'ignore_ament_install']
[0.693s] Level 1:colcon.colcon_core.package_identification:_identify(src/build) by extension 'ignore'
[0.693s] Level 1:colcon.colcon_core.package_identification:_identify(src/build) ignored
[0.693s] Level 1:colcon.colcon_core.package_identification:_identify(src/install) by extensions ['ignore', 'ignore_ament_install']
[0.693s] Level 1:colcon.colcon_core.package_identification:_identify(src/install) by extension 'ignore'
[0.693s] Level 1:colcon.colcon_core.package_identification:_identify(src/install) ignored
[0.693s] Level 1:colcon.colcon_core.package_identification:_identify(src/log) by extensions ['ignore', 'ignore_ament_install']
[0.693s] Level 1:colcon.colcon_core.package_identification:_identify(src/log) by extension 'ignore'
[0.693s] Level 1:colcon.colcon_core.package_identification:_identify(src/log) ignored
[0.693s] Level 1:colcon.colcon_core.package_identification:_identify(src/ros_gz_example_application) by extensions ['ignore', 'ignore_ament_install']
[0.693s] Level 1:colcon.colcon_core.package_identification:_identify(src/ros_gz_example_application) by extension 'ignore'
[0.693s] Level 1:colcon.colcon_core.package_identification:_identify(src/ros_gz_example_application) by extension 'ignore_ament_install'
[0.693s] Level 1:colcon.colcon_core.package_identification:_identify(src/ros_gz_example_application) by extensions ['colcon_pkg']
[0.693s] Level 1:colcon.colcon_core.package_identification:_identify(src/ros_gz_example_application) by extension 'colcon_pkg'
[0.694s] Level 1:colcon.colcon_core.package_identification:_identify(src/ros_gz_example_application) by extensions ['colcon_meta']
[0.694s] Level 1:colcon.colcon_core.package_identification:_identify(src/ros_gz_example_application) by extension 'colcon_meta'
[0.694s] Level 1:colcon.colcon_core.package_identification:_identify(src/ros_gz_example_application) by extensions ['ros']
[0.694s] Level 1:colcon.colcon_core.package_identification:_identify(src/ros_gz_example_application) by extension 'ros'
[0.697s] DEBUG:colcon.colcon_core.package_identification:Package 'src/ros_gz_example_application' with type 'ros.ament_cmake' and name 'ros_gz_example_application'
[0.697s] Level 1:colcon.colcon_core.package_identification:_identify(src/ros_gz_example_bringup) by extensions ['ignore', 'ignore_ament_install']
[0.697s] Level 1:colcon.colcon_core.package_identification:_identify(src/ros_gz_example_bringup) by extension 'ignore'
[0.697s] Level 1:colcon.colcon_core.package_identification:_identify(src/ros_gz_example_bringup) by extension 'ignore_ament_install'
[0.697s] Level 1:colcon.colcon_core.package_identification:_identify(src/ros_gz_example_bringup) by extensions ['colcon_pkg']
[0.697s] Level 1:colcon.colcon_core.package_identification:_identify(src/ros_gz_example_bringup) by extension 'colcon_pkg'
[0.697s] Level 1:colcon.colcon_core.package_identification:_identify(src/ros_gz_example_bringup) by extensions ['colcon_meta']
[0.697s] Level 1:colcon.colcon_core.package_identification:_identify(src/ros_gz_example_bringup) by extension 'colcon_meta'
[0.697s] Level 1:colcon.colcon_core.package_identification:_identify(src/ros_gz_example_bringup) by extensions ['ros']
[0.697s] Level 1:colcon.colcon_core.package_identification:_identify(src/ros_gz_example_bringup) by extension 'ros'
[0.699s] DEBUG:colcon.colcon_core.package_identification:Package 'src/ros_gz_example_bringup' with type 'ros.ament_cmake' and name 'ros_gz_example_bringup'
[0.699s] Level 1:colcon.colcon_core.package_identification:_identify(src/ros_gz_example_description) by extensions ['ignore', 'ignore_ament_install']
[0.699s] Level 1:colcon.colcon_core.package_identification:_identify(src/ros_gz_example_description) by extension 'ignore'
[0.699s] Level 1:colcon.colcon_core.package_identification:_identify(src/ros_gz_example_description) by extension 'ignore_ament_install'
[0.699s] Level 1:colcon.colcon_core.package_identification:_identify(src/ros_gz_example_description) by extensions ['colcon_pkg']
[0.699s] Level 1:colcon.colcon_core.package_identification:_identify(src/ros_gz_example_description) by extension 'colcon_pkg'
[0.699s] Level 1:colcon.colcon_core.package_identification:_identify(src/ros_gz_example_description) by extensions ['colcon_meta']
[0.699s] Level 1:colcon.colcon_core.package_identification:_identify(src/ros_gz_example_description) by extension 'colcon_meta'
[0.699s] Level 1:colcon.colcon_core.package_identification:_identify(src/ros_gz_example_description) by extensions ['ros']
[0.699s] Level 1:colcon.colcon_core.package_identification:_identify(src/ros_gz_example_description) by extension 'ros'
[0.700s] DEBUG:colcon.colcon_core.package_identification:Package 'src/ros_gz_example_description' with type 'ros.ament_cmake' and name 'ros_gz_example_description'
[0.700s] Level 1:colcon.colcon_core.package_identification:_identify(src/ros_gz_example_gazebo) by extensions ['ignore', 'ignore_ament_install']
[0.700s] Level 1:colcon.colcon_core.package_identification:_identify(src/ros_gz_example_gazebo) by extension 'ignore'
[0.700s] Level 1:colcon.colcon_core.package_identification:_identify(src/ros_gz_example_gazebo) by extension 'ignore_ament_install'
[0.700s] Level 1:colcon.colcon_core.package_identification:_identify(src/ros_gz_example_gazebo) by extensions ['colcon_pkg']
[0.700s] Level 1:colcon.colcon_core.package_identification:_identify(src/ros_gz_example_gazebo) by extension 'colcon_pkg'
[0.700s] Level 1:colcon.colcon_core.package_identification:_identify(src/ros_gz_example_gazebo) by extensions ['colcon_meta']
[0.700s] Level 1:colcon.colcon_core.package_identification:_identify(src/ros_gz_example_gazebo) by extension 'colcon_meta'
[0.700s] Level 1:colcon.colcon_core.package_identification:_identify(src/ros_gz_example_gazebo) by extensions ['ros']
[0.700s] Level 1:colcon.colcon_core.package_identification:_identify(src/ros_gz_example_gazebo) by extension 'ros'
[0.701s] DEBUG:colcon.colcon_core.package_identification:Package 'src/ros_gz_example_gazebo' with type 'ros.ament_cmake' and name 'ros_gz_example_gazebo'
[0.701s] Level 1:colcon.colcon_core.package_discovery:discover_packages(recursive) using defaults
[0.701s] Level 1:colcon.colcon_core.package_discovery:discover_packages(ignore) discover
[0.701s] Level 1:colcon.colcon_core.package_discovery:discover_packages(ignore) using defaults
[0.701s] Level 1:colcon.colcon_core.package_discovery:discover_packages(path) discover
[0.701s] Level 1:colcon.colcon_core.package_discovery:discover_packages(path) using defaults
[0.735s] Level 5:colcon.colcon_core.verb:set package 'ros_gz_example_application' build argument 'cmake_args' from command line to '['-DBUILD_TESTING=ON']'
[0.735s] Level 5:colcon.colcon_core.verb:set package 'ros_gz_example_application' build argument 'cmake_target' from command line to 'None'
[0.735s] Level 5:colcon.colcon_core.verb:set package 'ros_gz_example_application' build argument 'cmake_target_skip_unavailable' from command line to 'False'
[0.735s] Level 5:colcon.colcon_core.verb:set package 'ros_gz_example_application' build argument 'cmake_clean_cache' from command line to 'False'
[0.735s] Level 5:colcon.colcon_core.verb:set package 'ros_gz_example_application' build argument 'cmake_clean_first' from command line to 'False'
[0.735s] Level 5:colcon.colcon_core.verb:set package 'ros_gz_example_application' build argument 'cmake_force_configure' from command line to 'False'
[0.735s] Level 5:colcon.colcon_core.verb:set package 'ros_gz_example_application' build argument 'ament_cmake_args' from command line to 'None'
[0.735s] Level 5:colcon.colcon_core.verb:set package 'ros_gz_example_application' build argument 'catkin_cmake_args' from command line to 'None'
[0.735s] Level 5:colcon.colcon_core.verb:set package 'ros_gz_example_application' build argument 'catkin_skip_building_tests' from command line to 'False'
[0.735s] DEBUG:colcon.colcon_core.verb:Building package 'ros_gz_example_application' with the following arguments: {'ament_cmake_args': None, 'build_base': '/home/kylor/INF3995-102/robot/build/ros_gz_example_application', 'catkin_cmake_args': None, 'catkin_skip_building_tests': False, 'cmake_args': ['-DBUILD_TESTING=ON'], 'cmake_clean_cache': False, 'cmake_clean_first': False, 'cmake_force_configure': False, 'cmake_target': None, 'cmake_target_skip_unavailable': False, 'install_base': '/home/kylor/INF3995-102/robot/install/ros_gz_example_application', 'merge_install': False, 'path': '/home/kylor/INF3995-102/robot/src/ros_gz_example_application', 'symlink_install': False, 'test_result_base': None}
[0.736s] Level 5:colcon.colcon_core.verb:set package 'ros_gz_example_description' build argument 'cmake_args' from command line to '['-DBUILD_TESTING=ON']'
[0.736s] Level 5:colcon.colcon_core.verb:set package 'ros_gz_example_description' build argument 'cmake_target' from command line to 'None'
[0.736s] Level 5:colcon.colcon_core.verb:set package 'ros_gz_example_description' build argument 'cmake_target_skip_unavailable' from command line to 'False'
[0.736s] Level 5:colcon.colcon_core.verb:set package 'ros_gz_example_description' build argument 'cmake_clean_cache' from command line to 'False'
[0.736s] Level 5:colcon.colcon_core.verb:set package 'ros_gz_example_description' build argument 'cmake_clean_first' from command line to 'False'
[0.736s] Level 5:colcon.colcon_core.verb:set package 'ros_gz_example_description' build argument 'cmake_force_configure' from command line to 'False'
[0.736s] Level 5:colcon.colcon_core.verb:set package 'ros_gz_example_description' build argument 'ament_cmake_args' from command line to 'None'
[0.736s] Level 5:colcon.colcon_core.verb:set package 'ros_gz_example_description' build argument 'catkin_cmake_args' from command line to 'None'
[0.736s] Level 5:colcon.colcon_core.verb:set package 'ros_gz_example_description' build argument 'catkin_skip_building_tests' from command line to 'False'
[0.736s] DEBUG:colcon.colcon_core.verb:Building package 'ros_gz_example_description' with the following arguments: {'ament_cmake_args': None, 'build_base': '/home/kylor/INF3995-102/robot/build/ros_gz_example_description', 'catkin_cmake_args': None, 'catkin_skip_building_tests': False, 'cmake_args': ['-DBUILD_TESTING=ON'], 'cmake_clean_cache': False, 'cmake_clean_first': False, 'cmake_force_configure': False, 'cmake_target': None, 'cmake_target_skip_unavailable': False, 'install_base': '/home/kylor/INF3995-102/robot/install/ros_gz_example_description', 'merge_install': False, 'path': '/home/kylor/INF3995-102/robot/src/ros_gz_example_description', 'symlink_install': False, 'test_result_base': None}
[0.737s] Level 5:colcon.colcon_core.verb:set package 'ros_gz_example_gazebo' build argument 'cmake_args' from command line to '['-DBUILD_TESTING=ON']'
[0.737s] Level 5:colcon.colcon_core.verb:set package 'ros_gz_example_gazebo' build argument 'cmake_target' from command line to 'None'
[0.737s] Level 5:colcon.colcon_core.verb:set package 'ros_gz_example_gazebo' build argument 'cmake_target_skip_unavailable' from command line to 'False'
[0.737s] Level 5:colcon.colcon_core.verb:set package 'ros_gz_example_gazebo' build argument 'cmake_clean_cache' from command line to 'False'
[0.737s] Level 5:colcon.colcon_core.verb:set package 'ros_gz_example_gazebo' build argument 'cmake_clean_first' from command line to 'False'
[0.737s] Level 5:colcon.colcon_core.verb:set package 'ros_gz_example_gazebo' build argument 'cmake_force_configure' from command line to 'False'
[0.737s] Level 5:colcon.colcon_core.verb:set package 'ros_gz_example_gazebo' build argument 'ament_cmake_args' from command line to 'None'
[0.737s] Level 5:colcon.colcon_core.verb:set package 'ros_gz_example_gazebo' build argument 'catkin_cmake_args' from command line to 'None'
[0.737s] Level 5:colcon.colcon_core.verb:set package 'ros_gz_example_gazebo' build argument 'catkin_skip_building_tests' from command line to 'False'
[0.737s] DEBUG:colcon.colcon_core.verb:Building package 'ros_gz_example_gazebo' with the following arguments: {'ament_cmake_args': None, 'build_base': '/home/kylor/INF3995-102/robot/build/ros_gz_example_gazebo', 'catkin_cmake_args': None, 'catkin_skip_building_tests': False, 'cmake_args': ['-DBUILD_TESTING=ON'], 'cmake_clean_cache': False, 'cmake_clean_first': False, 'cmake_force_configure': False, 'cmake_target': None, 'cmake_target_skip_unavailable': False, 'install_base': '/home/kylor/INF3995-102/robot/install/ros_gz_example_gazebo', 'merge_install': False, 'path': '/home/kylor/INF3995-102/robot/src/ros_gz_example_gazebo', 'symlink_install': False, 'test_result_base': None}
[0.737s] Level 5:colcon.colcon_core.verb:set package 'ros_gz_example_bringup' build argument 'cmake_args' from command line to '['-DBUILD_TESTING=ON']'
[0.737s] Level 5:colcon.colcon_core.verb:set package 'ros_gz_example_bringup' build argument 'cmake_target' from command line to 'None'
[0.737s] Level 5:colcon.colcon_core.verb:set package 'ros_gz_example_bringup' build argument 'cmake_target_skip_unavailable' from command line to 'False'
[0.737s] Level 5:colcon.colcon_core.verb:set package 'ros_gz_example_bringup' build argument 'cmake_clean_cache' from command line to 'False'
[0.737s] Level 5:colcon.colcon_core.verb:set package 'ros_gz_example_bringup' build argument 'cmake_clean_first' from command line to 'False'
[0.737s] Level 5:colcon.colcon_core.verb:set package 'ros_gz_example_bringup' build argument 'cmake_force_configure' from command line to 'False'
[0.737s] Level 5:colcon.colcon_core.verb:set package 'ros_gz_example_bringup' build argument 'ament_cmake_args' from command line to 'None'
[0.737s] Level 5:colcon.colcon_core.verb:set package 'ros_gz_example_bringup' build argument 'catkin_cmake_args' from command line to 'None'
[0.737s] Level 5:colcon.colcon_core.verb:set package 'ros_gz_example_bringup' build argument 'catkin_skip_building_tests' from command line to 'False'
[0.737s] DEBUG:colcon.colcon_core.verb:Building package 'ros_gz_example_bringup' with the following arguments: {'ament_cmake_args': None, 'build_base': '/home/kylor/INF3995-102/robot/build/ros_gz_example_bringup', 'catkin_cmake_args': None, 'catkin_skip_building_tests': False, 'cmake_args': ['-DBUILD_TESTING=ON'], 'cmake_clean_cache': False, 'cmake_clean_first': False, 'cmake_force_configure': False, 'cmake_target': None, 'cmake_target_skip_unavailable': False, 'install_base': '/home/kylor/INF3995-102/robot/install/ros_gz_example_bringup', 'merge_install': False, 'path': '/home/kylor/INF3995-102/robot/src/ros_gz_example_bringup', 'symlink_install': False, 'test_result_base': None}
[0.738s] INFO:colcon.colcon_core.executor:Executing jobs using 'parallel' executor
[0.739s] DEBUG:colcon.colcon_parallel_executor.executor.parallel:run_until_complete
[0.739s] INFO:colcon.colcon_ros.task.ament_cmake.build:Building ROS package in '/home/kylor/INF3995-102/robot/src/ros_gz_example_description' with build type 'ament_cmake'
[0.739s] INFO:colcon.colcon_cmake.task.cmake.build:Building CMake package in '/home/kylor/INF3995-102/robot/src/ros_gz_example_description'
[0.745s] INFO:colcon.colcon_core.plugin_system:Skipping extension 'colcon_core.shell.bat': Not used on non-Windows systems
[0.745s] INFO:colcon.colcon_core.shell:Skip shell extension 'powershell' for command environment: Not usable outside of PowerShell
[0.745s] DEBUG:colcon.colcon_core.shell:Skip shell extension 'dsv' for command environment
[0.755s] INFO:colcon.colcon_ros.task.ament_cmake.build:Building ROS package in '/home/kylor/INF3995-102/robot/src/ros_gz_example_application' with build type 'ament_cmake'
[0.756s] INFO:colcon.colcon_cmake.task.cmake.build:Building CMake package in '/home/kylor/INF3995-102/robot/src/ros_gz_example_application'
[0.756s] INFO:colcon.colcon_core.shell:Skip shell extension 'powershell' for command environment: Not usable outside of PowerShell
[0.756s] DEBUG:colcon.colcon_core.shell:Skip shell extension 'dsv' for command environment
[0.771s] DEBUG:colcon.colcon_core.event_handler.log_command:Invoking command in '/home/kylor/INF3995-102/robot/build/ros_gz_example_description': CMAKE_PREFIX_PATH=${CMAKE_PREFIX_PATH}:/opt/ros/humble /usr/bin/cmake --build /home/kylor/INF3995-102/robot/build/ros_gz_example_description -- -j12 -l12
[0.776s] DEBUG:colcon.colcon_core.event_handler.log_command:Invoking command in '/home/kylor/INF3995-102/robot/build/ros_gz_example_application': CMAKE_PREFIX_PATH=${CMAKE_PREFIX_PATH}:/opt/ros/humble /usr/bin/cmake --build /home/kylor/INF3995-102/robot/build/ros_gz_example_application -- -j12 -l12
[1.203s] DEBUG:colcon.colcon_core.event_handler.log_command:Invoked command in '/home/kylor/INF3995-102/robot/build/ros_gz_example_application' returned '0': CMAKE_PREFIX_PATH=${CMAKE_PREFIX_PATH}:/opt/ros/humble /usr/bin/cmake --build /home/kylor/INF3995-102/robot/build/ros_gz_example_application -- -j12 -l12
[1.212s] DEBUG:colcon.colcon_core.event_handler.log_command:Invoking command in '/home/kylor/INF3995-102/robot/build/ros_gz_example_application': CMAKE_PREFIX_PATH=${CMAKE_PREFIX_PATH}:/opt/ros/humble /usr/bin/cmake --install /home/kylor/INF3995-102/robot/build/ros_gz_example_application
[1.213s] DEBUG:colcon.colcon_core.event_handler.log_command:Invoked command in '/home/kylor/INF3995-102/robot/build/ros_gz_example_description' returned '0': CMAKE_PREFIX_PATH=${CMAKE_PREFIX_PATH}:/opt/ros/humble /usr/bin/cmake --build /home/kylor/INF3995-102/robot/build/ros_gz_example_description -- -j12 -l12
[1.216s] DEBUG:colcon.colcon_core.event_handler.log_command:Invoking command in '/home/kylor/INF3995-102/robot/build/ros_gz_example_description': CMAKE_PREFIX_PATH=${CMAKE_PREFIX_PATH}:/opt/ros/humble /usr/bin/cmake --install /home/kylor/INF3995-102/robot/build/ros_gz_example_description
[1.226s] Level 1:colcon.colcon_core.environment:create_environment_scripts_only(ros_gz_example_application)
[1.227s] DEBUG:colcon.colcon_core.event_handler.log_command:Invoked command in '/home/kylor/INF3995-102/robot/build/ros_gz_example_application' returned '0': CMAKE_PREFIX_PATH=${CMAKE_PREFIX_PATH}:/opt/ros/humble /usr/bin/cmake --install /home/kylor/INF3995-102/robot/build/ros_gz_example_application
[1.233s] Level 1:colcon.colcon_core.environment:checking '/home/kylor/INF3995-102/robot/install/ros_gz_example_application' for CMake module files
[1.233s] Level 1:colcon.colcon_core.environment:checking '/home/kylor/INF3995-102/robot/install/ros_gz_example_application' for CMake config files
[1.234s] Level 1:colcon.colcon_core.shell:create_environment_hook('ros_gz_example_application', 'cmake_prefix_path')
[1.234s] INFO:colcon.colcon_core.shell:Creating environment hook '/home/kylor/INF3995-102/robot/install/ros_gz_example_application/share/ros_gz_example_application/hook/cmake_prefix_path.ps1'
[1.235s] INFO:colcon.colcon_core.shell:Creating environment descriptor '/home/kylor/INF3995-102/robot/install/ros_gz_example_application/share/ros_gz_example_application/hook/cmake_prefix_path.dsv'
[1.237s] INFO:colcon.colcon_core.shell:Creating environment hook '/home/kylor/INF3995-102/robot/install/ros_gz_example_application/share/ros_gz_example_application/hook/cmake_prefix_path.sh'
[1.239s] Level 1:colcon.colcon_core.environment:checking '/home/kylor/INF3995-102/robot/install/ros_gz_example_application/bin'
[1.239s] Level 1:colcon.colcon_core.environment:checking '/home/kylor/INF3995-102/robot/install/ros_gz_example_application/lib/pkgconfig/ros_gz_example_application.pc'
[1.240s] Level 1:colcon.colcon_core.environment:checking '/home/kylor/INF3995-102/robot/install/ros_gz_example_application/lib/python3.10/site-packages'
[1.241s] Level 1:colcon.colcon_core.environment:checking '/home/kylor/INF3995-102/robot/install/ros_gz_example_application/bin'
[1.241s] INFO:colcon.colcon_core.shell:Creating package script '/home/kylor/INF3995-102/robot/install/ros_gz_example_application/share/ros_gz_example_application/package.ps1'
[1.243s] INFO:colcon.colcon_core.shell:Creating package descriptor '/home/kylor/INF3995-102/robot/install/ros_gz_example_application/share/ros_gz_example_application/package.dsv'
[1.245s] INFO:colcon.colcon_core.shell:Creating package script '/home/kylor/INF3995-102/robot/install/ros_gz_example_application/share/ros_gz_example_application/package.sh'
[1.247s] INFO:colcon.colcon_core.shell:Creating package script '/home/kylor/INF3995-102/robot/install/ros_gz_example_application/share/ros_gz_example_application/package.bash'
[1.249s] INFO:colcon.colcon_core.shell:Creating package script '/home/kylor/INF3995-102/robot/install/ros_gz_example_application/share/ros_gz_example_application/package.zsh'
[1.251s] Level 1:colcon.colcon_core.environment:create_file_with_runtime_dependencies(/home/kylor/INF3995-102/robot/install/ros_gz_example_application/share/colcon-core/packages/ros_gz_example_application)
[1.252s] Level 1:colcon.colcon_core.environment:create_environment_scripts_only(ros_gz_example_application)
[1.252s] Level 1:colcon.colcon_core.environment:checking '/home/kylor/INF3995-102/robot/install/ros_gz_example_application' for CMake module files
[1.252s] Level 1:colcon.colcon_core.environment:checking '/home/kylor/INF3995-102/robot/install/ros_gz_example_application' for CMake config files
[1.253s] Level 1:colcon.colcon_core.shell:create_environment_hook('ros_gz_example_application', 'cmake_prefix_path')
[1.253s] INFO:colcon.colcon_core.shell:Creating environment hook '/home/kylor/INF3995-102/robot/install/ros_gz_example_application/share/ros_gz_example_application/hook/cmake_prefix_path.ps1'
[1.254s] INFO:colcon.colcon_core.shell:Creating environment descriptor '/home/kylor/INF3995-102/robot/install/ros_gz_example_application/share/ros_gz_example_application/hook/cmake_prefix_path.dsv'
[1.254s] INFO:colcon.colcon_core.shell:Creating environment hook '/home/kylor/INF3995-102/robot/install/ros_gz_example_application/share/ros_gz_example_application/hook/cmake_prefix_path.sh'
[1.255s] Level 1:colcon.colcon_core.environment:checking '/home/kylor/INF3995-102/robot/install/ros_gz_example_application/bin'
[1.255s] Level 1:colcon.colcon_core.environment:checking '/home/kylor/INF3995-102/robot/install/ros_gz_example_application/lib/pkgconfig/ros_gz_example_application.pc'
[1.256s] Level 1:colcon.colcon_core.environment:checking '/home/kylor/INF3995-102/robot/install/ros_gz_example_application/lib/python3.10/site-packages'
[1.256s] Level 1:colcon.colcon_core.environment:checking '/home/kylor/INF3995-102/robot/install/ros_gz_example_application/bin'
[1.256s] INFO:colcon.colcon_core.shell:Creating package script '/home/kylor/INF3995-102/robot/install/ros_gz_example_application/share/ros_gz_example_application/package.ps1'
[1.257s] INFO:colcon.colcon_core.shell:Creating package descriptor '/home/kylor/INF3995-102/robot/install/ros_gz_example_application/share/ros_gz_example_application/package.dsv'
[1.258s] INFO:colcon.colcon_core.shell:Creating package script '/home/kylor/INF3995-102/robot/install/ros_gz_example_application/share/ros_gz_example_application/package.sh'
[1.259s] INFO:colcon.colcon_core.shell:Creating package script '/home/kylor/INF3995-102/robot/install/ros_gz_example_application/share/ros_gz_example_application/package.bash'
[1.259s] INFO:colcon.colcon_core.shell:Creating package script '/home/kylor/INF3995-102/robot/install/ros_gz_example_application/share/ros_gz_example_application/package.zsh'
[1.260s] Level 1:colcon.colcon_core.environment:create_file_with_runtime_dependencies(/home/kylor/INF3995-102/robot/install/ros_gz_example_application/share/colcon-core/packages/ros_gz_example_application)
[1.439s] Level 1:colcon.colcon_core.environment:create_environment_scripts_only(ros_gz_example_description)
[1.439s] Level 1:colcon.colcon_core.environment:checking '/home/kylor/INF3995-102/robot/install/ros_gz_example_description' for CMake module files
[1.440s] DEBUG:colcon.colcon_core.event_handler.log_command:Invoked command in '/home/kylor/INF3995-102/robot/build/ros_gz_example_description' returned '0': CMAKE_PREFIX_PATH=${CMAKE_PREFIX_PATH}:/opt/ros/humble /usr/bin/cmake --install /home/kylor/INF3995-102/robot/build/ros_gz_example_description
[1.440s] Level 1:colcon.colcon_core.environment:checking '/home/kylor/INF3995-102/robot/install/ros_gz_example_description' for CMake config files
[1.440s] Level 1:colcon.colcon_core.shell:create_environment_hook('ros_gz_example_description', 'cmake_prefix_path')
[1.440s] INFO:colcon.colcon_core.shell:Creating environment hook '/home/kylor/INF3995-102/robot/install/ros_gz_example_description/share/ros_gz_example_description/hook/cmake_prefix_path.ps1'
[1.441s] INFO:colcon.colcon_core.shell:Creating environment descriptor '/home/kylor/INF3995-102/robot/install/ros_gz_example_description/share/ros_gz_example_description/hook/cmake_prefix_path.dsv'
[1.442s] INFO:colcon.colcon_core.shell:Creating environment hook '/home/kylor/INF3995-102/robot/install/ros_gz_example_description/share/ros_gz_example_description/hook/cmake_prefix_path.sh'
[1.443s] Level 1:colcon.colcon_core.environment:checking '/home/kylor/INF3995-102/robot/install/ros_gz_example_description/bin'
[1.443s] Level 1:colcon.colcon_core.environment:checking '/home/kylor/INF3995-102/robot/install/ros_gz_example_description/lib/pkgconfig/ros_gz_example_description.pc'
[1.443s] Level 1:colcon.colcon_core.environment:checking '/home/kylor/INF3995-102/robot/install/ros_gz_example_description/lib/python3.10/site-packages'
[1.444s] Level 1:colcon.colcon_core.environment:checking '/home/kylor/INF3995-102/robot/install/ros_gz_example_description/bin'
[1.444s] INFO:colcon.colcon_core.shell:Creating package script '/home/kylor/INF3995-102/robot/install/ros_gz_example_description/share/ros_gz_example_description/package.ps1'
[1.445s] INFO:colcon.colcon_core.shell:Creating package descriptor '/home/kylor/INF3995-102/robot/install/ros_gz_example_description/share/ros_gz_example_description/package.dsv'
[1.445s] INFO:colcon.colcon_core.shell:Creating package script '/home/kylor/INF3995-102/robot/install/ros_gz_example_description/share/ros_gz_example_description/package.sh'
[1.446s] INFO:colcon.colcon_core.shell:Creating package script '/home/kylor/INF3995-102/robot/install/ros_gz_example_description/share/ros_gz_example_description/package.bash'
[1.447s] INFO:colcon.colcon_core.shell:Creating package script '/home/kylor/INF3995-102/robot/install/ros_gz_example_description/share/ros_gz_example_description/package.zsh'
[1.447s] Level 1:colcon.colcon_core.environment:create_file_with_runtime_dependencies(/home/kylor/INF3995-102/robot/install/ros_gz_example_description/share/colcon-core/packages/ros_gz_example_description)
[1.448s] Level 1:colcon.colcon_core.environment:create_environment_scripts_only(ros_gz_example_description)
[1.448s] Level 1:colcon.colcon_core.environment:checking '/home/kylor/INF3995-102/robot/install/ros_gz_example_description' for CMake module files
[1.449s] Level 1:colcon.colcon_core.environment:checking '/home/kylor/INF3995-102/robot/install/ros_gz_example_description' for CMake config files
[1.449s] Level 1:colcon.colcon_core.shell:create_environment_hook('ros_gz_example_description', 'cmake_prefix_path')
[1.449s] INFO:colcon.colcon_core.shell:Creating environment hook '/home/kylor/INF3995-102/robot/install/ros_gz_example_description/share/ros_gz_example_description/hook/cmake_prefix_path.ps1'
[1.450s] INFO:colcon.colcon_core.shell:Creating environment descriptor '/home/kylor/INF3995-102/robot/install/ros_gz_example_description/share/ros_gz_example_description/hook/cmake_prefix_path.dsv'
[1.450s] INFO:colcon.colcon_core.shell:Creating environment hook '/home/kylor/INF3995-102/robot/install/ros_gz_example_description/share/ros_gz_example_description/hook/cmake_prefix_path.sh'
[1.451s] Level 1:colcon.colcon_core.environment:checking '/home/kylor/INF3995-102/robot/install/ros_gz_example_description/bin'
[1.451s] Level 1:colcon.colcon_core.environment:checking '/home/kylor/INF3995-102/robot/install/ros_gz_example_description/lib/pkgconfig/ros_gz_example_description.pc'
[1.452s] Level 1:colcon.colcon_core.environment:checking '/home/kylor/INF3995-102/robot/install/ros_gz_example_description/lib/python3.10/site-packages'
[1.452s] Level 1:colcon.colcon_core.environment:checking '/home/kylor/INF3995-102/robot/install/ros_gz_example_description/bin'
[1.452s] INFO:colcon.colcon_core.shell:Creating package script '/home/kylor/INF3995-102/robot/install/ros_gz_example_description/share/ros_gz_example_description/package.ps1'
[1.453s] INFO:colcon.colcon_core.shell:Creating package descriptor '/home/kylor/INF3995-102/robot/install/ros_gz_example_description/share/ros_gz_example_description/package.dsv'
[1.454s] INFO:colcon.colcon_core.shell:Creating package script '/home/kylor/INF3995-102/robot/install/ros_gz_example_description/share/ros_gz_example_description/package.sh'
[1.454s] INFO:colcon.colcon_core.shell:Creating package script '/home/kylor/INF3995-102/robot/install/ros_gz_example_description/share/ros_gz_example_description/package.bash'
[1.455s] INFO:colcon.colcon_core.shell:Creating package script '/home/kylor/INF3995-102/robot/install/ros_gz_example_description/share/ros_gz_example_description/package.zsh'
[1.456s] Level 1:colcon.colcon_core.environment:create_file_with_runtime_dependencies(/home/kylor/INF3995-102/robot/install/ros_gz_example_description/share/colcon-core/packages/ros_gz_example_description)
[1.456s] INFO:colcon.colcon_ros.task.ament_cmake.build:Building ROS package in '/home/kylor/INF3995-102/robot/src/ros_gz_example_gazebo' with build type 'ament_cmake'
[1.456s] INFO:colcon.colcon_cmake.task.cmake.build:Building CMake package in '/home/kylor/INF3995-102/robot/src/ros_gz_example_gazebo'
[1.457s] INFO:colcon.colcon_core.shell:Skip shell extension 'powershell' for command environment: Not usable outside of PowerShell
[1.457s] DEBUG:colcon.colcon_core.shell:Skip shell extension 'dsv' for command environment
[1.548s] DEBUG:colcon.colcon_core.event_handler.log_command:Invoking command in '/home/kylor/INF3995-102/robot/build/ros_gz_example_gazebo': CMAKE_PREFIX_PATH=/home/kylor/INF3995-102/robot/install/ros_gz_example_description:/home/kylor/INF3995-102/robot/install/ros_gz_example_bringup:/home/kylor/INF3995-102/robot/install/ros_gz_example_gazebo:/home/kylor/INF3995-102/robot/install/ros_gz_example_application:/opt/ros/humble IGN_GAZEBO_RESOURCE_PATH=/home/kylor/INF3995-102/robot/install/ros_gz_example_description/share/ros_gz_example_description/models:${IGN_GAZEBO_RESOURCE_PATH} /usr/bin/cmake --build /home/kylor/INF3995-102/robot/build/ros_gz_example_gazebo -- -j12 -l12
[17.869s] DEBUG:colcon.colcon_core.event_handler.log_command:Invoked command in '/home/kylor/INF3995-102/robot/build/ros_gz_example_gazebo' returned '0': CMAKE_PREFIX_PATH=/home/kylor/INF3995-102/robot/install/ros_gz_example_description:/home/kylor/INF3995-102/robot/install/ros_gz_example_bringup:/home/kylor/INF3995-102/robot/install/ros_gz_example_gazebo:/home/kylor/INF3995-102/robot/install/ros_gz_example_application:/opt/ros/humble IGN_GAZEBO_RESOURCE_PATH=/home/kylor/INF3995-102/robot/install/ros_gz_example_description/share/ros_gz_example_description/models:${IGN_GAZEBO_RESOURCE_PATH} /usr/bin/cmake --build /home/kylor/INF3995-102/robot/build/ros_gz_example_gazebo -- -j12 -l12
[17.871s] DEBUG:colcon.colcon_core.event_handler.log_command:Invoking command in '/home/kylor/INF3995-102/robot/build/ros_gz_example_gazebo': CMAKE_PREFIX_PATH=/home/kylor/INF3995-102/robot/install/ros_gz_example_description:/home/kylor/INF3995-102/robot/install/ros_gz_example_bringup:/home/kylor/INF3995-102/robot/install/ros_gz_example_gazebo:/home/kylor/INF3995-102/robot/install/ros_gz_example_application:/opt/ros/humble IGN_GAZEBO_RESOURCE_PATH=/home/kylor/INF3995-102/robot/install/ros_gz_example_description/share/ros_gz_example_description/models:${IGN_GAZEBO_RESOURCE_PATH} /usr/bin/cmake --install /home/kylor/INF3995-102/robot/build/ros_gz_example_gazebo
[17.881s] Level 1:colcon.colcon_core.environment:create_environment_scripts_only(ros_gz_example_gazebo)
[17.882s] DEBUG:colcon.colcon_core.event_handler.log_command:Invoked command in '/home/kylor/INF3995-102/robot/build/ros_gz_example_gazebo' returned '0': CMAKE_PREFIX_PATH=/home/kylor/INF3995-102/robot/install/ros_gz_example_description:/home/kylor/INF3995-102/robot/install/ros_gz_example_bringup:/home/kylor/INF3995-102/robot/install/ros_gz_example_gazebo:/home/kylor/INF3995-102/robot/install/ros_gz_example_application:/opt/ros/humble IGN_GAZEBO_RESOURCE_PATH=/home/kylor/INF3995-102/robot/install/ros_gz_example_description/share/ros_gz_example_description/models:${IGN_GAZEBO_RESOURCE_PATH} /usr/bin/cmake --install /home/kylor/INF3995-102/robot/build/ros_gz_example_gazebo
[17.882s] Level 1:colcon.colcon_core.environment:checking '/home/kylor/INF3995-102/robot/install/ros_gz_example_gazebo' for CMake module files
[17.883s] Level 1:colcon.colcon_core.environment:checking '/home/kylor/INF3995-102/robot/install/ros_gz_example_gazebo' for CMake config files
[17.883s] Level 1:colcon.colcon_core.shell:create_environment_hook('ros_gz_example_gazebo', 'cmake_prefix_path')
[17.883s] INFO:colcon.colcon_core.shell:Creating environment hook '/home/kylor/INF3995-102/robot/install/ros_gz_example_gazebo/share/ros_gz_example_gazebo/hook/cmake_prefix_path.ps1'
[17.884s] INFO:colcon.colcon_core.shell:Creating environment descriptor '/home/kylor/INF3995-102/robot/install/ros_gz_example_gazebo/share/ros_gz_example_gazebo/hook/cmake_prefix_path.dsv'
[17.885s] INFO:colcon.colcon_core.shell:Creating environment hook '/home/kylor/INF3995-102/robot/install/ros_gz_example_gazebo/share/ros_gz_example_gazebo/hook/cmake_prefix_path.sh'
[17.885s] Level 1:colcon.colcon_core.environment:checking '/home/kylor/INF3995-102/robot/install/ros_gz_example_gazebo/bin'
[17.885s] Level 1:colcon.colcon_core.environment:checking '/home/kylor/INF3995-102/robot/install/ros_gz_example_gazebo/lib/pkgconfig/ros_gz_example_gazebo.pc'
[17.886s] Level 1:colcon.colcon_core.environment:checking '/home/kylor/INF3995-102/robot/install/ros_gz_example_gazebo/lib/python3.10/site-packages'
[17.886s] Level 1:colcon.colcon_core.environment:checking '/home/kylor/INF3995-102/robot/install/ros_gz_example_gazebo/bin'
[17.886s] INFO:colcon.colcon_core.shell:Creating package script '/home/kylor/INF3995-102/robot/install/ros_gz_example_gazebo/share/ros_gz_example_gazebo/package.ps1'
[17.887s] INFO:colcon.colcon_core.shell:Creating package descriptor '/home/kylor/INF3995-102/robot/install/ros_gz_example_gazebo/share/ros_gz_example_gazebo/package.dsv'
[17.888s] INFO:colcon.colcon_core.shell:Creating package script '/home/kylor/INF3995-102/robot/install/ros_gz_example_gazebo/share/ros_gz_example_gazebo/package.sh'
[17.888s] INFO:colcon.colcon_core.shell:Creating package script '/home/kylor/INF3995-102/robot/install/ros_gz_example_gazebo/share/ros_gz_example_gazebo/package.bash'
[17.889s] INFO:colcon.colcon_core.shell:Creating package script '/home/kylor/INF3995-102/robot/install/ros_gz_example_gazebo/share/ros_gz_example_gazebo/package.zsh'
[17.890s] Level 1:colcon.colcon_core.environment:create_file_with_runtime_dependencies(/home/kylor/INF3995-102/robot/install/ros_gz_example_gazebo/share/colcon-core/packages/ros_gz_example_gazebo)
[17.890s] Level 1:colcon.colcon_core.environment:create_environment_scripts_only(ros_gz_example_gazebo)
[17.890s] Level 1:colcon.colcon_core.environment:checking '/home/kylor/INF3995-102/robot/install/ros_gz_example_gazebo' for CMake module files
[17.891s] Level 1:colcon.colcon_core.environment:checking '/home/kylor/INF3995-102/robot/install/ros_gz_example_gazebo' for CMake config files
[17.891s] Level 1:colcon.colcon_core.shell:create_environment_hook('ros_gz_example_gazebo', 'cmake_prefix_path')
[17.891s] INFO:colcon.colcon_core.shell:Creating environment hook '/home/kylor/INF3995-102/robot/install/ros_gz_example_gazebo/share/ros_gz_example_gazebo/hook/cmake_prefix_path.ps1'
[17.892s] INFO:colcon.colcon_core.shell:Creating environment descriptor '/home/kylor/INF3995-102/robot/install/ros_gz_example_gazebo/share/ros_gz_example_gazebo/hook/cmake_prefix_path.dsv'
[17.893s] INFO:colcon.colcon_core.shell:Creating environment hook '/home/kylor/INF3995-102/robot/install/ros_gz_example_gazebo/share/ros_gz_example_gazebo/hook/cmake_prefix_path.sh'
[17.893s] Level 1:colcon.colcon_core.environment:checking '/home/kylor/INF3995-102/robot/install/ros_gz_example_gazebo/bin'
[17.893s] Level 1:colcon.colcon_core.environment:checking '/home/kylor/INF3995-102/robot/install/ros_gz_example_gazebo/lib/pkgconfig/ros_gz_example_gazebo.pc'
[17.894s] Level 1:colcon.colcon_core.environment:checking '/home/kylor/INF3995-102/robot/install/ros_gz_example_gazebo/lib/python3.10/site-packages'
[17.894s] Level 1:colcon.colcon_core.environment:checking '/home/kylor/INF3995-102/robot/install/ros_gz_example_gazebo/bin'
[17.894s] INFO:colcon.colcon_core.shell:Creating package script '/home/kylor/INF3995-102/robot/install/ros_gz_example_gazebo/share/ros_gz_example_gazebo/package.ps1'
[17.895s] INFO:colcon.colcon_core.shell:Creating package descriptor '/home/kylor/INF3995-102/robot/install/ros_gz_example_gazebo/share/ros_gz_example_gazebo/package.dsv'
[17.896s] INFO:colcon.colcon_core.shell:Creating package script '/home/kylor/INF3995-102/robot/install/ros_gz_example_gazebo/share/ros_gz_example_gazebo/package.sh'
[17.896s] INFO:colcon.colcon_core.shell:Creating package script '/home/kylor/INF3995-102/robot/install/ros_gz_example_gazebo/share/ros_gz_example_gazebo/package.bash'
[17.897s] INFO:colcon.colcon_core.shell:Creating package script '/home/kylor/INF3995-102/robot/install/ros_gz_example_gazebo/share/ros_gz_example_gazebo/package.zsh'
[17.898s] Level 1:colcon.colcon_core.environment:create_file_with_runtime_dependencies(/home/kylor/INF3995-102/robot/install/ros_gz_example_gazebo/share/colcon-core/packages/ros_gz_example_gazebo)
[17.898s] INFO:colcon.colcon_ros.task.ament_cmake.build:Building ROS package in '/home/kylor/INF3995-102/robot/src/ros_gz_example_bringup' with build type 'ament_cmake'
[17.898s] INFO:colcon.colcon_cmake.task.cmake.build:Building CMake package in '/home/kylor/INF3995-102/robot/src/ros_gz_example_bringup'
[17.898s] INFO:colcon.colcon_core.shell:Skip shell extension 'powershell' for command environment: Not usable outside of PowerShell
[17.899s] DEBUG:colcon.colcon_core.shell:Skip shell extension 'dsv' for command environment
[18.072s] DEBUG:colcon.colcon_core.event_handler.log_command:Invoking command in '/home/kylor/INF3995-102/robot/build/ros_gz_example_bringup': CMAKE_PREFIX_PATH=/home/kylor/INF3995-102/robot/install/ros_gz_example_gazebo:/home/kylor/INF3995-102/robot/install/ros_gz_example_description:/home/kylor/INF3995-102/robot/install/ros_gz_example_bringup:/home/kylor/INF3995-102/robot/install/ros_gz_example_application:/opt/ros/humble IGN_GAZEBO_PLUGIN_PATH=/home/kylor/INF3995-102/robot/install/ros_gz_example_gazebo/lib/ros_gz_example_gazebo IGN_GAZEBO_RESOURCE_PATH=/home/kylor/INF3995-102/robot/install/ros_gz_example_description/share/ros_gz_example_description/models:${IGN_GAZEBO_RESOURCE_PATH} /usr/bin/cmake --build /home/kylor/INF3995-102/robot/build/ros_gz_example_bringup -- -j12 -l12
[18.308s] DEBUG:colcon.colcon_core.event_handler.log_command:Invoked command in '/home/kylor/INF3995-102/robot/build/ros_gz_example_bringup' returned '0': CMAKE_PREFIX_PATH=/home/kylor/INF3995-102/robot/install/ros_gz_example_gazebo:/home/kylor/INF3995-102/robot/install/ros_gz_example_description:/home/kylor/INF3995-102/robot/install/ros_gz_example_bringup:/home/kylor/INF3995-102/robot/install/ros_gz_example_application:/opt/ros/humble IGN_GAZEBO_PLUGIN_PATH=/home/kylor/INF3995-102/robot/install/ros_gz_example_gazebo/lib/ros_gz_example_gazebo IGN_GAZEBO_RESOURCE_PATH=/home/kylor/INF3995-102/robot/install/ros_gz_example_description/share/ros_gz_example_description/models:${IGN_GAZEBO_RESOURCE_PATH} /usr/bin/cmake --build /home/kylor/INF3995-102/robot/build/ros_gz_example_bringup -- -j12 -l12
[18.308s] DEBUG:colcon.colcon_core.event_handler.log_command:Invoking command in '/home/kylor/INF3995-102/robot/build/ros_gz_example_bringup': CMAKE_PREFIX_PATH=/home/kylor/INF3995-102/robot/install/ros_gz_example_gazebo:/home/kylor/INF3995-102/robot/install/ros_gz_example_description:/home/kylor/INF3995-102/robot/install/ros_gz_example_bringup:/home/kylor/INF3995-102/robot/install/ros_gz_example_application:/opt/ros/humble IGN_GAZEBO_PLUGIN_PATH=/home/kylor/INF3995-102/robot/install/ros_gz_example_gazebo/lib/ros_gz_example_gazebo IGN_GAZEBO_RESOURCE_PATH=/home/kylor/INF3995-102/robot/install/ros_gz_example_description/share/ros_gz_example_description/models:${IGN_GAZEBO_RESOURCE_PATH} /usr/bin/cmake --install /home/kylor/INF3995-102/robot/build/ros_gz_example_bringup
[18.320s] Level 1:colcon.colcon_core.environment:create_environment_scripts_only(ros_gz_example_bringup)
[18.320s] Level 1:colcon.colcon_core.environment:checking '/home/kylor/INF3995-102/robot/install/ros_gz_example_bringup' for CMake module files
[18.321s] DEBUG:colcon.colcon_core.event_handler.log_command:Invoked command in '/home/kylor/INF3995-102/robot/build/ros_gz_example_bringup' returned '0': CMAKE_PREFIX_PATH=/home/kylor/INF3995-102/robot/install/ros_gz_example_gazebo:/home/kylor/INF3995-102/robot/install/ros_gz_example_description:/home/kylor/INF3995-102/robot/install/ros_gz_example_bringup:/home/kylor/INF3995-102/robot/install/ros_gz_example_application:/opt/ros/humble IGN_GAZEBO_PLUGIN_PATH=/home/kylor/INF3995-102/robot/install/ros_gz_example_gazebo/lib/ros_gz_example_gazebo IGN_GAZEBO_RESOURCE_PATH=/home/kylor/INF3995-102/robot/install/ros_gz_example_description/share/ros_gz_example_description/models:${IGN_GAZEBO_RESOURCE_PATH} /usr/bin/cmake --install /home/kylor/INF3995-102/robot/build/ros_gz_example_bringup
[18.321s] Level 1:colcon.colcon_core.environment:checking '/home/kylor/INF3995-102/robot/install/ros_gz_example_bringup' for CMake config files
[18.321s] Level 1:colcon.colcon_core.shell:create_environment_hook('ros_gz_example_bringup', 'cmake_prefix_path')
[18.322s] INFO:colcon.colcon_core.shell:Creating environment hook '/home/kylor/INF3995-102/robot/install/ros_gz_example_bringup/share/ros_gz_example_bringup/hook/cmake_prefix_path.ps1'
[18.322s] INFO:colcon.colcon_core.shell:Creating environment descriptor '/home/kylor/INF3995-102/robot/install/ros_gz_example_bringup/share/ros_gz_example_bringup/hook/cmake_prefix_path.dsv'
[18.323s] INFO:colcon.colcon_core.shell:Creating environment hook '/home/kylor/INF3995-102/robot/install/ros_gz_example_bringup/share/ros_gz_example_bringup/hook/cmake_prefix_path.sh'
[18.324s] Level 1:colcon.colcon_core.environment:checking '/home/kylor/INF3995-102/robot/install/ros_gz_example_bringup/bin'
[18.324s] Level 1:colcon.colcon_core.environment:checking '/home/kylor/INF3995-102/robot/install/ros_gz_example_bringup/lib/pkgconfig/ros_gz_example_bringup.pc'
[18.324s] Level 1:colcon.colcon_core.environment:checking '/home/kylor/INF3995-102/robot/install/ros_gz_example_bringup/lib/python3.10/site-packages'
[18.324s] Level 1:colcon.colcon_core.environment:checking '/home/kylor/INF3995-102/robot/install/ros_gz_example_bringup/bin'
[18.324s] INFO:colcon.colcon_core.shell:Creating package script '/home/kylor/INF3995-102/robot/install/ros_gz_example_bringup/share/ros_gz_example_bringup/package.ps1'
[18.325s] INFO:colcon.colcon_core.shell:Creating package descriptor '/home/kylor/INF3995-102/robot/install/ros_gz_example_bringup/share/ros_gz_example_bringup/package.dsv'
[18.326s] INFO:colcon.colcon_core.shell:Creating package script '/home/kylor/INF3995-102/robot/install/ros_gz_example_bringup/share/ros_gz_example_bringup/package.sh'
[18.326s] INFO:colcon.colcon_core.shell:Creating package script '/home/kylor/INF3995-102/robot/install/ros_gz_example_bringup/share/ros_gz_example_bringup/package.bash'
[18.327s] INFO:colcon.colcon_core.shell:Creating package script '/home/kylor/INF3995-102/robot/install/ros_gz_example_bringup/share/ros_gz_example_bringup/package.zsh'
[18.327s] Level 1:colcon.colcon_core.environment:create_file_with_runtime_dependencies(/home/kylor/INF3995-102/robot/install/ros_gz_example_bringup/share/colcon-core/packages/ros_gz_example_bringup)
[18.328s] Level 1:colcon.colcon_core.environment:create_environment_scripts_only(ros_gz_example_bringup)
[18.328s] Level 1:colcon.colcon_core.environment:checking '/home/kylor/INF3995-102/robot/install/ros_gz_example_bringup' for CMake module files
[18.329s] Level 1:colcon.colcon_core.environment:checking '/home/kylor/INF3995-102/robot/install/ros_gz_example_bringup' for CMake config files
[18.329s] Level 1:colcon.colcon_core.shell:create_environment_hook('ros_gz_example_bringup', 'cmake_prefix_path')
[18.329s] INFO:colcon.colcon_core.shell:Creating environment hook '/home/kylor/INF3995-102/robot/install/ros_gz_example_bringup/share/ros_gz_example_bringup/hook/cmake_prefix_path.ps1'
[18.330s] INFO:colcon.colcon_core.shell:Creating environment descriptor '/home/kylor/INF3995-102/robot/install/ros_gz_example_bringup/share/ros_gz_example_bringup/hook/cmake_prefix_path.dsv'
[18.330s] INFO:colcon.colcon_core.shell:Creating environment hook '/home/kylor/INF3995-102/robot/install/ros_gz_example_bringup/share/ros_gz_example_bringup/hook/cmake_prefix_path.sh'
[18.331s] Level 1:colcon.colcon_core.environment:checking '/home/kylor/INF3995-102/robot/install/ros_gz_example_bringup/bin'
[18.331s] Level 1:colcon.colcon_core.environment:checking '/home/kylor/INF3995-102/robot/install/ros_gz_example_bringup/lib/pkgconfig/ros_gz_example_bringup.pc'
[18.331s] Level 1:colcon.colcon_core.environment:checking '/home/kylor/INF3995-102/robot/install/ros_gz_example_bringup/lib/python3.10/site-packages'
[18.332s] Level 1:colcon.colcon_core.environment:checking '/home/kylor/INF3995-102/robot/install/ros_gz_example_bringup/bin'
[18.332s] INFO:colcon.colcon_core.shell:Creating package script '/home/kylor/INF3995-102/robot/install/ros_gz_example_bringup/share/ros_gz_example_bringup/package.ps1'
[18.333s] INFO:colcon.colcon_core.shell:Creating package descriptor '/home/kylor/INF3995-102/robot/install/ros_gz_example_bringup/share/ros_gz_example_bringup/package.dsv'
[18.333s] INFO:colcon.colcon_core.shell:Creating package script '/home/kylor/INF3995-102/robot/install/ros_gz_example_bringup/share/ros_gz_example_bringup/package.sh'
[18.334s] INFO:colcon.colcon_core.shell:Creating package script '/home/kylor/INF3995-102/robot/install/ros_gz_example_bringup/share/ros_gz_example_bringup/package.bash'
[18.335s] INFO:colcon.colcon_core.shell:Creating package script '/home/kylor/INF3995-102/robot/install/ros_gz_example_bringup/share/ros_gz_example_bringup/package.zsh'
[18.335s] Level 1:colcon.colcon_core.environment:create_file_with_runtime_dependencies(/home/kylor/INF3995-102/robot/install/ros_gz_example_bringup/share/colcon-core/packages/ros_gz_example_bringup)
[18.336s] DEBUG:colcon.colcon_parallel_executor.executor.parallel:closing loop
[18.336s] DEBUG:colcon.colcon_parallel_executor.executor.parallel:loop closed
[18.337s] DEBUG:colcon.colcon_parallel_executor.executor.parallel:run_until_complete finished with '0'
[18.337s] DEBUG:colcon.colcon_core.event_reactor:joining thread
[18.426s] INFO:colcon.colcon_core.plugin_system:Skipping extension 'colcon_notification.desktop_notification.notify_send': Could not find 'notify-send'
[18.426s] INFO:colcon.colcon_core.plugin_system:Skipping extension 'colcon_notification.desktop_notification.terminal_notifier': Not used on non-Darwin systems
[18.426s] INFO:colcon.colcon_core.plugin_system:Skipping extension 'colcon_notification.desktop_notification.win32': Not used on non-Windows systems
[18.426s] INFO:colcon.colcon_notification.desktop_notification:Sending desktop notification using 'notify2'
[18.426s] DEBUG:colcon.colcon_notification.desktop_notification.notify2:Failed to initialize notify2: org.freedesktop.DBus.Error.FileNotFound: Failed to connect to socket /run/user/1000/bus: No such file or directory
[18.426s] DEBUG:colcon.colcon_core.event_reactor:joined thread
[18.427s] INFO:colcon.colcon_core.shell:Creating prefix script '/home/kylor/INF3995-102/robot/install/local_setup.ps1'
[18.437s] INFO:colcon.colcon_core.shell:Creating prefix util module '/home/kylor/INF3995-102/robot/install/_local_setup_util_ps1.py'
[18.444s] INFO:colcon.colcon_core.shell:Creating prefix chain script '/home/kylor/INF3995-102/robot/install/setup.ps1'
[18.446s] INFO:colcon.colcon_core.shell:Creating prefix script '/home/kylor/INF3995-102/robot/install/local_setup.sh'
[18.448s] INFO:colcon.colcon_core.shell:Creating prefix util module '/home/kylor/INF3995-102/robot/install/_local_setup_util_sh.py'
[18.449s] INFO:colcon.colcon_core.shell:Creating prefix chain script '/home/kylor/INF3995-102/robot/install/setup.sh'
[18.452s] INFO:colcon.colcon_core.shell:Creating prefix script '/home/kylor/INF3995-102/robot/install/local_setup.bash'
[18.454s] INFO:colcon.colcon_core.shell:Creating prefix chain script '/home/kylor/INF3995-102/robot/install/setup.bash'
[18.456s] INFO:colcon.colcon_core.shell:Creating prefix script '/home/kylor/INF3995-102/robot/install/local_setup.zsh'
[18.458s] INFO:colcon.colcon_core.shell:Creating prefix chain script '/home/kylor/INF3995-102/robot/install/setup.zsh'
