[0.301s] DEBUG:colcon:Command line arguments: ['/usr/local/bin/colcon', 'build', '--symlink-install']
[0.301s] DEBUG:colcon:Parsed command line arguments: Namespace(log_base=None, log_level=None, verb_name='build', build_base='build', install_base='install', merge_install=False, symlink_install=True, test_result_base=None, continue_on_error=False, executor='parallel', parallel_workers=20, event_handlers=None, ignore_user_meta=False, metas=['./colcon.meta'], base_paths=['.'], packages_ignore=None, packages_ignore_regex=None, paths=None, packages_up_to=None, packages_up_to_regex=None, packages_above=None, packages_above_and_dependencies=None, packages_above_depth=None, packages_select_by_dep=None, packages_skip_by_dep=None, packages_skip_up_to=None, packages_select_build_failed=False, packages_skip_build_finished=False, packages_select_test_failures=False, packages_skip_test_passed=False, packages_select=None, packages_skip=None, packages_select_regex=None, packages_skip_regex=None, packages_start=None, packages_end=None, cmake_args=None, cmake_target=None, cmake_target_skip_unavailable=False, cmake_clean_cache=False, cmake_clean_first=False, cmake_force_configure=False, ament_cmake_args=None, catkin_cmake_args=None, catkin_skip_building_tests=False, verb_parser=<colcon_defaults.argument_parser.defaults.DefaultArgumentsDecorator object at 0x7f2b504ac970>, verb_extension=<colcon_core.verb.build.BuildVerb object at 0x7f2b506a56f0>, main=<bound method BuildVerb.main of <colcon_core.verb.build.BuildVerb object at 0x7f2b506a56f0>>)
[0.434s] Level 1:colcon.colcon_core.package_discovery:discover_packages(colcon_meta) check parameters
[0.434s] Level 1:colcon.colcon_core.package_discovery:discover_packages(recursive) check parameters
[0.434s] Level 1:colcon.colcon_core.package_discovery:discover_packages(ignore) check parameters
[0.434s] Level 1:colcon.colcon_core.package_discovery:discover_packages(path) check parameters
[0.434s] Level 1:colcon.colcon_core.package_discovery:discover_packages(colcon_meta) discover
[0.434s] Level 1:colcon.colcon_core.package_discovery:discover_packages(recursive) discover
[0.434s] INFO:colcon.colcon_core.package_discovery:Crawling recursively for packages in '/home/kylor/setup/INF3995-Templates/project_ws/src'
[0.434s] Level 1:colcon.colcon_core.package_identification:_identify(.) by extensions ['ignore', 'ignore_ament_install']
[0.434s] Level 1:colcon.colcon_core.package_identification:_identify(.) by extension 'ignore'
[0.435s] Level 1:colcon.colcon_core.package_identification:_identify(.) by extension 'ignore_ament_install'
[0.435s] Level 1:colcon.colcon_core.package_identification:_identify(.) by extensions ['colcon_pkg']
[0.435s] Level 1:colcon.colcon_core.package_identification:_identify(.) by extension 'colcon_pkg'
[0.435s] Level 1:colcon.colcon_core.package_identification:_identify(.) by extensions ['colcon_meta']
[0.435s] Level 1:colcon.colcon_core.package_identification:_identify(.) by extension 'colcon_meta'
[0.435s] Level 1:colcon.colcon_core.package_identification:_identify(.) by extensions ['ros']
[0.435s] Level 1:colcon.colcon_core.package_identification:_identify(.) by extension 'ros'
[0.446s] Level 1:colcon.colcon_core.package_identification:_identify(.) by extensions ['cmake', 'python']
[0.446s] Level 1:colcon.colcon_core.package_identification:_identify(.) by extension 'cmake'
[0.446s] Level 1:colcon.colcon_core.package_identification:_identify(.) by extension 'python'
[0.446s] Level 1:colcon.colcon_core.package_identification:_identify(.) by extensions ['python_setup_py']
[0.446s] Level 1:colcon.colcon_core.package_identification:_identify(.) by extension 'python_setup_py'
[0.446s] Level 1:colcon.colcon_core.package_identification:_identify(build) by extensions ['ignore', 'ignore_ament_install']
[0.447s] Level 1:colcon.colcon_core.package_identification:_identify(build) by extension 'ignore'
[0.447s] Level 1:colcon.colcon_core.package_identification:_identify(build) ignored
[0.447s] Level 1:colcon.colcon_core.package_identification:_identify(install) by extensions ['ignore', 'ignore_ament_install']
[0.447s] Level 1:colcon.colcon_core.package_identification:_identify(install) by extension 'ignore'
[0.447s] Level 1:colcon.colcon_core.package_identification:_identify(install) ignored
[0.447s] Level 1:colcon.colcon_core.package_identification:_identify(log) by extensions ['ignore', 'ignore_ament_install']
[0.447s] Level 1:colcon.colcon_core.package_identification:_identify(log) by extension 'ignore'
[0.447s] Level 1:colcon.colcon_core.package_identification:_identify(log) ignored
[0.447s] Level 1:colcon.colcon_core.package_identification:_identify(ros_gz_example_application) by extensions ['ignore', 'ignore_ament_install']
[0.447s] Level 1:colcon.colcon_core.package_identification:_identify(ros_gz_example_application) by extension 'ignore'
[0.447s] Level 1:colcon.colcon_core.package_identification:_identify(ros_gz_example_application) by extension 'ignore_ament_install'
[0.447s] Level 1:colcon.colcon_core.package_identification:_identify(ros_gz_example_application) by extensions ['colcon_pkg']
[0.447s] Level 1:colcon.colcon_core.package_identification:_identify(ros_gz_example_application) by extension 'colcon_pkg'
[0.447s] Level 1:colcon.colcon_core.package_identification:_identify(ros_gz_example_application) by extensions ['colcon_meta']
[0.447s] Level 1:colcon.colcon_core.package_identification:_identify(ros_gz_example_application) by extension 'colcon_meta'
[0.447s] Level 1:colcon.colcon_core.package_identification:_identify(ros_gz_example_application) by extensions ['ros']
[0.447s] Level 1:colcon.colcon_core.package_identification:_identify(ros_gz_example_application) by extension 'ros'
[0.450s] DEBUG:colcon.colcon_core.package_identification:Package 'ros_gz_example_application' with type 'ros.ament_cmake' and name 'ros_gz_example_application'
[0.450s] Level 1:colcon.colcon_core.package_identification:_identify(ros_gz_example_bringup) by extensions ['ignore', 'ignore_ament_install']
[0.450s] Level 1:colcon.colcon_core.package_identification:_identify(ros_gz_example_bringup) by extension 'ignore'
[0.450s] Level 1:colcon.colcon_core.package_identification:_identify(ros_gz_example_bringup) by extension 'ignore_ament_install'
[0.450s] Level 1:colcon.colcon_core.package_identification:_identify(ros_gz_example_bringup) by extensions ['colcon_pkg']
[0.450s] Level 1:colcon.colcon_core.package_identification:_identify(ros_gz_example_bringup) by extension 'colcon_pkg'
[0.450s] Level 1:colcon.colcon_core.package_identification:_identify(ros_gz_example_bringup) by extensions ['colcon_meta']
[0.450s] Level 1:colcon.colcon_core.package_identification:_identify(ros_gz_example_bringup) by extension 'colcon_meta'
[0.450s] Level 1:colcon.colcon_core.package_identification:_identify(ros_gz_example_bringup) by extensions ['ros']
[0.450s] Level 1:colcon.colcon_core.package_identification:_identify(ros_gz_example_bringup) by extension 'ros'
[0.451s] DEBUG:colcon.colcon_core.package_identification:Package 'ros_gz_example_bringup' with type 'ros.ament_cmake' and name 'ros_gz_example_bringup'
[0.452s] Level 1:colcon.colcon_core.package_identification:_identify(ros_gz_example_description) by extensions ['ignore', 'ignore_ament_install']
[0.452s] Level 1:colcon.colcon_core.package_identification:_identify(ros_gz_example_description) by extension 'ignore'
[0.452s] Level 1:colcon.colcon_core.package_identification:_identify(ros_gz_example_description) by extension 'ignore_ament_install'
[0.452s] Level 1:colcon.colcon_core.package_identification:_identify(ros_gz_example_description) by extensions ['colcon_pkg']
[0.452s] Level 1:colcon.colcon_core.package_identification:_identify(ros_gz_example_description) by extension 'colcon_pkg'
[0.452s] Level 1:colcon.colcon_core.package_identification:_identify(ros_gz_example_description) by extensions ['colcon_meta']
[0.452s] Level 1:colcon.colcon_core.package_identification:_identify(ros_gz_example_description) by extension 'colcon_meta'
[0.452s] Level 1:colcon.colcon_core.package_identification:_identify(ros_gz_example_description) by extensions ['ros']
[0.452s] Level 1:colcon.colcon_core.package_identification:_identify(ros_gz_example_description) by extension 'ros'
[0.452s] DEBUG:colcon.colcon_core.package_identification:Package 'ros_gz_example_description' with type 'ros.ament_cmake' and name 'ros_gz_example_description'
[0.452s] Level 1:colcon.colcon_core.package_identification:_identify(ros_gz_example_gazebo) by extensions ['ignore', 'ignore_ament_install']
[0.452s] Level 1:colcon.colcon_core.package_identification:_identify(ros_gz_example_gazebo) by extension 'ignore'
[0.453s] Level 1:colcon.colcon_core.package_identification:_identify(ros_gz_example_gazebo) by extension 'ignore_ament_install'
[0.453s] Level 1:colcon.colcon_core.package_identification:_identify(ros_gz_example_gazebo) by extensions ['colcon_pkg']
[0.453s] Level 1:colcon.colcon_core.package_identification:_identify(ros_gz_example_gazebo) by extension 'colcon_pkg'
[0.453s] Level 1:colcon.colcon_core.package_identification:_identify(ros_gz_example_gazebo) by extensions ['colcon_meta']
[0.453s] Level 1:colcon.colcon_core.package_identification:_identify(ros_gz_example_gazebo) by extension 'colcon_meta'
[0.453s] Level 1:colcon.colcon_core.package_identification:_identify(ros_gz_example_gazebo) by extensions ['ros']
[0.453s] Level 1:colcon.colcon_core.package_identification:_identify(ros_gz_example_gazebo) by extension 'ros'
[0.453s] DEBUG:colcon.colcon_core.package_identification:Package 'ros_gz_example_gazebo' with type 'ros.ament_cmake' and name 'ros_gz_example_gazebo'
[0.453s] Level 1:colcon.colcon_core.package_discovery:discover_packages(recursive) using defaults
[0.453s] Level 1:colcon.colcon_core.package_discovery:discover_packages(ignore) discover
[0.453s] Level 1:colcon.colcon_core.package_discovery:discover_packages(ignore) using defaults
[0.453s] Level 1:colcon.colcon_core.package_discovery:discover_packages(path) discover
[0.453s] Level 1:colcon.colcon_core.package_discovery:discover_packages(path) using defaults
[0.475s] Level 5:colcon.colcon_core.verb:set package 'ros_gz_example_application' build argument 'cmake_args' from command line to 'None'
[0.475s] Level 5:colcon.colcon_core.verb:set package 'ros_gz_example_application' build argument 'cmake_target' from command line to 'None'
[0.475s] Level 5:colcon.colcon_core.verb:set package 'ros_gz_example_application' build argument 'cmake_target_skip_unavailable' from command line to 'False'
[0.475s] Level 5:colcon.colcon_core.verb:set package 'ros_gz_example_application' build argument 'cmake_clean_cache' from command line to 'False'
[0.475s] Level 5:colcon.colcon_core.verb:set package 'ros_gz_example_application' build argument 'cmake_clean_first' from command line to 'False'
[0.475s] Level 5:colcon.colcon_core.verb:set package 'ros_gz_example_application' build argument 'cmake_force_configure' from command line to 'False'
[0.475s] Level 5:colcon.colcon_core.verb:set package 'ros_gz_example_application' build argument 'ament_cmake_args' from command line to 'None'
[0.475s] Level 5:colcon.colcon_core.verb:set package 'ros_gz_example_application' build argument 'catkin_cmake_args' from command line to 'None'
[0.475s] Level 5:colcon.colcon_core.verb:set package 'ros_gz_example_application' build argument 'catkin_skip_building_tests' from command line to 'False'
[0.475s] DEBUG:colcon.colcon_core.verb:Building package 'ros_gz_example_application' with the following arguments: {'ament_cmake_args': None, 'build_base': '/home/kylor/setup/INF3995-Templates/project_ws/src/build/ros_gz_example_application', 'catkin_cmake_args': None, 'catkin_skip_building_tests': False, 'cmake_args': None, 'cmake_clean_cache': False, 'cmake_clean_first': False, 'cmake_force_configure': False, 'cmake_target': None, 'cmake_target_skip_unavailable': False, 'install_base': '/home/kylor/setup/INF3995-Templates/project_ws/src/install/ros_gz_example_application', 'merge_install': False, 'path': '/home/kylor/setup/INF3995-Templates/project_ws/src/ros_gz_example_application', 'symlink_install': True, 'test_result_base': None}
[0.476s] Level 5:colcon.colcon_core.verb:set package 'ros_gz_example_description' build argument 'cmake_args' from command line to 'None'
[0.476s] Level 5:colcon.colcon_core.verb:set package 'ros_gz_example_description' build argument 'cmake_target' from command line to 'None'
[0.476s] Level 5:colcon.colcon_core.verb:set package 'ros_gz_example_description' build argument 'cmake_target_skip_unavailable' from command line to 'False'
[0.476s] Level 5:colcon.colcon_core.verb:set package 'ros_gz_example_description' build argument 'cmake_clean_cache' from command line to 'False'
[0.476s] Level 5:colcon.colcon_core.verb:set package 'ros_gz_example_description' build argument 'cmake_clean_first' from command line to 'False'
[0.476s] Level 5:colcon.colcon_core.verb:set package 'ros_gz_example_description' build argument 'cmake_force_configure' from command line to 'False'
[0.476s] Level 5:colcon.colcon_core.verb:set package 'ros_gz_example_description' build argument 'ament_cmake_args' from command line to 'None'
[0.476s] Level 5:colcon.colcon_core.verb:set package 'ros_gz_example_description' build argument 'catkin_cmake_args' from command line to 'None'
[0.476s] Level 5:colcon.colcon_core.verb:set package 'ros_gz_example_description' build argument 'catkin_skip_building_tests' from command line to 'False'
[0.476s] DEBUG:colcon.colcon_core.verb:Building package 'ros_gz_example_description' with the following arguments: {'ament_cmake_args': None, 'build_base': '/home/kylor/setup/INF3995-Templates/project_ws/src/build/ros_gz_example_description', 'catkin_cmake_args': None, 'catkin_skip_building_tests': False, 'cmake_args': None, 'cmake_clean_cache': False, 'cmake_clean_first': False, 'cmake_force_configure': False, 'cmake_target': None, 'cmake_target_skip_unavailable': False, 'install_base': '/home/kylor/setup/INF3995-Templates/project_ws/src/install/ros_gz_example_description', 'merge_install': False, 'path': '/home/kylor/setup/INF3995-Templates/project_ws/src/ros_gz_example_description', 'symlink_install': True, 'test_result_base': None}
[0.476s] Level 5:colcon.colcon_core.verb:set package 'ros_gz_example_gazebo' build argument 'cmake_args' from command line to 'None'
[0.476s] Level 5:colcon.colcon_core.verb:set package 'ros_gz_example_gazebo' build argument 'cmake_target' from command line to 'None'
[0.476s] Level 5:colcon.colcon_core.verb:set package 'ros_gz_example_gazebo' build argument 'cmake_target_skip_unavailable' from command line to 'False'
[0.476s] Level 5:colcon.colcon_core.verb:set package 'ros_gz_example_gazebo' build argument 'cmake_clean_cache' from command line to 'False'
[0.476s] Level 5:colcon.colcon_core.verb:set package 'ros_gz_example_gazebo' build argument 'cmake_clean_first' from command line to 'False'
[0.476s] Level 5:colcon.colcon_core.verb:set package 'ros_gz_example_gazebo' build argument 'cmake_force_configure' from command line to 'False'
[0.476s] Level 5:colcon.colcon_core.verb:set package 'ros_gz_example_gazebo' build argument 'ament_cmake_args' from command line to 'None'
[0.476s] Level 5:colcon.colcon_core.verb:set package 'ros_gz_example_gazebo' build argument 'catkin_cmake_args' from command line to 'None'
[0.476s] Level 5:colcon.colcon_core.verb:set package 'ros_gz_example_gazebo' build argument 'catkin_skip_building_tests' from command line to 'False'
[0.476s] DEBUG:colcon.colcon_core.verb:Building package 'ros_gz_example_gazebo' with the following arguments: {'ament_cmake_args': None, 'build_base': '/home/kylor/setup/INF3995-Templates/project_ws/src/build/ros_gz_example_gazebo', 'catkin_cmake_args': None, 'catkin_skip_building_tests': False, 'cmake_args': None, 'cmake_clean_cache': False, 'cmake_clean_first': False, 'cmake_force_configure': False, 'cmake_target': None, 'cmake_target_skip_unavailable': False, 'install_base': '/home/kylor/setup/INF3995-Templates/project_ws/src/install/ros_gz_example_gazebo', 'merge_install': False, 'path': '/home/kylor/setup/INF3995-Templates/project_ws/src/ros_gz_example_gazebo', 'symlink_install': True, 'test_result_base': None}
[0.477s] Level 5:colcon.colcon_core.verb:set package 'ros_gz_example_bringup' build argument 'cmake_args' from command line to 'None'
[0.477s] Level 5:colcon.colcon_core.verb:set package 'ros_gz_example_bringup' build argument 'cmake_target' from command line to 'None'
[0.477s] Level 5:colcon.colcon_core.verb:set package 'ros_gz_example_bringup' build argument 'cmake_target_skip_unavailable' from command line to 'False'
[0.477s] Level 5:colcon.colcon_core.verb:set package 'ros_gz_example_bringup' build argument 'cmake_clean_cache' from command line to 'False'
[0.477s] Level 5:colcon.colcon_core.verb:set package 'ros_gz_example_bringup' build argument 'cmake_clean_first' from command line to 'False'
[0.477s] Level 5:colcon.colcon_core.verb:set package 'ros_gz_example_bringup' build argument 'cmake_force_configure' from command line to 'False'
[0.477s] Level 5:colcon.colcon_core.verb:set package 'ros_gz_example_bringup' build argument 'ament_cmake_args' from command line to 'None'
[0.477s] Level 5:colcon.colcon_core.verb:set package 'ros_gz_example_bringup' build argument 'catkin_cmake_args' from command line to 'None'
[0.477s] Level 5:colcon.colcon_core.verb:set package 'ros_gz_example_bringup' build argument 'catkin_skip_building_tests' from command line to 'False'
[0.477s] DEBUG:colcon.colcon_core.verb:Building package 'ros_gz_example_bringup' with the following arguments: {'ament_cmake_args': None, 'build_base': '/home/kylor/setup/INF3995-Templates/project_ws/src/build/ros_gz_example_bringup', 'catkin_cmake_args': None, 'catkin_skip_building_tests': False, 'cmake_args': None, 'cmake_clean_cache': False, 'cmake_clean_first': False, 'cmake_force_configure': False, 'cmake_target': None, 'cmake_target_skip_unavailable': False, 'install_base': '/home/kylor/setup/INF3995-Templates/project_ws/src/install/ros_gz_example_bringup', 'merge_install': False, 'path': '/home/kylor/setup/INF3995-Templates/project_ws/src/ros_gz_example_bringup', 'symlink_install': True, 'test_result_base': None}
[0.477s] INFO:colcon.colcon_core.executor:Executing jobs using 'parallel' executor
[0.478s] DEBUG:colcon.colcon_parallel_executor.executor.parallel:run_until_complete
[0.479s] INFO:colcon.colcon_ros.task.ament_cmake.build:Building ROS package in '/home/kylor/setup/INF3995-Templates/project_ws/src/ros_gz_example_description' with build type 'ament_cmake'
[0.479s] INFO:colcon.colcon_cmake.task.cmake.build:Building CMake package in '/home/kylor/setup/INF3995-Templates/project_ws/src/ros_gz_example_description'
[0.482s] INFO:colcon.colcon_core.plugin_system:Skipping extension 'colcon_core.shell.bat': Not used on non-Windows systems
[0.482s] INFO:colcon.colcon_core.shell:Skip shell extension 'powershell' for command environment: Not usable outside of PowerShell
[0.482s] DEBUG:colcon.colcon_core.shell:Skip shell extension 'dsv' for command environment
[0.487s] INFO:colcon.colcon_ros.task.ament_cmake.build:Building ROS package in '/home/kylor/setup/INF3995-Templates/project_ws/src/ros_gz_example_application' with build type 'ament_cmake'
[0.487s] INFO:colcon.colcon_cmake.task.cmake.build:Building CMake package in '/home/kylor/setup/INF3995-Templates/project_ws/src/ros_gz_example_application'
[0.488s] INFO:colcon.colcon_core.shell:Skip shell extension 'powershell' for command environment: Not usable outside of PowerShell
[0.488s] DEBUG:colcon.colcon_core.shell:Skip shell extension 'dsv' for command environment
[0.501s] DEBUG:colcon.colcon_core.event_handler.log_command:Invoking command in '/home/kylor/setup/INF3995-Templates/project_ws/src/build/ros_gz_example_description': CMAKE_PREFIX_PATH=${CMAKE_PREFIX_PATH}:/opt/ros/humble /usr/bin/cmake /home/kylor/setup/INF3995-Templates/project_ws/src/ros_gz_example_description -DAMENT_CMAKE_SYMLINK_INSTALL=1 -DCMAKE_INSTALL_PREFIX=/home/kylor/setup/INF3995-Templates/project_ws/src/install/ros_gz_example_description
[0.508s] DEBUG:colcon.colcon_core.event_handler.log_command:Invoking command in '/home/kylor/setup/INF3995-Templates/project_ws/src/build/ros_gz_example_application': CMAKE_PREFIX_PATH=${CMAKE_PREFIX_PATH}:/opt/ros/humble /usr/bin/cmake /home/kylor/setup/INF3995-Templates/project_ws/src/ros_gz_example_application -DAMENT_CMAKE_SYMLINK_INSTALL=1 -DCMAKE_INSTALL_PREFIX=/home/kylor/setup/INF3995-Templates/project_ws/src/install/ros_gz_example_application
[0.908s] DEBUG:colcon.colcon_core.event_handler.log_command:Invoked command in '/home/kylor/setup/INF3995-Templates/project_ws/src/build/ros_gz_example_application' returned '0': CMAKE_PREFIX_PATH=${CMAKE_PREFIX_PATH}:/opt/ros/humble /usr/bin/cmake /home/kylor/setup/INF3995-Templates/project_ws/src/ros_gz_example_application -DAMENT_CMAKE_SYMLINK_INSTALL=1 -DCMAKE_INSTALL_PREFIX=/home/kylor/setup/INF3995-Templates/project_ws/src/install/ros_gz_example_application
[0.910s] DEBUG:colcon.colcon_core.event_handler.log_command:Invoking command in '/home/kylor/setup/INF3995-Templates/project_ws/src/build/ros_gz_example_application': CMAKE_PREFIX_PATH=${CMAKE_PREFIX_PATH}:/opt/ros/humble /usr/bin/cmake --build /home/kylor/setup/INF3995-Templates/project_ws/src/build/ros_gz_example_application -- -j20 -l20
[0.914s] DEBUG:colcon.colcon_core.event_handler.log_command:Invoked command in '/home/kylor/setup/INF3995-Templates/project_ws/src/build/ros_gz_example_description' returned '0': CMAKE_PREFIX_PATH=${CMAKE_PREFIX_PATH}:/opt/ros/humble /usr/bin/cmake /home/kylor/setup/INF3995-Templates/project_ws/src/ros_gz_example_description -DAMENT_CMAKE_SYMLINK_INSTALL=1 -DCMAKE_INSTALL_PREFIX=/home/kylor/setup/INF3995-Templates/project_ws/src/install/ros_gz_example_description
[0.915s] DEBUG:colcon.colcon_core.event_handler.log_command:Invoking command in '/home/kylor/setup/INF3995-Templates/project_ws/src/build/ros_gz_example_description': CMAKE_PREFIX_PATH=${CMAKE_PREFIX_PATH}:/opt/ros/humble /usr/bin/cmake --build /home/kylor/setup/INF3995-Templates/project_ws/src/build/ros_gz_example_description -- -j20 -l20
[0.948s] DEBUG:colcon.colcon_core.event_handler.log_command:Invoked command in '/home/kylor/setup/INF3995-Templates/project_ws/src/build/ros_gz_example_application' returned '0': CMAKE_PREFIX_PATH=${CMAKE_PREFIX_PATH}:/opt/ros/humble /usr/bin/cmake --build /home/kylor/setup/INF3995-Templates/project_ws/src/build/ros_gz_example_application -- -j20 -l20
[0.958s] DEBUG:colcon.colcon_core.event_handler.log_command:Invoking command in '/home/kylor/setup/INF3995-Templates/project_ws/src/build/ros_gz_example_application': CMAKE_PREFIX_PATH=${CMAKE_PREFIX_PATH}:/opt/ros/humble /usr/bin/cmake --install /home/kylor/setup/INF3995-Templates/project_ws/src/build/ros_gz_example_application
[0.960s] DEBUG:colcon.colcon_core.event_handler.log_command:Invoked command in '/home/kylor/setup/INF3995-Templates/project_ws/src/build/ros_gz_example_description' returned '0': CMAKE_PREFIX_PATH=${CMAKE_PREFIX_PATH}:/opt/ros/humble /usr/bin/cmake --build /home/kylor/setup/INF3995-Templates/project_ws/src/build/ros_gz_example_description -- -j20 -l20
[0.962s] DEBUG:colcon.colcon_core.event_handler.log_command:Invoking command in '/home/kylor/setup/INF3995-Templates/project_ws/src/build/ros_gz_example_description': CMAKE_PREFIX_PATH=${CMAKE_PREFIX_PATH}:/opt/ros/humble /usr/bin/cmake --install /home/kylor/setup/INF3995-Templates/project_ws/src/build/ros_gz_example_description
[1.089s] Level 1:colcon.colcon_core.environment:create_environment_scripts_only(ros_gz_example_application)
[1.089s] DEBUG:colcon.colcon_core.event_handler.log_command:Invoked command in '/home/kylor/setup/INF3995-Templates/project_ws/src/build/ros_gz_example_application' returned '0': CMAKE_PREFIX_PATH=${CMAKE_PREFIX_PATH}:/opt/ros/humble /usr/bin/cmake --install /home/kylor/setup/INF3995-Templates/project_ws/src/build/ros_gz_example_application
[1.092s] Level 1:colcon.colcon_core.environment:checking '/home/kylor/setup/INF3995-Templates/project_ws/src/install/ros_gz_example_application' for CMake module files
[1.094s] Level 1:colcon.colcon_core.environment:checking '/home/kylor/setup/INF3995-Templates/project_ws/src/install/ros_gz_example_application' for CMake config files
[1.094s] Level 1:colcon.colcon_core.shell:create_environment_hook('ros_gz_example_application', 'cmake_prefix_path')
[1.095s] INFO:colcon.colcon_core.shell:Creating environment hook '/home/kylor/setup/INF3995-Templates/project_ws/src/install/ros_gz_example_application/share/ros_gz_example_application/hook/cmake_prefix_path.ps1'
[1.096s] INFO:colcon.colcon_core.shell:Creating environment descriptor '/home/kylor/setup/INF3995-Templates/project_ws/src/install/ros_gz_example_application/share/ros_gz_example_application/hook/cmake_prefix_path.dsv'
[1.097s] INFO:colcon.colcon_core.shell:Creating environment hook '/home/kylor/setup/INF3995-Templates/project_ws/src/install/ros_gz_example_application/share/ros_gz_example_application/hook/cmake_prefix_path.sh'
[1.099s] Level 1:colcon.colcon_core.environment:checking '/home/kylor/setup/INF3995-Templates/project_ws/src/install/ros_gz_example_application/bin'
[1.100s] Level 1:colcon.colcon_core.environment:checking '/home/kylor/setup/INF3995-Templates/project_ws/src/install/ros_gz_example_application/lib/pkgconfig/ros_gz_example_application.pc'
[1.101s] Level 1:colcon.colcon_core.environment:checking '/home/kylor/setup/INF3995-Templates/project_ws/src/install/ros_gz_example_application/lib/python3.10/site-packages'
[1.101s] Level 1:colcon.colcon_core.environment:checking '/home/kylor/setup/INF3995-Templates/project_ws/src/install/ros_gz_example_application/bin'
[1.101s] INFO:colcon.colcon_core.shell:Creating package script '/home/kylor/setup/INF3995-Templates/project_ws/src/install/ros_gz_example_application/share/ros_gz_example_application/package.ps1'
[1.103s] INFO:colcon.colcon_core.shell:Creating package descriptor '/home/kylor/setup/INF3995-Templates/project_ws/src/install/ros_gz_example_application/share/ros_gz_example_application/package.dsv'
[1.105s] INFO:colcon.colcon_core.shell:Creating package script '/home/kylor/setup/INF3995-Templates/project_ws/src/install/ros_gz_example_application/share/ros_gz_example_application/package.sh'
[1.106s] INFO:colcon.colcon_core.shell:Creating package script '/home/kylor/setup/INF3995-Templates/project_ws/src/install/ros_gz_example_application/share/ros_gz_example_application/package.bash'
[1.108s] INFO:colcon.colcon_core.shell:Creating package script '/home/kylor/setup/INF3995-Templates/project_ws/src/install/ros_gz_example_application/share/ros_gz_example_application/package.zsh'
[1.109s] Level 1:colcon.colcon_core.environment:create_file_with_runtime_dependencies(/home/kylor/setup/INF3995-Templates/project_ws/src/install/ros_gz_example_application/share/colcon-core/packages/ros_gz_example_application)
[1.109s] Level 1:colcon.colcon_core.environment:create_environment_scripts_only(ros_gz_example_application)
[1.110s] Level 1:colcon.colcon_core.environment:checking '/home/kylor/setup/INF3995-Templates/project_ws/src/install/ros_gz_example_application' for CMake module files
[1.110s] Level 1:colcon.colcon_core.environment:checking '/home/kylor/setup/INF3995-Templates/project_ws/src/install/ros_gz_example_application' for CMake config files
[1.110s] Level 1:colcon.colcon_core.shell:create_environment_hook('ros_gz_example_application', 'cmake_prefix_path')
[1.110s] INFO:colcon.colcon_core.shell:Creating environment hook '/home/kylor/setup/INF3995-Templates/project_ws/src/install/ros_gz_example_application/share/ros_gz_example_application/hook/cmake_prefix_path.ps1'
[1.111s] INFO:colcon.colcon_core.shell:Creating environment descriptor '/home/kylor/setup/INF3995-Templates/project_ws/src/install/ros_gz_example_application/share/ros_gz_example_application/hook/cmake_prefix_path.dsv'
[1.113s] INFO:colcon.colcon_core.shell:Creating environment hook '/home/kylor/setup/INF3995-Templates/project_ws/src/install/ros_gz_example_application/share/ros_gz_example_application/hook/cmake_prefix_path.sh'
[1.113s] Level 1:colcon.colcon_core.environment:checking '/home/kylor/setup/INF3995-Templates/project_ws/src/install/ros_gz_example_application/bin'
[1.114s] Level 1:colcon.colcon_core.environment:checking '/home/kylor/setup/INF3995-Templates/project_ws/src/install/ros_gz_example_application/lib/pkgconfig/ros_gz_example_application.pc'
[1.114s] Level 1:colcon.colcon_core.environment:checking '/home/kylor/setup/INF3995-Templates/project_ws/src/install/ros_gz_example_application/lib/python3.10/site-packages'
[1.114s] Level 1:colcon.colcon_core.environment:checking '/home/kylor/setup/INF3995-Templates/project_ws/src/install/ros_gz_example_application/bin'
[1.114s] INFO:colcon.colcon_core.shell:Creating package script '/home/kylor/setup/INF3995-Templates/project_ws/src/install/ros_gz_example_application/share/ros_gz_example_application/package.ps1'
[1.115s] INFO:colcon.colcon_core.shell:Creating package descriptor '/home/kylor/setup/INF3995-Templates/project_ws/src/install/ros_gz_example_application/share/ros_gz_example_application/package.dsv'
[1.116s] INFO:colcon.colcon_core.shell:Creating package script '/home/kylor/setup/INF3995-Templates/project_ws/src/install/ros_gz_example_application/share/ros_gz_example_application/package.sh'
[1.117s] INFO:colcon.colcon_core.shell:Creating package script '/home/kylor/setup/INF3995-Templates/project_ws/src/install/ros_gz_example_application/share/ros_gz_example_application/package.bash'
[1.118s] INFO:colcon.colcon_core.shell:Creating package script '/home/kylor/setup/INF3995-Templates/project_ws/src/install/ros_gz_example_application/share/ros_gz_example_application/package.zsh'
[1.119s] Level 1:colcon.colcon_core.environment:create_file_with_runtime_dependencies(/home/kylor/setup/INF3995-Templates/project_ws/src/install/ros_gz_example_application/share/colcon-core/packages/ros_gz_example_application)
[1.198s] Level 1:colcon.colcon_core.environment:create_environment_scripts_only(ros_gz_example_description)
[1.198s] DEBUG:colcon.colcon_core.event_handler.log_command:Invoked command in '/home/kylor/setup/INF3995-Templates/project_ws/src/build/ros_gz_example_description' returned '0': CMAKE_PREFIX_PATH=${CMAKE_PREFIX_PATH}:/opt/ros/humble /usr/bin/cmake --install /home/kylor/setup/INF3995-Templates/project_ws/src/build/ros_gz_example_description
[1.199s] Level 1:colcon.colcon_core.environment:checking '/home/kylor/setup/INF3995-Templates/project_ws/src/install/ros_gz_example_description' for CMake module files
[1.200s] Level 1:colcon.colcon_core.environment:checking '/home/kylor/setup/INF3995-Templates/project_ws/src/install/ros_gz_example_description' for CMake config files
[1.200s] Level 1:colcon.colcon_core.shell:create_environment_hook('ros_gz_example_description', 'cmake_prefix_path')
[1.200s] INFO:colcon.colcon_core.shell:Creating environment hook '/home/kylor/setup/INF3995-Templates/project_ws/src/install/ros_gz_example_description/share/ros_gz_example_description/hook/cmake_prefix_path.ps1'
[1.201s] INFO:colcon.colcon_core.shell:Creating environment descriptor '/home/kylor/setup/INF3995-Templates/project_ws/src/install/ros_gz_example_description/share/ros_gz_example_description/hook/cmake_prefix_path.dsv'
[1.202s] INFO:colcon.colcon_core.shell:Creating environment hook '/home/kylor/setup/INF3995-Templates/project_ws/src/install/ros_gz_example_description/share/ros_gz_example_description/hook/cmake_prefix_path.sh'
[1.203s] Level 1:colcon.colcon_core.environment:checking '/home/kylor/setup/INF3995-Templates/project_ws/src/install/ros_gz_example_description/bin'
[1.203s] Level 1:colcon.colcon_core.environment:checking '/home/kylor/setup/INF3995-Templates/project_ws/src/install/ros_gz_example_description/lib/pkgconfig/ros_gz_example_description.pc'
[1.203s] Level 1:colcon.colcon_core.environment:checking '/home/kylor/setup/INF3995-Templates/project_ws/src/install/ros_gz_example_description/lib/python3.10/site-packages'
[1.203s] Level 1:colcon.colcon_core.environment:checking '/home/kylor/setup/INF3995-Templates/project_ws/src/install/ros_gz_example_description/bin'
[1.204s] INFO:colcon.colcon_core.shell:Creating package script '/home/kylor/setup/INF3995-Templates/project_ws/src/install/ros_gz_example_description/share/ros_gz_example_description/package.ps1'
[1.204s] INFO:colcon.colcon_core.shell:Creating package descriptor '/home/kylor/setup/INF3995-Templates/project_ws/src/install/ros_gz_example_description/share/ros_gz_example_description/package.dsv'
[1.205s] INFO:colcon.colcon_core.shell:Creating package script '/home/kylor/setup/INF3995-Templates/project_ws/src/install/ros_gz_example_description/share/ros_gz_example_description/package.sh'
[1.206s] INFO:colcon.colcon_core.shell:Creating package script '/home/kylor/setup/INF3995-Templates/project_ws/src/install/ros_gz_example_description/share/ros_gz_example_description/package.bash'
[1.206s] INFO:colcon.colcon_core.shell:Creating package script '/home/kylor/setup/INF3995-Templates/project_ws/src/install/ros_gz_example_description/share/ros_gz_example_description/package.zsh'
[1.207s] Level 1:colcon.colcon_core.environment:create_file_with_runtime_dependencies(/home/kylor/setup/INF3995-Templates/project_ws/src/install/ros_gz_example_description/share/colcon-core/packages/ros_gz_example_description)
[1.208s] Level 1:colcon.colcon_core.environment:create_environment_scripts_only(ros_gz_example_description)
[1.209s] Level 1:colcon.colcon_core.environment:checking '/home/kylor/setup/INF3995-Templates/project_ws/src/install/ros_gz_example_description' for CMake module files
[1.209s] Level 1:colcon.colcon_core.environment:checking '/home/kylor/setup/INF3995-Templates/project_ws/src/install/ros_gz_example_description' for CMake config files
[1.209s] Level 1:colcon.colcon_core.shell:create_environment_hook('ros_gz_example_description', 'cmake_prefix_path')
[1.209s] INFO:colcon.colcon_core.shell:Creating environment hook '/home/kylor/setup/INF3995-Templates/project_ws/src/install/ros_gz_example_description/share/ros_gz_example_description/hook/cmake_prefix_path.ps1'
[1.210s] INFO:colcon.colcon_core.shell:Creating environment descriptor '/home/kylor/setup/INF3995-Templates/project_ws/src/install/ros_gz_example_description/share/ros_gz_example_description/hook/cmake_prefix_path.dsv'
[1.211s] INFO:colcon.colcon_core.shell:Creating environment hook '/home/kylor/setup/INF3995-Templates/project_ws/src/install/ros_gz_example_description/share/ros_gz_example_description/hook/cmake_prefix_path.sh'
[1.211s] Level 1:colcon.colcon_core.environment:checking '/home/kylor/setup/INF3995-Templates/project_ws/src/install/ros_gz_example_description/bin'
[1.212s] Level 1:colcon.colcon_core.environment:checking '/home/kylor/setup/INF3995-Templates/project_ws/src/install/ros_gz_example_description/lib/pkgconfig/ros_gz_example_description.pc'
[1.212s] Level 1:colcon.colcon_core.environment:checking '/home/kylor/setup/INF3995-Templates/project_ws/src/install/ros_gz_example_description/lib/python3.10/site-packages'
[1.212s] Level 1:colcon.colcon_core.environment:checking '/home/kylor/setup/INF3995-Templates/project_ws/src/install/ros_gz_example_description/bin'
[1.212s] INFO:colcon.colcon_core.shell:Creating package script '/home/kylor/setup/INF3995-Templates/project_ws/src/install/ros_gz_example_description/share/ros_gz_example_description/package.ps1'
[1.213s] INFO:colcon.colcon_core.shell:Creating package descriptor '/home/kylor/setup/INF3995-Templates/project_ws/src/install/ros_gz_example_description/share/ros_gz_example_description/package.dsv'
[1.214s] INFO:colcon.colcon_core.shell:Creating package script '/home/kylor/setup/INF3995-Templates/project_ws/src/install/ros_gz_example_description/share/ros_gz_example_description/package.sh'
[1.215s] INFO:colcon.colcon_core.shell:Creating package script '/home/kylor/setup/INF3995-Templates/project_ws/src/install/ros_gz_example_description/share/ros_gz_example_description/package.bash'
[1.215s] INFO:colcon.colcon_core.shell:Creating package script '/home/kylor/setup/INF3995-Templates/project_ws/src/install/ros_gz_example_description/share/ros_gz_example_description/package.zsh'
[1.216s] Level 1:colcon.colcon_core.environment:create_file_with_runtime_dependencies(/home/kylor/setup/INF3995-Templates/project_ws/src/install/ros_gz_example_description/share/colcon-core/packages/ros_gz_example_description)
[1.216s] INFO:colcon.colcon_ros.task.ament_cmake.build:Building ROS package in '/home/kylor/setup/INF3995-Templates/project_ws/src/ros_gz_example_gazebo' with build type 'ament_cmake'
[1.217s] INFO:colcon.colcon_cmake.task.cmake.build:Building CMake package in '/home/kylor/setup/INF3995-Templates/project_ws/src/ros_gz_example_gazebo'
[1.217s] INFO:colcon.colcon_core.shell:Skip shell extension 'powershell' for command environment: Not usable outside of PowerShell
[1.217s] DEBUG:colcon.colcon_core.shell:Skip shell extension 'dsv' for command environment
[1.296s] DEBUG:colcon.colcon_core.event_handler.log_command:Invoking command in '/home/kylor/setup/INF3995-Templates/project_ws/src/build/ros_gz_example_gazebo': AMENT_PREFIX_PATH=/home/kylor/setup/INF3995-Templates/project_ws/src/install/ros_gz_example_description:${AMENT_PREFIX_PATH} CMAKE_PREFIX_PATH=/home/kylor/setup/INF3995-Templates/project_ws/src/install/ros_gz_example_description:/home/kylor/setup/INF3995-Templates/project_ws/install/ros_gz_example_bringup:/home/kylor/setup/INF3995-Templates/project_ws/install/ros_gz_example_gazebo:/home/kylor/setup/INF3995-Templates/project_ws/install/ros_gz_example_description:/home/kylor/setup/INF3995-Templates/project_ws/install/ros_gz_example_application:/opt/ros/humble IGN_GAZEBO_RESOURCE_PATH=/home/kylor/setup/INF3995-Templates/project_ws/src/install/ros_gz_example_description/share/ros_gz_example_description/models:${IGN_GAZEBO_RESOURCE_PATH} /usr/bin/cmake /home/kylor/setup/INF3995-Templates/project_ws/src/ros_gz_example_gazebo -DAMENT_CMAKE_SYMLINK_INSTALL=1 -DCMAKE_INSTALL_PREFIX=/home/kylor/setup/INF3995-Templates/project_ws/src/install/ros_gz_example_gazebo
[16.768s] DEBUG:colcon.colcon_core.event_handler.log_command:Invoked command in '/home/kylor/setup/INF3995-Templates/project_ws/src/build/ros_gz_example_gazebo' returned '0': AMENT_PREFIX_PATH=/home/kylor/setup/INF3995-Templates/project_ws/src/install/ros_gz_example_description:${AMENT_PREFIX_PATH} CMAKE_PREFIX_PATH=/home/kylor/setup/INF3995-Templates/project_ws/src/install/ros_gz_example_description:/home/kylor/setup/INF3995-Templates/project_ws/install/ros_gz_example_bringup:/home/kylor/setup/INF3995-Templates/project_ws/install/ros_gz_example_gazebo:/home/kylor/setup/INF3995-Templates/project_ws/install/ros_gz_example_description:/home/kylor/setup/INF3995-Templates/project_ws/install/ros_gz_example_application:/opt/ros/humble IGN_GAZEBO_RESOURCE_PATH=/home/kylor/setup/INF3995-Templates/project_ws/src/install/ros_gz_example_description/share/ros_gz_example_description/models:${IGN_GAZEBO_RESOURCE_PATH} /usr/bin/cmake /home/kylor/setup/INF3995-Templates/project_ws/src/ros_gz_example_gazebo -DAMENT_CMAKE_SYMLINK_INSTALL=1 -DCMAKE_INSTALL_PREFIX=/home/kylor/setup/INF3995-Templates/project_ws/src/install/ros_gz_example_gazebo
[16.770s] DEBUG:colcon.colcon_core.event_handler.log_command:Invoking command in '/home/kylor/setup/INF3995-Templates/project_ws/src/build/ros_gz_example_gazebo': AMENT_PREFIX_PATH=/home/kylor/setup/INF3995-Templates/project_ws/src/install/ros_gz_example_description:${AMENT_PREFIX_PATH} CMAKE_PREFIX_PATH=/home/kylor/setup/INF3995-Templates/project_ws/src/install/ros_gz_example_description:/home/kylor/setup/INF3995-Templates/project_ws/install/ros_gz_example_bringup:/home/kylor/setup/INF3995-Templates/project_ws/install/ros_gz_example_gazebo:/home/kylor/setup/INF3995-Templates/project_ws/install/ros_gz_example_description:/home/kylor/setup/INF3995-Templates/project_ws/install/ros_gz_example_application:/opt/ros/humble IGN_GAZEBO_RESOURCE_PATH=/home/kylor/setup/INF3995-Templates/project_ws/src/install/ros_gz_example_description/share/ros_gz_example_description/models:${IGN_GAZEBO_RESOURCE_PATH} /usr/bin/cmake --build /home/kylor/setup/INF3995-Templates/project_ws/src/build/ros_gz_example_gazebo -- -j20 -l20
[16.813s] DEBUG:colcon.colcon_core.event_handler.log_command:Invoked command in '/home/kylor/setup/INF3995-Templates/project_ws/src/build/ros_gz_example_gazebo' returned '0': AMENT_PREFIX_PATH=/home/kylor/setup/INF3995-Templates/project_ws/src/install/ros_gz_example_description:${AMENT_PREFIX_PATH} CMAKE_PREFIX_PATH=/home/kylor/setup/INF3995-Templates/project_ws/src/install/ros_gz_example_description:/home/kylor/setup/INF3995-Templates/project_ws/install/ros_gz_example_bringup:/home/kylor/setup/INF3995-Templates/project_ws/install/ros_gz_example_gazebo:/home/kylor/setup/INF3995-Templates/project_ws/install/ros_gz_example_description:/home/kylor/setup/INF3995-Templates/project_ws/install/ros_gz_example_application:/opt/ros/humble IGN_GAZEBO_RESOURCE_PATH=/home/kylor/setup/INF3995-Templates/project_ws/src/install/ros_gz_example_description/share/ros_gz_example_description/models:${IGN_GAZEBO_RESOURCE_PATH} /usr/bin/cmake --build /home/kylor/setup/INF3995-Templates/project_ws/src/build/ros_gz_example_gazebo -- -j20 -l20
[16.816s] DEBUG:colcon.colcon_core.event_handler.log_command:Invoking command in '/home/kylor/setup/INF3995-Templates/project_ws/src/build/ros_gz_example_gazebo': AMENT_PREFIX_PATH=/home/kylor/setup/INF3995-Templates/project_ws/src/install/ros_gz_example_description:${AMENT_PREFIX_PATH} CMAKE_PREFIX_PATH=/home/kylor/setup/INF3995-Templates/project_ws/src/install/ros_gz_example_description:/home/kylor/setup/INF3995-Templates/project_ws/install/ros_gz_example_bringup:/home/kylor/setup/INF3995-Templates/project_ws/install/ros_gz_example_gazebo:/home/kylor/setup/INF3995-Templates/project_ws/install/ros_gz_example_description:/home/kylor/setup/INF3995-Templates/project_ws/install/ros_gz_example_application:/opt/ros/humble IGN_GAZEBO_RESOURCE_PATH=/home/kylor/setup/INF3995-Templates/project_ws/src/install/ros_gz_example_description/share/ros_gz_example_description/models:${IGN_GAZEBO_RESOURCE_PATH} /usr/bin/cmake --install /home/kylor/setup/INF3995-Templates/project_ws/src/build/ros_gz_example_gazebo
[16.955s] Level 1:colcon.colcon_core.environment:create_environment_scripts_only(ros_gz_example_gazebo)
[16.956s] Level 1:colcon.colcon_core.environment:checking '/home/kylor/setup/INF3995-Templates/project_ws/src/install/ros_gz_example_gazebo' for CMake module files
[16.956s] DEBUG:colcon.colcon_core.event_handler.log_command:Invoked command in '/home/kylor/setup/INF3995-Templates/project_ws/src/build/ros_gz_example_gazebo' returned '0': AMENT_PREFIX_PATH=/home/kylor/setup/INF3995-Templates/project_ws/src/install/ros_gz_example_description:${AMENT_PREFIX_PATH} CMAKE_PREFIX_PATH=/home/kylor/setup/INF3995-Templates/project_ws/src/install/ros_gz_example_description:/home/kylor/setup/INF3995-Templates/project_ws/install/ros_gz_example_bringup:/home/kylor/setup/INF3995-Templates/project_ws/install/ros_gz_example_gazebo:/home/kylor/setup/INF3995-Templates/project_ws/install/ros_gz_example_description:/home/kylor/setup/INF3995-Templates/project_ws/install/ros_gz_example_application:/opt/ros/humble IGN_GAZEBO_RESOURCE_PATH=/home/kylor/setup/INF3995-Templates/project_ws/src/install/ros_gz_example_description/share/ros_gz_example_description/models:${IGN_GAZEBO_RESOURCE_PATH} /usr/bin/cmake --install /home/kylor/setup/INF3995-Templates/project_ws/src/build/ros_gz_example_gazebo
[16.957s] Level 1:colcon.colcon_core.environment:checking '/home/kylor/setup/INF3995-Templates/project_ws/src/install/ros_gz_example_gazebo' for CMake config files
[16.957s] Level 1:colcon.colcon_core.shell:create_environment_hook('ros_gz_example_gazebo', 'cmake_prefix_path')
[16.957s] INFO:colcon.colcon_core.shell:Creating environment hook '/home/kylor/setup/INF3995-Templates/project_ws/src/install/ros_gz_example_gazebo/share/ros_gz_example_gazebo/hook/cmake_prefix_path.ps1'
[16.958s] INFO:colcon.colcon_core.shell:Creating environment descriptor '/home/kylor/setup/INF3995-Templates/project_ws/src/install/ros_gz_example_gazebo/share/ros_gz_example_gazebo/hook/cmake_prefix_path.dsv'
[16.959s] INFO:colcon.colcon_core.shell:Creating environment hook '/home/kylor/setup/INF3995-Templates/project_ws/src/install/ros_gz_example_gazebo/share/ros_gz_example_gazebo/hook/cmake_prefix_path.sh'
[16.960s] Level 1:colcon.colcon_core.environment:checking '/home/kylor/setup/INF3995-Templates/project_ws/src/install/ros_gz_example_gazebo/bin'
[16.960s] Level 1:colcon.colcon_core.environment:checking '/home/kylor/setup/INF3995-Templates/project_ws/src/install/ros_gz_example_gazebo/lib/pkgconfig/ros_gz_example_gazebo.pc'
[16.960s] Level 1:colcon.colcon_core.environment:checking '/home/kylor/setup/INF3995-Templates/project_ws/src/install/ros_gz_example_gazebo/lib/python3.10/site-packages'
[16.960s] Level 1:colcon.colcon_core.environment:checking '/home/kylor/setup/INF3995-Templates/project_ws/src/install/ros_gz_example_gazebo/bin'
[16.961s] INFO:colcon.colcon_core.shell:Creating package script '/home/kylor/setup/INF3995-Templates/project_ws/src/install/ros_gz_example_gazebo/share/ros_gz_example_gazebo/package.ps1'
[16.961s] INFO:colcon.colcon_core.shell:Creating package descriptor '/home/kylor/setup/INF3995-Templates/project_ws/src/install/ros_gz_example_gazebo/share/ros_gz_example_gazebo/package.dsv'
[16.962s] INFO:colcon.colcon_core.shell:Creating package script '/home/kylor/setup/INF3995-Templates/project_ws/src/install/ros_gz_example_gazebo/share/ros_gz_example_gazebo/package.sh'
[16.962s] INFO:colcon.colcon_core.shell:Creating package script '/home/kylor/setup/INF3995-Templates/project_ws/src/install/ros_gz_example_gazebo/share/ros_gz_example_gazebo/package.bash'
[16.963s] INFO:colcon.colcon_core.shell:Creating package script '/home/kylor/setup/INF3995-Templates/project_ws/src/install/ros_gz_example_gazebo/share/ros_gz_example_gazebo/package.zsh'
[16.964s] Level 1:colcon.colcon_core.environment:create_file_with_runtime_dependencies(/home/kylor/setup/INF3995-Templates/project_ws/src/install/ros_gz_example_gazebo/share/colcon-core/packages/ros_gz_example_gazebo)
[16.964s] Level 1:colcon.colcon_core.environment:create_environment_scripts_only(ros_gz_example_gazebo)
[16.965s] Level 1:colcon.colcon_core.environment:checking '/home/kylor/setup/INF3995-Templates/project_ws/src/install/ros_gz_example_gazebo' for CMake module files
[16.965s] Level 1:colcon.colcon_core.environment:checking '/home/kylor/setup/INF3995-Templates/project_ws/src/install/ros_gz_example_gazebo' for CMake config files
[16.965s] Level 1:colcon.colcon_core.shell:create_environment_hook('ros_gz_example_gazebo', 'cmake_prefix_path')
[16.965s] INFO:colcon.colcon_core.shell:Creating environment hook '/home/kylor/setup/INF3995-Templates/project_ws/src/install/ros_gz_example_gazebo/share/ros_gz_example_gazebo/hook/cmake_prefix_path.ps1'
[16.966s] INFO:colcon.colcon_core.shell:Creating environment descriptor '/home/kylor/setup/INF3995-Templates/project_ws/src/install/ros_gz_example_gazebo/share/ros_gz_example_gazebo/hook/cmake_prefix_path.dsv'
[16.966s] INFO:colcon.colcon_core.shell:Creating environment hook '/home/kylor/setup/INF3995-Templates/project_ws/src/install/ros_gz_example_gazebo/share/ros_gz_example_gazebo/hook/cmake_prefix_path.sh'
[16.968s] Level 1:colcon.colcon_core.environment:checking '/home/kylor/setup/INF3995-Templates/project_ws/src/install/ros_gz_example_gazebo/bin'
[16.968s] Level 1:colcon.colcon_core.environment:checking '/home/kylor/setup/INF3995-Templates/project_ws/src/install/ros_gz_example_gazebo/lib/pkgconfig/ros_gz_example_gazebo.pc'
[16.969s] Level 1:colcon.colcon_core.environment:checking '/home/kylor/setup/INF3995-Templates/project_ws/src/install/ros_gz_example_gazebo/lib/python3.10/site-packages'
[16.969s] Level 1:colcon.colcon_core.environment:checking '/home/kylor/setup/INF3995-Templates/project_ws/src/install/ros_gz_example_gazebo/bin'
[16.969s] INFO:colcon.colcon_core.shell:Creating package script '/home/kylor/setup/INF3995-Templates/project_ws/src/install/ros_gz_example_gazebo/share/ros_gz_example_gazebo/package.ps1'
[16.970s] INFO:colcon.colcon_core.shell:Creating package descriptor '/home/kylor/setup/INF3995-Templates/project_ws/src/install/ros_gz_example_gazebo/share/ros_gz_example_gazebo/package.dsv'
[16.971s] INFO:colcon.colcon_core.shell:Creating package script '/home/kylor/setup/INF3995-Templates/project_ws/src/install/ros_gz_example_gazebo/share/ros_gz_example_gazebo/package.sh'
[16.972s] INFO:colcon.colcon_core.shell:Creating package script '/home/kylor/setup/INF3995-Templates/project_ws/src/install/ros_gz_example_gazebo/share/ros_gz_example_gazebo/package.bash'
[16.972s] INFO:colcon.colcon_core.shell:Creating package script '/home/kylor/setup/INF3995-Templates/project_ws/src/install/ros_gz_example_gazebo/share/ros_gz_example_gazebo/package.zsh'
[16.973s] Level 1:colcon.colcon_core.environment:create_file_with_runtime_dependencies(/home/kylor/setup/INF3995-Templates/project_ws/src/install/ros_gz_example_gazebo/share/colcon-core/packages/ros_gz_example_gazebo)
[16.974s] INFO:colcon.colcon_ros.task.ament_cmake.build:Building ROS package in '/home/kylor/setup/INF3995-Templates/project_ws/src/ros_gz_example_bringup' with build type 'ament_cmake'
[16.974s] INFO:colcon.colcon_cmake.task.cmake.build:Building CMake package in '/home/kylor/setup/INF3995-Templates/project_ws/src/ros_gz_example_bringup'
[16.974s] INFO:colcon.colcon_core.shell:Skip shell extension 'powershell' for command environment: Not usable outside of PowerShell
[16.975s] DEBUG:colcon.colcon_core.shell:Skip shell extension 'dsv' for command environment
[17.091s] DEBUG:colcon.colcon_core.event_handler.log_command:Invoking command in '/home/kylor/setup/INF3995-Templates/project_ws/src/build/ros_gz_example_bringup': AMENT_PREFIX_PATH=/home/kylor/setup/INF3995-Templates/project_ws/src/install/ros_gz_example_gazebo:/home/kylor/setup/INF3995-Templates/project_ws/src/install/ros_gz_example_description:${AMENT_PREFIX_PATH} CMAKE_PREFIX_PATH=/home/kylor/setup/INF3995-Templates/project_ws/src/install/ros_gz_example_gazebo:/home/kylor/setup/INF3995-Templates/project_ws/src/install/ros_gz_example_description:/home/kylor/setup/INF3995-Templates/project_ws/install/ros_gz_example_bringup:/home/kylor/setup/INF3995-Templates/project_ws/install/ros_gz_example_gazebo:/home/kylor/setup/INF3995-Templates/project_ws/install/ros_gz_example_description:/home/kylor/setup/INF3995-Templates/project_ws/install/ros_gz_example_application:/opt/ros/humble IGN_GAZEBO_PLUGIN_PATH=/home/kylor/setup/INF3995-Templates/project_ws/src/install/ros_gz_example_gazebo/lib/ros_gz_example_gazebo IGN_GAZEBO_RESOURCE_PATH=/home/kylor/setup/INF3995-Templates/project_ws/src/install/ros_gz_example_gazebo/share/ros_gz_example_gazebo/worlds:/home/kylor/setup/INF3995-Templates/project_ws/src/install/ros_gz_example_description/share/ros_gz_example_description/models:${IGN_GAZEBO_RESOURCE_PATH} /usr/bin/cmake /home/kylor/setup/INF3995-Templates/project_ws/src/ros_gz_example_bringup -DAMENT_CMAKE_SYMLINK_INSTALL=1 -DCMAKE_INSTALL_PREFIX=/home/kylor/setup/INF3995-Templates/project_ws/src/install/ros_gz_example_bringup
[19.255s] DEBUG:colcon.colcon_core.event_handler.log_command:Invoked command in '/home/kylor/setup/INF3995-Templates/project_ws/src/build/ros_gz_example_bringup' returned '0': AMENT_PREFIX_PATH=/home/kylor/setup/INF3995-Templates/project_ws/src/install/ros_gz_example_gazebo:/home/kylor/setup/INF3995-Templates/project_ws/src/install/ros_gz_example_description:${AMENT_PREFIX_PATH} CMAKE_PREFIX_PATH=/home/kylor/setup/INF3995-Templates/project_ws/src/install/ros_gz_example_gazebo:/home/kylor/setup/INF3995-Templates/project_ws/src/install/ros_gz_example_description:/home/kylor/setup/INF3995-Templates/project_ws/install/ros_gz_example_bringup:/home/kylor/setup/INF3995-Templates/project_ws/install/ros_gz_example_gazebo:/home/kylor/setup/INF3995-Templates/project_ws/install/ros_gz_example_description:/home/kylor/setup/INF3995-Templates/project_ws/install/ros_gz_example_application:/opt/ros/humble IGN_GAZEBO_PLUGIN_PATH=/home/kylor/setup/INF3995-Templates/project_ws/src/install/ros_gz_example_gazebo/lib/ros_gz_example_gazebo IGN_GAZEBO_RESOURCE_PATH=/home/kylor/setup/INF3995-Templates/project_ws/src/install/ros_gz_example_gazebo/share/ros_gz_example_gazebo/worlds:/home/kylor/setup/INF3995-Templates/project_ws/src/install/ros_gz_example_description/share/ros_gz_example_description/models:${IGN_GAZEBO_RESOURCE_PATH} /usr/bin/cmake /home/kylor/setup/INF3995-Templates/project_ws/src/ros_gz_example_bringup -DAMENT_CMAKE_SYMLINK_INSTALL=1 -DCMAKE_INSTALL_PREFIX=/home/kylor/setup/INF3995-Templates/project_ws/src/install/ros_gz_example_bringup
[19.256s] DEBUG:colcon.colcon_core.event_handler.log_command:Invoking command in '/home/kylor/setup/INF3995-Templates/project_ws/src/build/ros_gz_example_bringup': AMENT_PREFIX_PATH=/home/kylor/setup/INF3995-Templates/project_ws/src/install/ros_gz_example_gazebo:/home/kylor/setup/INF3995-Templates/project_ws/src/install/ros_gz_example_description:${AMENT_PREFIX_PATH} CMAKE_PREFIX_PATH=/home/kylor/setup/INF3995-Templates/project_ws/src/install/ros_gz_example_gazebo:/home/kylor/setup/INF3995-Templates/project_ws/src/install/ros_gz_example_description:/home/kylor/setup/INF3995-Templates/project_ws/install/ros_gz_example_bringup:/home/kylor/setup/INF3995-Templates/project_ws/install/ros_gz_example_gazebo:/home/kylor/setup/INF3995-Templates/project_ws/install/ros_gz_example_description:/home/kylor/setup/INF3995-Templates/project_ws/install/ros_gz_example_application:/opt/ros/humble IGN_GAZEBO_PLUGIN_PATH=/home/kylor/setup/INF3995-Templates/project_ws/src/install/ros_gz_example_gazebo/lib/ros_gz_example_gazebo IGN_GAZEBO_RESOURCE_PATH=/home/kylor/setup/INF3995-Templates/project_ws/src/install/ros_gz_example_gazebo/share/ros_gz_example_gazebo/worlds:/home/kylor/setup/INF3995-Templates/project_ws/src/install/ros_gz_example_description/share/ros_gz_example_description/models:${IGN_GAZEBO_RESOURCE_PATH} /usr/bin/cmake --build /home/kylor/setup/INF3995-Templates/project_ws/src/build/ros_gz_example_bringup -- -j20 -l20
[19.289s] DEBUG:colcon.colcon_core.event_handler.log_command:Invoked command in '/home/kylor/setup/INF3995-Templates/project_ws/src/build/ros_gz_example_bringup' returned '0': AMENT_PREFIX_PATH=/home/kylor/setup/INF3995-Templates/project_ws/src/install/ros_gz_example_gazebo:/home/kylor/setup/INF3995-Templates/project_ws/src/install/ros_gz_example_description:${AMENT_PREFIX_PATH} CMAKE_PREFIX_PATH=/home/kylor/setup/INF3995-Templates/project_ws/src/install/ros_gz_example_gazebo:/home/kylor/setup/INF3995-Templates/project_ws/src/install/ros_gz_example_description:/home/kylor/setup/INF3995-Templates/project_ws/install/ros_gz_example_bringup:/home/kylor/setup/INF3995-Templates/project_ws/install/ros_gz_example_gazebo:/home/kylor/setup/INF3995-Templates/project_ws/install/ros_gz_example_description:/home/kylor/setup/INF3995-Templates/project_ws/install/ros_gz_example_application:/opt/ros/humble IGN_GAZEBO_PLUGIN_PATH=/home/kylor/setup/INF3995-Templates/project_ws/src/install/ros_gz_example_gazebo/lib/ros_gz_example_gazebo IGN_GAZEBO_RESOURCE_PATH=/home/kylor/setup/INF3995-Templates/project_ws/src/install/ros_gz_example_gazebo/share/ros_gz_example_gazebo/worlds:/home/kylor/setup/INF3995-Templates/project_ws/src/install/ros_gz_example_description/share/ros_gz_example_description/models:${IGN_GAZEBO_RESOURCE_PATH} /usr/bin/cmake --build /home/kylor/setup/INF3995-Templates/project_ws/src/build/ros_gz_example_bringup -- -j20 -l20
[19.291s] DEBUG:colcon.colcon_core.event_handler.log_command:Invoking command in '/home/kylor/setup/INF3995-Templates/project_ws/src/build/ros_gz_example_bringup': AMENT_PREFIX_PATH=/home/kylor/setup/INF3995-Templates/project_ws/src/install/ros_gz_example_gazebo:/home/kylor/setup/INF3995-Templates/project_ws/src/install/ros_gz_example_description:${AMENT_PREFIX_PATH} CMAKE_PREFIX_PATH=/home/kylor/setup/INF3995-Templates/project_ws/src/install/ros_gz_example_gazebo:/home/kylor/setup/INF3995-Templates/project_ws/src/install/ros_gz_example_description:/home/kylor/setup/INF3995-Templates/project_ws/install/ros_gz_example_bringup:/home/kylor/setup/INF3995-Templates/project_ws/install/ros_gz_example_gazebo:/home/kylor/setup/INF3995-Templates/project_ws/install/ros_gz_example_description:/home/kylor/setup/INF3995-Templates/project_ws/install/ros_gz_example_application:/opt/ros/humble IGN_GAZEBO_PLUGIN_PATH=/home/kylor/setup/INF3995-Templates/project_ws/src/install/ros_gz_example_gazebo/lib/ros_gz_example_gazebo IGN_GAZEBO_RESOURCE_PATH=/home/kylor/setup/INF3995-Templates/project_ws/src/install/ros_gz_example_gazebo/share/ros_gz_example_gazebo/worlds:/home/kylor/setup/INF3995-Templates/project_ws/src/install/ros_gz_example_description/share/ros_gz_example_description/models:${IGN_GAZEBO_RESOURCE_PATH} /usr/bin/cmake --install /home/kylor/setup/INF3995-Templates/project_ws/src/build/ros_gz_example_bringup
[19.446s] Level 1:colcon.colcon_core.environment:create_environment_scripts_only(ros_gz_example_bringup)
[19.446s] Level 1:colcon.colcon_core.environment:checking '/home/kylor/setup/INF3995-Templates/project_ws/src/install/ros_gz_example_bringup' for CMake module files
[19.447s] DEBUG:colcon.colcon_core.event_handler.log_command:Invoked command in '/home/kylor/setup/INF3995-Templates/project_ws/src/build/ros_gz_example_bringup' returned '0': AMENT_PREFIX_PATH=/home/kylor/setup/INF3995-Templates/project_ws/src/install/ros_gz_example_gazebo:/home/kylor/setup/INF3995-Templates/project_ws/src/install/ros_gz_example_description:${AMENT_PREFIX_PATH} CMAKE_PREFIX_PATH=/home/kylor/setup/INF3995-Templates/project_ws/src/install/ros_gz_example_gazebo:/home/kylor/setup/INF3995-Templates/project_ws/src/install/ros_gz_example_description:/home/kylor/setup/INF3995-Templates/project_ws/install/ros_gz_example_bringup:/home/kylor/setup/INF3995-Templates/project_ws/install/ros_gz_example_gazebo:/home/kylor/setup/INF3995-Templates/project_ws/install/ros_gz_example_description:/home/kylor/setup/INF3995-Templates/project_ws/install/ros_gz_example_application:/opt/ros/humble IGN_GAZEBO_PLUGIN_PATH=/home/kylor/setup/INF3995-Templates/project_ws/src/install/ros_gz_example_gazebo/lib/ros_gz_example_gazebo IGN_GAZEBO_RESOURCE_PATH=/home/kylor/setup/INF3995-Templates/project_ws/src/install/ros_gz_example_gazebo/share/ros_gz_example_gazebo/worlds:/home/kylor/setup/INF3995-Templates/project_ws/src/install/ros_gz_example_description/share/ros_gz_example_description/models:${IGN_GAZEBO_RESOURCE_PATH} /usr/bin/cmake --install /home/kylor/setup/INF3995-Templates/project_ws/src/build/ros_gz_example_bringup
[19.448s] Level 1:colcon.colcon_core.environment:checking '/home/kylor/setup/INF3995-Templates/project_ws/src/install/ros_gz_example_bringup' for CMake config files
[19.448s] Level 1:colcon.colcon_core.shell:create_environment_hook('ros_gz_example_bringup', 'cmake_prefix_path')
[19.448s] INFO:colcon.colcon_core.shell:Creating environment hook '/home/kylor/setup/INF3995-Templates/project_ws/src/install/ros_gz_example_bringup/share/ros_gz_example_bringup/hook/cmake_prefix_path.ps1'
[19.449s] INFO:colcon.colcon_core.shell:Creating environment descriptor '/home/kylor/setup/INF3995-Templates/project_ws/src/install/ros_gz_example_bringup/share/ros_gz_example_bringup/hook/cmake_prefix_path.dsv'
[19.450s] INFO:colcon.colcon_core.shell:Creating environment hook '/home/kylor/setup/INF3995-Templates/project_ws/src/install/ros_gz_example_bringup/share/ros_gz_example_bringup/hook/cmake_prefix_path.sh'
[19.451s] Level 1:colcon.colcon_core.environment:checking '/home/kylor/setup/INF3995-Templates/project_ws/src/install/ros_gz_example_bringup/bin'
[19.451s] Level 1:colcon.colcon_core.environment:checking '/home/kylor/setup/INF3995-Templates/project_ws/src/install/ros_gz_example_bringup/lib/pkgconfig/ros_gz_example_bringup.pc'
[19.451s] Level 1:colcon.colcon_core.environment:checking '/home/kylor/setup/INF3995-Templates/project_ws/src/install/ros_gz_example_bringup/lib/python3.10/site-packages'
[19.452s] Level 1:colcon.colcon_core.environment:checking '/home/kylor/setup/INF3995-Templates/project_ws/src/install/ros_gz_example_bringup/bin'
[19.452s] INFO:colcon.colcon_core.shell:Creating package script '/home/kylor/setup/INF3995-Templates/project_ws/src/install/ros_gz_example_bringup/share/ros_gz_example_bringup/package.ps1'
[19.453s] INFO:colcon.colcon_core.shell:Creating package descriptor '/home/kylor/setup/INF3995-Templates/project_ws/src/install/ros_gz_example_bringup/share/ros_gz_example_bringup/package.dsv'
[19.453s] INFO:colcon.colcon_core.shell:Creating package script '/home/kylor/setup/INF3995-Templates/project_ws/src/install/ros_gz_example_bringup/share/ros_gz_example_bringup/package.sh'
[19.454s] INFO:colcon.colcon_core.shell:Creating package script '/home/kylor/setup/INF3995-Templates/project_ws/src/install/ros_gz_example_bringup/share/ros_gz_example_bringup/package.bash'
[19.455s] INFO:colcon.colcon_core.shell:Creating package script '/home/kylor/setup/INF3995-Templates/project_ws/src/install/ros_gz_example_bringup/share/ros_gz_example_bringup/package.zsh'
[19.455s] Level 1:colcon.colcon_core.environment:create_file_with_runtime_dependencies(/home/kylor/setup/INF3995-Templates/project_ws/src/install/ros_gz_example_bringup/share/colcon-core/packages/ros_gz_example_bringup)
[19.456s] Level 1:colcon.colcon_core.environment:create_environment_scripts_only(ros_gz_example_bringup)
[19.456s] Level 1:colcon.colcon_core.environment:checking '/home/kylor/setup/INF3995-Templates/project_ws/src/install/ros_gz_example_bringup' for CMake module files
[19.457s] Level 1:colcon.colcon_core.environment:checking '/home/kylor/setup/INF3995-Templates/project_ws/src/install/ros_gz_example_bringup' for CMake config files
[19.458s] Level 1:colcon.colcon_core.shell:create_environment_hook('ros_gz_example_bringup', 'cmake_prefix_path')
[19.458s] INFO:colcon.colcon_core.shell:Creating environment hook '/home/kylor/setup/INF3995-Templates/project_ws/src/install/ros_gz_example_bringup/share/ros_gz_example_bringup/hook/cmake_prefix_path.ps1'
[19.459s] INFO:colcon.colcon_core.shell:Creating environment descriptor '/home/kylor/setup/INF3995-Templates/project_ws/src/install/ros_gz_example_bringup/share/ros_gz_example_bringup/hook/cmake_prefix_path.dsv'
[19.459s] INFO:colcon.colcon_core.shell:Creating environment hook '/home/kylor/setup/INF3995-Templates/project_ws/src/install/ros_gz_example_bringup/share/ros_gz_example_bringup/hook/cmake_prefix_path.sh'
[19.461s] Level 1:colcon.colcon_core.environment:checking '/home/kylor/setup/INF3995-Templates/project_ws/src/install/ros_gz_example_bringup/bin'
[19.461s] Level 1:colcon.colcon_core.environment:checking '/home/kylor/setup/INF3995-Templates/project_ws/src/install/ros_gz_example_bringup/lib/pkgconfig/ros_gz_example_bringup.pc'
[19.461s] Level 1:colcon.colcon_core.environment:checking '/home/kylor/setup/INF3995-Templates/project_ws/src/install/ros_gz_example_bringup/lib/python3.10/site-packages'
[19.461s] Level 1:colcon.colcon_core.environment:checking '/home/kylor/setup/INF3995-Templates/project_ws/src/install/ros_gz_example_bringup/bin'
[19.462s] INFO:colcon.colcon_core.shell:Creating package script '/home/kylor/setup/INF3995-Templates/project_ws/src/install/ros_gz_example_bringup/share/ros_gz_example_bringup/package.ps1'
[19.462s] INFO:colcon.colcon_core.shell:Creating package descriptor '/home/kylor/setup/INF3995-Templates/project_ws/src/install/ros_gz_example_bringup/share/ros_gz_example_bringup/package.dsv'
[19.463s] INFO:colcon.colcon_core.shell:Creating package script '/home/kylor/setup/INF3995-Templates/project_ws/src/install/ros_gz_example_bringup/share/ros_gz_example_bringup/package.sh'
[19.464s] INFO:colcon.colcon_core.shell:Creating package script '/home/kylor/setup/INF3995-Templates/project_ws/src/install/ros_gz_example_bringup/share/ros_gz_example_bringup/package.bash'
[19.464s] INFO:colcon.colcon_core.shell:Creating package script '/home/kylor/setup/INF3995-Templates/project_ws/src/install/ros_gz_example_bringup/share/ros_gz_example_bringup/package.zsh'
[19.465s] Level 1:colcon.colcon_core.environment:create_file_with_runtime_dependencies(/home/kylor/setup/INF3995-Templates/project_ws/src/install/ros_gz_example_bringup/share/colcon-core/packages/ros_gz_example_bringup)
[19.465s] DEBUG:colcon.colcon_parallel_executor.executor.parallel:closing loop
[19.466s] DEBUG:colcon.colcon_parallel_executor.executor.parallel:loop closed
[19.466s] DEBUG:colcon.colcon_parallel_executor.executor.parallel:run_until_complete finished with '0'
[19.466s] DEBUG:colcon.colcon_core.event_reactor:joining thread
[19.606s] INFO:colcon.colcon_core.plugin_system:Skipping extension 'colcon_notification.desktop_notification.notify_send': Could not find 'notify-send'
[19.606s] INFO:colcon.colcon_core.plugin_system:Skipping extension 'colcon_notification.desktop_notification.terminal_notifier': Not used on non-Darwin systems
[19.606s] INFO:colcon.colcon_core.plugin_system:Skipping extension 'colcon_notification.desktop_notification.win32': Not used on non-Windows systems
[19.607s] INFO:colcon.colcon_notification.desktop_notification:Sending desktop notification using 'notify2'
[19.607s] DEBUG:colcon.colcon_notification.desktop_notification.notify2:Failed to initialize notify2: org.freedesktop.DBus.Error.FileNotFound: Failed to connect to socket /run/user/1000/bus: No such file or directory
[19.607s] DEBUG:colcon.colcon_core.event_reactor:joined thread
[19.608s] INFO:colcon.colcon_core.shell:Creating prefix script '/home/kylor/setup/INF3995-Templates/project_ws/src/install/local_setup.ps1'
[19.609s] INFO:colcon.colcon_core.shell:Creating prefix util module '/home/kylor/setup/INF3995-Templates/project_ws/src/install/_local_setup_util_ps1.py'
[19.612s] INFO:colcon.colcon_core.shell:Creating prefix chain script '/home/kylor/setup/INF3995-Templates/project_ws/src/install/setup.ps1'
[19.614s] INFO:colcon.colcon_core.shell:Creating prefix script '/home/kylor/setup/INF3995-Templates/project_ws/src/install/local_setup.sh'
[19.615s] INFO:colcon.colcon_core.shell:Creating prefix util module '/home/kylor/setup/INF3995-Templates/project_ws/src/install/_local_setup_util_sh.py'
[19.615s] INFO:colcon.colcon_core.shell:Creating prefix chain script '/home/kylor/setup/INF3995-Templates/project_ws/src/install/setup.sh'
[19.619s] INFO:colcon.colcon_core.shell:Creating prefix script '/home/kylor/setup/INF3995-Templates/project_ws/src/install/local_setup.bash'
[19.620s] INFO:colcon.colcon_core.shell:Creating prefix chain script '/home/kylor/setup/INF3995-Templates/project_ws/src/install/setup.bash'
[19.621s] INFO:colcon.colcon_core.shell:Creating prefix script '/home/kylor/setup/INF3995-Templates/project_ws/src/install/local_setup.zsh'
[19.622s] INFO:colcon.colcon_core.shell:Creating prefix chain script '/home/kylor/setup/INF3995-Templates/project_ws/src/install/setup.zsh'
