[0.684s] Invoking command in '/home/kevin/Desktop/INF3995-102/build/limo_description': CMAKE_PREFIX_PATH=/opt/ros/humble /usr/bin/cmake /home/kevin/Desktop/INF3995-102/robot/limo/src/limo_ros2/limo_description -DCMAKE_INSTALL_PREFIX=/home/kevin/Desktop/INF3995-102/install/limo_description
[0.747s] -- The C compiler identification is GNU 11.4.0
[0.832s] -- The CXX compiler identification is GNU 11.4.0
[0.844s] -- Detecting C compiler ABI info
[0.920s] -- Detecting C compiler ABI info - done
[0.930s] -- Check for working C compiler: /usr/bin/cc - skipped
[0.930s] -- Detecting C compile features
[0.930s] -- Detecting C compile features - done
[0.933s] -- Detecting CXX compiler ABI info
[1.027s] -- Detecting CXX compiler ABI info - done
[1.035s] -- Check for working CXX compiler: /usr/bin/c++ - skipped
[1.035s] -- Detecting CXX compile features
[1.035s] -- Detecting CXX compile features - done
[1.037s] -- Found ament_cmake: 1.3.11 (/opt/ros/humble/share/ament_cmake/cmake)
[1.223s] -- Found Python3: /usr/bin/python3 (found version "3.10.12") found components: Interpreter 
[1.353s] -- Found ament_lint_auto: 0.12.11 (/opt/ros/humble/share/ament_lint_auto/cmake)
[1.459s] -- Added test 'copyright' to check source files copyright and LICENSE
[1.464s] -- Added test 'flake8' to check Python code syntax and style conventions
[1.465s] -- Added test 'lint_cmake' to check CMake code style
[1.467s] -- Added test 'pep257' to check Python code against some of the docstring style conventions in PEP 257
[1.470s] -- Added test 'xmllint' to check XML markup files
[1.471s] -- Configuring done
[1.475s] -- Generating done
[1.478s] -- Build files have been written to: /home/kevin/Desktop/INF3995-102/build/limo_description
[1.490s] Invoked command in '/home/kevin/Desktop/INF3995-102/build/limo_description' returned '0': CMAKE_PREFIX_PATH=/opt/ros/humble /usr/bin/cmake /home/kevin/Desktop/INF3995-102/robot/limo/src/limo_ros2/limo_description -DCMAKE_INSTALL_PREFIX=/home/kevin/Desktop/INF3995-102/install/limo_description
[1.491s] Invoking command in '/home/kevin/Desktop/INF3995-102/build/limo_description': CMAKE_PREFIX_PATH=/opt/ros/humble /usr/bin/cmake --build /home/kevin/Desktop/INF3995-102/build/limo_description -- -j20 -l20
[1.533s] Invoked command in '/home/kevin/Desktop/INF3995-102/build/limo_description' returned '0': CMAKE_PREFIX_PATH=/opt/ros/humble /usr/bin/cmake --build /home/kevin/Desktop/INF3995-102/build/limo_description -- -j20 -l20
[1.542s] Invoking command in '/home/kevin/Desktop/INF3995-102/build/limo_description': CMAKE_PREFIX_PATH=/opt/ros/humble /usr/bin/cmake --install /home/kevin/Desktop/INF3995-102/build/limo_description
[1.548s] -- Install configuration: ""
[1.548s] -- Installing: /home/kevin/Desktop/INF3995-102/install/limo_description/share/limo_description/launch
[1.548s] -- Installing: /home/kevin/Desktop/INF3995-102/install/limo_description/share/limo_description/launch/display_models_diff.launch.py
[1.548s] -- Installing: /home/kevin/Desktop/INF3995-102/install/limo_description/share/limo_description/launch/gazebo_models_diff.launch.py
[1.548s] -- Installing: /home/kevin/Desktop/INF3995-102/install/limo_description/share/limo_description/meshes
[1.548s] -- Installing: /home/kevin/Desktop/INF3995-102/install/limo_description/share/limo_description/meshes/limo_wheel.stl
[1.559s] -- Installing: /home/kevin/Desktop/INF3995-102/install/limo_description/share/limo_description/meshes/limo_wheel.dae
[1.573s] -- Installing: /home/kevin/Desktop/INF3995-102/install/limo_description/share/limo_description/meshes/limo_base.stl
[1.642s] -- Installing: /home/kevin/Desktop/INF3995-102/install/limo_description/share/limo_description/meshes/limo_base.dae
[1.686s] -- Installing: /home/kevin/Desktop/INF3995-102/install/limo_description/share/limo_description/rviz
[1.687s] -- Installing: /home/kevin/Desktop/INF3995-102/install/limo_description/share/limo_description/rviz/model_display.rviz
[1.687s] -- Installing: /home/kevin/Desktop/INF3995-102/install/limo_description/share/limo_description/rviz/urdf.rviz
[1.687s] -- Installing: /home/kevin/Desktop/INF3995-102/install/limo_description/share/limo_description/urdf
[1.687s] -- Installing: /home/kevin/Desktop/INF3995-102/install/limo_description/share/limo_description/urdf/limo_four_diff_2.gazebo
[1.687s] -- Installing: /home/kevin/Desktop/INF3995-102/install/limo_description/share/limo_description/urdf/limo_xacro.xacro
[1.687s] -- Installing: /home/kevin/Desktop/INF3995-102/install/limo_description/share/limo_description/urdf/limo_gazebo.gazebo
[1.687s] -- Installing: /home/kevin/Desktop/INF3995-102/install/limo_description/share/limo_description/urdf/limo_ackerman.xacro
[1.687s] -- Installing: /home/kevin/Desktop/INF3995-102/install/limo_description/share/limo_description/urdf/limo_ackerman.gazebo
[1.687s] -- Installing: /home/kevin/Desktop/INF3995-102/install/limo_description/share/limo_description/urdf/limo_four_diff.xacro
[1.687s] -- Installing: /home/kevin/Desktop/INF3995-102/install/limo_description/share/limo_description/urdf/limo_steering_hinge.xacro
[1.688s] -- Installing: /home/kevin/Desktop/INF3995-102/install/limo_description/share/limo_description/urdf/limo_four_diff.gazebo
[1.688s] -- Installing: /home/kevin/Desktop/INF3995-102/install/limo_description/share/ament_index/resource_index/package_run_dependencies/limo_description
[1.688s] -- Installing: /home/kevin/Desktop/INF3995-102/install/limo_description/share/ament_index/resource_index/parent_prefix_path/limo_description
[1.688s] -- Installing: /home/kevin/Desktop/INF3995-102/install/limo_description/share/limo_description/environment/ament_prefix_path.sh
[1.688s] -- Installing: /home/kevin/Desktop/INF3995-102/install/limo_description/share/limo_description/environment/ament_prefix_path.dsv
[1.688s] -- Installing: /home/kevin/Desktop/INF3995-102/install/limo_description/share/limo_description/environment/path.sh
[1.689s] -- Installing: /home/kevin/Desktop/INF3995-102/install/limo_description/share/limo_description/environment/path.dsv
[1.689s] -- Installing: /home/kevin/Desktop/INF3995-102/install/limo_description/share/limo_description/local_setup.bash
[1.689s] -- Installing: /home/kevin/Desktop/INF3995-102/install/limo_description/share/limo_description/local_setup.sh
[1.689s] -- Installing: /home/kevin/Desktop/INF3995-102/install/limo_description/share/limo_description/local_setup.zsh
[1.689s] -- Installing: /home/kevin/Desktop/INF3995-102/install/limo_description/share/limo_description/local_setup.dsv
[1.689s] -- Installing: /home/kevin/Desktop/INF3995-102/install/limo_description/share/limo_description/package.dsv
[1.689s] -- Installing: /home/kevin/Desktop/INF3995-102/install/limo_description/share/ament_index/resource_index/packages/limo_description
[1.689s] -- Installing: /home/kevin/Desktop/INF3995-102/install/limo_description/share/limo_description/cmake/limo_descriptionConfig.cmake
[1.689s] -- Installing: /home/kevin/Desktop/INF3995-102/install/limo_description/share/limo_description/cmake/limo_descriptionConfig-version.cmake
[1.689s] -- Installing: /home/kevin/Desktop/INF3995-102/install/limo_description/share/limo_description/package.xml
[1.693s] Invoked command in '/home/kevin/Desktop/INF3995-102/build/limo_description' returned '0': CMAKE_PREFIX_PATH=/opt/ros/humble /usr/bin/cmake --install /home/kevin/Desktop/INF3995-102/build/limo_description
