[0.437s] DEBUG:colcon:Command line arguments: ['/usr/local/bin/colcon', 'build', '--cmake-args', '-DBUILD_TESTING=ON']
[0.437s] DEBUG:colcon:Parsed command line arguments: Namespace(log_base=None, log_level=None, verb_name='build', build_base='build', install_base='install', merge_install=False, symlink_install=False, test_result_base=None, continue_on_error=False, executor='parallel', parallel_workers=12, event_handlers=None, ignore_user_meta=False, metas=['./colcon.meta'], base_paths=['.'], packages_ignore=None, packages_ignore_regex=None, paths=None, packages_up_to=None, packages_up_to_regex=None, packages_above=None, packages_above_and_dependencies=None, packages_above_depth=None, packages_select_by_dep=None, packages_skip_by_dep=None, packages_skip_up_to=None, packages_select_build_failed=False, packages_skip_build_finished=False, packages_select_test_failures=False, packages_skip_test_passed=False, packages_select=None, packages_skip=None, packages_select_regex=None, packages_skip_regex=None, packages_start=None, packages_end=None, cmake_args=['-DBUILD_TESTING=ON'], cmake_target=None, cmake_target_skip_unavailable=False, cmake_clean_cache=False, cmake_clean_first=False, cmake_force_configure=False, ament_cmake_args=None, catkin_cmake_args=None, catkin_skip_building_tests=False, verb_parser=<colcon_defaults.argument_parser.defaults.DefaultArgumentsDecorator object at 0x7fba65171870>, verb_extension=<colcon_core.verb.build.BuildVerb object at 0x7fba65171360>, main=<bound method BuildVerb.main of <colcon_core.verb.build.BuildVerb object at 0x7fba65171360>>)
[0.709s] Level 1:colcon.colcon_core.package_discovery:discover_packages(colcon_meta) check parameters
[0.709s] Level 1:colcon.colcon_core.package_discovery:discover_packages(recursive) check parameters
[0.709s] Level 1:colcon.colcon_core.package_discovery:discover_packages(ignore) check parameters
[0.709s] Level 1:colcon.colcon_core.package_discovery:discover_packages(path) check parameters
[0.709s] Level 1:colcon.colcon_core.package_discovery:discover_packages(colcon_meta) discover
[0.709s] Level 1:colcon.colcon_core.package_discovery:discover_packages(recursive) discover
[0.709s] INFO:colcon.colcon_core.package_discovery:Crawling recursively for packages in '/home/kylor/INF3995-102/robot'
[0.709s] Level 1:colcon.colcon_core.package_identification:_identify(.) by extensions ['ignore', 'ignore_ament_install']
[0.709s] Level 1:colcon.colcon_core.package_identification:_identify(.) by extension 'ignore'
[0.709s] Level 1:colcon.colcon_core.package_identification:_identify(.) by extension 'ignore_ament_install'
[0.709s] Level 1:colcon.colcon_core.package_identification:_identify(.) by extensions ['colcon_pkg']
[0.709s] Level 1:colcon.colcon_core.package_identification:_identify(.) by extension 'colcon_pkg'
[0.709s] Level 1:colcon.colcon_core.package_identification:_identify(.) by extensions ['colcon_meta']
[0.709s] Level 1:colcon.colcon_core.package_identification:_identify(.) by extension 'colcon_meta'
[0.709s] Level 1:colcon.colcon_core.package_identification:_identify(.) by extensions ['ros']
[0.709s] Level 1:colcon.colcon_core.package_identification:_identify(.) by extension 'ros'
[0.723s] Level 1:colcon.colcon_core.package_identification:_identify(.) by extensions ['cmake', 'python']
[0.723s] Level 1:colcon.colcon_core.package_identification:_identify(.) by extension 'cmake'
[0.723s] Level 1:colcon.colcon_core.package_identification:_identify(.) by extension 'python'
[0.723s] Level 1:colcon.colcon_core.package_identification:_identify(.) by extensions ['python_setup_py']
[0.723s] Level 1:colcon.colcon_core.package_identification:_identify(.) by extension 'python_setup_py'
[0.723s] Level 1:colcon.colcon_core.package_identification:_identify(build) by extensions ['ignore', 'ignore_ament_install']
[0.724s] Level 1:colcon.colcon_core.package_identification:_identify(build) by extension 'ignore'
[0.724s] Level 1:colcon.colcon_core.package_identification:_identify(build) ignored
[0.724s] Level 1:colcon.colcon_core.package_identification:_identify(install) by extensions ['ignore', 'ignore_ament_install']
[0.724s] Level 1:colcon.colcon_core.package_identification:_identify(install) by extension 'ignore'
[0.724s] Level 1:colcon.colcon_core.package_identification:_identify(install) ignored
[0.724s] Level 1:colcon.colcon_core.package_identification:_identify(log) by extensions ['ignore', 'ignore_ament_install']
[0.724s] Level 1:colcon.colcon_core.package_identification:_identify(log) by extension 'ignore'
[0.724s] Level 1:colcon.colcon_core.package_identification:_identify(log) ignored
[0.724s] Level 1:colcon.colcon_core.package_identification:_identify(src) by extensions ['ignore', 'ignore_ament_install']
[0.724s] Level 1:colcon.colcon_core.package_identification:_identify(src) by extension 'ignore'
[0.724s] Level 1:colcon.colcon_core.package_identification:_identify(src) by extension 'ignore_ament_install'
[0.724s] Level 1:colcon.colcon_core.package_identification:_identify(src) by extensions ['colcon_pkg']
[0.724s] Level 1:colcon.colcon_core.package_identification:_identify(src) by extension 'colcon_pkg'
[0.724s] Level 1:colcon.colcon_core.package_identification:_identify(src) by extensions ['colcon_meta']
[0.724s] Level 1:colcon.colcon_core.package_identification:_identify(src) by extension 'colcon_meta'
[0.724s] Level 1:colcon.colcon_core.package_identification:_identify(src) by extensions ['ros']
[0.724s] Level 1:colcon.colcon_core.package_identification:_identify(src) by extension 'ros'
[0.724s] Level 1:colcon.colcon_core.package_identification:_identify(src) by extensions ['cmake', 'python']
[0.724s] Level 1:colcon.colcon_core.package_identification:_identify(src) by extension 'cmake'
[0.725s] Level 1:colcon.colcon_core.package_identification:_identify(src) by extension 'python'
[0.725s] Level 1:colcon.colcon_core.package_identification:_identify(src) by extensions ['python_setup_py']
[0.725s] Level 1:colcon.colcon_core.package_identification:_identify(src) by extension 'python_setup_py'
[0.725s] Level 1:colcon.colcon_core.package_identification:_identify(src/build) by extensions ['ignore', 'ignore_ament_install']
[0.725s] Level 1:colcon.colcon_core.package_identification:_identify(src/build) by extension 'ignore'
[0.725s] Level 1:colcon.colcon_core.package_identification:_identify(src/build) ignored
[0.725s] Level 1:colcon.colcon_core.package_identification:_identify(src/install) by extensions ['ignore', 'ignore_ament_install']
[0.725s] Level 1:colcon.colcon_core.package_identification:_identify(src/install) by extension 'ignore'
[0.725s] Level 1:colcon.colcon_core.package_identification:_identify(src/install) ignored
[0.725s] Level 1:colcon.colcon_core.package_identification:_identify(src/log) by extensions ['ignore', 'ignore_ament_install']
[0.725s] Level 1:colcon.colcon_core.package_identification:_identify(src/log) by extension 'ignore'
[0.726s] Level 1:colcon.colcon_core.package_identification:_identify(src/log) ignored
[0.726s] Level 1:colcon.colcon_core.package_identification:_identify(src/ros_gz_example_application) by extensions ['ignore', 'ignore_ament_install']
[0.726s] Level 1:colcon.colcon_core.package_identification:_identify(src/ros_gz_example_application) by extension 'ignore'
[0.726s] Level 1:colcon.colcon_core.package_identification:_identify(src/ros_gz_example_application) by extension 'ignore_ament_install'
[0.726s] Level 1:colcon.colcon_core.package_identification:_identify(src/ros_gz_example_application) by extensions ['colcon_pkg']
[0.726s] Level 1:colcon.colcon_core.package_identification:_identify(src/ros_gz_example_application) by extension 'colcon_pkg'
[0.726s] Level 1:colcon.colcon_core.package_identification:_identify(src/ros_gz_example_application) by extensions ['colcon_meta']
[0.726s] Level 1:colcon.colcon_core.package_identification:_identify(src/ros_gz_example_application) by extension 'colcon_meta'
[0.726s] Level 1:colcon.colcon_core.package_identification:_identify(src/ros_gz_example_application) by extensions ['ros']
[0.726s] Level 1:colcon.colcon_core.package_identification:_identify(src/ros_gz_example_application) by extension 'ros'
[0.729s] DEBUG:colcon.colcon_core.package_identification:Package 'src/ros_gz_example_application' with type 'ros.ament_cmake' and name 'ros_gz_example_application'
[0.729s] Level 1:colcon.colcon_core.package_identification:_identify(src/ros_gz_example_bringup) by extensions ['ignore', 'ignore_ament_install']
[0.729s] Level 1:colcon.colcon_core.package_identification:_identify(src/ros_gz_example_bringup) by extension 'ignore'
[0.729s] Level 1:colcon.colcon_core.package_identification:_identify(src/ros_gz_example_bringup) by extension 'ignore_ament_install'
[0.729s] Level 1:colcon.colcon_core.package_identification:_identify(src/ros_gz_example_bringup) by extensions ['colcon_pkg']
[0.729s] Level 1:colcon.colcon_core.package_identification:_identify(src/ros_gz_example_bringup) by extension 'colcon_pkg'
[0.729s] Level 1:colcon.colcon_core.package_identification:_identify(src/ros_gz_example_bringup) by extensions ['colcon_meta']
[0.729s] Level 1:colcon.colcon_core.package_identification:_identify(src/ros_gz_example_bringup) by extension 'colcon_meta'
[0.729s] Level 1:colcon.colcon_core.package_identification:_identify(src/ros_gz_example_bringup) by extensions ['ros']
[0.729s] Level 1:colcon.colcon_core.package_identification:_identify(src/ros_gz_example_bringup) by extension 'ros'
[0.730s] DEBUG:colcon.colcon_core.package_identification:Package 'src/ros_gz_example_bringup' with type 'ros.ament_cmake' and name 'ros_gz_example_bringup'
[0.730s] Level 1:colcon.colcon_core.package_identification:_identify(src/ros_gz_example_description) by extensions ['ignore', 'ignore_ament_install']
[0.730s] Level 1:colcon.colcon_core.package_identification:_identify(src/ros_gz_example_description) by extension 'ignore'
[0.730s] Level 1:colcon.colcon_core.package_identification:_identify(src/ros_gz_example_description) by extension 'ignore_ament_install'
[0.730s] Level 1:colcon.colcon_core.package_identification:_identify(src/ros_gz_example_description) by extensions ['colcon_pkg']
[0.730s] Level 1:colcon.colcon_core.package_identification:_identify(src/ros_gz_example_description) by extension 'colcon_pkg'
[0.730s] Level 1:colcon.colcon_core.package_identification:_identify(src/ros_gz_example_description) by extensions ['colcon_meta']
[0.730s] Level 1:colcon.colcon_core.package_identification:_identify(src/ros_gz_example_description) by extension 'colcon_meta'
[0.730s] Level 1:colcon.colcon_core.package_identification:_identify(src/ros_gz_example_description) by extensions ['ros']
[0.730s] Level 1:colcon.colcon_core.package_identification:_identify(src/ros_gz_example_description) by extension 'ros'
[0.731s] DEBUG:colcon.colcon_core.package_identification:Package 'src/ros_gz_example_description' with type 'ros.ament_cmake' and name 'ros_gz_example_description'
[0.731s] Level 1:colcon.colcon_core.package_identification:_identify(src/ros_gz_example_gazebo) by extensions ['ignore', 'ignore_ament_install']
[0.731s] Level 1:colcon.colcon_core.package_identification:_identify(src/ros_gz_example_gazebo) by extension 'ignore'
[0.731s] Level 1:colcon.colcon_core.package_identification:_identify(src/ros_gz_example_gazebo) by extension 'ignore_ament_install'
[0.731s] Level 1:colcon.colcon_core.package_identification:_identify(src/ros_gz_example_gazebo) by extensions ['colcon_pkg']
[0.731s] Level 1:colcon.colcon_core.package_identification:_identify(src/ros_gz_example_gazebo) by extension 'colcon_pkg'
[0.731s] Level 1:colcon.colcon_core.package_identification:_identify(src/ros_gz_example_gazebo) by extensions ['colcon_meta']
[0.731s] Level 1:colcon.colcon_core.package_identification:_identify(src/ros_gz_example_gazebo) by extension 'colcon_meta'
[0.731s] Level 1:colcon.colcon_core.package_identification:_identify(src/ros_gz_example_gazebo) by extensions ['ros']
[0.731s] Level 1:colcon.colcon_core.package_identification:_identify(src/ros_gz_example_gazebo) by extension 'ros'
[0.731s] DEBUG:colcon.colcon_core.package_identification:Package 'src/ros_gz_example_gazebo' with type 'ros.ament_cmake' and name 'ros_gz_example_gazebo'
[0.731s] Level 1:colcon.colcon_core.package_discovery:discover_packages(recursive) using defaults
[0.731s] Level 1:colcon.colcon_core.package_discovery:discover_packages(ignore) discover
[0.731s] Level 1:colcon.colcon_core.package_discovery:discover_packages(ignore) using defaults
[0.731s] Level 1:colcon.colcon_core.package_discovery:discover_packages(path) discover
[0.731s] Level 1:colcon.colcon_core.package_discovery:discover_packages(path) using defaults
[0.758s] Level 5:colcon.colcon_core.verb:set package 'ros_gz_example_application' build argument 'cmake_args' from command line to '['-DBUILD_TESTING=ON']'
[0.758s] Level 5:colcon.colcon_core.verb:set package 'ros_gz_example_application' build argument 'cmake_target' from command line to 'None'
[0.758s] Level 5:colcon.colcon_core.verb:set package 'ros_gz_example_application' build argument 'cmake_target_skip_unavailable' from command line to 'False'
[0.758s] Level 5:colcon.colcon_core.verb:set package 'ros_gz_example_application' build argument 'cmake_clean_cache' from command line to 'False'
[0.758s] Level 5:colcon.colcon_core.verb:set package 'ros_gz_example_application' build argument 'cmake_clean_first' from command line to 'False'
[0.758s] Level 5:colcon.colcon_core.verb:set package 'ros_gz_example_application' build argument 'cmake_force_configure' from command line to 'False'
[0.758s] Level 5:colcon.colcon_core.verb:set package 'ros_gz_example_application' build argument 'ament_cmake_args' from command line to 'None'
[0.758s] Level 5:colcon.colcon_core.verb:set package 'ros_gz_example_application' build argument 'catkin_cmake_args' from command line to 'None'
[0.758s] Level 5:colcon.colcon_core.verb:set package 'ros_gz_example_application' build argument 'catkin_skip_building_tests' from command line to 'False'
[0.758s] DEBUG:colcon.colcon_core.verb:Building package 'ros_gz_example_application' with the following arguments: {'ament_cmake_args': None, 'build_base': '/home/kylor/INF3995-102/robot/build/ros_gz_example_application', 'catkin_cmake_args': None, 'catkin_skip_building_tests': False, 'cmake_args': ['-DBUILD_TESTING=ON'], 'cmake_clean_cache': False, 'cmake_clean_first': False, 'cmake_force_configure': False, 'cmake_target': None, 'cmake_target_skip_unavailable': False, 'install_base': '/home/kylor/INF3995-102/robot/install/ros_gz_example_application', 'merge_install': False, 'path': '/home/kylor/INF3995-102/robot/src/ros_gz_example_application', 'symlink_install': False, 'test_result_base': None}
[0.759s] Level 5:colcon.colcon_core.verb:set package 'ros_gz_example_description' build argument 'cmake_args' from command line to '['-DBUILD_TESTING=ON']'
[0.759s] Level 5:colcon.colcon_core.verb:set package 'ros_gz_example_description' build argument 'cmake_target' from command line to 'None'
[0.759s] Level 5:colcon.colcon_core.verb:set package 'ros_gz_example_description' build argument 'cmake_target_skip_unavailable' from command line to 'False'
[0.759s] Level 5:colcon.colcon_core.verb:set package 'ros_gz_example_description' build argument 'cmake_clean_cache' from command line to 'False'
[0.759s] Level 5:colcon.colcon_core.verb:set package 'ros_gz_example_description' build argument 'cmake_clean_first' from command line to 'False'
[0.759s] Level 5:colcon.colcon_core.verb:set package 'ros_gz_example_description' build argument 'cmake_force_configure' from command line to 'False'
[0.759s] Level 5:colcon.colcon_core.verb:set package 'ros_gz_example_description' build argument 'ament_cmake_args' from command line to 'None'
[0.759s] Level 5:colcon.colcon_core.verb:set package 'ros_gz_example_description' build argument 'catkin_cmake_args' from command line to 'None'
[0.759s] Level 5:colcon.colcon_core.verb:set package 'ros_gz_example_description' build argument 'catkin_skip_building_tests' from command line to 'False'
[0.759s] DEBUG:colcon.colcon_core.verb:Building package 'ros_gz_example_description' with the following arguments: {'ament_cmake_args': None, 'build_base': '/home/kylor/INF3995-102/robot/build/ros_gz_example_description', 'catkin_cmake_args': None, 'catkin_skip_building_tests': False, 'cmake_args': ['-DBUILD_TESTING=ON'], 'cmake_clean_cache': False, 'cmake_clean_first': False, 'cmake_force_configure': False, 'cmake_target': None, 'cmake_target_skip_unavailable': False, 'install_base': '/home/kylor/INF3995-102/robot/install/ros_gz_example_description', 'merge_install': False, 'path': '/home/kylor/INF3995-102/robot/src/ros_gz_example_description', 'symlink_install': False, 'test_result_base': None}
[0.759s] Level 5:colcon.colcon_core.verb:set package 'ros_gz_example_gazebo' build argument 'cmake_args' from command line to '['-DBUILD_TESTING=ON']'
[0.759s] Level 5:colcon.colcon_core.verb:set package 'ros_gz_example_gazebo' build argument 'cmake_target' from command line to 'None'
[0.759s] Level 5:colcon.colcon_core.verb:set package 'ros_gz_example_gazebo' build argument 'cmake_target_skip_unavailable' from command line to 'False'
[0.759s] Level 5:colcon.colcon_core.verb:set package 'ros_gz_example_gazebo' build argument 'cmake_clean_cache' from command line to 'False'
[0.759s] Level 5:colcon.colcon_core.verb:set package 'ros_gz_example_gazebo' build argument 'cmake_clean_first' from command line to 'False'
[0.759s] Level 5:colcon.colcon_core.verb:set package 'ros_gz_example_gazebo' build argument 'cmake_force_configure' from command line to 'False'
[0.759s] Level 5:colcon.colcon_core.verb:set package 'ros_gz_example_gazebo' build argument 'ament_cmake_args' from command line to 'None'
[0.759s] Level 5:colcon.colcon_core.verb:set package 'ros_gz_example_gazebo' build argument 'catkin_cmake_args' from command line to 'None'
[0.759s] Level 5:colcon.colcon_core.verb:set package 'ros_gz_example_gazebo' build argument 'catkin_skip_building_tests' from command line to 'False'
[0.759s] DEBUG:colcon.colcon_core.verb:Building package 'ros_gz_example_gazebo' with the following arguments: {'ament_cmake_args': None, 'build_base': '/home/kylor/INF3995-102/robot/build/ros_gz_example_gazebo', 'catkin_cmake_args': None, 'catkin_skip_building_tests': False, 'cmake_args': ['-DBUILD_TESTING=ON'], 'cmake_clean_cache': False, 'cmake_clean_first': False, 'cmake_force_configure': False, 'cmake_target': None, 'cmake_target_skip_unavailable': False, 'install_base': '/home/kylor/INF3995-102/robot/install/ros_gz_example_gazebo', 'merge_install': False, 'path': '/home/kylor/INF3995-102/robot/src/ros_gz_example_gazebo', 'symlink_install': False, 'test_result_base': None}
[0.760s] Level 5:colcon.colcon_core.verb:set package 'ros_gz_example_bringup' build argument 'cmake_args' from command line to '['-DBUILD_TESTING=ON']'
[0.760s] Level 5:colcon.colcon_core.verb:set package 'ros_gz_example_bringup' build argument 'cmake_target' from command line to 'None'
[0.760s] Level 5:colcon.colcon_core.verb:set package 'ros_gz_example_bringup' build argument 'cmake_target_skip_unavailable' from command line to 'False'
[0.760s] Level 5:colcon.colcon_core.verb:set package 'ros_gz_example_bringup' build argument 'cmake_clean_cache' from command line to 'False'
[0.760s] Level 5:colcon.colcon_core.verb:set package 'ros_gz_example_bringup' build argument 'cmake_clean_first' from command line to 'False'
[0.760s] Level 5:colcon.colcon_core.verb:set package 'ros_gz_example_bringup' build argument 'cmake_force_configure' from command line to 'False'
[0.760s] Level 5:colcon.colcon_core.verb:set package 'ros_gz_example_bringup' build argument 'ament_cmake_args' from command line to 'None'
[0.760s] Level 5:colcon.colcon_core.verb:set package 'ros_gz_example_bringup' build argument 'catkin_cmake_args' from command line to 'None'
[0.760s] Level 5:colcon.colcon_core.verb:set package 'ros_gz_example_bringup' build argument 'catkin_skip_building_tests' from command line to 'False'
[0.760s] DEBUG:colcon.colcon_core.verb:Building package 'ros_gz_example_bringup' with the following arguments: {'ament_cmake_args': None, 'build_base': '/home/kylor/INF3995-102/robot/build/ros_gz_example_bringup', 'catkin_cmake_args': None, 'catkin_skip_building_tests': False, 'cmake_args': ['-DBUILD_TESTING=ON'], 'cmake_clean_cache': False, 'cmake_clean_first': False, 'cmake_force_configure': False, 'cmake_target': None, 'cmake_target_skip_unavailable': False, 'install_base': '/home/kylor/INF3995-102/robot/install/ros_gz_example_bringup', 'merge_install': False, 'path': '/home/kylor/INF3995-102/robot/src/ros_gz_example_bringup', 'symlink_install': False, 'test_result_base': None}
[0.760s] INFO:colcon.colcon_core.executor:Executing jobs using 'parallel' executor
[0.761s] DEBUG:colcon.colcon_parallel_executor.executor.parallel:run_until_complete
[0.761s] INFO:colcon.colcon_ros.task.ament_cmake.build:Building ROS package in '/home/kylor/INF3995-102/robot/src/ros_gz_example_description' with build type 'ament_cmake'
[0.761s] INFO:colcon.colcon_cmake.task.cmake.build:Building CMake package in '/home/kylor/INF3995-102/robot/src/ros_gz_example_description'
[0.769s] INFO:colcon.colcon_core.plugin_system:Skipping extension 'colcon_core.shell.bat': Not used on non-Windows systems
[0.769s] INFO:colcon.colcon_core.shell:Skip shell extension 'powershell' for command environment: Not usable outside of PowerShell
[0.769s] DEBUG:colcon.colcon_core.shell:Skip shell extension 'dsv' for command environment
[0.775s] INFO:colcon.colcon_ros.task.ament_cmake.build:Building ROS package in '/home/kylor/INF3995-102/robot/src/ros_gz_example_application' with build type 'ament_cmake'
[0.776s] INFO:colcon.colcon_cmake.task.cmake.build:Building CMake package in '/home/kylor/INF3995-102/robot/src/ros_gz_example_application'
[0.776s] INFO:colcon.colcon_core.shell:Skip shell extension 'powershell' for command environment: Not usable outside of PowerShell
[0.776s] DEBUG:colcon.colcon_core.shell:Skip shell extension 'dsv' for command environment
[0.788s] DEBUG:colcon.colcon_core.event_handler.log_command:Invoking command in '/home/kylor/INF3995-102/robot/build/ros_gz_example_description': CMAKE_PREFIX_PATH=${CMAKE_PREFIX_PATH}:/opt/ros/humble /usr/bin/cmake --build /home/kylor/INF3995-102/robot/build/ros_gz_example_description -- -j12 -l12
[0.798s] DEBUG:colcon.colcon_core.event_handler.log_command:Invoking command in '/home/kylor/INF3995-102/robot/build/ros_gz_example_application': CMAKE_PREFIX_PATH=${CMAKE_PREFIX_PATH}:/opt/ros/humble /usr/bin/cmake --build /home/kylor/INF3995-102/robot/build/ros_gz_example_application -- -j12 -l12
[1.178s] DEBUG:colcon.colcon_core.event_handler.log_command:Invoked command in '/home/kylor/INF3995-102/robot/build/ros_gz_example_description' returned '0': CMAKE_PREFIX_PATH=${CMAKE_PREFIX_PATH}:/opt/ros/humble /usr/bin/cmake --build /home/kylor/INF3995-102/robot/build/ros_gz_example_description -- -j12 -l12
[1.185s] DEBUG:colcon.colcon_core.event_handler.log_command:Invoking command in '/home/kylor/INF3995-102/robot/build/ros_gz_example_description': CMAKE_PREFIX_PATH=${CMAKE_PREFIX_PATH}:/opt/ros/humble /usr/bin/cmake --install /home/kylor/INF3995-102/robot/build/ros_gz_example_description
[1.187s] DEBUG:colcon.colcon_core.event_handler.log_command:Invoked command in '/home/kylor/INF3995-102/robot/build/ros_gz_example_application' returned '0': CMAKE_PREFIX_PATH=${CMAKE_PREFIX_PATH}:/opt/ros/humble /usr/bin/cmake --build /home/kylor/INF3995-102/robot/build/ros_gz_example_application -- -j12 -l12
[1.189s] DEBUG:colcon.colcon_core.event_handler.log_command:Invoking command in '/home/kylor/INF3995-102/robot/build/ros_gz_example_application': CMAKE_PREFIX_PATH=${CMAKE_PREFIX_PATH}:/opt/ros/humble /usr/bin/cmake --install /home/kylor/INF3995-102/robot/build/ros_gz_example_application
[1.196s] Level 1:colcon.colcon_core.environment:create_environment_scripts_only(ros_gz_example_description)
[1.200s] DEBUG:colcon.colcon_core.event_handler.log_command:Invoked command in '/home/kylor/INF3995-102/robot/build/ros_gz_example_description' returned '0': CMAKE_PREFIX_PATH=${CMAKE_PREFIX_PATH}:/opt/ros/humble /usr/bin/cmake --install /home/kylor/INF3995-102/robot/build/ros_gz_example_description
[1.211s] Level 1:colcon.colcon_core.environment:checking '/home/kylor/INF3995-102/robot/install/ros_gz_example_description' for CMake module files
[1.211s] Level 1:colcon.colcon_core.environment:checking '/home/kylor/INF3995-102/robot/install/ros_gz_example_description' for CMake config files
[1.211s] Level 1:colcon.colcon_core.shell:create_environment_hook('ros_gz_example_description', 'cmake_prefix_path')
[1.211s] INFO:colcon.colcon_core.shell:Creating environment hook '/home/kylor/INF3995-102/robot/install/ros_gz_example_description/share/ros_gz_example_description/hook/cmake_prefix_path.ps1'
[1.213s] INFO:colcon.colcon_core.shell:Creating environment descriptor '/home/kylor/INF3995-102/robot/install/ros_gz_example_description/share/ros_gz_example_description/hook/cmake_prefix_path.dsv'
[1.214s] INFO:colcon.colcon_core.shell:Creating environment hook '/home/kylor/INF3995-102/robot/install/ros_gz_example_description/share/ros_gz_example_description/hook/cmake_prefix_path.sh'
[1.216s] Level 1:colcon.colcon_core.environment:checking '/home/kylor/INF3995-102/robot/install/ros_gz_example_description/bin'
[1.216s] Level 1:colcon.colcon_core.environment:checking '/home/kylor/INF3995-102/robot/install/ros_gz_example_description/lib/pkgconfig/ros_gz_example_description.pc'
[1.217s] Level 1:colcon.colcon_core.environment:checking '/home/kylor/INF3995-102/robot/install/ros_gz_example_description/lib/python3.10/site-packages'
[1.217s] Level 1:colcon.colcon_core.environment:checking '/home/kylor/INF3995-102/robot/install/ros_gz_example_description/bin'
[1.217s] INFO:colcon.colcon_core.shell:Creating package script '/home/kylor/INF3995-102/robot/install/ros_gz_example_description/share/ros_gz_example_description/package.ps1'
[1.219s] INFO:colcon.colcon_core.shell:Creating package descriptor '/home/kylor/INF3995-102/robot/install/ros_gz_example_description/share/ros_gz_example_description/package.dsv'
[1.220s] INFO:colcon.colcon_core.shell:Creating package script '/home/kylor/INF3995-102/robot/install/ros_gz_example_description/share/ros_gz_example_description/package.sh'
[1.222s] INFO:colcon.colcon_core.shell:Creating package script '/home/kylor/INF3995-102/robot/install/ros_gz_example_description/share/ros_gz_example_description/package.bash'
[1.224s] INFO:colcon.colcon_core.shell:Creating package script '/home/kylor/INF3995-102/robot/install/ros_gz_example_description/share/ros_gz_example_description/package.zsh'
[1.226s] Level 1:colcon.colcon_core.environment:create_file_with_runtime_dependencies(/home/kylor/INF3995-102/robot/install/ros_gz_example_description/share/colcon-core/packages/ros_gz_example_description)
[1.226s] Level 1:colcon.colcon_core.environment:create_environment_scripts_only(ros_gz_example_description)
[1.227s] Level 1:colcon.colcon_core.environment:checking '/home/kylor/INF3995-102/robot/install/ros_gz_example_description' for CMake module files
[1.227s] Level 1:colcon.colcon_core.environment:checking '/home/kylor/INF3995-102/robot/install/ros_gz_example_description' for CMake config files
[1.227s] Level 1:colcon.colcon_core.shell:create_environment_hook('ros_gz_example_description', 'cmake_prefix_path')
[1.227s] INFO:colcon.colcon_core.shell:Creating environment hook '/home/kylor/INF3995-102/robot/install/ros_gz_example_description/share/ros_gz_example_description/hook/cmake_prefix_path.ps1'
[1.228s] INFO:colcon.colcon_core.shell:Creating environment descriptor '/home/kylor/INF3995-102/robot/install/ros_gz_example_description/share/ros_gz_example_description/hook/cmake_prefix_path.dsv'
[1.228s] INFO:colcon.colcon_core.shell:Creating environment hook '/home/kylor/INF3995-102/robot/install/ros_gz_example_description/share/ros_gz_example_description/hook/cmake_prefix_path.sh'
[1.229s] Level 1:colcon.colcon_core.environment:checking '/home/kylor/INF3995-102/robot/install/ros_gz_example_description/bin'
[1.229s] Level 1:colcon.colcon_core.environment:checking '/home/kylor/INF3995-102/robot/install/ros_gz_example_description/lib/pkgconfig/ros_gz_example_description.pc'
[1.229s] Level 1:colcon.colcon_core.environment:checking '/home/kylor/INF3995-102/robot/install/ros_gz_example_description/lib/python3.10/site-packages'
[1.229s] Level 1:colcon.colcon_core.environment:checking '/home/kylor/INF3995-102/robot/install/ros_gz_example_description/bin'
[1.229s] INFO:colcon.colcon_core.shell:Creating package script '/home/kylor/INF3995-102/robot/install/ros_gz_example_description/share/ros_gz_example_description/package.ps1'
[1.230s] INFO:colcon.colcon_core.shell:Creating package descriptor '/home/kylor/INF3995-102/robot/install/ros_gz_example_description/share/ros_gz_example_description/package.dsv'
[1.230s] INFO:colcon.colcon_core.shell:Creating package script '/home/kylor/INF3995-102/robot/install/ros_gz_example_description/share/ros_gz_example_description/package.sh'
[1.231s] INFO:colcon.colcon_core.shell:Creating package script '/home/kylor/INF3995-102/robot/install/ros_gz_example_description/share/ros_gz_example_description/package.bash'
[1.231s] INFO:colcon.colcon_core.shell:Creating package script '/home/kylor/INF3995-102/robot/install/ros_gz_example_description/share/ros_gz_example_description/package.zsh'
[1.232s] Level 1:colcon.colcon_core.environment:create_file_with_runtime_dependencies(/home/kylor/INF3995-102/robot/install/ros_gz_example_description/share/colcon-core/packages/ros_gz_example_description)
[1.232s] INFO:colcon.colcon_ros.task.ament_cmake.build:Building ROS package in '/home/kylor/INF3995-102/robot/src/ros_gz_example_gazebo' with build type 'ament_cmake'
[1.232s] INFO:colcon.colcon_cmake.task.cmake.build:Building CMake package in '/home/kylor/INF3995-102/robot/src/ros_gz_example_gazebo'
[1.233s] INFO:colcon.colcon_core.shell:Skip shell extension 'powershell' for command environment: Not usable outside of PowerShell
[1.233s] DEBUG:colcon.colcon_core.shell:Skip shell extension 'dsv' for command environment
[1.239s] Level 1:colcon.colcon_core.environment:create_environment_scripts_only(ros_gz_example_application)
[1.239s] DEBUG:colcon.colcon_core.event_handler.log_command:Invoked command in '/home/kylor/INF3995-102/robot/build/ros_gz_example_application' returned '0': CMAKE_PREFIX_PATH=${CMAKE_PREFIX_PATH}:/opt/ros/humble /usr/bin/cmake --install /home/kylor/INF3995-102/robot/build/ros_gz_example_application
[1.240s] Level 1:colcon.colcon_core.environment:checking '/home/kylor/INF3995-102/robot/install/ros_gz_example_application' for CMake module files
[1.240s] Level 1:colcon.colcon_core.environment:checking '/home/kylor/INF3995-102/robot/install/ros_gz_example_application' for CMake config files
[1.241s] Level 1:colcon.colcon_core.shell:create_environment_hook('ros_gz_example_application', 'cmake_prefix_path')
[1.241s] INFO:colcon.colcon_core.shell:Creating environment hook '/home/kylor/INF3995-102/robot/install/ros_gz_example_application/share/ros_gz_example_application/hook/cmake_prefix_path.ps1'
[1.242s] INFO:colcon.colcon_core.shell:Creating environment descriptor '/home/kylor/INF3995-102/robot/install/ros_gz_example_application/share/ros_gz_example_application/hook/cmake_prefix_path.dsv'
[1.242s] INFO:colcon.colcon_core.shell:Creating environment hook '/home/kylor/INF3995-102/robot/install/ros_gz_example_application/share/ros_gz_example_application/hook/cmake_prefix_path.sh'
[1.243s] Level 1:colcon.colcon_core.environment:checking '/home/kylor/INF3995-102/robot/install/ros_gz_example_application/bin'
[1.243s] Level 1:colcon.colcon_core.environment:checking '/home/kylor/INF3995-102/robot/install/ros_gz_example_application/lib/pkgconfig/ros_gz_example_application.pc'
[1.243s] Level 1:colcon.colcon_core.environment:checking '/home/kylor/INF3995-102/robot/install/ros_gz_example_application/lib/python3.10/site-packages'
[1.243s] Level 1:colcon.colcon_core.environment:checking '/home/kylor/INF3995-102/robot/install/ros_gz_example_application/bin'
[1.244s] INFO:colcon.colcon_core.shell:Creating package script '/home/kylor/INF3995-102/robot/install/ros_gz_example_application/share/ros_gz_example_application/package.ps1'
[1.244s] INFO:colcon.colcon_core.shell:Creating package descriptor '/home/kylor/INF3995-102/robot/install/ros_gz_example_application/share/ros_gz_example_application/package.dsv'
[1.245s] INFO:colcon.colcon_core.shell:Creating package script '/home/kylor/INF3995-102/robot/install/ros_gz_example_application/share/ros_gz_example_application/package.sh'
[1.246s] INFO:colcon.colcon_core.shell:Creating package script '/home/kylor/INF3995-102/robot/install/ros_gz_example_application/share/ros_gz_example_application/package.bash'
[1.247s] INFO:colcon.colcon_core.shell:Creating package script '/home/kylor/INF3995-102/robot/install/ros_gz_example_application/share/ros_gz_example_application/package.zsh'
[1.247s] Level 1:colcon.colcon_core.environment:create_file_with_runtime_dependencies(/home/kylor/INF3995-102/robot/install/ros_gz_example_application/share/colcon-core/packages/ros_gz_example_application)
[1.248s] Level 1:colcon.colcon_core.environment:create_environment_scripts_only(ros_gz_example_application)
[1.248s] Level 1:colcon.colcon_core.environment:checking '/home/kylor/INF3995-102/robot/install/ros_gz_example_application' for CMake module files
[1.248s] Level 1:colcon.colcon_core.environment:checking '/home/kylor/INF3995-102/robot/install/ros_gz_example_application' for CMake config files
[1.248s] Level 1:colcon.colcon_core.shell:create_environment_hook('ros_gz_example_application', 'cmake_prefix_path')
[1.249s] INFO:colcon.colcon_core.shell:Creating environment hook '/home/kylor/INF3995-102/robot/install/ros_gz_example_application/share/ros_gz_example_application/hook/cmake_prefix_path.ps1'
[1.249s] INFO:colcon.colcon_core.shell:Creating environment descriptor '/home/kylor/INF3995-102/robot/install/ros_gz_example_application/share/ros_gz_example_application/hook/cmake_prefix_path.dsv'
[1.250s] INFO:colcon.colcon_core.shell:Creating environment hook '/home/kylor/INF3995-102/robot/install/ros_gz_example_application/share/ros_gz_example_application/hook/cmake_prefix_path.sh'
[1.251s] Level 1:colcon.colcon_core.environment:checking '/home/kylor/INF3995-102/robot/install/ros_gz_example_application/bin'
[1.251s] Level 1:colcon.colcon_core.environment:checking '/home/kylor/INF3995-102/robot/install/ros_gz_example_application/lib/pkgconfig/ros_gz_example_application.pc'
[1.251s] Level 1:colcon.colcon_core.environment:checking '/home/kylor/INF3995-102/robot/install/ros_gz_example_application/lib/python3.10/site-packages'
[1.252s] Level 1:colcon.colcon_core.environment:checking '/home/kylor/INF3995-102/robot/install/ros_gz_example_application/bin'
[1.252s] INFO:colcon.colcon_core.shell:Creating package script '/home/kylor/INF3995-102/robot/install/ros_gz_example_application/share/ros_gz_example_application/package.ps1'
[1.252s] INFO:colcon.colcon_core.shell:Creating package descriptor '/home/kylor/INF3995-102/robot/install/ros_gz_example_application/share/ros_gz_example_application/package.dsv'
[1.253s] INFO:colcon.colcon_core.shell:Creating package script '/home/kylor/INF3995-102/robot/install/ros_gz_example_application/share/ros_gz_example_application/package.sh'
[1.254s] INFO:colcon.colcon_core.shell:Creating package script '/home/kylor/INF3995-102/robot/install/ros_gz_example_application/share/ros_gz_example_application/package.bash'
[1.254s] INFO:colcon.colcon_core.shell:Creating package script '/home/kylor/INF3995-102/robot/install/ros_gz_example_application/share/ros_gz_example_application/package.zsh'
[1.255s] Level 1:colcon.colcon_core.environment:create_file_with_runtime_dependencies(/home/kylor/INF3995-102/robot/install/ros_gz_example_application/share/colcon-core/packages/ros_gz_example_application)
[1.309s] DEBUG:colcon.colcon_core.event_handler.log_command:Invoking command in '/home/kylor/INF3995-102/robot/build/ros_gz_example_gazebo': AMENT_PREFIX_PATH=/home/kylor/INF3995-102/robot/install/ros_gz_example_description:${AMENT_PREFIX_PATH} CMAKE_PREFIX_PATH=/home/kylor/INF3995-102/robot/install/ros_gz_example_description:/home/kylor/INF3995-102/robot/install/ros_gz_example_application:/opt/ros/humble IGN_GAZEBO_RESOURCE_PATH=/home/kylor/INF3995-102/robot/install/ros_gz_example_description/share/ros_gz_example_description/models /usr/bin/cmake --build /home/kylor/INF3995-102/robot/build/ros_gz_example_gazebo -- -j12 -l12
[13.330s] DEBUG:colcon.colcon_core.event_handler.log_command:Invoked command in '/home/kylor/INF3995-102/robot/build/ros_gz_example_gazebo' returned '0': AMENT_PREFIX_PATH=/home/kylor/INF3995-102/robot/install/ros_gz_example_description:${AMENT_PREFIX_PATH} CMAKE_PREFIX_PATH=/home/kylor/INF3995-102/robot/install/ros_gz_example_description:/home/kylor/INF3995-102/robot/install/ros_gz_example_application:/opt/ros/humble IGN_GAZEBO_RESOURCE_PATH=/home/kylor/INF3995-102/robot/install/ros_gz_example_description/share/ros_gz_example_description/models /usr/bin/cmake --build /home/kylor/INF3995-102/robot/build/ros_gz_example_gazebo -- -j12 -l12
[13.334s] DEBUG:colcon.colcon_core.event_handler.log_command:Invoking command in '/home/kylor/INF3995-102/robot/build/ros_gz_example_gazebo': AMENT_PREFIX_PATH=/home/kylor/INF3995-102/robot/install/ros_gz_example_description:${AMENT_PREFIX_PATH} CMAKE_PREFIX_PATH=/home/kylor/INF3995-102/robot/install/ros_gz_example_description:/home/kylor/INF3995-102/robot/install/ros_gz_example_application:/opt/ros/humble IGN_GAZEBO_RESOURCE_PATH=/home/kylor/INF3995-102/robot/install/ros_gz_example_description/share/ros_gz_example_description/models /usr/bin/cmake --install /home/kylor/INF3995-102/robot/build/ros_gz_example_gazebo
[13.342s] Level 1:colcon.colcon_core.environment:create_environment_scripts_only(ros_gz_example_gazebo)
[13.343s] Level 1:colcon.colcon_core.environment:checking '/home/kylor/INF3995-102/robot/install/ros_gz_example_gazebo' for CMake module files
[13.343s] DEBUG:colcon.colcon_core.event_handler.log_command:Invoked command in '/home/kylor/INF3995-102/robot/build/ros_gz_example_gazebo' returned '0': AMENT_PREFIX_PATH=/home/kylor/INF3995-102/robot/install/ros_gz_example_description:${AMENT_PREFIX_PATH} CMAKE_PREFIX_PATH=/home/kylor/INF3995-102/robot/install/ros_gz_example_description:/home/kylor/INF3995-102/robot/install/ros_gz_example_application:/opt/ros/humble IGN_GAZEBO_RESOURCE_PATH=/home/kylor/INF3995-102/robot/install/ros_gz_example_description/share/ros_gz_example_description/models /usr/bin/cmake --install /home/kylor/INF3995-102/robot/build/ros_gz_example_gazebo
[13.343s] Level 1:colcon.colcon_core.environment:checking '/home/kylor/INF3995-102/robot/install/ros_gz_example_gazebo' for CMake config files
[13.343s] Level 1:colcon.colcon_core.shell:create_environment_hook('ros_gz_example_gazebo', 'cmake_prefix_path')
[13.344s] INFO:colcon.colcon_core.shell:Creating environment hook '/home/kylor/INF3995-102/robot/install/ros_gz_example_gazebo/share/ros_gz_example_gazebo/hook/cmake_prefix_path.ps1'
[13.344s] INFO:colcon.colcon_core.shell:Creating environment descriptor '/home/kylor/INF3995-102/robot/install/ros_gz_example_gazebo/share/ros_gz_example_gazebo/hook/cmake_prefix_path.dsv'
[13.345s] INFO:colcon.colcon_core.shell:Creating environment hook '/home/kylor/INF3995-102/robot/install/ros_gz_example_gazebo/share/ros_gz_example_gazebo/hook/cmake_prefix_path.sh'
[13.345s] Level 1:colcon.colcon_core.environment:checking '/home/kylor/INF3995-102/robot/install/ros_gz_example_gazebo/bin'
[13.345s] Level 1:colcon.colcon_core.environment:checking '/home/kylor/INF3995-102/robot/install/ros_gz_example_gazebo/lib/pkgconfig/ros_gz_example_gazebo.pc'
[13.346s] Level 1:colcon.colcon_core.environment:checking '/home/kylor/INF3995-102/robot/install/ros_gz_example_gazebo/lib/python3.10/site-packages'
[13.346s] Level 1:colcon.colcon_core.environment:checking '/home/kylor/INF3995-102/robot/install/ros_gz_example_gazebo/bin'
[13.346s] INFO:colcon.colcon_core.shell:Creating package script '/home/kylor/INF3995-102/robot/install/ros_gz_example_gazebo/share/ros_gz_example_gazebo/package.ps1'
[13.347s] INFO:colcon.colcon_core.shell:Creating package descriptor '/home/kylor/INF3995-102/robot/install/ros_gz_example_gazebo/share/ros_gz_example_gazebo/package.dsv'
[13.347s] INFO:colcon.colcon_core.shell:Creating package script '/home/kylor/INF3995-102/robot/install/ros_gz_example_gazebo/share/ros_gz_example_gazebo/package.sh'
[13.348s] INFO:colcon.colcon_core.shell:Creating package script '/home/kylor/INF3995-102/robot/install/ros_gz_example_gazebo/share/ros_gz_example_gazebo/package.bash'
[13.348s] INFO:colcon.colcon_core.shell:Creating package script '/home/kylor/INF3995-102/robot/install/ros_gz_example_gazebo/share/ros_gz_example_gazebo/package.zsh'
[13.348s] Level 1:colcon.colcon_core.environment:create_file_with_runtime_dependencies(/home/kylor/INF3995-102/robot/install/ros_gz_example_gazebo/share/colcon-core/packages/ros_gz_example_gazebo)
[13.349s] Level 1:colcon.colcon_core.environment:create_environment_scripts_only(ros_gz_example_gazebo)
[13.349s] Level 1:colcon.colcon_core.environment:checking '/home/kylor/INF3995-102/robot/install/ros_gz_example_gazebo' for CMake module files
[13.349s] Level 1:colcon.colcon_core.environment:checking '/home/kylor/INF3995-102/robot/install/ros_gz_example_gazebo' for CMake config files
[13.349s] Level 1:colcon.colcon_core.shell:create_environment_hook('ros_gz_example_gazebo', 'cmake_prefix_path')
[13.350s] INFO:colcon.colcon_core.shell:Creating environment hook '/home/kylor/INF3995-102/robot/install/ros_gz_example_gazebo/share/ros_gz_example_gazebo/hook/cmake_prefix_path.ps1'
[13.350s] INFO:colcon.colcon_core.shell:Creating environment descriptor '/home/kylor/INF3995-102/robot/install/ros_gz_example_gazebo/share/ros_gz_example_gazebo/hook/cmake_prefix_path.dsv'
[13.350s] INFO:colcon.colcon_core.shell:Creating environment hook '/home/kylor/INF3995-102/robot/install/ros_gz_example_gazebo/share/ros_gz_example_gazebo/hook/cmake_prefix_path.sh'
[13.351s] Level 1:colcon.colcon_core.environment:checking '/home/kylor/INF3995-102/robot/install/ros_gz_example_gazebo/bin'
[13.351s] Level 1:colcon.colcon_core.environment:checking '/home/kylor/INF3995-102/robot/install/ros_gz_example_gazebo/lib/pkgconfig/ros_gz_example_gazebo.pc'
[13.351s] Level 1:colcon.colcon_core.environment:checking '/home/kylor/INF3995-102/robot/install/ros_gz_example_gazebo/lib/python3.10/site-packages'
[13.351s] Level 1:colcon.colcon_core.environment:checking '/home/kylor/INF3995-102/robot/install/ros_gz_example_gazebo/bin'
[13.351s] INFO:colcon.colcon_core.shell:Creating package script '/home/kylor/INF3995-102/robot/install/ros_gz_example_gazebo/share/ros_gz_example_gazebo/package.ps1'
[13.352s] INFO:colcon.colcon_core.shell:Creating package descriptor '/home/kylor/INF3995-102/robot/install/ros_gz_example_gazebo/share/ros_gz_example_gazebo/package.dsv'
[13.352s] INFO:colcon.colcon_core.shell:Creating package script '/home/kylor/INF3995-102/robot/install/ros_gz_example_gazebo/share/ros_gz_example_gazebo/package.sh'
[13.353s] INFO:colcon.colcon_core.shell:Creating package script '/home/kylor/INF3995-102/robot/install/ros_gz_example_gazebo/share/ros_gz_example_gazebo/package.bash'
[13.353s] INFO:colcon.colcon_core.shell:Creating package script '/home/kylor/INF3995-102/robot/install/ros_gz_example_gazebo/share/ros_gz_example_gazebo/package.zsh'
[13.354s] Level 1:colcon.colcon_core.environment:create_file_with_runtime_dependencies(/home/kylor/INF3995-102/robot/install/ros_gz_example_gazebo/share/colcon-core/packages/ros_gz_example_gazebo)
[13.354s] INFO:colcon.colcon_ros.task.ament_cmake.build:Building ROS package in '/home/kylor/INF3995-102/robot/src/ros_gz_example_bringup' with build type 'ament_cmake'
[13.354s] INFO:colcon.colcon_cmake.task.cmake.build:Building CMake package in '/home/kylor/INF3995-102/robot/src/ros_gz_example_bringup'
[13.354s] INFO:colcon.colcon_core.shell:Skip shell extension 'powershell' for command environment: Not usable outside of PowerShell
[13.354s] DEBUG:colcon.colcon_core.shell:Skip shell extension 'dsv' for command environment
[13.482s] DEBUG:colcon.colcon_core.event_handler.log_command:Invoking command in '/home/kylor/INF3995-102/robot/build/ros_gz_example_bringup': AMENT_PREFIX_PATH=/home/kylor/INF3995-102/robot/install/ros_gz_example_gazebo:/home/kylor/INF3995-102/robot/install/ros_gz_example_description:${AMENT_PREFIX_PATH} CMAKE_PREFIX_PATH=/home/kylor/INF3995-102/robot/install/ros_gz_example_gazebo:/home/kylor/INF3995-102/robot/install/ros_gz_example_description:/home/kylor/INF3995-102/robot/install/ros_gz_example_application:/opt/ros/humble IGN_GAZEBO_PLUGIN_PATH=/home/kylor/INF3995-102/robot/install/ros_gz_example_gazebo/lib/ros_gz_example_gazebo IGN_GAZEBO_RESOURCE_PATH=/home/kylor/INF3995-102/robot/install/ros_gz_example_gazebo/share/ros_gz_example_gazebo/worlds:/home/kylor/INF3995-102/robot/install/ros_gz_example_description/share/ros_gz_example_description/models /usr/bin/cmake --build /home/kylor/INF3995-102/robot/build/ros_gz_example_bringup -- -j12 -l12
[13.672s] DEBUG:colcon.colcon_core.event_handler.log_command:Invoked command in '/home/kylor/INF3995-102/robot/build/ros_gz_example_bringup' returned '0': AMENT_PREFIX_PATH=/home/kylor/INF3995-102/robot/install/ros_gz_example_gazebo:/home/kylor/INF3995-102/robot/install/ros_gz_example_description:${AMENT_PREFIX_PATH} CMAKE_PREFIX_PATH=/home/kylor/INF3995-102/robot/install/ros_gz_example_gazebo:/home/kylor/INF3995-102/robot/install/ros_gz_example_description:/home/kylor/INF3995-102/robot/install/ros_gz_example_application:/opt/ros/humble IGN_GAZEBO_PLUGIN_PATH=/home/kylor/INF3995-102/robot/install/ros_gz_example_gazebo/lib/ros_gz_example_gazebo IGN_GAZEBO_RESOURCE_PATH=/home/kylor/INF3995-102/robot/install/ros_gz_example_gazebo/share/ros_gz_example_gazebo/worlds:/home/kylor/INF3995-102/robot/install/ros_gz_example_description/share/ros_gz_example_description/models /usr/bin/cmake --build /home/kylor/INF3995-102/robot/build/ros_gz_example_bringup -- -j12 -l12
[13.674s] DEBUG:colcon.colcon_core.event_handler.log_command:Invoking command in '/home/kylor/INF3995-102/robot/build/ros_gz_example_bringup': AMENT_PREFIX_PATH=/home/kylor/INF3995-102/robot/install/ros_gz_example_gazebo:/home/kylor/INF3995-102/robot/install/ros_gz_example_description:${AMENT_PREFIX_PATH} CMAKE_PREFIX_PATH=/home/kylor/INF3995-102/robot/install/ros_gz_example_gazebo:/home/kylor/INF3995-102/robot/install/ros_gz_example_description:/home/kylor/INF3995-102/robot/install/ros_gz_example_application:/opt/ros/humble IGN_GAZEBO_PLUGIN_PATH=/home/kylor/INF3995-102/robot/install/ros_gz_example_gazebo/lib/ros_gz_example_gazebo IGN_GAZEBO_RESOURCE_PATH=/home/kylor/INF3995-102/robot/install/ros_gz_example_gazebo/share/ros_gz_example_gazebo/worlds:/home/kylor/INF3995-102/robot/install/ros_gz_example_description/share/ros_gz_example_description/models /usr/bin/cmake --install /home/kylor/INF3995-102/robot/build/ros_gz_example_bringup
[13.683s] Level 1:colcon.colcon_core.environment:create_environment_scripts_only(ros_gz_example_bringup)
[13.683s] DEBUG:colcon.colcon_core.event_handler.log_command:Invoked command in '/home/kylor/INF3995-102/robot/build/ros_gz_example_bringup' returned '0': AMENT_PREFIX_PATH=/home/kylor/INF3995-102/robot/install/ros_gz_example_gazebo:/home/kylor/INF3995-102/robot/install/ros_gz_example_description:${AMENT_PREFIX_PATH} CMAKE_PREFIX_PATH=/home/kylor/INF3995-102/robot/install/ros_gz_example_gazebo:/home/kylor/INF3995-102/robot/install/ros_gz_example_description:/home/kylor/INF3995-102/robot/install/ros_gz_example_application:/opt/ros/humble IGN_GAZEBO_PLUGIN_PATH=/home/kylor/INF3995-102/robot/install/ros_gz_example_gazebo/lib/ros_gz_example_gazebo IGN_GAZEBO_RESOURCE_PATH=/home/kylor/INF3995-102/robot/install/ros_gz_example_gazebo/share/ros_gz_example_gazebo/worlds:/home/kylor/INF3995-102/robot/install/ros_gz_example_description/share/ros_gz_example_description/models /usr/bin/cmake --install /home/kylor/INF3995-102/robot/build/ros_gz_example_bringup
[13.683s] Level 1:colcon.colcon_core.environment:checking '/home/kylor/INF3995-102/robot/install/ros_gz_example_bringup' for CMake module files
[13.683s] Level 1:colcon.colcon_core.environment:checking '/home/kylor/INF3995-102/robot/install/ros_gz_example_bringup' for CMake config files
[13.684s] Level 1:colcon.colcon_core.shell:create_environment_hook('ros_gz_example_bringup', 'cmake_prefix_path')
[13.684s] INFO:colcon.colcon_core.shell:Creating environment hook '/home/kylor/INF3995-102/robot/install/ros_gz_example_bringup/share/ros_gz_example_bringup/hook/cmake_prefix_path.ps1'
[13.684s] INFO:colcon.colcon_core.shell:Creating environment descriptor '/home/kylor/INF3995-102/robot/install/ros_gz_example_bringup/share/ros_gz_example_bringup/hook/cmake_prefix_path.dsv'
[13.685s] INFO:colcon.colcon_core.shell:Creating environment hook '/home/kylor/INF3995-102/robot/install/ros_gz_example_bringup/share/ros_gz_example_bringup/hook/cmake_prefix_path.sh'
[13.685s] Level 1:colcon.colcon_core.environment:checking '/home/kylor/INF3995-102/robot/install/ros_gz_example_bringup/bin'
[13.685s] Level 1:colcon.colcon_core.environment:checking '/home/kylor/INF3995-102/robot/install/ros_gz_example_bringup/lib/pkgconfig/ros_gz_example_bringup.pc'
[13.685s] Level 1:colcon.colcon_core.environment:checking '/home/kylor/INF3995-102/robot/install/ros_gz_example_bringup/lib/python3.10/site-packages'
[13.686s] Level 1:colcon.colcon_core.environment:checking '/home/kylor/INF3995-102/robot/install/ros_gz_example_bringup/bin'
[13.686s] INFO:colcon.colcon_core.shell:Creating package script '/home/kylor/INF3995-102/robot/install/ros_gz_example_bringup/share/ros_gz_example_bringup/package.ps1'
[13.686s] INFO:colcon.colcon_core.shell:Creating package descriptor '/home/kylor/INF3995-102/robot/install/ros_gz_example_bringup/share/ros_gz_example_bringup/package.dsv'
[13.687s] INFO:colcon.colcon_core.shell:Creating package script '/home/kylor/INF3995-102/robot/install/ros_gz_example_bringup/share/ros_gz_example_bringup/package.sh'
[13.687s] INFO:colcon.colcon_core.shell:Creating package script '/home/kylor/INF3995-102/robot/install/ros_gz_example_bringup/share/ros_gz_example_bringup/package.bash'
[13.688s] INFO:colcon.colcon_core.shell:Creating package script '/home/kylor/INF3995-102/robot/install/ros_gz_example_bringup/share/ros_gz_example_bringup/package.zsh'
[13.688s] Level 1:colcon.colcon_core.environment:create_file_with_runtime_dependencies(/home/kylor/INF3995-102/robot/install/ros_gz_example_bringup/share/colcon-core/packages/ros_gz_example_bringup)
[13.688s] Level 1:colcon.colcon_core.environment:create_environment_scripts_only(ros_gz_example_bringup)
[13.689s] Level 1:colcon.colcon_core.environment:checking '/home/kylor/INF3995-102/robot/install/ros_gz_example_bringup' for CMake module files
[13.689s] Level 1:colcon.colcon_core.environment:checking '/home/kylor/INF3995-102/robot/install/ros_gz_example_bringup' for CMake config files
[13.689s] Level 1:colcon.colcon_core.shell:create_environment_hook('ros_gz_example_bringup', 'cmake_prefix_path')
[13.689s] INFO:colcon.colcon_core.shell:Creating environment hook '/home/kylor/INF3995-102/robot/install/ros_gz_example_bringup/share/ros_gz_example_bringup/hook/cmake_prefix_path.ps1'
[13.690s] INFO:colcon.colcon_core.shell:Creating environment descriptor '/home/kylor/INF3995-102/robot/install/ros_gz_example_bringup/share/ros_gz_example_bringup/hook/cmake_prefix_path.dsv'
[13.690s] INFO:colcon.colcon_core.shell:Creating environment hook '/home/kylor/INF3995-102/robot/install/ros_gz_example_bringup/share/ros_gz_example_bringup/hook/cmake_prefix_path.sh'
[13.691s] Level 1:colcon.colcon_core.environment:checking '/home/kylor/INF3995-102/robot/install/ros_gz_example_bringup/bin'
[13.691s] Level 1:colcon.colcon_core.environment:checking '/home/kylor/INF3995-102/robot/install/ros_gz_example_bringup/lib/pkgconfig/ros_gz_example_bringup.pc'
[13.691s] Level 1:colcon.colcon_core.environment:checking '/home/kylor/INF3995-102/robot/install/ros_gz_example_bringup/lib/python3.10/site-packages'
[13.691s] Level 1:colcon.colcon_core.environment:checking '/home/kylor/INF3995-102/robot/install/ros_gz_example_bringup/bin'
[13.691s] INFO:colcon.colcon_core.shell:Creating package script '/home/kylor/INF3995-102/robot/install/ros_gz_example_bringup/share/ros_gz_example_bringup/package.ps1'
[13.692s] INFO:colcon.colcon_core.shell:Creating package descriptor '/home/kylor/INF3995-102/robot/install/ros_gz_example_bringup/share/ros_gz_example_bringup/package.dsv'
[13.692s] INFO:colcon.colcon_core.shell:Creating package script '/home/kylor/INF3995-102/robot/install/ros_gz_example_bringup/share/ros_gz_example_bringup/package.sh'
[13.693s] INFO:colcon.colcon_core.shell:Creating package script '/home/kylor/INF3995-102/robot/install/ros_gz_example_bringup/share/ros_gz_example_bringup/package.bash'
[13.693s] INFO:colcon.colcon_core.shell:Creating package script '/home/kylor/INF3995-102/robot/install/ros_gz_example_bringup/share/ros_gz_example_bringup/package.zsh'
[13.694s] Level 1:colcon.colcon_core.environment:create_file_with_runtime_dependencies(/home/kylor/INF3995-102/robot/install/ros_gz_example_bringup/share/colcon-core/packages/ros_gz_example_bringup)
[13.694s] DEBUG:colcon.colcon_parallel_executor.executor.parallel:closing loop
[13.695s] DEBUG:colcon.colcon_parallel_executor.executor.parallel:loop closed
[13.695s] DEBUG:colcon.colcon_parallel_executor.executor.parallel:run_until_complete finished with '0'
[13.695s] DEBUG:colcon.colcon_core.event_reactor:joining thread
[13.768s] INFO:colcon.colcon_core.plugin_system:Skipping extension 'colcon_notification.desktop_notification.notify_send': Could not find 'notify-send'
[13.768s] INFO:colcon.colcon_core.plugin_system:Skipping extension 'colcon_notification.desktop_notification.terminal_notifier': Not used on non-Darwin systems
[13.768s] INFO:colcon.colcon_core.plugin_system:Skipping extension 'colcon_notification.desktop_notification.win32': Not used on non-Windows systems
[13.768s] INFO:colcon.colcon_notification.desktop_notification:Sending desktop notification using 'notify2'
[13.768s] DEBUG:colcon.colcon_notification.desktop_notification.notify2:Failed to initialize notify2: org.freedesktop.DBus.Error.FileNotFound: Failed to connect to socket /run/user/1000/bus: No such file or directory
[13.769s] DEBUG:colcon.colcon_core.event_reactor:joined thread
[13.769s] INFO:colcon.colcon_core.shell:Creating prefix script '/home/kylor/INF3995-102/robot/install/local_setup.ps1'
[13.770s] INFO:colcon.colcon_core.shell:Creating prefix util module '/home/kylor/INF3995-102/robot/install/_local_setup_util_ps1.py'
[13.773s] INFO:colcon.colcon_core.shell:Creating prefix chain script '/home/kylor/INF3995-102/robot/install/setup.ps1'
[13.774s] INFO:colcon.colcon_core.shell:Creating prefix script '/home/kylor/INF3995-102/robot/install/local_setup.sh'
[13.775s] INFO:colcon.colcon_core.shell:Creating prefix util module '/home/kylor/INF3995-102/robot/install/_local_setup_util_sh.py'
[13.776s] INFO:colcon.colcon_core.shell:Creating prefix chain script '/home/kylor/INF3995-102/robot/install/setup.sh'
[13.778s] INFO:colcon.colcon_core.shell:Creating prefix script '/home/kylor/INF3995-102/robot/install/local_setup.bash'
[13.779s] INFO:colcon.colcon_core.shell:Creating prefix chain script '/home/kylor/INF3995-102/robot/install/setup.bash'
[13.780s] INFO:colcon.colcon_core.shell:Creating prefix script '/home/kylor/INF3995-102/robot/install/local_setup.zsh'
[13.781s] INFO:colcon.colcon_core.shell:Creating prefix chain script '/home/kylor/INF3995-102/robot/install/setup.zsh'
