[2.598s] DEBUG:colcon:Command line arguments: ['/usr/local/bin/colcon', 'build', '--cmake-args', '-DBUILD_TESTING=ON']
[2.598s] DEBUG:colcon:Parsed command line arguments: Namespace(log_base=None, log_level=None, verb_name='build', build_base='build', install_base='install', merge_install=False, symlink_install=False, test_result_base=None, continue_on_error=False, executor='parallel', parallel_workers=8, event_handlers=None, ignore_user_meta=False, metas=['./colcon.meta'], base_paths=['.'], packages_ignore=None, packages_ignore_regex=None, paths=None, packages_up_to=None, packages_up_to_regex=None, packages_above=None, packages_above_and_dependencies=None, packages_above_depth=None, packages_select_by_dep=None, packages_skip_by_dep=None, packages_skip_up_to=None, packages_select_build_failed=False, packages_skip_build_finished=False, packages_select_test_failures=False, packages_skip_test_passed=False, packages_select=None, packages_skip=None, packages_select_regex=None, packages_skip_regex=None, packages_start=None, packages_end=None, cmake_args=['-DBUILD_TESTING=ON'], cmake_target=None, cmake_target_skip_unavailable=False, cmake_clean_cache=False, cmake_clean_first=False, cmake_force_configure=False, ament_cmake_args=None, catkin_cmake_args=None, catkin_skip_building_tests=False, verb_parser=<colcon_defaults.argument_parser.defaults.DefaultArgumentsDecorator object at 0x7fab4bcb7070>, verb_extension=<colcon_core.verb.build.BuildVerb object at 0x7fab4bcb6ad0>, main=<bound method BuildVerb.main of <colcon_core.verb.build.BuildVerb object at 0x7fab4bcb6ad0>>)
[4.205s] Level 1:colcon.colcon_core.package_discovery:discover_packages(colcon_meta) check parameters
[4.205s] Level 1:colcon.colcon_core.package_discovery:discover_packages(recursive) check parameters
[4.205s] Level 1:colcon.colcon_core.package_discovery:discover_packages(ignore) check parameters
[4.206s] Level 1:colcon.colcon_core.package_discovery:discover_packages(path) check parameters
[4.206s] Level 1:colcon.colcon_core.package_discovery:discover_packages(colcon_meta) discover
[4.206s] Level 1:colcon.colcon_core.package_discovery:discover_packages(recursive) discover
[4.206s] INFO:colcon.colcon_core.package_discovery:Crawling recursively for packages in '/home/isshadd/INF3995-102/robot/gazebo2'
[4.206s] Level 1:colcon.colcon_core.package_identification:_identify(.) by extensions ['ignore', 'ignore_ament_install']
[4.207s] Level 1:colcon.colcon_core.package_identification:_identify(.) by extension 'ignore'
[4.207s] Level 1:colcon.colcon_core.package_identification:_identify(.) by extension 'ignore_ament_install'
[4.208s] Level 1:colcon.colcon_core.package_identification:_identify(.) by extensions ['colcon_pkg']
[4.208s] Level 1:colcon.colcon_core.package_identification:_identify(.) by extension 'colcon_pkg'
[4.208s] Level 1:colcon.colcon_core.package_identification:_identify(.) by extensions ['colcon_meta']
[4.208s] Level 1:colcon.colcon_core.package_identification:_identify(.) by extension 'colcon_meta'
[4.208s] Level 1:colcon.colcon_core.package_identification:_identify(.) by extensions ['ros']
[4.208s] Level 1:colcon.colcon_core.package_identification:_identify(.) by extension 'ros'
[4.281s] Level 1:colcon.colcon_core.package_identification:_identify(.) by extensions ['cmake', 'python']
[4.282s] Level 1:colcon.colcon_core.package_identification:_identify(.) by extension 'cmake'
[4.282s] Level 1:colcon.colcon_core.package_identification:_identify(.) by extension 'python'
[4.283s] Level 1:colcon.colcon_core.package_identification:_identify(.) by extensions ['python_setup_py']
[4.283s] Level 1:colcon.colcon_core.package_identification:_identify(.) by extension 'python_setup_py'
[4.284s] Level 1:colcon.colcon_core.package_identification:_identify(build) by extensions ['ignore', 'ignore_ament_install']
[4.285s] Level 1:colcon.colcon_core.package_identification:_identify(build) by extension 'ignore'
[4.285s] Level 1:colcon.colcon_core.package_identification:_identify(build) ignored
[4.286s] Level 1:colcon.colcon_core.package_identification:_identify(install) by extensions ['ignore', 'ignore_ament_install']
[4.298s] Level 1:colcon.colcon_core.package_identification:_identify(install) by extension 'ignore'
[4.299s] Level 1:colcon.colcon_core.package_identification:_identify(install) ignored
[4.299s] Level 1:colcon.colcon_core.package_identification:_identify(log) by extensions ['ignore', 'ignore_ament_install']
[4.300s] Level 1:colcon.colcon_core.package_identification:_identify(log) by extension 'ignore'
[4.300s] Level 1:colcon.colcon_core.package_identification:_identify(log) ignored
[4.300s] Level 1:colcon.colcon_core.package_identification:_identify(src) by extensions ['ignore', 'ignore_ament_install']
[4.301s] Level 1:colcon.colcon_core.package_identification:_identify(src) by extension 'ignore'
[4.301s] Level 1:colcon.colcon_core.package_identification:_identify(src) by extension 'ignore_ament_install'
[4.302s] Level 1:colcon.colcon_core.package_identification:_identify(src) by extensions ['colcon_pkg']
[4.302s] Level 1:colcon.colcon_core.package_identification:_identify(src) by extension 'colcon_pkg'
[4.302s] Level 1:colcon.colcon_core.package_identification:_identify(src) by extensions ['colcon_meta']
[4.302s] Level 1:colcon.colcon_core.package_identification:_identify(src) by extension 'colcon_meta'
[4.302s] Level 1:colcon.colcon_core.package_identification:_identify(src) by extensions ['ros']
[4.302s] Level 1:colcon.colcon_core.package_identification:_identify(src) by extension 'ros'
[4.303s] Level 1:colcon.colcon_core.package_identification:_identify(src) by extensions ['cmake', 'python']
[4.303s] Level 1:colcon.colcon_core.package_identification:_identify(src) by extension 'cmake'
[4.303s] Level 1:colcon.colcon_core.package_identification:_identify(src) by extension 'python'
[4.304s] Level 1:colcon.colcon_core.package_identification:_identify(src) by extensions ['python_setup_py']
[4.304s] Level 1:colcon.colcon_core.package_identification:_identify(src) by extension 'python_setup_py'
[4.304s] Level 1:colcon.colcon_core.package_identification:_identify(src/ros_gz_example_application) by extensions ['ignore', 'ignore_ament_install']
[4.305s] Level 1:colcon.colcon_core.package_identification:_identify(src/ros_gz_example_application) by extension 'ignore'
[4.305s] Level 1:colcon.colcon_core.package_identification:_identify(src/ros_gz_example_application) by extension 'ignore_ament_install'
[4.305s] Level 1:colcon.colcon_core.package_identification:_identify(src/ros_gz_example_application) by extensions ['colcon_pkg']
[4.305s] Level 1:colcon.colcon_core.package_identification:_identify(src/ros_gz_example_application) by extension 'colcon_pkg'
[4.306s] Level 1:colcon.colcon_core.package_identification:_identify(src/ros_gz_example_application) by extensions ['colcon_meta']
[4.306s] Level 1:colcon.colcon_core.package_identification:_identify(src/ros_gz_example_application) by extension 'colcon_meta'
[4.306s] Level 1:colcon.colcon_core.package_identification:_identify(src/ros_gz_example_application) by extensions ['ros']
[4.306s] Level 1:colcon.colcon_core.package_identification:_identify(src/ros_gz_example_application) by extension 'ros'
[4.327s] DEBUG:colcon.colcon_core.package_identification:Package 'src/ros_gz_example_application' with type 'ros.ament_cmake' and name 'ros_gz_example_application'
[4.328s] Level 1:colcon.colcon_core.package_identification:_identify(src/ros_gz_example_bringup) by extensions ['ignore', 'ignore_ament_install']
[4.328s] Level 1:colcon.colcon_core.package_identification:_identify(src/ros_gz_example_bringup) by extension 'ignore'
[4.328s] Level 1:colcon.colcon_core.package_identification:_identify(src/ros_gz_example_bringup) by extension 'ignore_ament_install'
[4.329s] Level 1:colcon.colcon_core.package_identification:_identify(src/ros_gz_example_bringup) by extensions ['colcon_pkg']
[4.329s] Level 1:colcon.colcon_core.package_identification:_identify(src/ros_gz_example_bringup) by extension 'colcon_pkg'
[4.330s] Level 1:colcon.colcon_core.package_identification:_identify(src/ros_gz_example_bringup) by extensions ['colcon_meta']
[4.330s] Level 1:colcon.colcon_core.package_identification:_identify(src/ros_gz_example_bringup) by extension 'colcon_meta'
[4.330s] Level 1:colcon.colcon_core.package_identification:_identify(src/ros_gz_example_bringup) by extensions ['ros']
[4.330s] Level 1:colcon.colcon_core.package_identification:_identify(src/ros_gz_example_bringup) by extension 'ros'
[4.339s] DEBUG:colcon.colcon_core.package_identification:Package 'src/ros_gz_example_bringup' with type 'ros.ament_cmake' and name 'ros_gz_example_bringup'
[4.339s] Level 1:colcon.colcon_core.package_identification:_identify(src/ros_gz_example_description) by extensions ['ignore', 'ignore_ament_install']
[4.340s] Level 1:colcon.colcon_core.package_identification:_identify(src/ros_gz_example_description) by extension 'ignore'
[4.340s] Level 1:colcon.colcon_core.package_identification:_identify(src/ros_gz_example_description) by extension 'ignore_ament_install'
[4.340s] Level 1:colcon.colcon_core.package_identification:_identify(src/ros_gz_example_description) by extensions ['colcon_pkg']
[4.340s] Level 1:colcon.colcon_core.package_identification:_identify(src/ros_gz_example_description) by extension 'colcon_pkg'
[4.341s] Level 1:colcon.colcon_core.package_identification:_identify(src/ros_gz_example_description) by extensions ['colcon_meta']
[4.341s] Level 1:colcon.colcon_core.package_identification:_identify(src/ros_gz_example_description) by extension 'colcon_meta'
[4.341s] Level 1:colcon.colcon_core.package_identification:_identify(src/ros_gz_example_description) by extensions ['ros']
[4.341s] Level 1:colcon.colcon_core.package_identification:_identify(src/ros_gz_example_description) by extension 'ros'
[4.343s] DEBUG:colcon.colcon_core.package_identification:Package 'src/ros_gz_example_description' with type 'ros.ament_cmake' and name 'ros_gz_example_description'
[4.343s] Level 1:colcon.colcon_core.package_identification:_identify(src/ros_gz_example_gazebo) by extensions ['ignore', 'ignore_ament_install']
[4.344s] Level 1:colcon.colcon_core.package_identification:_identify(src/ros_gz_example_gazebo) by extension 'ignore'
[4.344s] Level 1:colcon.colcon_core.package_identification:_identify(src/ros_gz_example_gazebo) by extension 'ignore_ament_install'
[4.344s] Level 1:colcon.colcon_core.package_identification:_identify(src/ros_gz_example_gazebo) by extensions ['colcon_pkg']
[4.344s] Level 1:colcon.colcon_core.package_identification:_identify(src/ros_gz_example_gazebo) by extension 'colcon_pkg'
[4.344s] Level 1:colcon.colcon_core.package_identification:_identify(src/ros_gz_example_gazebo) by extensions ['colcon_meta']
[4.345s] Level 1:colcon.colcon_core.package_identification:_identify(src/ros_gz_example_gazebo) by extension 'colcon_meta'
[4.345s] Level 1:colcon.colcon_core.package_identification:_identify(src/ros_gz_example_gazebo) by extensions ['ros']
[4.345s] Level 1:colcon.colcon_core.package_identification:_identify(src/ros_gz_example_gazebo) by extension 'ros'
[4.352s] DEBUG:colcon.colcon_core.package_identification:Package 'src/ros_gz_example_gazebo' with type 'ros.ament_cmake' and name 'ros_gz_example_gazebo'
[4.352s] Level 1:colcon.colcon_core.package_discovery:discover_packages(recursive) using defaults
[4.355s] Level 1:colcon.colcon_core.package_discovery:discover_packages(ignore) discover
[4.356s] Level 1:colcon.colcon_core.package_discovery:discover_packages(ignore) using defaults
[4.356s] Level 1:colcon.colcon_core.package_discovery:discover_packages(path) discover
[4.356s] Level 1:colcon.colcon_core.package_discovery:discover_packages(path) using defaults
[4.543s] Level 5:colcon.colcon_core.verb:set package 'ros_gz_example_application' build argument 'cmake_args' from command line to '['-DBUILD_TESTING=ON']'
[4.543s] Level 5:colcon.colcon_core.verb:set package 'ros_gz_example_application' build argument 'cmake_target' from command line to 'None'
[4.543s] Level 5:colcon.colcon_core.verb:set package 'ros_gz_example_application' build argument 'cmake_target_skip_unavailable' from command line to 'False'
[4.543s] Level 5:colcon.colcon_core.verb:set package 'ros_gz_example_application' build argument 'cmake_clean_cache' from command line to 'False'
[4.543s] Level 5:colcon.colcon_core.verb:set package 'ros_gz_example_application' build argument 'cmake_clean_first' from command line to 'False'
[4.543s] Level 5:colcon.colcon_core.verb:set package 'ros_gz_example_application' build argument 'cmake_force_configure' from command line to 'False'
[4.543s] Level 5:colcon.colcon_core.verb:set package 'ros_gz_example_application' build argument 'ament_cmake_args' from command line to 'None'
[4.544s] Level 5:colcon.colcon_core.verb:set package 'ros_gz_example_application' build argument 'catkin_cmake_args' from command line to 'None'
[4.551s] Level 5:colcon.colcon_core.verb:set package 'ros_gz_example_application' build argument 'catkin_skip_building_tests' from command line to 'False'
[4.552s] DEBUG:colcon.colcon_core.verb:Building package 'ros_gz_example_application' with the following arguments: {'ament_cmake_args': None, 'build_base': '/home/isshadd/INF3995-102/robot/gazebo2/build/ros_gz_example_application', 'catkin_cmake_args': None, 'catkin_skip_building_tests': False, 'cmake_args': ['-DBUILD_TESTING=ON'], 'cmake_clean_cache': False, 'cmake_clean_first': False, 'cmake_force_configure': False, 'cmake_target': None, 'cmake_target_skip_unavailable': False, 'install_base': '/home/isshadd/INF3995-102/robot/gazebo2/install/ros_gz_example_application', 'merge_install': False, 'path': '/home/isshadd/INF3995-102/robot/gazebo2/src/ros_gz_example_application', 'symlink_install': False, 'test_result_base': None}
[4.555s] Level 5:colcon.colcon_core.verb:set package 'ros_gz_example_description' build argument 'cmake_args' from command line to '['-DBUILD_TESTING=ON']'
[4.556s] Level 5:colcon.colcon_core.verb:set package 'ros_gz_example_description' build argument 'cmake_target' from command line to 'None'
[4.556s] Level 5:colcon.colcon_core.verb:set package 'ros_gz_example_description' build argument 'cmake_target_skip_unavailable' from command line to 'False'
[4.557s] Level 5:colcon.colcon_core.verb:set package 'ros_gz_example_description' build argument 'cmake_clean_cache' from command line to 'False'
[4.557s] Level 5:colcon.colcon_core.verb:set package 'ros_gz_example_description' build argument 'cmake_clean_first' from command line to 'False'
[4.557s] Level 5:colcon.colcon_core.verb:set package 'ros_gz_example_description' build argument 'cmake_force_configure' from command line to 'False'
[4.558s] Level 5:colcon.colcon_core.verb:set package 'ros_gz_example_description' build argument 'ament_cmake_args' from command line to 'None'
[4.558s] Level 5:colcon.colcon_core.verb:set package 'ros_gz_example_description' build argument 'catkin_cmake_args' from command line to 'None'
[4.558s] Level 5:colcon.colcon_core.verb:set package 'ros_gz_example_description' build argument 'catkin_skip_building_tests' from command line to 'False'
[4.559s] DEBUG:colcon.colcon_core.verb:Building package 'ros_gz_example_description' with the following arguments: {'ament_cmake_args': None, 'build_base': '/home/isshadd/INF3995-102/robot/gazebo2/build/ros_gz_example_description', 'catkin_cmake_args': None, 'catkin_skip_building_tests': False, 'cmake_args': ['-DBUILD_TESTING=ON'], 'cmake_clean_cache': False, 'cmake_clean_first': False, 'cmake_force_configure': False, 'cmake_target': None, 'cmake_target_skip_unavailable': False, 'install_base': '/home/isshadd/INF3995-102/robot/gazebo2/install/ros_gz_example_description', 'merge_install': False, 'path': '/home/isshadd/INF3995-102/robot/gazebo2/src/ros_gz_example_description', 'symlink_install': False, 'test_result_base': None}
[4.562s] Level 5:colcon.colcon_core.verb:set package 'ros_gz_example_gazebo' build argument 'cmake_args' from command line to '['-DBUILD_TESTING=ON']'
[4.563s] Level 5:colcon.colcon_core.verb:set package 'ros_gz_example_gazebo' build argument 'cmake_target' from command line to 'None'
[4.563s] Level 5:colcon.colcon_core.verb:set package 'ros_gz_example_gazebo' build argument 'cmake_target_skip_unavailable' from command line to 'False'
[4.563s] Level 5:colcon.colcon_core.verb:set package 'ros_gz_example_gazebo' build argument 'cmake_clean_cache' from command line to 'False'
[4.563s] Level 5:colcon.colcon_core.verb:set package 'ros_gz_example_gazebo' build argument 'cmake_clean_first' from command line to 'False'
[4.563s] Level 5:colcon.colcon_core.verb:set package 'ros_gz_example_gazebo' build argument 'cmake_force_configure' from command line to 'False'
[4.563s] Level 5:colcon.colcon_core.verb:set package 'ros_gz_example_gazebo' build argument 'ament_cmake_args' from command line to 'None'
[4.564s] Level 5:colcon.colcon_core.verb:set package 'ros_gz_example_gazebo' build argument 'catkin_cmake_args' from command line to 'None'
[4.564s] Level 5:colcon.colcon_core.verb:set package 'ros_gz_example_gazebo' build argument 'catkin_skip_building_tests' from command line to 'False'
[4.566s] DEBUG:colcon.colcon_core.verb:Building package 'ros_gz_example_gazebo' with the following arguments: {'ament_cmake_args': None, 'build_base': '/home/isshadd/INF3995-102/robot/gazebo2/build/ros_gz_example_gazebo', 'catkin_cmake_args': None, 'catkin_skip_building_tests': False, 'cmake_args': ['-DBUILD_TESTING=ON'], 'cmake_clean_cache': False, 'cmake_clean_first': False, 'cmake_force_configure': False, 'cmake_target': None, 'cmake_target_skip_unavailable': False, 'install_base': '/home/isshadd/INF3995-102/robot/gazebo2/install/ros_gz_example_gazebo', 'merge_install': False, 'path': '/home/isshadd/INF3995-102/robot/gazebo2/src/ros_gz_example_gazebo', 'symlink_install': False, 'test_result_base': None}
[4.568s] Level 5:colcon.colcon_core.verb:set package 'ros_gz_example_bringup' build argument 'cmake_args' from command line to '['-DBUILD_TESTING=ON']'
[4.569s] Level 5:colcon.colcon_core.verb:set package 'ros_gz_example_bringup' build argument 'cmake_target' from command line to 'None'
[4.569s] Level 5:colcon.colcon_core.verb:set package 'ros_gz_example_bringup' build argument 'cmake_target_skip_unavailable' from command line to 'False'
[4.569s] Level 5:colcon.colcon_core.verb:set package 'ros_gz_example_bringup' build argument 'cmake_clean_cache' from command line to 'False'
[4.569s] Level 5:colcon.colcon_core.verb:set package 'ros_gz_example_bringup' build argument 'cmake_clean_first' from command line to 'False'
[4.569s] Level 5:colcon.colcon_core.verb:set package 'ros_gz_example_bringup' build argument 'cmake_force_configure' from command line to 'False'
[4.569s] Level 5:colcon.colcon_core.verb:set package 'ros_gz_example_bringup' build argument 'ament_cmake_args' from command line to 'None'
[4.570s] Level 5:colcon.colcon_core.verb:set package 'ros_gz_example_bringup' build argument 'catkin_cmake_args' from command line to 'None'
[4.570s] Level 5:colcon.colcon_core.verb:set package 'ros_gz_example_bringup' build argument 'catkin_skip_building_tests' from command line to 'False'
[4.570s] DEBUG:colcon.colcon_core.verb:Building package 'ros_gz_example_bringup' with the following arguments: {'ament_cmake_args': None, 'build_base': '/home/isshadd/INF3995-102/robot/gazebo2/build/ros_gz_example_bringup', 'catkin_cmake_args': None, 'catkin_skip_building_tests': False, 'cmake_args': ['-DBUILD_TESTING=ON'], 'cmake_clean_cache': False, 'cmake_clean_first': False, 'cmake_force_configure': False, 'cmake_target': None, 'cmake_target_skip_unavailable': False, 'install_base': '/home/isshadd/INF3995-102/robot/gazebo2/install/ros_gz_example_bringup', 'merge_install': False, 'path': '/home/isshadd/INF3995-102/robot/gazebo2/src/ros_gz_example_bringup', 'symlink_install': False, 'test_result_base': None}
[4.571s] INFO:colcon.colcon_core.executor:Executing jobs using 'parallel' executor
[4.576s] DEBUG:colcon.colcon_parallel_executor.executor.parallel:run_until_complete
[4.583s] INFO:colcon.colcon_ros.task.ament_cmake.build:Building ROS package in '/home/isshadd/INF3995-102/robot/gazebo2/src/ros_gz_example_description' with build type 'ament_cmake'
[4.585s] INFO:colcon.colcon_cmake.task.cmake.build:Building CMake package in '/home/isshadd/INF3995-102/robot/gazebo2/src/ros_gz_example_description'
[4.637s] INFO:colcon.colcon_core.plugin_system:Skipping extension 'colcon_core.shell.bat': Not used on non-Windows systems
[4.638s] INFO:colcon.colcon_core.shell:Skip shell extension 'powershell' for command environment: Not usable outside of PowerShell
[4.638s] DEBUG:colcon.colcon_core.shell:Skip shell extension 'dsv' for command environment
[4.761s] INFO:colcon.colcon_ros.task.ament_cmake.build:Building ROS package in '/home/isshadd/INF3995-102/robot/gazebo2/src/ros_gz_example_application' with build type 'ament_cmake'
[4.762s] INFO:colcon.colcon_cmake.task.cmake.build:Building CMake package in '/home/isshadd/INF3995-102/robot/gazebo2/src/ros_gz_example_application'
[4.763s] INFO:colcon.colcon_core.shell:Skip shell extension 'powershell' for command environment: Not usable outside of PowerShell
[4.763s] DEBUG:colcon.colcon_core.shell:Skip shell extension 'dsv' for command environment
[4.807s] DEBUG:colcon.colcon_core.event_handler.log_command:Invoking command in '/home/isshadd/INF3995-102/robot/gazebo2/build/ros_gz_example_description': CMAKE_PREFIX_PATH=${CMAKE_PREFIX_PATH}:/home/isshadd/INF3995-102/robot/install/voice_control:/home/isshadd/INF3995-102/robot/install/identification:/home/isshadd/INF3995-102/robot/install/control:/home/isshadd/INF3995-102/robot/install/communication:/opt/ros/humble /usr/bin/cmake --build /home/isshadd/INF3995-102/robot/gazebo2/build/ros_gz_example_description -- -j8 -l8
[4.879s] DEBUG:colcon.colcon_core.event_handler.log_command:Invoking command in '/home/isshadd/INF3995-102/robot/gazebo2/build/ros_gz_example_application': CMAKE_PREFIX_PATH=${CMAKE_PREFIX_PATH}:/home/isshadd/INF3995-102/robot/install/voice_control:/home/isshadd/INF3995-102/robot/install/identification:/home/isshadd/INF3995-102/robot/install/control:/home/isshadd/INF3995-102/robot/install/communication:/opt/ros/humble /usr/bin/cmake --build /home/isshadd/INF3995-102/robot/gazebo2/build/ros_gz_example_application -- -j8 -l8
[5.807s] DEBUG:colcon.colcon_core.event_handler.log_command:Invoked command in '/home/isshadd/INF3995-102/robot/gazebo2/build/ros_gz_example_description' returned '0': CMAKE_PREFIX_PATH=${CMAKE_PREFIX_PATH}:/home/isshadd/INF3995-102/robot/install/voice_control:/home/isshadd/INF3995-102/robot/install/identification:/home/isshadd/INF3995-102/robot/install/control:/home/isshadd/INF3995-102/robot/install/communication:/opt/ros/humble /usr/bin/cmake --build /home/isshadd/INF3995-102/robot/gazebo2/build/ros_gz_example_description -- -j8 -l8
[5.859s] DEBUG:colcon.colcon_core.event_handler.log_command:Invoking command in '/home/isshadd/INF3995-102/robot/gazebo2/build/ros_gz_example_description': CMAKE_PREFIX_PATH=${CMAKE_PREFIX_PATH}:/home/isshadd/INF3995-102/robot/install/voice_control:/home/isshadd/INF3995-102/robot/install/identification:/home/isshadd/INF3995-102/robot/install/control:/home/isshadd/INF3995-102/robot/install/communication:/opt/ros/humble /usr/bin/cmake --install /home/isshadd/INF3995-102/robot/gazebo2/build/ros_gz_example_description
[5.870s] DEBUG:colcon.colcon_core.event_handler.log_command:Invoked command in '/home/isshadd/INF3995-102/robot/gazebo2/build/ros_gz_example_application' returned '0': CMAKE_PREFIX_PATH=${CMAKE_PREFIX_PATH}:/home/isshadd/INF3995-102/robot/install/voice_control:/home/isshadd/INF3995-102/robot/install/identification:/home/isshadd/INF3995-102/robot/install/control:/home/isshadd/INF3995-102/robot/install/communication:/opt/ros/humble /usr/bin/cmake --build /home/isshadd/INF3995-102/robot/gazebo2/build/ros_gz_example_application -- -j8 -l8
[5.903s] DEBUG:colcon.colcon_core.event_handler.log_command:Invoking command in '/home/isshadd/INF3995-102/robot/gazebo2/build/ros_gz_example_application': CMAKE_PREFIX_PATH=${CMAKE_PREFIX_PATH}:/home/isshadd/INF3995-102/robot/install/voice_control:/home/isshadd/INF3995-102/robot/install/identification:/home/isshadd/INF3995-102/robot/install/control:/home/isshadd/INF3995-102/robot/install/communication:/opt/ros/humble /usr/bin/cmake --install /home/isshadd/INF3995-102/robot/gazebo2/build/ros_gz_example_application
[5.990s] Level 1:colcon.colcon_core.environment:create_environment_scripts_only(ros_gz_example_description)
[6.021s] DEBUG:colcon.colcon_core.event_handler.log_command:Invoked command in '/home/isshadd/INF3995-102/robot/gazebo2/build/ros_gz_example_description' returned '0': CMAKE_PREFIX_PATH=${CMAKE_PREFIX_PATH}:/home/isshadd/INF3995-102/robot/install/voice_control:/home/isshadd/INF3995-102/robot/install/identification:/home/isshadd/INF3995-102/robot/install/control:/home/isshadd/INF3995-102/robot/install/communication:/opt/ros/humble /usr/bin/cmake --install /home/isshadd/INF3995-102/robot/gazebo2/build/ros_gz_example_description
[6.053s] Level 1:colcon.colcon_core.environment:checking '/home/isshadd/INF3995-102/robot/gazebo2/install/ros_gz_example_description' for CMake module files
[6.054s] Level 1:colcon.colcon_core.environment:checking '/home/isshadd/INF3995-102/robot/gazebo2/install/ros_gz_example_description' for CMake config files
[6.054s] Level 1:colcon.colcon_core.shell:create_environment_hook('ros_gz_example_description', 'cmake_prefix_path')
[6.055s] INFO:colcon.colcon_core.shell:Creating environment hook '/home/isshadd/INF3995-102/robot/gazebo2/install/ros_gz_example_description/share/ros_gz_example_description/hook/cmake_prefix_path.ps1'
[6.062s] INFO:colcon.colcon_core.shell:Creating environment descriptor '/home/isshadd/INF3995-102/robot/gazebo2/install/ros_gz_example_description/share/ros_gz_example_description/hook/cmake_prefix_path.dsv'
[6.067s] INFO:colcon.colcon_core.shell:Creating environment hook '/home/isshadd/INF3995-102/robot/gazebo2/install/ros_gz_example_description/share/ros_gz_example_description/hook/cmake_prefix_path.sh'
[6.076s] Level 1:colcon.colcon_core.environment:checking '/home/isshadd/INF3995-102/robot/gazebo2/install/ros_gz_example_description/bin'
[6.077s] Level 1:colcon.colcon_core.environment:checking '/home/isshadd/INF3995-102/robot/gazebo2/install/ros_gz_example_description/lib/pkgconfig/ros_gz_example_description.pc'
[6.085s] Level 1:colcon.colcon_core.environment:checking '/home/isshadd/INF3995-102/robot/gazebo2/install/ros_gz_example_description/lib/python3.10/site-packages'
[6.086s] Level 1:colcon.colcon_core.environment:checking '/home/isshadd/INF3995-102/robot/gazebo2/install/ros_gz_example_description/bin'
[6.087s] INFO:colcon.colcon_core.shell:Creating package script '/home/isshadd/INF3995-102/robot/gazebo2/install/ros_gz_example_description/share/ros_gz_example_description/package.ps1'
[6.094s] INFO:colcon.colcon_core.shell:Creating package descriptor '/home/isshadd/INF3995-102/robot/gazebo2/install/ros_gz_example_description/share/ros_gz_example_description/package.dsv'
[6.100s] INFO:colcon.colcon_core.shell:Creating package script '/home/isshadd/INF3995-102/robot/gazebo2/install/ros_gz_example_description/share/ros_gz_example_description/package.sh'
[6.109s] INFO:colcon.colcon_core.shell:Creating package script '/home/isshadd/INF3995-102/robot/gazebo2/install/ros_gz_example_description/share/ros_gz_example_description/package.bash'
[6.117s] INFO:colcon.colcon_core.shell:Creating package script '/home/isshadd/INF3995-102/robot/gazebo2/install/ros_gz_example_description/share/ros_gz_example_description/package.zsh'
[6.140s] Level 1:colcon.colcon_core.environment:create_file_with_runtime_dependencies(/home/isshadd/INF3995-102/robot/gazebo2/install/ros_gz_example_description/share/colcon-core/packages/ros_gz_example_description)
[6.142s] Level 1:colcon.colcon_core.environment:create_environment_scripts_only(ros_gz_example_description)
[6.150s] Level 1:colcon.colcon_core.environment:checking '/home/isshadd/INF3995-102/robot/gazebo2/install/ros_gz_example_description' for CMake module files
[6.160s] Level 1:colcon.colcon_core.environment:checking '/home/isshadd/INF3995-102/robot/gazebo2/install/ros_gz_example_description' for CMake config files
[6.170s] Level 1:colcon.colcon_core.shell:create_environment_hook('ros_gz_example_description', 'cmake_prefix_path')
[6.172s] INFO:colcon.colcon_core.shell:Creating environment hook '/home/isshadd/INF3995-102/robot/gazebo2/install/ros_gz_example_description/share/ros_gz_example_description/hook/cmake_prefix_path.ps1'
[6.177s] INFO:colcon.colcon_core.shell:Creating environment descriptor '/home/isshadd/INF3995-102/robot/gazebo2/install/ros_gz_example_description/share/ros_gz_example_description/hook/cmake_prefix_path.dsv'
[6.191s] INFO:colcon.colcon_core.shell:Creating environment hook '/home/isshadd/INF3995-102/robot/gazebo2/install/ros_gz_example_description/share/ros_gz_example_description/hook/cmake_prefix_path.sh'
[6.194s] Level 1:colcon.colcon_core.environment:checking '/home/isshadd/INF3995-102/robot/gazebo2/install/ros_gz_example_description/bin'
[6.194s] Level 1:colcon.colcon_core.environment:checking '/home/isshadd/INF3995-102/robot/gazebo2/install/ros_gz_example_description/lib/pkgconfig/ros_gz_example_description.pc'
[6.195s] Level 1:colcon.colcon_core.environment:checking '/home/isshadd/INF3995-102/robot/gazebo2/install/ros_gz_example_description/lib/python3.10/site-packages'
[6.196s] Level 1:colcon.colcon_core.environment:checking '/home/isshadd/INF3995-102/robot/gazebo2/install/ros_gz_example_description/bin'
[6.207s] INFO:colcon.colcon_core.shell:Creating package script '/home/isshadd/INF3995-102/robot/gazebo2/install/ros_gz_example_description/share/ros_gz_example_description/package.ps1'
[6.215s] INFO:colcon.colcon_core.shell:Creating package descriptor '/home/isshadd/INF3995-102/robot/gazebo2/install/ros_gz_example_description/share/ros_gz_example_description/package.dsv'
[6.229s] INFO:colcon.colcon_core.shell:Creating package script '/home/isshadd/INF3995-102/robot/gazebo2/install/ros_gz_example_description/share/ros_gz_example_description/package.sh'
[6.231s] INFO:colcon.colcon_core.shell:Creating package script '/home/isshadd/INF3995-102/robot/gazebo2/install/ros_gz_example_description/share/ros_gz_example_description/package.bash'
[6.233s] INFO:colcon.colcon_core.shell:Creating package script '/home/isshadd/INF3995-102/robot/gazebo2/install/ros_gz_example_description/share/ros_gz_example_description/package.zsh'
[6.236s] Level 1:colcon.colcon_core.environment:create_file_with_runtime_dependencies(/home/isshadd/INF3995-102/robot/gazebo2/install/ros_gz_example_description/share/colcon-core/packages/ros_gz_example_description)
[6.248s] INFO:colcon.colcon_ros.task.ament_cmake.build:Building ROS package in '/home/isshadd/INF3995-102/robot/gazebo2/src/ros_gz_example_gazebo' with build type 'ament_cmake'
[6.248s] INFO:colcon.colcon_cmake.task.cmake.build:Building CMake package in '/home/isshadd/INF3995-102/robot/gazebo2/src/ros_gz_example_gazebo'
[6.250s] INFO:colcon.colcon_core.shell:Skip shell extension 'powershell' for command environment: Not usable outside of PowerShell
[6.251s] DEBUG:colcon.colcon_core.shell:Skip shell extension 'dsv' for command environment
[6.277s] Level 1:colcon.colcon_core.environment:create_environment_scripts_only(ros_gz_example_application)
[6.290s] Level 1:colcon.colcon_core.environment:checking '/home/isshadd/INF3995-102/robot/gazebo2/install/ros_gz_example_application' for CMake module files
[6.283s] DEBUG:colcon.colcon_core.event_handler.log_command:Invoked command in '/home/isshadd/INF3995-102/robot/gazebo2/build/ros_gz_example_application' returned '0': CMAKE_PREFIX_PATH=${CMAKE_PREFIX_PATH}:/home/isshadd/INF3995-102/robot/install/voice_control:/home/isshadd/INF3995-102/robot/install/identification:/home/isshadd/INF3995-102/robot/install/control:/home/isshadd/INF3995-102/robot/install/communication:/opt/ros/humble /usr/bin/cmake --install /home/isshadd/INF3995-102/robot/gazebo2/build/ros_gz_example_application
[6.293s] Level 1:colcon.colcon_core.environment:checking '/home/isshadd/INF3995-102/robot/gazebo2/install/ros_gz_example_application' for CMake config files
[6.293s] Level 1:colcon.colcon_core.shell:create_environment_hook('ros_gz_example_application', 'cmake_prefix_path')
[6.294s] INFO:colcon.colcon_core.shell:Creating environment hook '/home/isshadd/INF3995-102/robot/gazebo2/install/ros_gz_example_application/share/ros_gz_example_application/hook/cmake_prefix_path.ps1'
[6.296s] INFO:colcon.colcon_core.shell:Creating environment descriptor '/home/isshadd/INF3995-102/robot/gazebo2/install/ros_gz_example_application/share/ros_gz_example_application/hook/cmake_prefix_path.dsv'
[6.299s] INFO:colcon.colcon_core.shell:Creating environment hook '/home/isshadd/INF3995-102/robot/gazebo2/install/ros_gz_example_application/share/ros_gz_example_application/hook/cmake_prefix_path.sh'
[6.311s] Level 1:colcon.colcon_core.environment:checking '/home/isshadd/INF3995-102/robot/gazebo2/install/ros_gz_example_application/bin'
[6.312s] Level 1:colcon.colcon_core.environment:checking '/home/isshadd/INF3995-102/robot/gazebo2/install/ros_gz_example_application/lib/pkgconfig/ros_gz_example_application.pc'
[6.314s] Level 1:colcon.colcon_core.environment:checking '/home/isshadd/INF3995-102/robot/gazebo2/install/ros_gz_example_application/lib/python3.10/site-packages'
[6.325s] Level 1:colcon.colcon_core.environment:checking '/home/isshadd/INF3995-102/robot/gazebo2/install/ros_gz_example_application/bin'
[6.327s] INFO:colcon.colcon_core.shell:Creating package script '/home/isshadd/INF3995-102/robot/gazebo2/install/ros_gz_example_application/share/ros_gz_example_application/package.ps1'
[6.330s] INFO:colcon.colcon_core.shell:Creating package descriptor '/home/isshadd/INF3995-102/robot/gazebo2/install/ros_gz_example_application/share/ros_gz_example_application/package.dsv'
[6.334s] INFO:colcon.colcon_core.shell:Creating package script '/home/isshadd/INF3995-102/robot/gazebo2/install/ros_gz_example_application/share/ros_gz_example_application/package.sh'
[6.349s] INFO:colcon.colcon_core.shell:Creating package script '/home/isshadd/INF3995-102/robot/gazebo2/install/ros_gz_example_application/share/ros_gz_example_application/package.bash'
[6.352s] INFO:colcon.colcon_core.shell:Creating package script '/home/isshadd/INF3995-102/robot/gazebo2/install/ros_gz_example_application/share/ros_gz_example_application/package.zsh'
[6.353s] Level 1:colcon.colcon_core.environment:create_file_with_runtime_dependencies(/home/isshadd/INF3995-102/robot/gazebo2/install/ros_gz_example_application/share/colcon-core/packages/ros_gz_example_application)
[6.355s] Level 1:colcon.colcon_core.environment:create_environment_scripts_only(ros_gz_example_application)
[6.367s] Level 1:colcon.colcon_core.environment:checking '/home/isshadd/INF3995-102/robot/gazebo2/install/ros_gz_example_application' for CMake module files
[6.369s] Level 1:colcon.colcon_core.environment:checking '/home/isshadd/INF3995-102/robot/gazebo2/install/ros_gz_example_application' for CMake config files
[6.369s] Level 1:colcon.colcon_core.shell:create_environment_hook('ros_gz_example_application', 'cmake_prefix_path')
[6.370s] INFO:colcon.colcon_core.shell:Creating environment hook '/home/isshadd/INF3995-102/robot/gazebo2/install/ros_gz_example_application/share/ros_gz_example_application/hook/cmake_prefix_path.ps1'
[6.415s] INFO:colcon.colcon_core.shell:Creating environment descriptor '/home/isshadd/INF3995-102/robot/gazebo2/install/ros_gz_example_application/share/ros_gz_example_application/hook/cmake_prefix_path.dsv'
[6.417s] INFO:colcon.colcon_core.shell:Creating environment hook '/home/isshadd/INF3995-102/robot/gazebo2/install/ros_gz_example_application/share/ros_gz_example_application/hook/cmake_prefix_path.sh'
[6.430s] Level 1:colcon.colcon_core.environment:checking '/home/isshadd/INF3995-102/robot/gazebo2/install/ros_gz_example_application/bin'
[6.431s] Level 1:colcon.colcon_core.environment:checking '/home/isshadd/INF3995-102/robot/gazebo2/install/ros_gz_example_application/lib/pkgconfig/ros_gz_example_application.pc'
[6.432s] Level 1:colcon.colcon_core.environment:checking '/home/isshadd/INF3995-102/robot/gazebo2/install/ros_gz_example_application/lib/python3.10/site-packages'
[6.432s] Level 1:colcon.colcon_core.environment:checking '/home/isshadd/INF3995-102/robot/gazebo2/install/ros_gz_example_application/bin'
[6.444s] INFO:colcon.colcon_core.shell:Creating package script '/home/isshadd/INF3995-102/robot/gazebo2/install/ros_gz_example_application/share/ros_gz_example_application/package.ps1'
[6.447s] INFO:colcon.colcon_core.shell:Creating package descriptor '/home/isshadd/INF3995-102/robot/gazebo2/install/ros_gz_example_application/share/ros_gz_example_application/package.dsv'
[6.458s] INFO:colcon.colcon_core.shell:Creating package script '/home/isshadd/INF3995-102/robot/gazebo2/install/ros_gz_example_application/share/ros_gz_example_application/package.sh'
[6.462s] INFO:colcon.colcon_core.shell:Creating package script '/home/isshadd/INF3995-102/robot/gazebo2/install/ros_gz_example_application/share/ros_gz_example_application/package.bash'
[6.464s] INFO:colcon.colcon_core.shell:Creating package script '/home/isshadd/INF3995-102/robot/gazebo2/install/ros_gz_example_application/share/ros_gz_example_application/package.zsh'
[6.466s] Level 1:colcon.colcon_core.environment:create_file_with_runtime_dependencies(/home/isshadd/INF3995-102/robot/gazebo2/install/ros_gz_example_application/share/colcon-core/packages/ros_gz_example_application)
[6.561s] DEBUG:colcon.colcon_core.event_handler.log_command:Invoking command in '/home/isshadd/INF3995-102/robot/gazebo2/build/ros_gz_example_gazebo': AMENT_PREFIX_PATH=/home/isshadd/INF3995-102/robot/gazebo2/install/ros_gz_example_description:${AMENT_PREFIX_PATH} CMAKE_PREFIX_PATH=/home/isshadd/INF3995-102/robot/gazebo2/install/ros_gz_example_description:/home/isshadd/INF3995-102/robot/install/ros_gz_example_bringup:/home/isshadd/INF3995-102/robot/install/ros_gz_example_gazebo:/home/isshadd/INF3995-102/robot/install/ros_gz_example_description:/home/isshadd/INF3995-102/robot/install/ros_gz_example_application:/home/isshadd/INF3995-102/robot/install/robot:/home/isshadd/INF3995-102/robot/install/limo_bringup:/home/isshadd/INF3995-102/robot/install/limo_msgs:/home/isshadd/INF3995-102/robot/install/limo_description:/home/isshadd/INF3995-102/robot/install/voice_control:/home/isshadd/INF3995-102/robot/install/identification:/home/isshadd/INF3995-102/robot/install/control:/home/isshadd/INF3995-102/robot/install/communication:/opt/ros/humble IGN_GAZEBO_RESOURCE_PATH=/home/isshadd/INF3995-102/robot/gazebo2/install/ros_gz_example_description/share/ros_gz_example_description/models:${IGN_GAZEBO_RESOURCE_PATH} /usr/bin/cmake --build /home/isshadd/INF3995-102/robot/gazebo2/build/ros_gz_example_gazebo -- -j8 -l8
[7.079s] DEBUG:colcon.colcon_core.event_handler.log_command:Invoked command in '/home/isshadd/INF3995-102/robot/gazebo2/build/ros_gz_example_gazebo' returned '0': AMENT_PREFIX_PATH=/home/isshadd/INF3995-102/robot/gazebo2/install/ros_gz_example_description:${AMENT_PREFIX_PATH} CMAKE_PREFIX_PATH=/home/isshadd/INF3995-102/robot/gazebo2/install/ros_gz_example_description:/home/isshadd/INF3995-102/robot/install/ros_gz_example_bringup:/home/isshadd/INF3995-102/robot/install/ros_gz_example_gazebo:/home/isshadd/INF3995-102/robot/install/ros_gz_example_description:/home/isshadd/INF3995-102/robot/install/ros_gz_example_application:/home/isshadd/INF3995-102/robot/install/robot:/home/isshadd/INF3995-102/robot/install/limo_bringup:/home/isshadd/INF3995-102/robot/install/limo_msgs:/home/isshadd/INF3995-102/robot/install/limo_description:/home/isshadd/INF3995-102/robot/install/voice_control:/home/isshadd/INF3995-102/robot/install/identification:/home/isshadd/INF3995-102/robot/install/control:/home/isshadd/INF3995-102/robot/install/communication:/opt/ros/humble IGN_GAZEBO_RESOURCE_PATH=/home/isshadd/INF3995-102/robot/gazebo2/install/ros_gz_example_description/share/ros_gz_example_description/models:${IGN_GAZEBO_RESOURCE_PATH} /usr/bin/cmake --build /home/isshadd/INF3995-102/robot/gazebo2/build/ros_gz_example_gazebo -- -j8 -l8
[7.092s] DEBUG:colcon.colcon_core.event_handler.log_command:Invoking command in '/home/isshadd/INF3995-102/robot/gazebo2/build/ros_gz_example_gazebo': AMENT_PREFIX_PATH=/home/isshadd/INF3995-102/robot/gazebo2/install/ros_gz_example_description:${AMENT_PREFIX_PATH} CMAKE_PREFIX_PATH=/home/isshadd/INF3995-102/robot/gazebo2/install/ros_gz_example_description:/home/isshadd/INF3995-102/robot/install/ros_gz_example_bringup:/home/isshadd/INF3995-102/robot/install/ros_gz_example_gazebo:/home/isshadd/INF3995-102/robot/install/ros_gz_example_description:/home/isshadd/INF3995-102/robot/install/ros_gz_example_application:/home/isshadd/INF3995-102/robot/install/robot:/home/isshadd/INF3995-102/robot/install/limo_bringup:/home/isshadd/INF3995-102/robot/install/limo_msgs:/home/isshadd/INF3995-102/robot/install/limo_description:/home/isshadd/INF3995-102/robot/install/voice_control:/home/isshadd/INF3995-102/robot/install/identification:/home/isshadd/INF3995-102/robot/install/control:/home/isshadd/INF3995-102/robot/install/communication:/opt/ros/humble IGN_GAZEBO_RESOURCE_PATH=/home/isshadd/INF3995-102/robot/gazebo2/install/ros_gz_example_description/share/ros_gz_example_description/models:${IGN_GAZEBO_RESOURCE_PATH} /usr/bin/cmake --install /home/isshadd/INF3995-102/robot/gazebo2/build/ros_gz_example_gazebo
[7.184s] Level 1:colcon.colcon_core.environment:create_environment_scripts_only(ros_gz_example_gazebo)
[7.186s] Level 1:colcon.colcon_core.environment:checking '/home/isshadd/INF3995-102/robot/gazebo2/install/ros_gz_example_gazebo' for CMake module files
[7.188s] DEBUG:colcon.colcon_core.event_handler.log_command:Invoked command in '/home/isshadd/INF3995-102/robot/gazebo2/build/ros_gz_example_gazebo' returned '0': AMENT_PREFIX_PATH=/home/isshadd/INF3995-102/robot/gazebo2/install/ros_gz_example_description:${AMENT_PREFIX_PATH} CMAKE_PREFIX_PATH=/home/isshadd/INF3995-102/robot/gazebo2/install/ros_gz_example_description:/home/isshadd/INF3995-102/robot/install/ros_gz_example_bringup:/home/isshadd/INF3995-102/robot/install/ros_gz_example_gazebo:/home/isshadd/INF3995-102/robot/install/ros_gz_example_description:/home/isshadd/INF3995-102/robot/install/ros_gz_example_application:/home/isshadd/INF3995-102/robot/install/robot:/home/isshadd/INF3995-102/robot/install/limo_bringup:/home/isshadd/INF3995-102/robot/install/limo_msgs:/home/isshadd/INF3995-102/robot/install/limo_description:/home/isshadd/INF3995-102/robot/install/voice_control:/home/isshadd/INF3995-102/robot/install/identification:/home/isshadd/INF3995-102/robot/install/control:/home/isshadd/INF3995-102/robot/install/communication:/opt/ros/humble IGN_GAZEBO_RESOURCE_PATH=/home/isshadd/INF3995-102/robot/gazebo2/install/ros_gz_example_description/share/ros_gz_example_description/models:${IGN_GAZEBO_RESOURCE_PATH} /usr/bin/cmake --install /home/isshadd/INF3995-102/robot/gazebo2/build/ros_gz_example_gazebo
[7.194s] Level 1:colcon.colcon_core.environment:checking '/home/isshadd/INF3995-102/robot/gazebo2/install/ros_gz_example_gazebo' for CMake config files
[7.194s] Level 1:colcon.colcon_core.shell:create_environment_hook('ros_gz_example_gazebo', 'cmake_prefix_path')
[7.203s] INFO:colcon.colcon_core.shell:Creating environment hook '/home/isshadd/INF3995-102/robot/gazebo2/install/ros_gz_example_gazebo/share/ros_gz_example_gazebo/hook/cmake_prefix_path.ps1'
[7.205s] INFO:colcon.colcon_core.shell:Creating environment descriptor '/home/isshadd/INF3995-102/robot/gazebo2/install/ros_gz_example_gazebo/share/ros_gz_example_gazebo/hook/cmake_prefix_path.dsv'
[7.207s] INFO:colcon.colcon_core.shell:Creating environment hook '/home/isshadd/INF3995-102/robot/gazebo2/install/ros_gz_example_gazebo/share/ros_gz_example_gazebo/hook/cmake_prefix_path.sh'
[7.221s] Level 1:colcon.colcon_core.environment:checking '/home/isshadd/INF3995-102/robot/gazebo2/install/ros_gz_example_gazebo/bin'
[7.222s] Level 1:colcon.colcon_core.environment:checking '/home/isshadd/INF3995-102/robot/gazebo2/install/ros_gz_example_gazebo/lib/pkgconfig/ros_gz_example_gazebo.pc'
[7.222s] Level 1:colcon.colcon_core.environment:checking '/home/isshadd/INF3995-102/robot/gazebo2/install/ros_gz_example_gazebo/lib/python3.10/site-packages'
[7.234s] Level 1:colcon.colcon_core.environment:checking '/home/isshadd/INF3995-102/robot/gazebo2/install/ros_gz_example_gazebo/bin'
[7.235s] INFO:colcon.colcon_core.shell:Creating package script '/home/isshadd/INF3995-102/robot/gazebo2/install/ros_gz_example_gazebo/share/ros_gz_example_gazebo/package.ps1'
[7.237s] INFO:colcon.colcon_core.shell:Creating package descriptor '/home/isshadd/INF3995-102/robot/gazebo2/install/ros_gz_example_gazebo/share/ros_gz_example_gazebo/package.dsv'
[7.244s] INFO:colcon.colcon_core.shell:Creating package script '/home/isshadd/INF3995-102/robot/gazebo2/install/ros_gz_example_gazebo/share/ros_gz_example_gazebo/package.sh'
[7.249s] INFO:colcon.colcon_core.shell:Creating package script '/home/isshadd/INF3995-102/robot/gazebo2/install/ros_gz_example_gazebo/share/ros_gz_example_gazebo/package.bash'
[7.256s] INFO:colcon.colcon_core.shell:Creating package script '/home/isshadd/INF3995-102/robot/gazebo2/install/ros_gz_example_gazebo/share/ros_gz_example_gazebo/package.zsh'
[7.259s] Level 1:colcon.colcon_core.environment:create_file_with_runtime_dependencies(/home/isshadd/INF3995-102/robot/gazebo2/install/ros_gz_example_gazebo/share/colcon-core/packages/ros_gz_example_gazebo)
[7.263s] Level 1:colcon.colcon_core.environment:create_environment_scripts_only(ros_gz_example_gazebo)
[7.267s] Level 1:colcon.colcon_core.environment:checking '/home/isshadd/INF3995-102/robot/gazebo2/install/ros_gz_example_gazebo' for CMake module files
[7.268s] Level 1:colcon.colcon_core.environment:checking '/home/isshadd/INF3995-102/robot/gazebo2/install/ros_gz_example_gazebo' for CMake config files
[7.268s] Level 1:colcon.colcon_core.shell:create_environment_hook('ros_gz_example_gazebo', 'cmake_prefix_path')
[7.269s] INFO:colcon.colcon_core.shell:Creating environment hook '/home/isshadd/INF3995-102/robot/gazebo2/install/ros_gz_example_gazebo/share/ros_gz_example_gazebo/hook/cmake_prefix_path.ps1'
[7.276s] INFO:colcon.colcon_core.shell:Creating environment descriptor '/home/isshadd/INF3995-102/robot/gazebo2/install/ros_gz_example_gazebo/share/ros_gz_example_gazebo/hook/cmake_prefix_path.dsv'
[7.278s] INFO:colcon.colcon_core.shell:Creating environment hook '/home/isshadd/INF3995-102/robot/gazebo2/install/ros_gz_example_gazebo/share/ros_gz_example_gazebo/hook/cmake_prefix_path.sh'
[7.288s] Level 1:colcon.colcon_core.environment:checking '/home/isshadd/INF3995-102/robot/gazebo2/install/ros_gz_example_gazebo/bin'
[7.289s] Level 1:colcon.colcon_core.environment:checking '/home/isshadd/INF3995-102/robot/gazebo2/install/ros_gz_example_gazebo/lib/pkgconfig/ros_gz_example_gazebo.pc'
[7.290s] Level 1:colcon.colcon_core.environment:checking '/home/isshadd/INF3995-102/robot/gazebo2/install/ros_gz_example_gazebo/lib/python3.10/site-packages'
[7.290s] Level 1:colcon.colcon_core.environment:checking '/home/isshadd/INF3995-102/robot/gazebo2/install/ros_gz_example_gazebo/bin'
[7.291s] INFO:colcon.colcon_core.shell:Creating package script '/home/isshadd/INF3995-102/robot/gazebo2/install/ros_gz_example_gazebo/share/ros_gz_example_gazebo/package.ps1'
[7.294s] INFO:colcon.colcon_core.shell:Creating package descriptor '/home/isshadd/INF3995-102/robot/gazebo2/install/ros_gz_example_gazebo/share/ros_gz_example_gazebo/package.dsv'
[7.305s] INFO:colcon.colcon_core.shell:Creating package script '/home/isshadd/INF3995-102/robot/gazebo2/install/ros_gz_example_gazebo/share/ros_gz_example_gazebo/package.sh'
[7.307s] INFO:colcon.colcon_core.shell:Creating package script '/home/isshadd/INF3995-102/robot/gazebo2/install/ros_gz_example_gazebo/share/ros_gz_example_gazebo/package.bash'
[7.309s] INFO:colcon.colcon_core.shell:Creating package script '/home/isshadd/INF3995-102/robot/gazebo2/install/ros_gz_example_gazebo/share/ros_gz_example_gazebo/package.zsh'
[7.327s] Level 1:colcon.colcon_core.environment:create_file_with_runtime_dependencies(/home/isshadd/INF3995-102/robot/gazebo2/install/ros_gz_example_gazebo/share/colcon-core/packages/ros_gz_example_gazebo)
[7.329s] INFO:colcon.colcon_ros.task.ament_cmake.build:Building ROS package in '/home/isshadd/INF3995-102/robot/gazebo2/src/ros_gz_example_bringup' with build type 'ament_cmake'
[7.330s] INFO:colcon.colcon_cmake.task.cmake.build:Building CMake package in '/home/isshadd/INF3995-102/robot/gazebo2/src/ros_gz_example_bringup'
[7.331s] INFO:colcon.colcon_core.shell:Skip shell extension 'powershell' for command environment: Not usable outside of PowerShell
[7.332s] DEBUG:colcon.colcon_core.shell:Skip shell extension 'dsv' for command environment
[8.059s] DEBUG:colcon.colcon_core.event_handler.log_command:Invoking command in '/home/isshadd/INF3995-102/robot/gazebo2/build/ros_gz_example_bringup': AMENT_PREFIX_PATH=/home/isshadd/INF3995-102/robot/gazebo2/install/ros_gz_example_gazebo:/home/isshadd/INF3995-102/robot/gazebo2/install/ros_gz_example_description:${AMENT_PREFIX_PATH} CMAKE_PREFIX_PATH=/home/isshadd/INF3995-102/robot/gazebo2/install/ros_gz_example_gazebo:/home/isshadd/INF3995-102/robot/gazebo2/install/ros_gz_example_description:/home/isshadd/INF3995-102/robot/install/ros_gz_example_bringup:/home/isshadd/INF3995-102/robot/install/ros_gz_example_gazebo:/home/isshadd/INF3995-102/robot/install/ros_gz_example_description:/home/isshadd/INF3995-102/robot/install/ros_gz_example_application:/home/isshadd/INF3995-102/robot/install/robot:/home/isshadd/INF3995-102/robot/install/limo_bringup:/home/isshadd/INF3995-102/robot/install/limo_msgs:/home/isshadd/INF3995-102/robot/install/limo_description:/home/isshadd/INF3995-102/robot/install/voice_control:/home/isshadd/INF3995-102/robot/install/identification:/home/isshadd/INF3995-102/robot/install/control:/home/isshadd/INF3995-102/robot/install/communication:/opt/ros/humble IGN_GAZEBO_PLUGIN_PATH=/home/isshadd/INF3995-102/robot/gazebo2/install/ros_gz_example_gazebo/lib/ros_gz_example_gazebo IGN_GAZEBO_RESOURCE_PATH=/home/isshadd/INF3995-102/robot/gazebo2/install/ros_gz_example_gazebo/share/ros_gz_example_gazebo/worlds:/home/isshadd/INF3995-102/robot/gazebo2/install/ros_gz_example_description/share/ros_gz_example_description/models:${IGN_GAZEBO_RESOURCE_PATH} /usr/bin/cmake --build /home/isshadd/INF3995-102/robot/gazebo2/build/ros_gz_example_bringup -- -j8 -l8
[8.206s] DEBUG:colcon.colcon_core.event_handler.log_command:Invoked command in '/home/isshadd/INF3995-102/robot/gazebo2/build/ros_gz_example_bringup' returned '0': AMENT_PREFIX_PATH=/home/isshadd/INF3995-102/robot/gazebo2/install/ros_gz_example_gazebo:/home/isshadd/INF3995-102/robot/gazebo2/install/ros_gz_example_description:${AMENT_PREFIX_PATH} CMAKE_PREFIX_PATH=/home/isshadd/INF3995-102/robot/gazebo2/install/ros_gz_example_gazebo:/home/isshadd/INF3995-102/robot/gazebo2/install/ros_gz_example_description:/home/isshadd/INF3995-102/robot/install/ros_gz_example_bringup:/home/isshadd/INF3995-102/robot/install/ros_gz_example_gazebo:/home/isshadd/INF3995-102/robot/install/ros_gz_example_description:/home/isshadd/INF3995-102/robot/install/ros_gz_example_application:/home/isshadd/INF3995-102/robot/install/robot:/home/isshadd/INF3995-102/robot/install/limo_bringup:/home/isshadd/INF3995-102/robot/install/limo_msgs:/home/isshadd/INF3995-102/robot/install/limo_description:/home/isshadd/INF3995-102/robot/install/voice_control:/home/isshadd/INF3995-102/robot/install/identification:/home/isshadd/INF3995-102/robot/install/control:/home/isshadd/INF3995-102/robot/install/communication:/opt/ros/humble IGN_GAZEBO_PLUGIN_PATH=/home/isshadd/INF3995-102/robot/gazebo2/install/ros_gz_example_gazebo/lib/ros_gz_example_gazebo IGN_GAZEBO_RESOURCE_PATH=/home/isshadd/INF3995-102/robot/gazebo2/install/ros_gz_example_gazebo/share/ros_gz_example_gazebo/worlds:/home/isshadd/INF3995-102/robot/gazebo2/install/ros_gz_example_description/share/ros_gz_example_description/models:${IGN_GAZEBO_RESOURCE_PATH} /usr/bin/cmake --build /home/isshadd/INF3995-102/robot/gazebo2/build/ros_gz_example_bringup -- -j8 -l8
[8.237s] DEBUG:colcon.colcon_core.event_handler.log_command:Invoking command in '/home/isshadd/INF3995-102/robot/gazebo2/build/ros_gz_example_bringup': AMENT_PREFIX_PATH=/home/isshadd/INF3995-102/robot/gazebo2/install/ros_gz_example_gazebo:/home/isshadd/INF3995-102/robot/gazebo2/install/ros_gz_example_description:${AMENT_PREFIX_PATH} CMAKE_PREFIX_PATH=/home/isshadd/INF3995-102/robot/gazebo2/install/ros_gz_example_gazebo:/home/isshadd/INF3995-102/robot/gazebo2/install/ros_gz_example_description:/home/isshadd/INF3995-102/robot/install/ros_gz_example_bringup:/home/isshadd/INF3995-102/robot/install/ros_gz_example_gazebo:/home/isshadd/INF3995-102/robot/install/ros_gz_example_description:/home/isshadd/INF3995-102/robot/install/ros_gz_example_application:/home/isshadd/INF3995-102/robot/install/robot:/home/isshadd/INF3995-102/robot/install/limo_bringup:/home/isshadd/INF3995-102/robot/install/limo_msgs:/home/isshadd/INF3995-102/robot/install/limo_description:/home/isshadd/INF3995-102/robot/install/voice_control:/home/isshadd/INF3995-102/robot/install/identification:/home/isshadd/INF3995-102/robot/install/control:/home/isshadd/INF3995-102/robot/install/communication:/opt/ros/humble IGN_GAZEBO_PLUGIN_PATH=/home/isshadd/INF3995-102/robot/gazebo2/install/ros_gz_example_gazebo/lib/ros_gz_example_gazebo IGN_GAZEBO_RESOURCE_PATH=/home/isshadd/INF3995-102/robot/gazebo2/install/ros_gz_example_gazebo/share/ros_gz_example_gazebo/worlds:/home/isshadd/INF3995-102/robot/gazebo2/install/ros_gz_example_description/share/ros_gz_example_description/models:${IGN_GAZEBO_RESOURCE_PATH} /usr/bin/cmake --install /home/isshadd/INF3995-102/robot/gazebo2/build/ros_gz_example_bringup
[8.284s] Level 1:colcon.colcon_core.environment:create_environment_scripts_only(ros_gz_example_bringup)
[8.288s] Level 1:colcon.colcon_core.environment:checking '/home/isshadd/INF3995-102/robot/gazebo2/install/ros_gz_example_bringup' for CMake module files
[8.291s] DEBUG:colcon.colcon_core.event_handler.log_command:Invoked command in '/home/isshadd/INF3995-102/robot/gazebo2/build/ros_gz_example_bringup' returned '0': AMENT_PREFIX_PATH=/home/isshadd/INF3995-102/robot/gazebo2/install/ros_gz_example_gazebo:/home/isshadd/INF3995-102/robot/gazebo2/install/ros_gz_example_description:${AMENT_PREFIX_PATH} CMAKE_PREFIX_PATH=/home/isshadd/INF3995-102/robot/gazebo2/install/ros_gz_example_gazebo:/home/isshadd/INF3995-102/robot/gazebo2/install/ros_gz_example_description:/home/isshadd/INF3995-102/robot/install/ros_gz_example_bringup:/home/isshadd/INF3995-102/robot/install/ros_gz_example_gazebo:/home/isshadd/INF3995-102/robot/install/ros_gz_example_description:/home/isshadd/INF3995-102/robot/install/ros_gz_example_application:/home/isshadd/INF3995-102/robot/install/robot:/home/isshadd/INF3995-102/robot/install/limo_bringup:/home/isshadd/INF3995-102/robot/install/limo_msgs:/home/isshadd/INF3995-102/robot/install/limo_description:/home/isshadd/INF3995-102/robot/install/voice_control:/home/isshadd/INF3995-102/robot/install/identification:/home/isshadd/INF3995-102/robot/install/control:/home/isshadd/INF3995-102/robot/install/communication:/opt/ros/humble IGN_GAZEBO_PLUGIN_PATH=/home/isshadd/INF3995-102/robot/gazebo2/install/ros_gz_example_gazebo/lib/ros_gz_example_gazebo IGN_GAZEBO_RESOURCE_PATH=/home/isshadd/INF3995-102/robot/gazebo2/install/ros_gz_example_gazebo/share/ros_gz_example_gazebo/worlds:/home/isshadd/INF3995-102/robot/gazebo2/install/ros_gz_example_description/share/ros_gz_example_description/models:${IGN_GAZEBO_RESOURCE_PATH} /usr/bin/cmake --install /home/isshadd/INF3995-102/robot/gazebo2/build/ros_gz_example_bringup
[8.293s] Level 1:colcon.colcon_core.environment:checking '/home/isshadd/INF3995-102/robot/gazebo2/install/ros_gz_example_bringup' for CMake config files
[8.302s] Level 1:colcon.colcon_core.shell:create_environment_hook('ros_gz_example_bringup', 'cmake_prefix_path')
[8.303s] INFO:colcon.colcon_core.shell:Creating environment hook '/home/isshadd/INF3995-102/robot/gazebo2/install/ros_gz_example_bringup/share/ros_gz_example_bringup/hook/cmake_prefix_path.ps1'
[8.305s] INFO:colcon.colcon_core.shell:Creating environment descriptor '/home/isshadd/INF3995-102/robot/gazebo2/install/ros_gz_example_bringup/share/ros_gz_example_bringup/hook/cmake_prefix_path.dsv'
[8.308s] INFO:colcon.colcon_core.shell:Creating environment hook '/home/isshadd/INF3995-102/robot/gazebo2/install/ros_gz_example_bringup/share/ros_gz_example_bringup/hook/cmake_prefix_path.sh'
[8.320s] Level 1:colcon.colcon_core.environment:checking '/home/isshadd/INF3995-102/robot/gazebo2/install/ros_gz_example_bringup/bin'
[8.322s] Level 1:colcon.colcon_core.environment:checking '/home/isshadd/INF3995-102/robot/gazebo2/install/ros_gz_example_bringup/lib/pkgconfig/ros_gz_example_bringup.pc'
[8.322s] Level 1:colcon.colcon_core.environment:checking '/home/isshadd/INF3995-102/robot/gazebo2/install/ros_gz_example_bringup/lib/python3.10/site-packages'
[8.323s] Level 1:colcon.colcon_core.environment:checking '/home/isshadd/INF3995-102/robot/gazebo2/install/ros_gz_example_bringup/bin'
[8.324s] INFO:colcon.colcon_core.shell:Creating package script '/home/isshadd/INF3995-102/robot/gazebo2/install/ros_gz_example_bringup/share/ros_gz_example_bringup/package.ps1'
[8.336s] INFO:colcon.colcon_core.shell:Creating package descriptor '/home/isshadd/INF3995-102/robot/gazebo2/install/ros_gz_example_bringup/share/ros_gz_example_bringup/package.dsv'
[8.339s] INFO:colcon.colcon_core.shell:Creating package script '/home/isshadd/INF3995-102/robot/gazebo2/install/ros_gz_example_bringup/share/ros_gz_example_bringup/package.sh'
[8.341s] INFO:colcon.colcon_core.shell:Creating package script '/home/isshadd/INF3995-102/robot/gazebo2/install/ros_gz_example_bringup/share/ros_gz_example_bringup/package.bash'
[8.344s] INFO:colcon.colcon_core.shell:Creating package script '/home/isshadd/INF3995-102/robot/gazebo2/install/ros_gz_example_bringup/share/ros_gz_example_bringup/package.zsh'
[8.346s] Level 1:colcon.colcon_core.environment:create_file_with_runtime_dependencies(/home/isshadd/INF3995-102/robot/gazebo2/install/ros_gz_example_bringup/share/colcon-core/packages/ros_gz_example_bringup)
[8.349s] Level 1:colcon.colcon_core.environment:create_environment_scripts_only(ros_gz_example_bringup)
[8.350s] Level 1:colcon.colcon_core.environment:checking '/home/isshadd/INF3995-102/robot/gazebo2/install/ros_gz_example_bringup' for CMake module files
[8.352s] Level 1:colcon.colcon_core.environment:checking '/home/isshadd/INF3995-102/robot/gazebo2/install/ros_gz_example_bringup' for CMake config files
[8.353s] Level 1:colcon.colcon_core.shell:create_environment_hook('ros_gz_example_bringup', 'cmake_prefix_path')
[8.357s] INFO:colcon.colcon_core.shell:Creating environment hook '/home/isshadd/INF3995-102/robot/gazebo2/install/ros_gz_example_bringup/share/ros_gz_example_bringup/hook/cmake_prefix_path.ps1'
[8.360s] INFO:colcon.colcon_core.shell:Creating environment descriptor '/home/isshadd/INF3995-102/robot/gazebo2/install/ros_gz_example_bringup/share/ros_gz_example_bringup/hook/cmake_prefix_path.dsv'
[8.362s] INFO:colcon.colcon_core.shell:Creating environment hook '/home/isshadd/INF3995-102/robot/gazebo2/install/ros_gz_example_bringup/share/ros_gz_example_bringup/hook/cmake_prefix_path.sh'
[8.378s] Level 1:colcon.colcon_core.environment:checking '/home/isshadd/INF3995-102/robot/gazebo2/install/ros_gz_example_bringup/bin'
[8.378s] Level 1:colcon.colcon_core.environment:checking '/home/isshadd/INF3995-102/robot/gazebo2/install/ros_gz_example_bringup/lib/pkgconfig/ros_gz_example_bringup.pc'
[8.379s] Level 1:colcon.colcon_core.environment:checking '/home/isshadd/INF3995-102/robot/gazebo2/install/ros_gz_example_bringup/lib/python3.10/site-packages'
[8.380s] Level 1:colcon.colcon_core.environment:checking '/home/isshadd/INF3995-102/robot/gazebo2/install/ros_gz_example_bringup/bin'
[8.381s] INFO:colcon.colcon_core.shell:Creating package script '/home/isshadd/INF3995-102/robot/gazebo2/install/ros_gz_example_bringup/share/ros_gz_example_bringup/package.ps1'
[8.385s] INFO:colcon.colcon_core.shell:Creating package descriptor '/home/isshadd/INF3995-102/robot/gazebo2/install/ros_gz_example_bringup/share/ros_gz_example_bringup/package.dsv'
[8.396s] INFO:colcon.colcon_core.shell:Creating package script '/home/isshadd/INF3995-102/robot/gazebo2/install/ros_gz_example_bringup/share/ros_gz_example_bringup/package.sh'
[8.399s] INFO:colcon.colcon_core.shell:Creating package script '/home/isshadd/INF3995-102/robot/gazebo2/install/ros_gz_example_bringup/share/ros_gz_example_bringup/package.bash'
[8.484s] INFO:colcon.colcon_core.shell:Creating package script '/home/isshadd/INF3995-102/robot/gazebo2/install/ros_gz_example_bringup/share/ros_gz_example_bringup/package.zsh'
[8.487s] Level 1:colcon.colcon_core.environment:create_file_with_runtime_dependencies(/home/isshadd/INF3995-102/robot/gazebo2/install/ros_gz_example_bringup/share/colcon-core/packages/ros_gz_example_bringup)
[8.488s] DEBUG:colcon.colcon_parallel_executor.executor.parallel:closing loop
[8.490s] DEBUG:colcon.colcon_parallel_executor.executor.parallel:loop closed
[8.490s] DEBUG:colcon.colcon_parallel_executor.executor.parallel:run_until_complete finished with '0'
[8.496s] DEBUG:colcon.colcon_core.event_reactor:joining thread
[8.734s] INFO:colcon.colcon_core.plugin_system:Skipping extension 'colcon_notification.desktop_notification.notify_send': Could not find 'notify-send'
[8.734s] INFO:colcon.colcon_core.plugin_system:Skipping extension 'colcon_notification.desktop_notification.terminal_notifier': Not used on non-Darwin systems
[8.735s] INFO:colcon.colcon_core.plugin_system:Skipping extension 'colcon_notification.desktop_notification.win32': Not used on non-Windows systems
[8.735s] INFO:colcon.colcon_notification.desktop_notification:Sending desktop notification using 'notify2'
[8.735s] DEBUG:colcon.colcon_notification.desktop_notification.notify2:Failed to initialize notify2: org.freedesktop.DBus.Error.FileNotFound: Failed to connect to socket /run/user/1000/bus: No such file or directory
[8.736s] DEBUG:colcon.colcon_core.event_reactor:joined thread
[8.737s] INFO:colcon.colcon_core.shell:Creating prefix script '/home/isshadd/INF3995-102/robot/gazebo2/install/local_setup.ps1'
[8.743s] INFO:colcon.colcon_core.shell:Creating prefix util module '/home/isshadd/INF3995-102/robot/gazebo2/install/_local_setup_util_ps1.py'
[8.764s] INFO:colcon.colcon_core.shell:Creating prefix chain script '/home/isshadd/INF3995-102/robot/gazebo2/install/setup.ps1'
[8.773s] INFO:colcon.colcon_core.shell:Creating prefix script '/home/isshadd/INF3995-102/robot/gazebo2/install/local_setup.sh'
[8.778s] INFO:colcon.colcon_core.shell:Creating prefix util module '/home/isshadd/INF3995-102/robot/gazebo2/install/_local_setup_util_sh.py'
[8.781s] INFO:colcon.colcon_core.shell:Creating prefix chain script '/home/isshadd/INF3995-102/robot/gazebo2/install/setup.sh'
[8.792s] INFO:colcon.colcon_core.shell:Creating prefix script '/home/isshadd/INF3995-102/robot/gazebo2/install/local_setup.bash'
[8.798s] INFO:colcon.colcon_core.shell:Creating prefix chain script '/home/isshadd/INF3995-102/robot/gazebo2/install/setup.bash'
[8.805s] INFO:colcon.colcon_core.shell:Creating prefix script '/home/isshadd/INF3995-102/robot/gazebo2/install/local_setup.zsh'
[8.811s] INFO:colcon.colcon_core.shell:Creating prefix chain script '/home/isshadd/INF3995-102/robot/gazebo2/install/setup.zsh'
