[0.019s] Invoking command in '/home/kylor/INF3995-102/robot/build/ros_gz_example_application': /usr/bin/cmake /home/kylor/INF3995-102/robot/src/ros_gz_example_application -DCMAKE_INSTALL_PREFIX=/home/kylor/INF3995-102/robot/install/ros_gz_example_application
[0.168s] -- The C compiler identification is GNU 11.4.0
[0.679s] -- The CXX compiler identification is GNU 11.4.0
[1.021s] -- Detecting C compiler ABI info
[1.193s] -- Detecting C compiler ABI info - done
[1.204s] -- Check for working C compiler: /usr/bin/cc - skipped
[1.205s] -- Detecting C compile features
[1.206s] -- Detecting C compile features - done
[1.211s] -- Detecting CXX compiler ABI info
[1.391s] -- Detecting CXX compiler ABI info - done
[1.402s] -- Check for working CXX compiler: /usr/bin/c++ - skipped
[1.403s] -- Detecting CXX compile features
[1.403s] -- Detecting CXX compile features - done
[2.001s] [31mCMake Error at CMakeLists.txt:5 (find_package):
[2.001s]   By not providing "Findament_cmake.cmake" in CMAKE_MODULE_PATH this project
[2.001s]   has asked CMake to find a package configuration file provided by
[2.002s]   "ament_cmake", but CMake did not find one.
[2.002s] 
[2.002s]   Could not find a package configuration file provided by "ament_cmake" with
[2.002s]   any of the following names:
[2.002s] 
[2.002s]     ament_cmakeConfig.cmake
[2.002s]     ament_cmake-config.cmake
[2.002s] 
[2.002s]   Add the installation prefix of "ament_cmake" to CMAKE_PREFIX_PATH or set
[2.002s]   "ament_cmake_DIR" to a directory containing one of the above files.  If
[2.002s]   "ament_cmake" provides a separate development package or SDK, be sure it
[2.002s]   has been installed.
[2.002s] 
[2.002s] [0m
[2.004s] -- Configuring incomplete, errors occurred!
[2.004s] See also "/home/kylor/INF3995-102/robot/build/ros_gz_example_application/CMakeFiles/CMakeOutput.log".
[2.007s] Invoked command in '/home/kylor/INF3995-102/robot/build/ros_gz_example_application' returned '1': /usr/bin/cmake /home/kylor/INF3995-102/robot/src/ros_gz_example_application -DCMAKE_INSTALL_PREFIX=/home/kylor/INF3995-102/robot/install/ros_gz_example_application
