[0.021s] Invoking command in '/home/kevin/setup/INF3995-Templates/project_ws/src/build/ros_gz_example_description': CMAKE_PREFIX_PATH=${CMAKE_PREFIX_PATH}:/opt/ros/humble /usr/bin/cmake /home/kevin/setup/INF3995-Templates/project_ws/src/ros_gz_example_description -DAMENT_CMAKE_SYMLINK_INSTALL=1 -DCMAKE_INSTALL_PREFIX=/home/kevin/setup/INF3995-Templates/project_ws/src/install/ros_gz_example_description
[0.037s] -- Found ament_cmake: 1.3.11 (/opt/ros/humble/share/ament_cmake/cmake)
[0.229s] -- Found Python3: /usr/bin/python3 (found version "3.10.12") found components: Interpreter 
[0.304s] -- Override CMake install command with custom implementation using symlinks instead of copying resources
[0.336s] -- Found ament_lint_auto: 0.12.11 (/opt/ros/humble/share/ament_lint_auto/cmake)
[0.419s] -- Configuring done
[0.424s] -- Generating done
[0.426s] -- Build files have been written to: /home/kevin/setup/INF3995-Templates/project_ws/src/build/ros_gz_example_description
[0.434s] Invoked command in '/home/kevin/setup/INF3995-Templates/project_ws/src/build/ros_gz_example_description' returned '0': CMAKE_PREFIX_PATH=${CMAKE_PREFIX_PATH}:/opt/ros/humble /usr/bin/cmake /home/kevin/setup/INF3995-Templates/project_ws/src/ros_gz_example_description -DAMENT_CMAKE_SYMLINK_INSTALL=1 -DCMAKE_INSTALL_PREFIX=/home/kevin/setup/INF3995-Templates/project_ws/src/install/ros_gz_example_description
[0.435s] Invoking command in '/home/kevin/setup/INF3995-Templates/project_ws/src/build/ros_gz_example_description': CMAKE_PREFIX_PATH=${CMAKE_PREFIX_PATH}:/opt/ros/humble /usr/bin/cmake --build /home/kevin/setup/INF3995-Templates/project_ws/src/build/ros_gz_example_description -- -j20 -l20
[0.480s] Invoked command in '/home/kevin/setup/INF3995-Templates/project_ws/src/build/ros_gz_example_description' returned '0': CMAKE_PREFIX_PATH=${CMAKE_PREFIX_PATH}:/opt/ros/humble /usr/bin/cmake --build /home/kevin/setup/INF3995-Templates/project_ws/src/build/ros_gz_example_description -- -j20 -l20
[0.482s] Invoking command in '/home/kevin/setup/INF3995-Templates/project_ws/src/build/ros_gz_example_description': CMAKE_PREFIX_PATH=${CMAKE_PREFIX_PATH}:/opt/ros/humble /usr/bin/cmake --install /home/kevin/setup/INF3995-Templates/project_ws/src/build/ros_gz_example_description
[0.489s] -- Install configuration: ""
[0.490s] -- Execute custom install script
[0.491s] -- Symlinking: /home/kevin/setup/INF3995-Templates/project_ws/src/install/ros_gz_example_description/share/ros_gz_example_description/models/limo_ackerman/meshes/limo_base.dae
[0.498s] -- Symlinking: /home/kevin/setup/INF3995-Templates/project_ws/src/install/ros_gz_example_description/share/ros_gz_example_description/models/limo_ackerman/meshes/limo_base.stl
[0.506s] -- Symlinking: /home/kevin/setup/INF3995-Templates/project_ws/src/install/ros_gz_example_description/share/ros_gz_example_description/models/limo_ackerman/meshes/limo_wheel.dae
[0.514s] -- Symlinking: /home/kevin/setup/INF3995-Templates/project_ws/src/install/ros_gz_example_description/share/ros_gz_example_description/models/limo_ackerman/meshes/limo_wheel.stl
[0.522s] -- Symlinking: /home/kevin/setup/INF3995-Templates/project_ws/src/install/ros_gz_example_description/share/ros_gz_example_description/models/limo_ackerman/model.config
[0.529s] -- Symlinking: /home/kevin/setup/INF3995-Templates/project_ws/src/install/ros_gz_example_description/share/ros_gz_example_description/models/limo_ackerman/model.sdf
[0.537s] -- Symlinking: /home/kevin/setup/INF3995-Templates/project_ws/src/install/ros_gz_example_description/share/ros_gz_example_description/models/limo_diff_drive/meshes/limo_base.dae
[0.545s] -- Symlinking: /home/kevin/setup/INF3995-Templates/project_ws/src/install/ros_gz_example_description/share/ros_gz_example_description/models/limo_diff_drive/meshes/limo_base.stl
[0.552s] -- Symlinking: /home/kevin/setup/INF3995-Templates/project_ws/src/install/ros_gz_example_description/share/ros_gz_example_description/models/limo_diff_drive/meshes/limo_wheel.dae
[0.560s] -- Symlinking: /home/kevin/setup/INF3995-Templates/project_ws/src/install/ros_gz_example_description/share/ros_gz_example_description/models/limo_diff_drive/meshes/limo_wheel.stl
[0.568s] -- Symlinking: /home/kevin/setup/INF3995-Templates/project_ws/src/install/ros_gz_example_description/share/ros_gz_example_description/models/limo_diff_drive/model.config
[0.575s] -- Symlinking: /home/kevin/setup/INF3995-Templates/project_ws/src/install/ros_gz_example_description/share/ros_gz_example_description/models/limo_diff_drive/model.sdf
[0.583s] -- Symlinking: /home/kevin/setup/INF3995-Templates/project_ws/src/install/ros_gz_example_description/share/ros_gz_example_description/environment/ros_gz_example_description.dsv
[0.591s] -- Symlinking: /home/kevin/setup/INF3995-Templates/project_ws/src/install/ros_gz_example_description/share/ros_gz_example_description/environment/ros_gz_example_description.sh
[0.599s] -- Symlinking: /home/kevin/setup/INF3995-Templates/project_ws/src/install/ros_gz_example_description/share/ament_index/resource_index/package_run_dependencies/ros_gz_example_description
[0.607s] -- Symlinking: /home/kevin/setup/INF3995-Templates/project_ws/src/install/ros_gz_example_description/share/ament_index/resource_index/parent_prefix_path/ros_gz_example_description
[0.619s] -- Symlinking: /home/kevin/setup/INF3995-Templates/project_ws/src/install/ros_gz_example_description/share/ros_gz_example_description/environment/ament_prefix_path.sh
[0.624s] -- Symlinking: /home/kevin/setup/INF3995-Templates/project_ws/src/install/ros_gz_example_description/share/ros_gz_example_description/environment/ament_prefix_path.dsv
[0.632s] -- Symlinking: /home/kevin/setup/INF3995-Templates/project_ws/src/install/ros_gz_example_description/share/ros_gz_example_description/environment/path.sh
[0.640s] -- Symlinking: /home/kevin/setup/INF3995-Templates/project_ws/src/install/ros_gz_example_description/share/ros_gz_example_description/environment/path.dsv
[0.648s] -- Symlinking: /home/kevin/setup/INF3995-Templates/project_ws/src/install/ros_gz_example_description/share/ros_gz_example_description/local_setup.bash
[0.655s] -- Symlinking: /home/kevin/setup/INF3995-Templates/project_ws/src/install/ros_gz_example_description/share/ros_gz_example_description/local_setup.sh
[0.664s] -- Symlinking: /home/kevin/setup/INF3995-Templates/project_ws/src/install/ros_gz_example_description/share/ros_gz_example_description/local_setup.zsh
[0.672s] -- Symlinking: /home/kevin/setup/INF3995-Templates/project_ws/src/install/ros_gz_example_description/share/ros_gz_example_description/local_setup.dsv
[0.679s] -- Symlinking: /home/kevin/setup/INF3995-Templates/project_ws/src/install/ros_gz_example_description/share/ros_gz_example_description/package.dsv
[0.686s] -- Symlinking: /home/kevin/setup/INF3995-Templates/project_ws/src/install/ros_gz_example_description/share/ament_index/resource_index/packages/ros_gz_example_description
[0.693s] -- Symlinking: /home/kevin/setup/INF3995-Templates/project_ws/src/install/ros_gz_example_description/share/ros_gz_example_description/cmake/ros_gz_example_descriptionConfig.cmake
[0.700s] -- Symlinking: /home/kevin/setup/INF3995-Templates/project_ws/src/install/ros_gz_example_description/share/ros_gz_example_description/cmake/ros_gz_example_descriptionConfig-version.cmake
[0.708s] -- Symlinking: /home/kevin/setup/INF3995-Templates/project_ws/src/install/ros_gz_example_description/share/ros_gz_example_description/package.xml
[0.718s] Invoked command in '/home/kevin/setup/INF3995-Templates/project_ws/src/build/ros_gz_example_description' returned '0': CMAKE_PREFIX_PATH=${CMAKE_PREFIX_PATH}:/opt/ros/humble /usr/bin/cmake --install /home/kevin/setup/INF3995-Templates/project_ws/src/build/ros_gz_example_description
