[0.011s] Invoking command in '/home/kevin/Desktop/INF3995-102/build/ros_gz_example_gazebo': AMENT_PREFIX_PATH=/home/kevin/Desktop/INF3995-102/install/ros_gz_example_description:${AMENT_PREFIX_PATH} CMAKE_PREFIX_PATH=/home/kevin/Desktop/INF3995-102/install/ros_gz_example_description:/opt/ros/humble IGN_GAZEBO_RESOURCE_PATH=/home/kevin/Desktop/INF3995-102/install/ros_gz_example_description/share/ros_gz_example_description/models /usr/bin/cmake /home/kevin/Desktop/INF3995-102/robot/gazebo/src/ros_gz_example_gazebo -DCMAKE_INSTALL_PREFIX=/home/kevin/Desktop/INF3995-102/install/ros_gz_example_gazebo
[0.097s] -- The C compiler identification is GNU 11.4.0
[0.169s] -- The CXX compiler identification is GNU 11.4.0
[0.180s] -- Detecting C compiler ABI info
[0.261s] -- Detecting C compiler ABI info - done
[0.271s] -- Check for working C compiler: /usr/bin/cc - skipped
[0.271s] -- Detecting C compile features
[0.271s] -- Detecting C compile features - done
[0.285s] -- Detecting CXX compiler ABI info
[0.369s] -- Detecting CXX compiler ABI info - done
[0.385s] -- Check for working CXX compiler: /usr/bin/c++ - skipped
[0.385s] -- Detecting CXX compile features
[0.388s] -- Detecting CXX compile features - done
[0.388s] -- Found ament_cmake: 1.3.11 (/opt/ros/humble/share/ament_cmake/cmake)
[0.581s] -- Found Python3: /usr/bin/python3 (found version "3.10.12") found components: Interpreter 
[0.692s] -- Found ros_gz_example_description: 0.0.0 (/home/kevin/Desktop/INF3995-102/install/ros_gz_example_description/share/ros_gz_example_description/cmake)
[0.699s] -- Looking for ignition-plugin1 -- found version 1.4.0
[0.699s] -- Searching for dependencies of ignition-plugin1
[0.700s] -- Searching for <ignition-plugin1> component [register]
[0.702s] -- Looking for ignition-plugin1-register -- found version 1.4.0
[0.703s] -- Searching for dependencies of ignition-plugin1-register
[0.706s] -- Looking for ignition-common4 -- found version 4.7.0
[0.707s] -- Searching for dependencies of ignition-common4
[0.707s] -- Looking for dlfcn.h - found
[0.718s] -- Looking for libdl - found
[0.718s] -- Found DL: TRUE  
[0.725s] -- Checking for module 'uuid'
[0.739s] --   Found uuid, version 2.37.2
[0.777s] -- Found UUID: TRUE  
[0.777s] -- Searching for <ignition-common4> component [profiler]
[0.780s] -- Looking for ignition-common4-profiler -- found version 4.7.0
[0.780s] -- Searching for dependencies of ignition-common4-profiler
[0.783s] -- Looking for ignition-gazebo6 -- found version 6.17.0
[0.783s] -- Searching for dependencies of ignition-gazebo6
[0.785s] -- Looking for sdformat12 -- found version 12.8.0
[0.785s] -- Searching for dependencies of sdformat12
[0.790s] -- Checking for module 'tinyxml2'
[0.802s] --   Found tinyxml2, version 9.0.0
[0.846s] -- Looking for ignition-math6 -- found version 6.15.1
[0.847s] -- Searching for dependencies of ignition-math6
[0.851s] -- Looking for ignition-utils1 -- found version 1.5.1
[0.851s] -- Searching for dependencies of ignition-utils1
[0.853s] -- Looking for ignition-plugin1 -- found version 1.4.0
[0.853s] -- Searching for dependencies of ignition-plugin1
[0.854s] -- Searching for <ignition-plugin1> component [loader]
[0.856s] -- Looking for ignition-plugin1-loader -- found version 1.4.0
[0.856s] -- Searching for dependencies of ignition-plugin1-loader
[0.856s] -- Searching for <ignition-plugin1> component [register]
[0.859s] -- Looking for ignition-transport11 -- found version 11.4.1
[0.859s] -- Searching for dependencies of ignition-transport11
[1.083s] -- Found Protobuf: /usr/lib/x86_64-linux-gnu/libprotobuf.so (found version "3.12.4") 
[1.099s] -- Config-file not installed for ZeroMQ -- checking for pkg-config
[1.106s] -- Checking for module 'libzmq >= 4'
[1.121s] --   Found libzmq , version 4.3.4
[1.160s] -- Found ZeroMQ: TRUE (Required is at least version "4") 
[1.175s] -- Looking for ignition-utils1 -- found version 1.5.1
[1.175s] -- Searching for dependencies of ignition-utils1
[1.179s] -- Searching for <ignition-utils1> component [cli]
[1.180s] -- Looking for ignition-utils1-cli -- found version 1.5.1
[1.180s] -- Searching for dependencies of ignition-utils1-cli
[1.183s] -- Looking for ignition-msgs8 -- found version 8.7.0
[1.184s] -- Searching for dependencies of ignition-msgs8
[1.208s] -- Found Protobuf: /usr/lib/x86_64-linux-gnu/libprotobuf.so (found suitable version "3.12.4", minimum required is "3") 
[1.208s] -- Looking for ignition-math6 -- found version 6.15.1
[1.220s] -- Searching for <ignition-transport11> component [log]
[1.223s] -- Looking for ignition-transport11-log -- found version 11.4.1
[1.223s] -- Searching for dependencies of ignition-transport11-log
[1.224s] -- Searching for <ignition-transport11> component [parameters]
[1.226s] -- Looking for ignition-transport11-parameters -- found version 11.4.1
[1.227s] -- Searching for dependencies of ignition-transport11-parameters
[1.227s] -- Looking for ignition-msgs8 -- found version 8.7.0
[1.228s] -- Looking for ignition-common4 -- found version 4.7.0
[1.229s] -- Searching for dependencies of ignition-common4
[1.229s] -- Looking for dlfcn.h - found
[1.229s] -- Looking for libdl - found
[1.241s] -- Searching for <ignition-common4> component [profiler]
[1.241s] -- Searching for <ignition-common4> component [events]
[1.243s] -- Looking for ignition-common4-events -- found version 4.7.0
[1.244s] -- Searching for dependencies of ignition-common4-events
[1.244s] -- Looking for ignition-math6 -- found version 6.15.1
[1.245s] -- Searching for <ignition-common4> component [av]
[1.247s] -- Looking for ignition-common4-av -- found version 4.7.0
[1.248s] -- Searching for dependencies of ignition-common4-av
[1.255s] -- Checking for module 'libswscale'
[1.270s] --   Found libswscale, version 5.9.100
[1.313s] -- Found SWSCALE: TRUE  
[1.321s] -- Checking for module 'libavdevice >= 56.4.100'
[1.337s] --   Found libavdevice , version 58.13.100
[1.385s] -- Found AVDEVICE: TRUE (Required is at least version "56.4.100") 
[1.397s] -- Checking for module 'libavformat'
[1.412s] --   Found libavformat, version 58.76.100
[1.462s] -- Found AVFORMAT: TRUE  
[1.468s] -- Checking for module 'libavcodec'
[1.491s] --   Found libavcodec, version 58.134.100
[1.536s] -- Found AVCODEC: TRUE  
[1.541s] -- Checking for module 'libavutil'
[1.559s] --   Found libavutil, version 56.70.100
[1.603s] -- Found AVUTIL: TRUE  
[1.605s] -- Looking for ignition-fuel_tools7 -- found version 7.3.1
[1.605s] -- Searching for dependencies of ignition-fuel_tools7
[1.702s] -- Found CURL: /usr/lib/x86_64-linux-gnu/libcurl.so (found version "7.81.0")  
[1.710s] -- Checking for module 'jsoncpp'
[1.726s] --   Found jsoncpp, version 1.9.5
[1.766s] -- Found JSONCPP: TRUE  
[1.774s] -- Checking for module 'libzip'
[1.794s] --   Found libzip, version 1.7.3
[1.835s] -- Found ZIP: TRUE  
[1.836s] -- Looking for ignition-common4 -- found version 4.7.0
[1.836s] -- Looking for ignition-math6 -- found version 6.15.1
[1.837s] -- Looking for ignition-msgs8 -- found version 8.7.0
[1.841s] -- Looking for ignition-gui6 -- found version 6.8.0
[1.841s] -- Searching for dependencies of ignition-gui6
[1.879s] -- Looking for ignition-math6 -- found version 6.15.1
[1.880s] -- Looking for ignition-common4 -- found version 4.7.0
[1.884s] -- Looking for ignition-plugin1 -- found version 1.4.0
[1.884s] -- Looking for ignition-transport11 -- found version 11.4.1
[1.885s] -- Looking for ignition-rendering6 -- found version 6.6.3
[1.885s] -- Searching for dependencies of ignition-rendering6
[1.887s] -- Looking for ignition-math6 -- found version 6.15.1
[1.887s] -- Searching for dependencies of ignition-math6
[1.887s] -- Searching for <ignition-math6> component [eigen3]
[1.890s] -- Looking for ignition-math6-eigen3 -- found version 6.15.1
[1.893s] -- Searching for dependencies of ignition-math6-eigen3
[1.906s] -- Looking for ignition-common4 -- found version 4.7.0
[1.907s] -- Searching for dependencies of ignition-common4
[1.907s] -- Looking for dlfcn.h - found
[1.907s] -- Looking for libdl - found
[1.919s] -- Searching for <ignition-common4> component [graphics]
[1.921s] -- Looking for ignition-common4-graphics -- found version 4.7.0
[1.922s] -- Searching for dependencies of ignition-common4-graphics
[1.922s] -- Looking for ignition-math6 -- found version 6.15.1
[1.923s] -- Looking for ignition-utils1 -- found version 1.5.1
[1.923s] -- Searching for <ignition-common4> component [events]
[1.924s] -- Looking for ignition-plugin1 -- found version 1.4.0
[1.925s] -- Searching for dependencies of ignition-plugin1
[1.925s] -- Searching for <ignition-plugin1> component [all]
[1.927s] -- Looking for all libraries of ignition-plugin1 -- found version 1.4.0
[1.927s] -- Looking for ignition-plugin1 -- found version 1.4.0
[1.929s] -- Looking for ignition-msgs8 -- found version 8.7.0
[1.947s] -- Looking for ignition-physics5 -- found version 5.3.2
[1.948s] -- Searching for dependencies of ignition-physics5
[1.948s] -- Looking for ignition-math6 -- found version 6.15.1
[1.948s] -- Looking for ignition-plugin1 -- found version 1.4.0
[1.948s] -- Looking for ignition-utils1 -- found version 1.5.1
[1.949s] -- Searching for <ignition-physics5> component [heightmap]
[1.951s] -- Looking for ignition-physics5-heightmap -- found version 5.3.2
[1.952s] -- Searching for dependencies of ignition-physics5-heightmap
[1.952s] -- Looking for ignition-common4 -- found version 4.7.0
[1.952s] -- Searching for <ignition-physics5> component [mesh]
[1.954s] -- Looking for ignition-physics5-mesh -- found version 5.3.2
[1.955s] -- Searching for dependencies of ignition-physics5-mesh
[1.955s] -- Looking for ignition-common4 -- found version 4.7.0
[1.955s] -- Searching for <ignition-physics5> component [sdf]
[1.957s] -- Looking for ignition-physics5-sdf -- found version 5.3.2
[1.957s] -- Searching for dependencies of ignition-physics5-sdf
[1.958s] -- Looking for sdformat12 -- found version 12.8.0
[1.960s] -- Looking for ignition-sensors6 -- found version 6.8.1
[1.960s] -- Searching for dependencies of ignition-sensors6
[1.978s] -- Found Protobuf: /usr/lib/x86_64-linux-gnu/libprotobuf.so (found version "3.12.4") 
[1.979s] -- Looking for ignition-math6 -- found version 6.15.1
[1.980s] -- Looking for ignition-common4 -- found version 4.7.0
[1.980s] -- Looking for ignition-transport11 -- found version 11.4.1
[1.981s] -- Looking for ignition-rendering6 -- found version 6.6.3
[1.982s] -- Looking for ignition-msgs8 -- found version 8.7.0
[1.982s] -- Looking for sdformat12 -- found version 12.8.0
[1.983s] -- Searching for <ignition-sensors6> component [air_pressure]
[1.986s] -- Looking for ignition-sensors6-air_pressure -- found version 6.8.1
[1.987s] -- Searching for dependencies of ignition-sensors6-air_pressure
[1.988s] -- Searching for <ignition-sensors6> component [altimeter]
[1.990s] -- Looking for ignition-sensors6-altimeter -- found version 6.8.1
[1.990s] -- Searching for dependencies of ignition-sensors6-altimeter
[1.991s] -- Searching for <ignition-sensors6> component [imu]
[1.993s] -- Looking for ignition-sensors6-imu -- found version 6.8.1
[1.993s] -- Searching for dependencies of ignition-sensors6-imu
[1.993s] -- Searching for <ignition-sensors6> component [force_torque]
[1.995s] -- Looking for ignition-sensors6-force_torque -- found version 6.8.1
[1.996s] -- Searching for dependencies of ignition-sensors6-force_torque
[1.996s] -- Searching for <ignition-sensors6> component [logical_camera]
[1.998s] -- Looking for ignition-sensors6-logical_camera -- found version 6.8.1
[1.999s] -- Searching for dependencies of ignition-sensors6-logical_camera
[1.999s] -- Searching for <ignition-sensors6> component [magnetometer]
[2.001s] -- Looking for ignition-sensors6-magnetometer -- found version 6.8.1
[2.002s] -- Searching for dependencies of ignition-sensors6-magnetometer
[2.002s] -- Searching for <ignition-sensors6> component [navsat]
[2.004s] -- Looking for ignition-sensors6-navsat -- found version 6.8.1
[2.004s] -- Searching for dependencies of ignition-sensors6-navsat
[2.005s] -- Searching for <ignition-sensors6> component [rendering]
[2.006s] -- Looking for ignition-sensors6-rendering -- found version 6.8.1
[2.007s] -- Searching for dependencies of ignition-sensors6-rendering
[2.007s] -- Searching for <ignition-sensors6> component [lidar]
[2.009s] -- Looking for ignition-sensors6-lidar -- found version 6.8.1
[2.009s] -- Searching for dependencies of ignition-sensors6-lidar
[2.010s] -- Looking for ignition-sensors6 -- found version 6.8.1
[2.010s] -- Searching for <ignition-sensors6> component [gpu_lidar]
[2.012s] -- Looking for ignition-sensors6-gpu_lidar -- found version 6.8.1
[2.012s] -- Searching for dependencies of ignition-sensors6-gpu_lidar
[2.013s] -- Looking for ignition-sensors6 -- found version 6.8.1
[2.013s] -- Searching for <ignition-sensors6> component [camera]
[2.015s] -- Looking for ignition-sensors6-camera -- found version 6.8.1
[2.015s] -- Searching for dependencies of ignition-sensors6-camera
[2.016s] -- Looking for ignition-sensors6 -- found version 6.8.1
[2.016s] -- Searching for <ignition-sensors6> component [boundingbox_camera]
[2.018s] -- Looking for ignition-sensors6-boundingbox_camera -- found version 6.8.1
[2.018s] -- Searching for dependencies of ignition-sensors6-boundingbox_camera
[2.019s] -- Searching for <ignition-sensors6> component [segmentation_camera]
[2.022s] -- Looking for ignition-sensors6-segmentation_camera -- found version 6.8.1
[2.023s] -- Searching for dependencies of ignition-sensors6-segmentation_camera
[2.023s] -- Searching for <ignition-sensors6> component [depth_camera]
[2.025s] -- Looking for ignition-sensors6-depth_camera -- found version 6.8.1
[2.026s] -- Searching for dependencies of ignition-sensors6-depth_camera
[2.026s] -- Looking for ignition-sensors6 -- found version 6.8.1
[2.026s] -- Searching for <ignition-sensors6> component [rgbd_camera]
[2.028s] -- Looking for ignition-sensors6-rgbd_camera -- found version 6.8.1
[2.029s] -- Searching for dependencies of ignition-sensors6-rgbd_camera
[2.029s] -- Looking for ignition-sensors6 -- found version 6.8.1
[2.029s] -- Searching for <ignition-sensors6> component [thermal_camera]
[2.031s] -- Looking for ignition-sensors6-thermal_camera -- found version 6.8.1
[2.032s] -- Searching for dependencies of ignition-sensors6-thermal_camera
[2.032s] -- Looking for ignition-sensors6 -- found version 6.8.1
[2.033s] -- Looking for ignition-rendering6 -- found version 6.6.3
[2.033s] -- Looking for ignition-math6 -- found version 6.15.1
[2.036s] -- Looking for ignition-utils1 -- found version 1.5.1
[2.061s] -- Found ament_lint_auto: 0.12.11 (/opt/ros/humble/share/ament_lint_auto/cmake)
[2.153s] -- Configuring done
[2.159s] -- Generating done
[2.165s] -- Build files have been written to: /home/kevin/Desktop/INF3995-102/build/ros_gz_example_gazebo
[2.180s] Invoked command in '/home/kevin/Desktop/INF3995-102/build/ros_gz_example_gazebo' returned '0': AMENT_PREFIX_PATH=/home/kevin/Desktop/INF3995-102/install/ros_gz_example_description:${AMENT_PREFIX_PATH} CMAKE_PREFIX_PATH=/home/kevin/Desktop/INF3995-102/install/ros_gz_example_description:/opt/ros/humble IGN_GAZEBO_RESOURCE_PATH=/home/kevin/Desktop/INF3995-102/install/ros_gz_example_description/share/ros_gz_example_description/models /usr/bin/cmake /home/kevin/Desktop/INF3995-102/robot/gazebo/src/ros_gz_example_gazebo -DCMAKE_INSTALL_PREFIX=/home/kevin/Desktop/INF3995-102/install/ros_gz_example_gazebo
[2.182s] Invoking command in '/home/kevin/Desktop/INF3995-102/build/ros_gz_example_gazebo': AMENT_PREFIX_PATH=/home/kevin/Desktop/INF3995-102/install/ros_gz_example_description:${AMENT_PREFIX_PATH} CMAKE_PREFIX_PATH=/home/kevin/Desktop/INF3995-102/install/ros_gz_example_description:/opt/ros/humble IGN_GAZEBO_RESOURCE_PATH=/home/kevin/Desktop/INF3995-102/install/ros_gz_example_description/share/ros_gz_example_description/models /usr/bin/cmake --build /home/kevin/Desktop/INF3995-102/build/ros_gz_example_gazebo -- -j20 -l20
[2.224s] Invoked command in '/home/kevin/Desktop/INF3995-102/build/ros_gz_example_gazebo' returned '0': AMENT_PREFIX_PATH=/home/kevin/Desktop/INF3995-102/install/ros_gz_example_description:${AMENT_PREFIX_PATH} CMAKE_PREFIX_PATH=/home/kevin/Desktop/INF3995-102/install/ros_gz_example_description:/opt/ros/humble IGN_GAZEBO_RESOURCE_PATH=/home/kevin/Desktop/INF3995-102/install/ros_gz_example_description/share/ros_gz_example_description/models /usr/bin/cmake --build /home/kevin/Desktop/INF3995-102/build/ros_gz_example_gazebo -- -j20 -l20
[2.227s] Invoking command in '/home/kevin/Desktop/INF3995-102/build/ros_gz_example_gazebo': AMENT_PREFIX_PATH=/home/kevin/Desktop/INF3995-102/install/ros_gz_example_description:${AMENT_PREFIX_PATH} CMAKE_PREFIX_PATH=/home/kevin/Desktop/INF3995-102/install/ros_gz_example_description:/opt/ros/humble IGN_GAZEBO_RESOURCE_PATH=/home/kevin/Desktop/INF3995-102/install/ros_gz_example_description/share/ros_gz_example_description/models /usr/bin/cmake --install /home/kevin/Desktop/INF3995-102/build/ros_gz_example_gazebo
[2.233s] -- Install configuration: ""
[2.234s] -- Installing: /home/kevin/Desktop/INF3995-102/install/ros_gz_example_gazebo/share/ros_gz_example_gazebo/worlds
[2.234s] -- Installing: /home/kevin/Desktop/INF3995-102/install/ros_gz_example_gazebo/share/ros_gz_example_gazebo/worlds/diff_drive.sdf
[2.234s] -- Installing: /home/kevin/Desktop/INF3995-102/install/ros_gz_example_gazebo/share/ros_gz_example_gazebo/environment/ros_gz_example_gazebo.dsv
[2.234s] -- Installing: /home/kevin/Desktop/INF3995-102/install/ros_gz_example_gazebo/share/ros_gz_example_gazebo/environment/ros_gz_example_gazebo.sh
[2.234s] -- Installing: /home/kevin/Desktop/INF3995-102/install/ros_gz_example_gazebo/share/ament_index/resource_index/package_run_dependencies/ros_gz_example_gazebo
[2.234s] -- Installing: /home/kevin/Desktop/INF3995-102/install/ros_gz_example_gazebo/share/ament_index/resource_index/parent_prefix_path/ros_gz_example_gazebo
[2.234s] -- Installing: /home/kevin/Desktop/INF3995-102/install/ros_gz_example_gazebo/share/ros_gz_example_gazebo/environment/ament_prefix_path.sh
[2.234s] -- Installing: /home/kevin/Desktop/INF3995-102/install/ros_gz_example_gazebo/share/ros_gz_example_gazebo/environment/ament_prefix_path.dsv
[2.234s] -- Installing: /home/kevin/Desktop/INF3995-102/install/ros_gz_example_gazebo/share/ros_gz_example_gazebo/environment/path.sh
[2.234s] -- Installing: /home/kevin/Desktop/INF3995-102/install/ros_gz_example_gazebo/share/ros_gz_example_gazebo/environment/path.dsv
[2.234s] -- Installing: /home/kevin/Desktop/INF3995-102/install/ros_gz_example_gazebo/share/ros_gz_example_gazebo/local_setup.bash
[2.234s] -- Installing: /home/kevin/Desktop/INF3995-102/install/ros_gz_example_gazebo/share/ros_gz_example_gazebo/local_setup.sh
[2.234s] -- Installing: /home/kevin/Desktop/INF3995-102/install/ros_gz_example_gazebo/share/ros_gz_example_gazebo/local_setup.zsh
[2.235s] -- Installing: /home/kevin/Desktop/INF3995-102/install/ros_gz_example_gazebo/share/ros_gz_example_gazebo/local_setup.dsv
[2.235s] -- Installing: /home/kevin/Desktop/INF3995-102/install/ros_gz_example_gazebo/share/ros_gz_example_gazebo/package.dsv
[2.235s] -- Installing: /home/kevin/Desktop/INF3995-102/install/ros_gz_example_gazebo/share/ament_index/resource_index/packages/ros_gz_example_gazebo
[2.235s] -- Installing: /home/kevin/Desktop/INF3995-102/install/ros_gz_example_gazebo/share/ros_gz_example_gazebo/cmake/ros_gz_example_gazeboConfig.cmake
[2.235s] -- Installing: /home/kevin/Desktop/INF3995-102/install/ros_gz_example_gazebo/share/ros_gz_example_gazebo/cmake/ros_gz_example_gazeboConfig-version.cmake
[2.235s] -- Installing: /home/kevin/Desktop/INF3995-102/install/ros_gz_example_gazebo/share/ros_gz_example_gazebo/package.xml
[2.238s] Invoked command in '/home/kevin/Desktop/INF3995-102/build/ros_gz_example_gazebo' returned '0': AMENT_PREFIX_PATH=/home/kevin/Desktop/INF3995-102/install/ros_gz_example_description:${AMENT_PREFIX_PATH} CMAKE_PREFIX_PATH=/home/kevin/Desktop/INF3995-102/install/ros_gz_example_description:/opt/ros/humble IGN_GAZEBO_RESOURCE_PATH=/home/kevin/Desktop/INF3995-102/install/ros_gz_example_description/share/ros_gz_example_description/models /usr/bin/cmake --install /home/kevin/Desktop/INF3995-102/build/ros_gz_example_gazebo
