[0.047s] Invoking command in '/home/isshadd/INF3995-102/robot/gazebo2/build/ros_gz_example_gazebo': CMAKE_PREFIX_PATH=/home/isshadd/INF3995-102/robot/gazebo2/install/ros_gz_example_description:/home/isshadd/INF3995-102/robot/gazebo2/install/ros_gz_example_bringup:/home/isshadd/INF3995-102/robot/gazebo2/install/ros_gz_example_gazebo:/home/isshadd/INF3995-102/robot/gazebo2/install/ros_gz_example_application:/opt/ros/humble IGN_GAZEBO_RESOURCE_PATH=/home/isshadd/INF3995-102/robot/gazebo2/install/ros_gz_example_description/share/ros_gz_example_description/models:${IGN_GAZEBO_RESOURCE_PATH} /usr/bin/cmake --build /home/isshadd/INF3995-102/robot/gazebo2/build/ros_gz_example_gazebo -- -j8 -l8
[0.141s] Invoked command in '/home/isshadd/INF3995-102/robot/gazebo2/build/ros_gz_example_gazebo' returned '0': CMAKE_PREFIX_PATH=/home/isshadd/INF3995-102/robot/gazebo2/install/ros_gz_example_description:/home/isshadd/INF3995-102/robot/gazebo2/install/ros_gz_example_bringup:/home/isshadd/INF3995-102/robot/gazebo2/install/ros_gz_example_gazebo:/home/isshadd/INF3995-102/robot/gazebo2/install/ros_gz_example_application:/opt/ros/humble IGN_GAZEBO_RESOURCE_PATH=/home/isshadd/INF3995-102/robot/gazebo2/install/ros_gz_example_description/share/ros_gz_example_description/models:${IGN_GAZEBO_RESOURCE_PATH} /usr/bin/cmake --build /home/isshadd/INF3995-102/robot/gazebo2/build/ros_gz_example_gazebo -- -j8 -l8
[0.146s] Invoking command in '/home/isshadd/INF3995-102/robot/gazebo2/build/ros_gz_example_gazebo': CMAKE_PREFIX_PATH=/home/isshadd/INF3995-102/robot/gazebo2/install/ros_gz_example_description:/home/isshadd/INF3995-102/robot/gazebo2/install/ros_gz_example_bringup:/home/isshadd/INF3995-102/robot/gazebo2/install/ros_gz_example_gazebo:/home/isshadd/INF3995-102/robot/gazebo2/install/ros_gz_example_application:/opt/ros/humble IGN_GAZEBO_RESOURCE_PATH=/home/isshadd/INF3995-102/robot/gazebo2/install/ros_gz_example_description/share/ros_gz_example_description/models:${IGN_GAZEBO_RESOURCE_PATH} /usr/bin/cmake --install /home/isshadd/INF3995-102/robot/gazebo2/build/ros_gz_example_gazebo
[0.154s] -- Install configuration: ""
[0.154s] -- Up-to-date: /home/isshadd/INF3995-102/robot/gazebo2/install/ros_gz_example_gazebo/share/ros_gz_example_gazebo/worlds
[0.154s] -- Up-to-date: /home/isshadd/INF3995-102/robot/gazebo2/install/ros_gz_example_gazebo/share/ros_gz_example_gazebo/worlds/diff_drive.sdf
[0.155s] -- Up-to-date: /home/isshadd/INF3995-102/robot/gazebo2/install/ros_gz_example_gazebo/share/ros_gz_example_gazebo/environment/ros_gz_example_gazebo.dsv
[0.155s] -- Up-to-date: /home/isshadd/INF3995-102/robot/gazebo2/install/ros_gz_example_gazebo/share/ros_gz_example_gazebo/environment/ros_gz_example_gazebo.sh
[0.155s] -- Up-to-date: /home/isshadd/INF3995-102/robot/gazebo2/install/ros_gz_example_gazebo/share/ament_index/resource_index/package_run_dependencies/ros_gz_example_gazebo
[0.156s] -- Up-to-date: /home/isshadd/INF3995-102/robot/gazebo2/install/ros_gz_example_gazebo/share/ament_index/resource_index/parent_prefix_path/ros_gz_example_gazebo
[0.156s] -- Up-to-date: /home/isshadd/INF3995-102/robot/gazebo2/install/ros_gz_example_gazebo/share/ros_gz_example_gazebo/environment/ament_prefix_path.sh
[0.156s] -- Up-to-date: /home/isshadd/INF3995-102/robot/gazebo2/install/ros_gz_example_gazebo/share/ros_gz_example_gazebo/environment/ament_prefix_path.dsv
[0.156s] -- Up-to-date: /home/isshadd/INF3995-102/robot/gazebo2/install/ros_gz_example_gazebo/share/ros_gz_example_gazebo/environment/path.sh
[0.156s] -- Up-to-date: /home/isshadd/INF3995-102/robot/gazebo2/install/ros_gz_example_gazebo/share/ros_gz_example_gazebo/environment/path.dsv
[0.156s] -- Up-to-date: /home/isshadd/INF3995-102/robot/gazebo2/install/ros_gz_example_gazebo/share/ros_gz_example_gazebo/local_setup.bash
[0.157s] -- Up-to-date: /home/isshadd/INF3995-102/robot/gazebo2/install/ros_gz_example_gazebo/share/ros_gz_example_gazebo/local_setup.sh
[0.157s] -- Up-to-date: /home/isshadd/INF3995-102/robot/gazebo2/install/ros_gz_example_gazebo/share/ros_gz_example_gazebo/local_setup.zsh
[0.157s] -- Up-to-date: /home/isshadd/INF3995-102/robot/gazebo2/install/ros_gz_example_gazebo/share/ros_gz_example_gazebo/local_setup.dsv
[0.157s] -- Up-to-date: /home/isshadd/INF3995-102/robot/gazebo2/install/ros_gz_example_gazebo/share/ros_gz_example_gazebo/package.dsv
[0.158s] -- Up-to-date: /home/isshadd/INF3995-102/robot/gazebo2/install/ros_gz_example_gazebo/share/ament_index/resource_index/packages/ros_gz_example_gazebo
[0.158s] -- Up-to-date: /home/isshadd/INF3995-102/robot/gazebo2/install/ros_gz_example_gazebo/share/ros_gz_example_gazebo/cmake/ros_gz_example_gazeboConfig.cmake
[0.158s] -- Up-to-date: /home/isshadd/INF3995-102/robot/gazebo2/install/ros_gz_example_gazebo/share/ros_gz_example_gazebo/cmake/ros_gz_example_gazeboConfig-version.cmake
[0.158s] -- Up-to-date: /home/isshadd/INF3995-102/robot/gazebo2/install/ros_gz_example_gazebo/share/ros_gz_example_gazebo/package.xml
[0.160s] Invoked command in '/home/isshadd/INF3995-102/robot/gazebo2/build/ros_gz_example_gazebo' returned '0': CMAKE_PREFIX_PATH=/home/isshadd/INF3995-102/robot/gazebo2/install/ros_gz_example_description:/home/isshadd/INF3995-102/robot/gazebo2/install/ros_gz_example_bringup:/home/isshadd/INF3995-102/robot/gazebo2/install/ros_gz_example_gazebo:/home/isshadd/INF3995-102/robot/gazebo2/install/ros_gz_example_application:/opt/ros/humble IGN_GAZEBO_RESOURCE_PATH=/home/isshadd/INF3995-102/robot/gazebo2/install/ros_gz_example_description/share/ros_gz_example_description/models:${IGN_GAZEBO_RESOURCE_PATH} /usr/bin/cmake --install /home/isshadd/INF3995-102/robot/gazebo2/build/ros_gz_example_gazebo
