[0.019s] Invoking command in '/home/kylor/setup/INF3995-Templates/project_ws/src/build/ros_gz_example_application': CMAKE_PREFIX_PATH=${CMAKE_PREFIX_PATH}:/opt/ros/humble /usr/bin/cmake /home/kylor/setup/INF3995-Templates/project_ws/src/ros_gz_example_application -DAMENT_CMAKE_SYMLINK_INSTALL=1 -DCMAKE_INSTALL_PREFIX=/home/kylor/setup/INF3995-Templates/project_ws/src/install/ros_gz_example_application
[0.036s] -- Found ament_cmake: 1.3.11 (/opt/ros/humble/share/ament_cmake/cmake)
[0.223s] -- Found Python3: /usr/bin/python3 (found version "3.10.12") found components: Interpreter 
[0.301s] -- Override CMake install command with custom implementation using symlinks instead of copying resources
[0.409s] -- Configuring done
[0.413s] -- Generating done
[0.416s] -- Build files have been written to: /home/kylor/setup/INF3995-Templates/project_ws/src/build/ros_gz_example_application
[0.419s] Invoked command in '/home/kylor/setup/INF3995-Templates/project_ws/src/build/ros_gz_example_application' returned '0': CMAKE_PREFIX_PATH=${CMAKE_PREFIX_PATH}:/opt/ros/humble /usr/bin/cmake /home/kylor/setup/INF3995-Templates/project_ws/src/ros_gz_example_application -DAMENT_CMAKE_SYMLINK_INSTALL=1 -DCMAKE_INSTALL_PREFIX=/home/kylor/setup/INF3995-Templates/project_ws/src/install/ros_gz_example_application
[0.422s] Invoking command in '/home/kylor/setup/INF3995-Templates/project_ws/src/build/ros_gz_example_application': CMAKE_PREFIX_PATH=${CMAKE_PREFIX_PATH}:/opt/ros/humble /usr/bin/cmake --build /home/kylor/setup/INF3995-Templates/project_ws/src/build/ros_gz_example_application -- -j20 -l20
[0.459s] Invoked command in '/home/kylor/setup/INF3995-Templates/project_ws/src/build/ros_gz_example_application' returned '0': CMAKE_PREFIX_PATH=${CMAKE_PREFIX_PATH}:/opt/ros/humble /usr/bin/cmake --build /home/kylor/setup/INF3995-Templates/project_ws/src/build/ros_gz_example_application -- -j20 -l20
[0.469s] Invoking command in '/home/kylor/setup/INF3995-Templates/project_ws/src/build/ros_gz_example_application': CMAKE_PREFIX_PATH=${CMAKE_PREFIX_PATH}:/opt/ros/humble /usr/bin/cmake --install /home/kylor/setup/INF3995-Templates/project_ws/src/build/ros_gz_example_application
[0.475s] -- Install configuration: ""
[0.476s] -- Execute custom install script
[0.478s] -- Symlinking: /home/kylor/setup/INF3995-Templates/project_ws/src/install/ros_gz_example_application/share/ament_index/resource_index/package_run_dependencies/ros_gz_example_application
[0.486s] -- Symlinking: /home/kylor/setup/INF3995-Templates/project_ws/src/install/ros_gz_example_application/share/ament_index/resource_index/parent_prefix_path/ros_gz_example_application
[0.496s] -- Symlinking: /home/kylor/setup/INF3995-Templates/project_ws/src/install/ros_gz_example_application/share/ros_gz_example_application/environment/ament_prefix_path.sh
[0.504s] -- Symlinking: /home/kylor/setup/INF3995-Templates/project_ws/src/install/ros_gz_example_application/share/ros_gz_example_application/environment/ament_prefix_path.dsv
[0.512s] -- Symlinking: /home/kylor/setup/INF3995-Templates/project_ws/src/install/ros_gz_example_application/share/ros_gz_example_application/environment/path.sh
[0.520s] -- Symlinking: /home/kylor/setup/INF3995-Templates/project_ws/src/install/ros_gz_example_application/share/ros_gz_example_application/environment/path.dsv
[0.528s] -- Symlinking: /home/kylor/setup/INF3995-Templates/project_ws/src/install/ros_gz_example_application/share/ros_gz_example_application/local_setup.bash
[0.536s] -- Symlinking: /home/kylor/setup/INF3995-Templates/project_ws/src/install/ros_gz_example_application/share/ros_gz_example_application/local_setup.sh
[0.544s] -- Symlinking: /home/kylor/setup/INF3995-Templates/project_ws/src/install/ros_gz_example_application/share/ros_gz_example_application/local_setup.zsh
[0.551s] -- Symlinking: /home/kylor/setup/INF3995-Templates/project_ws/src/install/ros_gz_example_application/share/ros_gz_example_application/local_setup.dsv
[0.559s] -- Symlinking: /home/kylor/setup/INF3995-Templates/project_ws/src/install/ros_gz_example_application/share/ros_gz_example_application/package.dsv
[0.567s] -- Symlinking: /home/kylor/setup/INF3995-Templates/project_ws/src/install/ros_gz_example_application/share/ament_index/resource_index/packages/ros_gz_example_application
[0.575s] -- Symlinking: /home/kylor/setup/INF3995-Templates/project_ws/src/install/ros_gz_example_application/share/ros_gz_example_application/cmake/ros_gz_example_applicationConfig.cmake
[0.582s] -- Symlinking: /home/kylor/setup/INF3995-Templates/project_ws/src/install/ros_gz_example_application/share/ros_gz_example_application/cmake/ros_gz_example_applicationConfig-version.cmake
[0.590s] -- Symlinking: /home/kylor/setup/INF3995-Templates/project_ws/src/install/ros_gz_example_application/share/ros_gz_example_application/package.xml
[0.601s] Invoked command in '/home/kylor/setup/INF3995-Templates/project_ws/src/build/ros_gz_example_application' returned '0': CMAKE_PREFIX_PATH=${CMAKE_PREFIX_PATH}:/opt/ros/humble /usr/bin/cmake --install /home/kylor/setup/INF3995-Templates/project_ws/src/build/ros_gz_example_application
