[0.020s] Invoking command in '/home/kevin/INF3995-102/robot/build/ros_gz_example_description': /usr/bin/cmake /home/kevin/INF3995-102/robot/src/ros_gz_example_description -DCMAKE_INSTALL_PREFIX=/home/kevin/INF3995-102/robot/install/ros_gz_example_description
[0.178s] -- The C compiler identification is GNU 11.4.0
[0.687s] -- The CXX compiler identification is GNU 11.4.0
[1.043s] -- Detecting C compiler ABI info
[1.204s] -- Detecting C compiler ABI info - done
[1.215s] -- Check for working C compiler: /usr/bin/cc - skipped
[1.216s] -- Detecting C compile features
[1.216s] -- Detecting C compile features - done
[1.221s] -- Detecting CXX compiler ABI info
[1.397s] -- Detecting CXX compiler ABI info - done
[1.411s] -- Check for working CXX compiler: /usr/bin/c++ - skipped
[1.412s] -- Detecting CXX compile features
[1.412s] -- Detecting CXX compile features - done
[2.012s] [31mCMake Error at CMakeLists.txt:5 (find_package):
[2.012s]   By not providing "Findament_cmake.cmake" in CMAKE_MODULE_PATH this project
[2.012s]   has asked CMake to find a package configuration file provided by
[2.012s]   "ament_cmake", but CMake did not find one.
[2.012s] 
[2.012s]   Could not find a package configuration file provided by "ament_cmake" with
[2.012s]   any of the following names:
[2.012s] 
[2.012s]     ament_cmakeConfig.cmake
[2.012s]     ament_cmake-config.cmake
[2.012s] 
[2.012s]   Add the installation prefix of "ament_cmake" to CMAKE_PREFIX_PATH or set
[2.013s]   "ament_cmake_DIR" to a directory containing one of the above files.  If
[2.013s]   "ament_cmake" provides a separate development package or SDK, be sure it
[2.013s]   has been installed.
[2.013s] 
[2.013s] [0m
[2.013s] -- Configuring incomplete, errors occurred!
[2.013s] See also "/home/kevin/INF3995-102/robot/build/ros_gz_example_description/CMakeFiles/CMakeOutput.log".
[2.019s] Invoked command in '/home/kevin/INF3995-102/robot/build/ros_gz_example_description' returned '1': /usr/bin/cmake /home/kevin/INF3995-102/robot/src/ros_gz_example_description -DCMAKE_INSTALL_PREFIX=/home/kevin/INF3995-102/robot/install/ros_gz_example_description
