[0.127s] Invoking command in '/home/kylor/INF3995-102/robot/build/ros_gz_example_bringup': AMENT_PREFIX_PATH=/home/kylor/INF3995-102/robot/install/ros_gz_example_gazebo:/home/kylor/INF3995-102/robot/install/ros_gz_example_description:${AMENT_PREFIX_PATH} CMAKE_PREFIX_PATH=/home/kylor/INF3995-102/robot/install/ros_gz_example_gazebo:/home/kylor/INF3995-102/robot/install/ros_gz_example_description:/home/kylor/INF3995-102/robot/install/ros_gz_example_application:/opt/ros/humble IGN_GAZEBO_PLUGIN_PATH=/home/kylor/INF3995-102/robot/install/ros_gz_example_gazebo/lib/ros_gz_example_gazebo IGN_GAZEBO_RESOURCE_PATH=/home/kylor/INF3995-102/robot/install/ros_gz_example_gazebo/share/ros_gz_example_gazebo/worlds:/home/kylor/INF3995-102/robot/install/ros_gz_example_description/share/ros_gz_example_description/models /usr/bin/cmake --build /home/kylor/INF3995-102/robot/build/ros_gz_example_bringup -- -j12 -l12
[0.146s] -- Found ament_cmake: 1.3.11 (/opt/ros/humble/share/ament_cmake/cmake)
[0.239s] -- Found ros_gz_example_description: 0.0.0 (/home/kylor/INF3995-102/robot/install/ros_gz_example_description/share/ros_gz_example_description/cmake)
[0.240s] -- Found ros_gz_example_gazebo: 0.0.0 (/home/kylor/INF3995-102/robot/install/ros_gz_example_gazebo/share/ros_gz_example_gazebo/cmake)
[0.240s] -- Found ament_lint_auto: 0.12.11 (/opt/ros/humble/share/ament_lint_auto/cmake)
[0.293s] -- Configuring done
[0.299s] -- Generating done
[0.304s] -- Build files have been written to: /home/kylor/INF3995-102/robot/build/ros_gz_example_bringup
[0.316s] Invoked command in '/home/kylor/INF3995-102/robot/build/ros_gz_example_bringup' returned '0': AMENT_PREFIX_PATH=/home/kylor/INF3995-102/robot/install/ros_gz_example_gazebo:/home/kylor/INF3995-102/robot/install/ros_gz_example_description:${AMENT_PREFIX_PATH} CMAKE_PREFIX_PATH=/home/kylor/INF3995-102/robot/install/ros_gz_example_gazebo:/home/kylor/INF3995-102/robot/install/ros_gz_example_description:/home/kylor/INF3995-102/robot/install/ros_gz_example_application:/opt/ros/humble IGN_GAZEBO_PLUGIN_PATH=/home/kylor/INF3995-102/robot/install/ros_gz_example_gazebo/lib/ros_gz_example_gazebo IGN_GAZEBO_RESOURCE_PATH=/home/kylor/INF3995-102/robot/install/ros_gz_example_gazebo/share/ros_gz_example_gazebo/worlds:/home/kylor/INF3995-102/robot/install/ros_gz_example_description/share/ros_gz_example_description/models /usr/bin/cmake --build /home/kylor/INF3995-102/robot/build/ros_gz_example_bringup -- -j12 -l12
[0.318s] Invoking command in '/home/kylor/INF3995-102/robot/build/ros_gz_example_bringup': AMENT_PREFIX_PATH=/home/kylor/INF3995-102/robot/install/ros_gz_example_gazebo:/home/kylor/INF3995-102/robot/install/ros_gz_example_description:${AMENT_PREFIX_PATH} CMAKE_PREFIX_PATH=/home/kylor/INF3995-102/robot/install/ros_gz_example_gazebo:/home/kylor/INF3995-102/robot/install/ros_gz_example_description:/home/kylor/INF3995-102/robot/install/ros_gz_example_application:/opt/ros/humble IGN_GAZEBO_PLUGIN_PATH=/home/kylor/INF3995-102/robot/install/ros_gz_example_gazebo/lib/ros_gz_example_gazebo IGN_GAZEBO_RESOURCE_PATH=/home/kylor/INF3995-102/robot/install/ros_gz_example_gazebo/share/ros_gz_example_gazebo/worlds:/home/kylor/INF3995-102/robot/install/ros_gz_example_description/share/ros_gz_example_description/models /usr/bin/cmake --install /home/kylor/INF3995-102/robot/build/ros_gz_example_bringup
[0.323s] -- Install configuration: ""
[0.323s] -- Up-to-date: /home/kylor/INF3995-102/robot/install/ros_gz_example_bringup/share/ros_gz_example_bringup/launch
[0.323s] -- Up-to-date: /home/kylor/INF3995-102/robot/install/ros_gz_example_bringup/share/ros_gz_example_bringup/launch/diff_drive.launch.py:Zone.Identifier
[0.323s] -- Up-to-date: /home/kylor/INF3995-102/robot/install/ros_gz_example_bringup/share/ros_gz_example_bringup/launch/diff_drive.launch.py
[0.323s] -- Up-to-date: /home/kylor/INF3995-102/robot/install/ros_gz_example_bringup/share/ros_gz_example_bringup/config
[0.324s] -- Up-to-date: /home/kylor/INF3995-102/robot/install/ros_gz_example_bringup/share/ros_gz_example_bringup/config/diff_drive.rviz
[0.324s] -- Up-to-date: /home/kylor/INF3995-102/robot/install/ros_gz_example_bringup/share/ros_gz_example_bringup/config/ros_gz_example_bridge.yaml:Zone.Identifier
[0.324s] -- Up-to-date: /home/kylor/INF3995-102/robot/install/ros_gz_example_bringup/share/ros_gz_example_bringup/config/cartographer_2d.lua:Zone.Identifier
[0.324s] -- Up-to-date: /home/kylor/INF3995-102/robot/install/ros_gz_example_bringup/share/ros_gz_example_bringup/config/limo_diff_drive.rviz:Zone.Identifier
[0.324s] -- Up-to-date: /home/kylor/INF3995-102/robot/install/ros_gz_example_bringup/share/ros_gz_example_bringup/config/limo_diff_drive.rviz
[0.324s] -- Up-to-date: /home/kylor/INF3995-102/robot/install/ros_gz_example_bringup/share/ros_gz_example_bringup/config/ros_gz_example_bridge.yaml
[0.325s] -- Up-to-date: /home/kylor/INF3995-102/robot/install/ros_gz_example_bringup/share/ros_gz_example_bringup/config/cartographer_2d.lua
[0.325s] -- Up-to-date: /home/kylor/INF3995-102/robot/install/ros_gz_example_bringup/share/ros_gz_example_bringup/config/diff_drive.rviz:Zone.Identifier
[0.325s] -- Up-to-date: /home/kylor/INF3995-102/robot/install/ros_gz_example_bringup/share/ament_index/resource_index/package_run_dependencies/ros_gz_example_bringup
[0.325s] -- Installing: /home/kylor/INF3995-102/robot/install/ros_gz_example_bringup/share/ament_index/resource_index/parent_prefix_path/ros_gz_example_bringup
[0.325s] -- Up-to-date: /home/kylor/INF3995-102/robot/install/ros_gz_example_bringup/share/ros_gz_example_bringup/environment/ament_prefix_path.sh
[0.325s] -- Installing: /home/kylor/INF3995-102/robot/install/ros_gz_example_bringup/share/ros_gz_example_bringup/environment/ament_prefix_path.dsv
[0.325s] -- Up-to-date: /home/kylor/INF3995-102/robot/install/ros_gz_example_bringup/share/ros_gz_example_bringup/environment/path.sh
[0.325s] -- Installing: /home/kylor/INF3995-102/robot/install/ros_gz_example_bringup/share/ros_gz_example_bringup/environment/path.dsv
[0.326s] -- Up-to-date: /home/kylor/INF3995-102/robot/install/ros_gz_example_bringup/share/ros_gz_example_bringup/local_setup.bash
[0.326s] -- Installing: /home/kylor/INF3995-102/robot/install/ros_gz_example_bringup/share/ros_gz_example_bringup/local_setup.sh
[0.326s] -- Up-to-date: /home/kylor/INF3995-102/robot/install/ros_gz_example_bringup/share/ros_gz_example_bringup/local_setup.zsh
[0.326s] -- Installing: /home/kylor/INF3995-102/robot/install/ros_gz_example_bringup/share/ros_gz_example_bringup/local_setup.dsv
[0.326s] -- Installing: /home/kylor/INF3995-102/robot/install/ros_gz_example_bringup/share/ros_gz_example_bringup/package.dsv
[0.326s] -- Up-to-date: /home/kylor/INF3995-102/robot/install/ros_gz_example_bringup/share/ament_index/resource_index/packages/ros_gz_example_bringup
[0.326s] -- Up-to-date: /home/kylor/INF3995-102/robot/install/ros_gz_example_bringup/share/ros_gz_example_bringup/cmake/ros_gz_example_bringupConfig.cmake
[0.327s] -- Up-to-date: /home/kylor/INF3995-102/robot/install/ros_gz_example_bringup/share/ros_gz_example_bringup/cmake/ros_gz_example_bringupConfig-version.cmake
[0.327s] -- Up-to-date: /home/kylor/INF3995-102/robot/install/ros_gz_example_bringup/share/ros_gz_example_bringup/package.xml
[0.327s] Invoked command in '/home/kylor/INF3995-102/robot/build/ros_gz_example_bringup' returned '0': AMENT_PREFIX_PATH=/home/kylor/INF3995-102/robot/install/ros_gz_example_gazebo:/home/kylor/INF3995-102/robot/install/ros_gz_example_description:${AMENT_PREFIX_PATH} CMAKE_PREFIX_PATH=/home/kylor/INF3995-102/robot/install/ros_gz_example_gazebo:/home/kylor/INF3995-102/robot/install/ros_gz_example_description:/home/kylor/INF3995-102/robot/install/ros_gz_example_application:/opt/ros/humble IGN_GAZEBO_PLUGIN_PATH=/home/kylor/INF3995-102/robot/install/ros_gz_example_gazebo/lib/ros_gz_example_gazebo IGN_GAZEBO_RESOURCE_PATH=/home/kylor/INF3995-102/robot/install/ros_gz_example_gazebo/share/ros_gz_example_gazebo/worlds:/home/kylor/INF3995-102/robot/install/ros_gz_example_description/share/ros_gz_example_description/models /usr/bin/cmake --install /home/kylor/INF3995-102/robot/build/ros_gz_example_bringup
