[0.073s] Invoking command in '/home/isshadd/INF3995-102/robot/gazebo2/build/ros_gz_example_description': CMAKE_PREFIX_PATH=/opt/ros/humble /usr/bin/cmake /home/isshadd/INF3995-102/robot/gazebo2/src/ros_gz_example_description -DBUILD_TESTING=ON -DCMAKE_INSTALL_PREFIX=/home/isshadd/INF3995-102/robot/gazebo2/install/ros_gz_example_description
[0.991s] -- The C compiler identification is GNU 11.4.0
[2.213s] -- The CXX compiler identification is GNU 11.4.0
[2.742s] -- Detecting C compiler ABI info
[3.057s] -- Detecting C compiler ABI info - done
[3.078s] -- Check for working C compiler: /usr/bin/cc - skipped
[3.079s] -- Detecting C compile features
[3.082s] -- Detecting C compile features - done
[3.102s] -- Detecting CXX compiler ABI info
[3.432s] -- Detecting CXX compiler ABI info - done
[3.439s] -- Check for working CXX compiler: /usr/bin/c++ - skipped
[3.440s] -- Detecting CXX compile features
[3.442s] -- Detecting CXX compile features - done
[3.455s] -- Found ament_cmake: 1.3.11 (/opt/ros/humble/share/ament_cmake/cmake)
[3.903s] -- Found Python3: /usr/bin/python3 (found version "3.10.12") found components: Interpreter 
[4.211s] -- Found ament_lint_auto: 0.12.11 (/opt/ros/humble/share/ament_lint_auto/cmake)
[4.466s] -- Configuring done
[4.499s] -- Generating done
[4.506s] -- Build files have been written to: /home/isshadd/INF3995-102/robot/gazebo2/build/ros_gz_example_description
[4.540s] Invoked command in '/home/isshadd/INF3995-102/robot/gazebo2/build/ros_gz_example_description' returned '0': CMAKE_PREFIX_PATH=/opt/ros/humble /usr/bin/cmake /home/isshadd/INF3995-102/robot/gazebo2/src/ros_gz_example_description -DBUILD_TESTING=ON -DCMAKE_INSTALL_PREFIX=/home/isshadd/INF3995-102/robot/gazebo2/install/ros_gz_example_description
[4.541s] Invoking command in '/home/isshadd/INF3995-102/robot/gazebo2/build/ros_gz_example_description': CMAKE_PREFIX_PATH=/opt/ros/humble /usr/bin/cmake --build /home/isshadd/INF3995-102/robot/gazebo2/build/ros_gz_example_description -- -j8 -l8
[4.609s] Invoked command in '/home/isshadd/INF3995-102/robot/gazebo2/build/ros_gz_example_description' returned '0': CMAKE_PREFIX_PATH=/opt/ros/humble /usr/bin/cmake --build /home/isshadd/INF3995-102/robot/gazebo2/build/ros_gz_example_description -- -j8 -l8
[4.632s] Invoking command in '/home/isshadd/INF3995-102/robot/gazebo2/build/ros_gz_example_description': CMAKE_PREFIX_PATH=/opt/ros/humble /usr/bin/cmake --install /home/isshadd/INF3995-102/robot/gazebo2/build/ros_gz_example_description
[4.645s] -- Install configuration: ""
[4.645s] -- Installing: /home/isshadd/INF3995-102/robot/gazebo2/install/ros_gz_example_description/share/ros_gz_example_description/models
[4.648s] -- Installing: /home/isshadd/INF3995-102/robot/gazebo2/install/ros_gz_example_description/share/ros_gz_example_description/models/limo_ackerman
[4.651s] -- Installing: /home/isshadd/INF3995-102/robot/gazebo2/install/ros_gz_example_description/share/ros_gz_example_description/models/limo_ackerman/model.config
[4.652s] -- Installing: /home/isshadd/INF3995-102/robot/gazebo2/install/ros_gz_example_description/share/ros_gz_example_description/models/limo_ackerman/model.sdf
[4.657s] -- Installing: /home/isshadd/INF3995-102/robot/gazebo2/install/ros_gz_example_description/share/ros_gz_example_description/models/limo_ackerman/meshes
[4.657s] -- Installing: /home/isshadd/INF3995-102/robot/gazebo2/install/ros_gz_example_description/share/ros_gz_example_description/models/limo_ackerman/meshes/limo_wheel.dae
[4.746s] -- Installing: /home/isshadd/INF3995-102/robot/gazebo2/install/ros_gz_example_description/share/ros_gz_example_description/models/limo_ackerman/meshes/limo_base.stl
[6.477s] -- Installing: /home/isshadd/INF3995-102/robot/gazebo2/install/ros_gz_example_description/share/ros_gz_example_description/models/limo_ackerman/meshes/limo_base.dae
[7.832s] -- Installing: /home/isshadd/INF3995-102/robot/gazebo2/install/ros_gz_example_description/share/ros_gz_example_description/models/limo_ackerman/meshes/limo_wheel.stl
[7.958s] -- Installing: /home/isshadd/INF3995-102/robot/gazebo2/install/ros_gz_example_description/share/ros_gz_example_description/models/limo_diff_drive
[7.961s] -- Installing: /home/isshadd/INF3995-102/robot/gazebo2/install/ros_gz_example_description/share/ros_gz_example_description/models/limo_diff_drive/model.config
[7.961s] -- Installing: /home/isshadd/INF3995-102/robot/gazebo2/install/ros_gz_example_description/share/ros_gz_example_description/models/limo_diff_drive/model.sdf
[7.962s] -- Installing: /home/isshadd/INF3995-102/robot/gazebo2/install/ros_gz_example_description/share/ros_gz_example_description/models/limo_diff_drive/meshes
[7.963s] -- Installing: /home/isshadd/INF3995-102/robot/gazebo2/install/ros_gz_example_description/share/ros_gz_example_description/models/limo_diff_drive/meshes/limo_wheel.dae
[8.235s] -- Installing: /home/isshadd/INF3995-102/robot/gazebo2/install/ros_gz_example_description/share/ros_gz_example_description/models/limo_diff_drive/meshes/limo_base.stl
[9.751s] -- Installing: /home/isshadd/INF3995-102/robot/gazebo2/install/ros_gz_example_description/share/ros_gz_example_description/models/limo_diff_drive/meshes/limo_base.dae
[11.329s] -- Installing: /home/isshadd/INF3995-102/robot/gazebo2/install/ros_gz_example_description/share/ros_gz_example_description/models/limo_diff_drive/meshes/limo_wheel.stl
[11.409s] -- Installing: /home/isshadd/INF3995-102/robot/gazebo2/install/ros_gz_example_description/share/ros_gz_example_description/environment/ros_gz_example_description.dsv
[11.409s] -- Installing: /home/isshadd/INF3995-102/robot/gazebo2/install/ros_gz_example_description/share/ros_gz_example_description/environment/ros_gz_example_description.sh
[11.413s] -- Installing: /home/isshadd/INF3995-102/robot/gazebo2/install/ros_gz_example_description/share/ament_index/resource_index/package_run_dependencies/ros_gz_example_description
[11.415s] -- Installing: /home/isshadd/INF3995-102/robot/gazebo2/install/ros_gz_example_description/share/ament_index/resource_index/parent_prefix_path/ros_gz_example_description
[11.416s] -- Installing: /home/isshadd/INF3995-102/robot/gazebo2/install/ros_gz_example_description/share/ros_gz_example_description/environment/ament_prefix_path.sh
[11.418s] -- Installing: /home/isshadd/INF3995-102/robot/gazebo2/install/ros_gz_example_description/share/ros_gz_example_description/environment/ament_prefix_path.dsv
[11.419s] -- Installing: /home/isshadd/INF3995-102/robot/gazebo2/install/ros_gz_example_description/share/ros_gz_example_description/environment/path.sh
[11.420s] -- Installing: /home/isshadd/INF3995-102/robot/gazebo2/install/ros_gz_example_description/share/ros_gz_example_description/environment/path.dsv
[11.421s] -- Installing: /home/isshadd/INF3995-102/robot/gazebo2/install/ros_gz_example_description/share/ros_gz_example_description/local_setup.bash
[11.423s] -- Installing: /home/isshadd/INF3995-102/robot/gazebo2/install/ros_gz_example_description/share/ros_gz_example_description/local_setup.sh
[11.425s] -- Installing: /home/isshadd/INF3995-102/robot/gazebo2/install/ros_gz_example_description/share/ros_gz_example_description/local_setup.zsh
[11.426s] -- Installing: /home/isshadd/INF3995-102/robot/gazebo2/install/ros_gz_example_description/share/ros_gz_example_description/local_setup.dsv
[11.427s] -- Installing: /home/isshadd/INF3995-102/robot/gazebo2/install/ros_gz_example_description/share/ros_gz_example_description/package.dsv
[11.430s] -- Installing: /home/isshadd/INF3995-102/robot/gazebo2/install/ros_gz_example_description/share/ament_index/resource_index/packages/ros_gz_example_description
[11.430s] -- Installing: /home/isshadd/INF3995-102/robot/gazebo2/install/ros_gz_example_description/share/ros_gz_example_description/cmake/ros_gz_example_descriptionConfig.cmake
[11.431s] -- Installing: /home/isshadd/INF3995-102/robot/gazebo2/install/ros_gz_example_description/share/ros_gz_example_description/cmake/ros_gz_example_descriptionConfig-version.cmake
[11.432s] -- Installing: /home/isshadd/INF3995-102/robot/gazebo2/install/ros_gz_example_description/share/ros_gz_example_description/package.xml
[11.439s] Invoked command in '/home/isshadd/INF3995-102/robot/gazebo2/build/ros_gz_example_description' returned '0': CMAKE_PREFIX_PATH=/opt/ros/humble /usr/bin/cmake --install /home/isshadd/INF3995-102/robot/gazebo2/build/ros_gz_example_description
