[0.318s] DEBUG:colcon:Command line arguments: ['/usr/local/bin/colcon', 'build', '--cmake-args', '-DBUILD_TESTING=ON']
[0.318s] DEBUG:colcon:Parsed command line arguments: Namespace(log_base=None, log_level=None, verb_name='build', build_base='build', install_base='install', merge_install=False, symlink_install=False, test_result_base=None, continue_on_error=False, executor='parallel', parallel_workers=20, event_handlers=None, ignore_user_meta=False, metas=['./colcon.meta'], base_paths=['.'], packages_ignore=None, packages_ignore_regex=None, paths=None, packages_up_to=None, packages_up_to_regex=None, packages_above=None, packages_above_and_dependencies=None, packages_above_depth=None, packages_select_by_dep=None, packages_skip_by_dep=None, packages_skip_up_to=None, packages_select_build_failed=False, packages_skip_build_finished=False, packages_select_test_failures=False, packages_skip_test_passed=False, packages_select=None, packages_skip=None, packages_select_regex=None, packages_skip_regex=None, packages_start=None, packages_end=None, cmake_args=['-DBUILD_TESTING=ON'], cmake_target=None, cmake_target_skip_unavailable=False, cmake_clean_cache=False, cmake_clean_first=False, cmake_force_configure=False, ament_cmake_args=None, catkin_cmake_args=None, catkin_skip_building_tests=False, verb_parser=<colcon_defaults.argument_parser.defaults.DefaultArgumentsDecorator object at 0x7f11772740d0>, verb_extension=<colcon_core.verb.build.BuildVerb object at 0x7f117743cee0>, main=<bound method BuildVerb.main of <colcon_core.verb.build.BuildVerb object at 0x7f117743cee0>>)
[0.412s] Level 1:colcon.colcon_core.package_discovery:discover_packages(colcon_meta) check parameters
[0.412s] Level 1:colcon.colcon_core.package_discovery:discover_packages(recursive) check parameters
[0.412s] Level 1:colcon.colcon_core.package_discovery:discover_packages(ignore) check parameters
[0.412s] Level 1:colcon.colcon_core.package_discovery:discover_packages(path) check parameters
[0.412s] Level 1:colcon.colcon_core.package_discovery:discover_packages(colcon_meta) discover
[0.412s] Level 1:colcon.colcon_core.package_discovery:discover_packages(recursive) discover
[0.412s] INFO:colcon.colcon_core.package_discovery:Crawling recursively for packages in '/home/kylor/setup/INF3995-Templates/project_ws/src'
[0.412s] Level 1:colcon.colcon_core.package_identification:_identify(.) by extensions ['ignore', 'ignore_ament_install']
[0.412s] Level 1:colcon.colcon_core.package_identification:_identify(.) by extension 'ignore'
[0.413s] Level 1:colcon.colcon_core.package_identification:_identify(.) by extension 'ignore_ament_install'
[0.413s] Level 1:colcon.colcon_core.package_identification:_identify(.) by extensions ['colcon_pkg']
[0.413s] Level 1:colcon.colcon_core.package_identification:_identify(.) by extension 'colcon_pkg'
[0.413s] Level 1:colcon.colcon_core.package_identification:_identify(.) by extensions ['colcon_meta']
[0.413s] Level 1:colcon.colcon_core.package_identification:_identify(.) by extension 'colcon_meta'
[0.413s] Level 1:colcon.colcon_core.package_identification:_identify(.) by extensions ['ros']
[0.413s] Level 1:colcon.colcon_core.package_identification:_identify(.) by extension 'ros'
[0.424s] Level 1:colcon.colcon_core.package_identification:_identify(.) by extensions ['cmake', 'python']
[0.424s] Level 1:colcon.colcon_core.package_identification:_identify(.) by extension 'cmake'
[0.424s] Level 1:colcon.colcon_core.package_identification:_identify(.) by extension 'python'
[0.424s] Level 1:colcon.colcon_core.package_identification:_identify(.) by extensions ['python_setup_py']
[0.425s] Level 1:colcon.colcon_core.package_identification:_identify(.) by extension 'python_setup_py'
[0.425s] Level 1:colcon.colcon_core.package_identification:_identify(build) by extensions ['ignore', 'ignore_ament_install']
[0.425s] Level 1:colcon.colcon_core.package_identification:_identify(build) by extension 'ignore'
[0.425s] Level 1:colcon.colcon_core.package_identification:_identify(build) ignored
[0.425s] Level 1:colcon.colcon_core.package_identification:_identify(install) by extensions ['ignore', 'ignore_ament_install']
[0.425s] Level 1:colcon.colcon_core.package_identification:_identify(install) by extension 'ignore'
[0.425s] Level 1:colcon.colcon_core.package_identification:_identify(install) ignored
[0.425s] Level 1:colcon.colcon_core.package_identification:_identify(log) by extensions ['ignore', 'ignore_ament_install']
[0.425s] Level 1:colcon.colcon_core.package_identification:_identify(log) by extension 'ignore'
[0.425s] Level 1:colcon.colcon_core.package_identification:_identify(log) ignored
[0.425s] Level 1:colcon.colcon_core.package_identification:_identify(ros_gz_example_application) by extensions ['ignore', 'ignore_ament_install']
[0.425s] Level 1:colcon.colcon_core.package_identification:_identify(ros_gz_example_application) by extension 'ignore'
[0.425s] Level 1:colcon.colcon_core.package_identification:_identify(ros_gz_example_application) by extension 'ignore_ament_install'
[0.425s] Level 1:colcon.colcon_core.package_identification:_identify(ros_gz_example_application) by extensions ['colcon_pkg']
[0.425s] Level 1:colcon.colcon_core.package_identification:_identify(ros_gz_example_application) by extension 'colcon_pkg'
[0.425s] Level 1:colcon.colcon_core.package_identification:_identify(ros_gz_example_application) by extensions ['colcon_meta']
[0.426s] Level 1:colcon.colcon_core.package_identification:_identify(ros_gz_example_application) by extension 'colcon_meta'
[0.426s] Level 1:colcon.colcon_core.package_identification:_identify(ros_gz_example_application) by extensions ['ros']
[0.426s] Level 1:colcon.colcon_core.package_identification:_identify(ros_gz_example_application) by extension 'ros'
[0.428s] DEBUG:colcon.colcon_core.package_identification:Package 'ros_gz_example_application' with type 'ros.ament_cmake' and name 'ros_gz_example_application'
[0.428s] Level 1:colcon.colcon_core.package_identification:_identify(ros_gz_example_bringup) by extensions ['ignore', 'ignore_ament_install']
[0.428s] Level 1:colcon.colcon_core.package_identification:_identify(ros_gz_example_bringup) by extension 'ignore'
[0.428s] Level 1:colcon.colcon_core.package_identification:_identify(ros_gz_example_bringup) by extension 'ignore_ament_install'
[0.428s] Level 1:colcon.colcon_core.package_identification:_identify(ros_gz_example_bringup) by extensions ['colcon_pkg']
[0.428s] Level 1:colcon.colcon_core.package_identification:_identify(ros_gz_example_bringup) by extension 'colcon_pkg'
[0.428s] Level 1:colcon.colcon_core.package_identification:_identify(ros_gz_example_bringup) by extensions ['colcon_meta']
[0.428s] Level 1:colcon.colcon_core.package_identification:_identify(ros_gz_example_bringup) by extension 'colcon_meta'
[0.428s] Level 1:colcon.colcon_core.package_identification:_identify(ros_gz_example_bringup) by extensions ['ros']
[0.428s] Level 1:colcon.colcon_core.package_identification:_identify(ros_gz_example_bringup) by extension 'ros'
[0.429s] DEBUG:colcon.colcon_core.package_identification:Package 'ros_gz_example_bringup' with type 'ros.ament_cmake' and name 'ros_gz_example_bringup'
[0.429s] Level 1:colcon.colcon_core.package_identification:_identify(ros_gz_example_description) by extensions ['ignore', 'ignore_ament_install']
[0.429s] Level 1:colcon.colcon_core.package_identification:_identify(ros_gz_example_description) by extension 'ignore'
[0.429s] Level 1:colcon.colcon_core.package_identification:_identify(ros_gz_example_description) by extension 'ignore_ament_install'
[0.430s] Level 1:colcon.colcon_core.package_identification:_identify(ros_gz_example_description) by extensions ['colcon_pkg']
[0.430s] Level 1:colcon.colcon_core.package_identification:_identify(ros_gz_example_description) by extension 'colcon_pkg'
[0.430s] Level 1:colcon.colcon_core.package_identification:_identify(ros_gz_example_description) by extensions ['colcon_meta']
[0.430s] Level 1:colcon.colcon_core.package_identification:_identify(ros_gz_example_description) by extension 'colcon_meta'
[0.430s] Level 1:colcon.colcon_core.package_identification:_identify(ros_gz_example_description) by extensions ['ros']
[0.430s] Level 1:colcon.colcon_core.package_identification:_identify(ros_gz_example_description) by extension 'ros'
[0.430s] DEBUG:colcon.colcon_core.package_identification:Package 'ros_gz_example_description' with type 'ros.ament_cmake' and name 'ros_gz_example_description'
[0.431s] Level 1:colcon.colcon_core.package_identification:_identify(ros_gz_example_gazebo) by extensions ['ignore', 'ignore_ament_install']
[0.431s] Level 1:colcon.colcon_core.package_identification:_identify(ros_gz_example_gazebo) by extension 'ignore'
[0.431s] Level 1:colcon.colcon_core.package_identification:_identify(ros_gz_example_gazebo) by extension 'ignore_ament_install'
[0.431s] Level 1:colcon.colcon_core.package_identification:_identify(ros_gz_example_gazebo) by extensions ['colcon_pkg']
[0.431s] Level 1:colcon.colcon_core.package_identification:_identify(ros_gz_example_gazebo) by extension 'colcon_pkg'
[0.431s] Level 1:colcon.colcon_core.package_identification:_identify(ros_gz_example_gazebo) by extensions ['colcon_meta']
[0.431s] Level 1:colcon.colcon_core.package_identification:_identify(ros_gz_example_gazebo) by extension 'colcon_meta'
[0.431s] Level 1:colcon.colcon_core.package_identification:_identify(ros_gz_example_gazebo) by extensions ['ros']
[0.431s] Level 1:colcon.colcon_core.package_identification:_identify(ros_gz_example_gazebo) by extension 'ros'
[0.431s] DEBUG:colcon.colcon_core.package_identification:Package 'ros_gz_example_gazebo' with type 'ros.ament_cmake' and name 'ros_gz_example_gazebo'
[0.431s] Level 1:colcon.colcon_core.package_discovery:discover_packages(recursive) using defaults
[0.431s] Level 1:colcon.colcon_core.package_discovery:discover_packages(ignore) discover
[0.431s] Level 1:colcon.colcon_core.package_discovery:discover_packages(ignore) using defaults
[0.431s] Level 1:colcon.colcon_core.package_discovery:discover_packages(path) discover
[0.431s] Level 1:colcon.colcon_core.package_discovery:discover_packages(path) using defaults
[0.451s] Level 5:colcon.colcon_core.verb:set package 'ros_gz_example_application' build argument 'cmake_args' from command line to '['-DBUILD_TESTING=ON']'
[0.452s] Level 5:colcon.colcon_core.verb:set package 'ros_gz_example_application' build argument 'cmake_target' from command line to 'None'
[0.452s] Level 5:colcon.colcon_core.verb:set package 'ros_gz_example_application' build argument 'cmake_target_skip_unavailable' from command line to 'False'
[0.452s] Level 5:colcon.colcon_core.verb:set package 'ros_gz_example_application' build argument 'cmake_clean_cache' from command line to 'False'
[0.452s] Level 5:colcon.colcon_core.verb:set package 'ros_gz_example_application' build argument 'cmake_clean_first' from command line to 'False'
[0.452s] Level 5:colcon.colcon_core.verb:set package 'ros_gz_example_application' build argument 'cmake_force_configure' from command line to 'False'
[0.452s] Level 5:colcon.colcon_core.verb:set package 'ros_gz_example_application' build argument 'ament_cmake_args' from command line to 'None'
[0.452s] Level 5:colcon.colcon_core.verb:set package 'ros_gz_example_application' build argument 'catkin_cmake_args' from command line to 'None'
[0.452s] Level 5:colcon.colcon_core.verb:set package 'ros_gz_example_application' build argument 'catkin_skip_building_tests' from command line to 'False'
[0.452s] DEBUG:colcon.colcon_core.verb:Building package 'ros_gz_example_application' with the following arguments: {'ament_cmake_args': None, 'build_base': '/home/kylor/setup/INF3995-Templates/project_ws/src/build/ros_gz_example_application', 'catkin_cmake_args': None, 'catkin_skip_building_tests': False, 'cmake_args': ['-DBUILD_TESTING=ON'], 'cmake_clean_cache': False, 'cmake_clean_first': False, 'cmake_force_configure': False, 'cmake_target': None, 'cmake_target_skip_unavailable': False, 'install_base': '/home/kylor/setup/INF3995-Templates/project_ws/src/install/ros_gz_example_application', 'merge_install': False, 'path': '/home/kylor/setup/INF3995-Templates/project_ws/src/ros_gz_example_application', 'symlink_install': False, 'test_result_base': None}
[0.452s] Level 5:colcon.colcon_core.verb:set package 'ros_gz_example_description' build argument 'cmake_args' from command line to '['-DBUILD_TESTING=ON']'
[0.452s] Level 5:colcon.colcon_core.verb:set package 'ros_gz_example_description' build argument 'cmake_target' from command line to 'None'
[0.452s] Level 5:colcon.colcon_core.verb:set package 'ros_gz_example_description' build argument 'cmake_target_skip_unavailable' from command line to 'False'
[0.452s] Level 5:colcon.colcon_core.verb:set package 'ros_gz_example_description' build argument 'cmake_clean_cache' from command line to 'False'
[0.452s] Level 5:colcon.colcon_core.verb:set package 'ros_gz_example_description' build argument 'cmake_clean_first' from command line to 'False'
[0.452s] Level 5:colcon.colcon_core.verb:set package 'ros_gz_example_description' build argument 'cmake_force_configure' from command line to 'False'
[0.452s] Level 5:colcon.colcon_core.verb:set package 'ros_gz_example_description' build argument 'ament_cmake_args' from command line to 'None'
[0.452s] Level 5:colcon.colcon_core.verb:set package 'ros_gz_example_description' build argument 'catkin_cmake_args' from command line to 'None'
[0.452s] Level 5:colcon.colcon_core.verb:set package 'ros_gz_example_description' build argument 'catkin_skip_building_tests' from command line to 'False'
[0.452s] DEBUG:colcon.colcon_core.verb:Building package 'ros_gz_example_description' with the following arguments: {'ament_cmake_args': None, 'build_base': '/home/kylor/setup/INF3995-Templates/project_ws/src/build/ros_gz_example_description', 'catkin_cmake_args': None, 'catkin_skip_building_tests': False, 'cmake_args': ['-DBUILD_TESTING=ON'], 'cmake_clean_cache': False, 'cmake_clean_first': False, 'cmake_force_configure': False, 'cmake_target': None, 'cmake_target_skip_unavailable': False, 'install_base': '/home/kylor/setup/INF3995-Templates/project_ws/src/install/ros_gz_example_description', 'merge_install': False, 'path': '/home/kylor/setup/INF3995-Templates/project_ws/src/ros_gz_example_description', 'symlink_install': False, 'test_result_base': None}
[0.453s] Level 5:colcon.colcon_core.verb:set package 'ros_gz_example_gazebo' build argument 'cmake_args' from command line to '['-DBUILD_TESTING=ON']'
[0.453s] Level 5:colcon.colcon_core.verb:set package 'ros_gz_example_gazebo' build argument 'cmake_target' from command line to 'None'
[0.453s] Level 5:colcon.colcon_core.verb:set package 'ros_gz_example_gazebo' build argument 'cmake_target_skip_unavailable' from command line to 'False'
[0.453s] Level 5:colcon.colcon_core.verb:set package 'ros_gz_example_gazebo' build argument 'cmake_clean_cache' from command line to 'False'
[0.453s] Level 5:colcon.colcon_core.verb:set package 'ros_gz_example_gazebo' build argument 'cmake_clean_first' from command line to 'False'
[0.453s] Level 5:colcon.colcon_core.verb:set package 'ros_gz_example_gazebo' build argument 'cmake_force_configure' from command line to 'False'
[0.453s] Level 5:colcon.colcon_core.verb:set package 'ros_gz_example_gazebo' build argument 'ament_cmake_args' from command line to 'None'
[0.453s] Level 5:colcon.colcon_core.verb:set package 'ros_gz_example_gazebo' build argument 'catkin_cmake_args' from command line to 'None'
[0.453s] Level 5:colcon.colcon_core.verb:set package 'ros_gz_example_gazebo' build argument 'catkin_skip_building_tests' from command line to 'False'
[0.453s] DEBUG:colcon.colcon_core.verb:Building package 'ros_gz_example_gazebo' with the following arguments: {'ament_cmake_args': None, 'build_base': '/home/kylor/setup/INF3995-Templates/project_ws/src/build/ros_gz_example_gazebo', 'catkin_cmake_args': None, 'catkin_skip_building_tests': False, 'cmake_args': ['-DBUILD_TESTING=ON'], 'cmake_clean_cache': False, 'cmake_clean_first': False, 'cmake_force_configure': False, 'cmake_target': None, 'cmake_target_skip_unavailable': False, 'install_base': '/home/kylor/setup/INF3995-Templates/project_ws/src/install/ros_gz_example_gazebo', 'merge_install': False, 'path': '/home/kylor/setup/INF3995-Templates/project_ws/src/ros_gz_example_gazebo', 'symlink_install': False, 'test_result_base': None}
[0.453s] Level 5:colcon.colcon_core.verb:set package 'ros_gz_example_bringup' build argument 'cmake_args' from command line to '['-DBUILD_TESTING=ON']'
[0.453s] Level 5:colcon.colcon_core.verb:set package 'ros_gz_example_bringup' build argument 'cmake_target' from command line to 'None'
[0.453s] Level 5:colcon.colcon_core.verb:set package 'ros_gz_example_bringup' build argument 'cmake_target_skip_unavailable' from command line to 'False'
[0.453s] Level 5:colcon.colcon_core.verb:set package 'ros_gz_example_bringup' build argument 'cmake_clean_cache' from command line to 'False'
[0.453s] Level 5:colcon.colcon_core.verb:set package 'ros_gz_example_bringup' build argument 'cmake_clean_first' from command line to 'False'
[0.453s] Level 5:colcon.colcon_core.verb:set package 'ros_gz_example_bringup' build argument 'cmake_force_configure' from command line to 'False'
[0.453s] Level 5:colcon.colcon_core.verb:set package 'ros_gz_example_bringup' build argument 'ament_cmake_args' from command line to 'None'
[0.453s] Level 5:colcon.colcon_core.verb:set package 'ros_gz_example_bringup' build argument 'catkin_cmake_args' from command line to 'None'
[0.453s] Level 5:colcon.colcon_core.verb:set package 'ros_gz_example_bringup' build argument 'catkin_skip_building_tests' from command line to 'False'
[0.453s] DEBUG:colcon.colcon_core.verb:Building package 'ros_gz_example_bringup' with the following arguments: {'ament_cmake_args': None, 'build_base': '/home/kylor/setup/INF3995-Templates/project_ws/src/build/ros_gz_example_bringup', 'catkin_cmake_args': None, 'catkin_skip_building_tests': False, 'cmake_args': ['-DBUILD_TESTING=ON'], 'cmake_clean_cache': False, 'cmake_clean_first': False, 'cmake_force_configure': False, 'cmake_target': None, 'cmake_target_skip_unavailable': False, 'install_base': '/home/kylor/setup/INF3995-Templates/project_ws/src/install/ros_gz_example_bringup', 'merge_install': False, 'path': '/home/kylor/setup/INF3995-Templates/project_ws/src/ros_gz_example_bringup', 'symlink_install': False, 'test_result_base': None}
[0.453s] INFO:colcon.colcon_core.executor:Executing jobs using 'parallel' executor
[0.454s] DEBUG:colcon.colcon_parallel_executor.executor.parallel:run_until_complete
[0.455s] INFO:colcon.colcon_ros.task.ament_cmake.build:Building ROS package in '/home/kylor/setup/INF3995-Templates/project_ws/src/ros_gz_example_description' with build type 'ament_cmake'
[0.455s] INFO:colcon.colcon_cmake.task.cmake.build:Building CMake package in '/home/kylor/setup/INF3995-Templates/project_ws/src/ros_gz_example_description'
[0.458s] INFO:colcon.colcon_core.plugin_system:Skipping extension 'colcon_core.shell.bat': Not used on non-Windows systems
[0.458s] INFO:colcon.colcon_core.shell:Skip shell extension 'powershell' for command environment: Not usable outside of PowerShell
[0.458s] DEBUG:colcon.colcon_core.shell:Skip shell extension 'dsv' for command environment
[0.462s] INFO:colcon.colcon_ros.task.ament_cmake.build:Building ROS package in '/home/kylor/setup/INF3995-Templates/project_ws/src/ros_gz_example_application' with build type 'ament_cmake'
[0.462s] INFO:colcon.colcon_cmake.task.cmake.build:Building CMake package in '/home/kylor/setup/INF3995-Templates/project_ws/src/ros_gz_example_application'
[0.462s] INFO:colcon.colcon_core.shell:Skip shell extension 'powershell' for command environment: Not usable outside of PowerShell
[0.462s] DEBUG:colcon.colcon_core.shell:Skip shell extension 'dsv' for command environment
[0.476s] DEBUG:colcon.colcon_core.event_handler.log_command:Invoking command in '/home/kylor/setup/INF3995-Templates/project_ws/src/build/ros_gz_example_description': /usr/bin/cmake /home/kylor/setup/INF3995-Templates/project_ws/src/ros_gz_example_description -DBUILD_TESTING=ON -DCMAKE_INSTALL_PREFIX=/home/kylor/setup/INF3995-Templates/project_ws/src/install/ros_gz_example_description
[0.481s] DEBUG:colcon.colcon_core.event_handler.log_command:Invoking command in '/home/kylor/setup/INF3995-Templates/project_ws/src/build/ros_gz_example_application': /usr/bin/cmake /home/kylor/setup/INF3995-Templates/project_ws/src/ros_gz_example_application -DBUILD_TESTING=ON -DCMAKE_INSTALL_PREFIX=/home/kylor/setup/INF3995-Templates/project_ws/src/install/ros_gz_example_application
[2.312s] DEBUG:colcon.colcon_core.event_handler.log_command:Invoked command in '/home/kylor/setup/INF3995-Templates/project_ws/src/build/ros_gz_example_application' returned '1': /usr/bin/cmake /home/kylor/setup/INF3995-Templates/project_ws/src/ros_gz_example_application -DBUILD_TESTING=ON -DCMAKE_INSTALL_PREFIX=/home/kylor/setup/INF3995-Templates/project_ws/src/install/ros_gz_example_application
[2.315s] DEBUG:colcon.colcon_core.event_handler.log_command:Invoked command in '/home/kylor/setup/INF3995-Templates/project_ws/src/build/ros_gz_example_description' returned '1': /usr/bin/cmake /home/kylor/setup/INF3995-Templates/project_ws/src/ros_gz_example_description -DBUILD_TESTING=ON -DCMAKE_INSTALL_PREFIX=/home/kylor/setup/INF3995-Templates/project_ws/src/install/ros_gz_example_description
[2.324s] Level 1:colcon.colcon_core.environment:create_environment_scripts_only(ros_gz_example_application)
[2.327s] Level 1:colcon.colcon_core.environment:checking '/home/kylor/setup/INF3995-Templates/project_ws/src/install/ros_gz_example_application' for CMake module files
[2.327s] Level 1:colcon.colcon_core.environment:checking '/home/kylor/setup/INF3995-Templates/project_ws/src/install/ros_gz_example_application' for CMake config files
[2.328s] Level 1:colcon.colcon_core.environment:checking '/home/kylor/setup/INF3995-Templates/project_ws/src/install/ros_gz_example_application/bin'
[2.328s] Level 1:colcon.colcon_core.environment:checking '/home/kylor/setup/INF3995-Templates/project_ws/src/install/ros_gz_example_application/lib/pkgconfig/ros_gz_example_application.pc'
[2.329s] Level 1:colcon.colcon_core.environment:checking '/home/kylor/setup/INF3995-Templates/project_ws/src/install/ros_gz_example_application/lib/python3.10/site-packages'
[2.330s] Level 1:colcon.colcon_core.environment:checking '/home/kylor/setup/INF3995-Templates/project_ws/src/install/ros_gz_example_application/bin'
[2.330s] INFO:colcon.colcon_core.shell:Creating package script '/home/kylor/setup/INF3995-Templates/project_ws/src/install/ros_gz_example_application/share/ros_gz_example_application/package.ps1'
[2.332s] INFO:colcon.colcon_core.shell:Creating package descriptor '/home/kylor/setup/INF3995-Templates/project_ws/src/install/ros_gz_example_application/share/ros_gz_example_application/package.dsv'
[2.332s] INFO:colcon.colcon_core.shell:Creating package script '/home/kylor/setup/INF3995-Templates/project_ws/src/install/ros_gz_example_application/share/ros_gz_example_application/package.sh'
[2.334s] INFO:colcon.colcon_core.shell:Creating package script '/home/kylor/setup/INF3995-Templates/project_ws/src/install/ros_gz_example_application/share/ros_gz_example_application/package.bash'
[2.335s] INFO:colcon.colcon_core.shell:Creating package script '/home/kylor/setup/INF3995-Templates/project_ws/src/install/ros_gz_example_application/share/ros_gz_example_application/package.zsh'
[2.337s] Level 1:colcon.colcon_core.environment:create_file_with_runtime_dependencies(/home/kylor/setup/INF3995-Templates/project_ws/src/install/ros_gz_example_application/share/colcon-core/packages/ros_gz_example_application)
[2.349s] DEBUG:colcon.colcon_parallel_executor.executor.parallel:closing loop
[2.349s] DEBUG:colcon.colcon_parallel_executor.executor.parallel:loop closed
[2.349s] DEBUG:colcon.colcon_parallel_executor.executor.parallel:run_until_complete finished with '1'
[2.349s] DEBUG:colcon.colcon_core.event_reactor:joining thread
[2.472s] INFO:colcon.colcon_core.plugin_system:Skipping extension 'colcon_notification.desktop_notification.notify_send': Could not find 'notify-send'
[2.473s] INFO:colcon.colcon_core.plugin_system:Skipping extension 'colcon_notification.desktop_notification.terminal_notifier': Not used on non-Darwin systems
[2.473s] INFO:colcon.colcon_core.plugin_system:Skipping extension 'colcon_notification.desktop_notification.win32': Not used on non-Windows systems
[2.473s] INFO:colcon.colcon_notification.desktop_notification:Sending desktop notification using 'notify2'
[2.473s] DEBUG:colcon.colcon_notification.desktop_notification.notify2:Failed to initialize notify2: org.freedesktop.DBus.Error.FileNotFound: Failed to connect to socket /run/user/1000/bus: No such file or directory
[2.473s] DEBUG:colcon.colcon_core.event_reactor:joined thread
[2.474s] INFO:colcon.colcon_core.shell:Creating prefix script '/home/kylor/setup/INF3995-Templates/project_ws/src/install/local_setup.ps1'
[2.476s] INFO:colcon.colcon_core.shell:Creating prefix util module '/home/kylor/setup/INF3995-Templates/project_ws/src/install/_local_setup_util_ps1.py'
[2.478s] INFO:colcon.colcon_core.shell:Creating prefix chain script '/home/kylor/setup/INF3995-Templates/project_ws/src/install/setup.ps1'
[2.480s] INFO:colcon.colcon_core.shell:Creating prefix script '/home/kylor/setup/INF3995-Templates/project_ws/src/install/local_setup.sh'
[2.481s] INFO:colcon.colcon_core.shell:Creating prefix util module '/home/kylor/setup/INF3995-Templates/project_ws/src/install/_local_setup_util_sh.py'
[2.482s] INFO:colcon.colcon_core.shell:Creating prefix chain script '/home/kylor/setup/INF3995-Templates/project_ws/src/install/setup.sh'
[2.484s] INFO:colcon.colcon_core.shell:Creating prefix script '/home/kylor/setup/INF3995-Templates/project_ws/src/install/local_setup.bash'
[2.484s] INFO:colcon.colcon_core.shell:Creating prefix chain script '/home/kylor/setup/INF3995-Templates/project_ws/src/install/setup.bash'
[2.486s] INFO:colcon.colcon_core.shell:Creating prefix script '/home/kylor/setup/INF3995-Templates/project_ws/src/install/local_setup.zsh'
[2.487s] INFO:colcon.colcon_core.shell:Creating prefix chain script '/home/kylor/setup/INF3995-Templates/project_ws/src/install/setup.zsh'
