[0.685s] Invoking command in '/home/kevin/Desktop/INF3995-102/build/ros_gz_example_application': CMAKE_PREFIX_PATH=/opt/ros/humble /usr/bin/cmake /home/kevin/Desktop/INF3995-102/robot/gazebo/src/ros_gz_example_application -DCMAKE_INSTALL_PREFIX=/home/kevin/Desktop/INF3995-102/install/ros_gz_example_application
[0.737s] -- The C compiler identification is GNU 11.4.0
[0.811s] -- The CXX compiler identification is GNU 11.4.0
[0.821s] -- Detecting C compiler ABI info
[0.899s] -- Detecting C compiler ABI info - done
[0.905s] -- Check for working C compiler: /usr/bin/cc - skipped
[0.906s] -- Detecting C compile features
[0.906s] -- Detecting C compile features - done
[0.909s] -- Detecting CXX compiler ABI info
[0.993s] -- Detecting CXX compiler ABI info - done
[1.000s] -- Check for working CXX compiler: /usr/bin/c++ - skipped
[1.000s] -- Detecting CXX compile features
[1.001s] -- Detecting CXX compile features - done
[1.004s] -- Found ament_cmake: 1.3.11 (/opt/ros/humble/share/ament_cmake/cmake)
[1.220s] -- Found Python3: /usr/bin/python3 (found version "3.10.12") found components: Interpreter 
[1.442s] -- Configuring done
[1.447s] -- Generating done
[1.450s] -- Build files have been written to: /home/kevin/Desktop/INF3995-102/build/ros_gz_example_application
[1.454s] Invoked command in '/home/kevin/Desktop/INF3995-102/build/ros_gz_example_application' returned '0': CMAKE_PREFIX_PATH=/opt/ros/humble /usr/bin/cmake /home/kevin/Desktop/INF3995-102/robot/gazebo/src/ros_gz_example_application -DCMAKE_INSTALL_PREFIX=/home/kevin/Desktop/INF3995-102/install/ros_gz_example_application
[1.455s] Invoking command in '/home/kevin/Desktop/INF3995-102/build/ros_gz_example_application': CMAKE_PREFIX_PATH=/opt/ros/humble /usr/bin/cmake --build /home/kevin/Desktop/INF3995-102/build/ros_gz_example_application -- -j20 -l20
[1.509s] Invoked command in '/home/kevin/Desktop/INF3995-102/build/ros_gz_example_application' returned '0': CMAKE_PREFIX_PATH=/opt/ros/humble /usr/bin/cmake --build /home/kevin/Desktop/INF3995-102/build/ros_gz_example_application -- -j20 -l20
[1.512s] Invoking command in '/home/kevin/Desktop/INF3995-102/build/ros_gz_example_application': CMAKE_PREFIX_PATH=/opt/ros/humble /usr/bin/cmake --install /home/kevin/Desktop/INF3995-102/build/ros_gz_example_application
[1.520s] -- Install configuration: ""
[1.521s] -- Installing: /home/kevin/Desktop/INF3995-102/install/ros_gz_example_application/share/ament_index/resource_index/package_run_dependencies/ros_gz_example_application
[1.521s] -- Installing: /home/kevin/Desktop/INF3995-102/install/ros_gz_example_application/share/ament_index/resource_index/parent_prefix_path/ros_gz_example_application
[1.521s] -- Installing: /home/kevin/Desktop/INF3995-102/install/ros_gz_example_application/share/ros_gz_example_application/environment/ament_prefix_path.sh
[1.522s] -- Installing: /home/kevin/Desktop/INF3995-102/install/ros_gz_example_application/share/ros_gz_example_application/environment/ament_prefix_path.dsv
[1.522s] -- Installing: /home/kevin/Desktop/INF3995-102/install/ros_gz_example_application/share/ros_gz_example_application/environment/path.sh
[1.522s] -- Installing: /home/kevin/Desktop/INF3995-102/install/ros_gz_example_application/share/ros_gz_example_application/environment/path.dsv
[1.522s] -- Installing: /home/kevin/Desktop/INF3995-102/install/ros_gz_example_application/share/ros_gz_example_application/local_setup.bash
[1.522s] -- Installing: /home/kevin/Desktop/INF3995-102/install/ros_gz_example_application/share/ros_gz_example_application/local_setup.sh
[1.522s] -- Installing: /home/kevin/Desktop/INF3995-102/install/ros_gz_example_application/share/ros_gz_example_application/local_setup.zsh
[1.522s] -- Installing: /home/kevin/Desktop/INF3995-102/install/ros_gz_example_application/share/ros_gz_example_application/local_setup.dsv
[1.522s] -- Installing: /home/kevin/Desktop/INF3995-102/install/ros_gz_example_application/share/ros_gz_example_application/package.dsv
[1.527s] -- Installing: /home/kevin/Desktop/INF3995-102/install/ros_gz_example_application/share/ament_index/resource_index/packages/ros_gz_example_application
[1.528s] -- Installing: /home/kevin/Desktop/INF3995-102/install/ros_gz_example_application/share/ros_gz_example_application/cmake/ros_gz_example_applicationConfig.cmake
[1.528s] -- Installing: /home/kevin/Desktop/INF3995-102/install/ros_gz_example_application/share/ros_gz_example_application/cmake/ros_gz_example_applicationConfig-version.cmake
[1.528s] -- Installing: /home/kevin/Desktop/INF3995-102/install/ros_gz_example_application/share/ros_gz_example_application/package.xml
[1.534s] Invoked command in '/home/kevin/Desktop/INF3995-102/build/ros_gz_example_application' returned '0': CMAKE_PREFIX_PATH=/opt/ros/humble /usr/bin/cmake --install /home/kevin/Desktop/INF3995-102/build/ros_gz_example_application
