[0.077s] Invoking command in '/home/kevin/setup/INF3995-Templates/project_ws/src/build/ros_gz_example_gazebo': AMENT_PREFIX_PATH=/home/kevin/setup/INF3995-Templates/project_ws/src/install/ros_gz_example_description:${AMENT_PREFIX_PATH} CMAKE_PREFIX_PATH=/home/kevin/setup/INF3995-Templates/project_ws/src/install/ros_gz_example_description:/home/kevin/setup/INF3995-Templates/project_ws/install/ros_gz_example_bringup:/home/kevin/setup/INF3995-Templates/project_ws/install/ros_gz_example_gazebo:/home/kevin/setup/INF3995-Templates/project_ws/install/ros_gz_example_description:/home/kevin/setup/INF3995-Templates/project_ws/install/ros_gz_example_application:/opt/ros/humble IGN_GAZEBO_RESOURCE_PATH=/home/kevin/setup/INF3995-Templates/project_ws/src/install/ros_gz_example_description/share/ros_gz_example_description/models:${IGN_GAZEBO_RESOURCE_PATH} /usr/bin/cmake /home/kevin/setup/INF3995-Templates/project_ws/src/ros_gz_example_gazebo -DAMENT_CMAKE_SYMLINK_INSTALL=1 -DCMAKE_INSTALL_PREFIX=/home/kevin/setup/INF3995-Templates/project_ws/src/install/ros_gz_example_gazebo
[0.224s] -- The C compiler identification is GNU 11.4.0
[0.752s] -- The CXX compiler identification is GNU 11.4.0
[1.269s] -- Detecting C compiler ABI info
[1.429s] -- Detecting C compiler ABI info - done
[1.437s] -- Check for working C compiler: /usr/bin/cc - skipped
[1.437s] -- Detecting C compile features
[1.438s] -- Detecting C compile features - done
[1.441s] -- Detecting CXX compiler ABI info
[1.675s] -- Detecting CXX compiler ABI info - done
[1.686s] -- Check for working CXX compiler: /usr/bin/c++ - skipped
[1.686s] -- Detecting CXX compile features
[1.687s] -- Detecting CXX compile features - done
[1.689s] -- Found ament_cmake: 1.3.11 (/opt/ros/humble/share/ament_cmake/cmake)
[1.871s] -- Found Python3: /usr/bin/python3 (found version "3.10.12") found components: Interpreter 
[1.941s] -- Override CMake install command with custom implementation using symlinks instead of copying resources
[1.963s] -- Found ros_gz_example_description: 0.0.0 (/home/kevin/setup/INF3995-Templates/project_ws/src/install/ros_gz_example_description/share/ros_gz_example_description/cmake)
[1.971s] -- Looking for ignition-plugin1 -- found version 1.4.0
[1.972s] -- Searching for dependencies of ignition-plugin1
[1.972s] -- Searching for <ignition-plugin1> component [register]
[1.974s] -- Looking for ignition-plugin1-register -- found version 1.4.0
[1.975s] -- Searching for dependencies of ignition-plugin1-register
[1.977s] -- Looking for ignition-common4 -- found version 4.7.0
[1.978s] -- Searching for dependencies of ignition-common4
[2.051s] -- Looking for dlfcn.h - found
[2.277s] -- Looking for libdl - found
[2.279s] -- Found DL: TRUE  
[2.286s] -- Checking for module 'uuid'
[2.298s] --   Found uuid, version 2.37.2
[2.327s] -- Found UUID: TRUE  
[2.327s] -- Searching for <ignition-common4> component [profiler]
[2.330s] -- Looking for ignition-common4-profiler -- found version 4.7.0
[2.330s] -- Searching for dependencies of ignition-common4-profiler
[2.333s] -- Looking for ignition-gazebo6 -- found version 6.17.0
[2.334s] -- Searching for dependencies of ignition-gazebo6
[2.336s] -- Looking for sdformat12 -- found version 12.8.0
[2.336s] -- Searching for dependencies of sdformat12
[2.342s] -- Checking for module 'tinyxml2'
[2.354s] --   Found tinyxml2, version 9.0.0
[2.385s] -- Looking for ignition-math6 -- found version 6.15.1
[2.386s] -- Searching for dependencies of ignition-math6
[2.389s] -- Looking for ignition-utils1 -- found version 1.5.1
[2.390s] -- Searching for dependencies of ignition-utils1
[2.391s] -- Looking for ignition-plugin1 -- found version 1.4.0
[2.392s] -- Searching for dependencies of ignition-plugin1
[2.392s] -- Searching for <ignition-plugin1> component [loader]
[2.394s] -- Looking for ignition-plugin1-loader -- found version 1.4.0
[2.395s] -- Searching for dependencies of ignition-plugin1-loader
[2.395s] -- Searching for <ignition-plugin1> component [register]
[2.398s] -- Looking for ignition-transport11 -- found version 11.4.1
[2.398s] -- Searching for dependencies of ignition-transport11
[4.864s] -- Found Protobuf: /usr/lib/x86_64-linux-gnu/libprotobuf.so (found version "3.12.4") 
[6.343s] -- Config-file not installed for ZeroMQ -- checking for pkg-config
[6.349s] -- Checking for module 'libzmq >= 4'
[6.365s] --   Found libzmq , version 4.3.4
[6.400s] -- Found ZeroMQ: TRUE (Required is at least version "4") 
[6.771s] -- Looking for ignition-utils1 -- found version 1.5.1
[6.772s] -- Searching for dependencies of ignition-utils1
[6.772s] -- Searching for <ignition-utils1> component [cli]
[6.774s] -- Looking for ignition-utils1-cli -- found version 1.5.1
[6.774s] -- Searching for dependencies of ignition-utils1-cli
[6.776s] -- Looking for ignition-msgs8 -- found version 8.7.0
[6.777s] -- Searching for dependencies of ignition-msgs8
[8.182s] -- Found Protobuf: /usr/lib/x86_64-linux-gnu/libprotobuf.so (found suitable version "3.12.4", minimum required is "3") 
[8.183s] -- Looking for ignition-math6 -- found version 6.15.1
[8.490s] -- Searching for <ignition-transport11> component [log]
[8.493s] -- Looking for ignition-transport11-log -- found version 11.4.1
[8.494s] -- Searching for dependencies of ignition-transport11-log
[8.494s] -- Searching for <ignition-transport11> component [parameters]
[8.496s] -- Looking for ignition-transport11-parameters -- found version 11.4.1
[8.497s] -- Searching for dependencies of ignition-transport11-parameters
[8.498s] -- Looking for ignition-msgs8 -- found version 8.7.0
[8.499s] -- Looking for ignition-common4 -- found version 4.7.0
[8.500s] -- Searching for dependencies of ignition-common4
[8.500s] -- Looking for dlfcn.h - found
[8.500s] -- Looking for libdl - found
[8.682s] -- Searching for <ignition-common4> component [profiler]
[8.682s] -- Searching for <ignition-common4> component [events]
[8.685s] -- Looking for ignition-common4-events -- found version 4.7.0
[8.686s] -- Searching for dependencies of ignition-common4-events
[8.686s] -- Looking for ignition-math6 -- found version 6.15.1
[8.687s] -- Searching for <ignition-common4> component [av]
[8.689s] -- Looking for ignition-common4-av -- found version 4.7.0
[8.690s] -- Searching for dependencies of ignition-common4-av
[8.696s] -- Checking for module 'libswscale'
[8.709s] --   Found libswscale, version 5.9.100
[8.741s] -- Found SWSCALE: TRUE  
[8.747s] -- Checking for module 'libavdevice >= 56.4.100'
[8.759s] --   Found libavdevice , version 58.13.100
[8.795s] -- Found AVDEVICE: TRUE (Required is at least version "56.4.100") 
[8.803s] -- Checking for module 'libavformat'
[8.817s] --   Found libavformat, version 58.76.100
[8.851s] -- Found AVFORMAT: TRUE  
[8.857s] -- Checking for module 'libavcodec'
[8.869s] --   Found libavcodec, version 58.134.100
[8.900s] -- Found AVCODEC: TRUE  
[8.905s] -- Checking for module 'libavutil'
[8.917s] --   Found libavutil, version 56.70.100
[8.946s] -- Found AVUTIL: TRUE  
[8.949s] -- Looking for ignition-fuel_tools7 -- found version 7.3.1
[8.950s] -- Searching for dependencies of ignition-fuel_tools7
[10.805s] -- Found CURL: /usr/lib/x86_64-linux-gnu/libcurl.so (found version "7.81.0")  
[10.814s] -- Checking for module 'jsoncpp'
[10.825s] --   Found jsoncpp, version 1.9.5
[10.853s] -- Found JSONCPP: TRUE  
[10.860s] -- Checking for module 'libzip'
[10.871s] --   Found libzip, version 1.7.3
[10.899s] -- Found ZIP: TRUE  
[10.899s] -- Looking for ignition-common4 -- found version 4.7.0
[10.900s] -- Looking for ignition-math6 -- found version 6.15.1
[10.901s] -- Looking for ignition-msgs8 -- found version 8.7.0
[10.904s] -- Looking for ignition-gui6 -- found version 6.8.0
[10.905s] -- Searching for dependencies of ignition-gui6
[12.299s] -- Looking for ignition-math6 -- found version 6.15.1
[12.299s] -- Looking for ignition-common4 -- found version 4.7.0
[12.300s] -- Looking for ignition-plugin1 -- found version 1.4.0
[12.300s] -- Looking for ignition-transport11 -- found version 11.4.1
[12.302s] -- Looking for ignition-rendering6 -- found version 6.6.3
[12.303s] -- Searching for dependencies of ignition-rendering6
[12.303s] -- Looking for ignition-math6 -- found version 6.15.1
[12.304s] -- Searching for dependencies of ignition-math6
[12.304s] -- Searching for <ignition-math6> component [eigen3]
[12.306s] -- Looking for ignition-math6-eigen3 -- found version 6.15.1
[12.307s] -- Searching for dependencies of ignition-math6-eigen3
[12.314s] -- Looking for ignition-common4 -- found version 4.7.0
[12.314s] -- Searching for dependencies of ignition-common4
[12.314s] -- Looking for dlfcn.h - found
[12.314s] -- Looking for libdl - found
[12.411s] -- Searching for <ignition-common4> component [graphics]
[12.413s] -- Looking for ignition-common4-graphics -- found version 4.7.0
[12.413s] -- Searching for dependencies of ignition-common4-graphics
[12.414s] -- Looking for ignition-math6 -- found version 6.15.1
[12.414s] -- Looking for ignition-utils1 -- found version 1.5.1
[12.415s] -- Searching for <ignition-common4> component [events]
[12.416s] -- Looking for ignition-plugin1 -- found version 1.4.0
[12.416s] -- Searching for dependencies of ignition-plugin1
[12.416s] -- Searching for <ignition-plugin1> component [all]
[12.418s] -- Looking for all libraries of ignition-plugin1 -- found version 1.4.0
[12.419s] -- Looking for ignition-plugin1 -- found version 1.4.0
[12.422s] -- Looking for ignition-msgs8 -- found version 8.7.0
[12.693s] -- Looking for ignition-physics5 -- found version 5.3.2
[12.693s] -- Searching for dependencies of ignition-physics5
[12.694s] -- Looking for ignition-math6 -- found version 6.15.1
[12.695s] -- Looking for ignition-plugin1 -- found version 1.4.0
[12.695s] -- Looking for ignition-utils1 -- found version 1.5.1
[12.696s] -- Searching for <ignition-physics5> component [heightmap]
[12.698s] -- Looking for ignition-physics5-heightmap -- found version 5.3.2
[12.699s] -- Searching for dependencies of ignition-physics5-heightmap
[12.699s] -- Looking for ignition-common4 -- found version 4.7.0
[12.700s] -- Searching for <ignition-physics5> component [mesh]
[12.702s] -- Looking for ignition-physics5-mesh -- found version 5.3.2
[12.702s] -- Searching for dependencies of ignition-physics5-mesh
[12.703s] -- Looking for ignition-common4 -- found version 4.7.0
[12.703s] -- Searching for <ignition-physics5> component [sdf]
[12.705s] -- Looking for ignition-physics5-sdf -- found version 5.3.2
[12.706s] -- Searching for dependencies of ignition-physics5-sdf
[12.706s] -- Looking for sdformat12 -- found version 12.8.0
[12.709s] -- Looking for ignition-sensors6 -- found version 6.8.1
[12.710s] -- Searching for dependencies of ignition-sensors6
[14.038s] -- Found Protobuf: /usr/lib/x86_64-linux-gnu/libprotobuf.so (found version "3.12.4") 
[14.039s] -- Looking for ignition-math6 -- found version 6.15.1
[14.039s] -- Looking for ignition-common4 -- found version 4.7.0
[14.040s] -- Looking for ignition-transport11 -- found version 11.4.1
[14.040s] -- Looking for ignition-rendering6 -- found version 6.6.3
[14.041s] -- Looking for ignition-msgs8 -- found version 8.7.0
[14.041s] -- Looking for sdformat12 -- found version 12.8.0
[14.042s] -- Searching for <ignition-sensors6> component [air_pressure]
[14.044s] -- Looking for ignition-sensors6-air_pressure -- found version 6.8.1
[14.045s] -- Searching for dependencies of ignition-sensors6-air_pressure
[14.046s] -- Searching for <ignition-sensors6> component [altimeter]
[14.048s] -- Looking for ignition-sensors6-altimeter -- found version 6.8.1
[14.048s] -- Searching for dependencies of ignition-sensors6-altimeter
[14.049s] -- Searching for <ignition-sensors6> component [imu]
[14.051s] -- Looking for ignition-sensors6-imu -- found version 6.8.1
[14.051s] -- Searching for dependencies of ignition-sensors6-imu
[14.052s] -- Searching for <ignition-sensors6> component [force_torque]
[14.054s] -- Looking for ignition-sensors6-force_torque -- found version 6.8.1
[14.055s] -- Searching for dependencies of ignition-sensors6-force_torque
[14.055s] -- Searching for <ignition-sensors6> component [logical_camera]
[14.057s] -- Looking for ignition-sensors6-logical_camera -- found version 6.8.1
[14.058s] -- Searching for dependencies of ignition-sensors6-logical_camera
[14.059s] -- Searching for <ignition-sensors6> component [magnetometer]
[14.061s] -- Looking for ignition-sensors6-magnetometer -- found version 6.8.1
[14.062s] -- Searching for dependencies of ignition-sensors6-magnetometer
[14.062s] -- Searching for <ignition-sensors6> component [navsat]
[14.064s] -- Looking for ignition-sensors6-navsat -- found version 6.8.1
[14.065s] -- Searching for dependencies of ignition-sensors6-navsat
[14.065s] -- Searching for <ignition-sensors6> component [rendering]
[14.067s] -- Looking for ignition-sensors6-rendering -- found version 6.8.1
[14.068s] -- Searching for dependencies of ignition-sensors6-rendering
[14.068s] -- Searching for <ignition-sensors6> component [lidar]
[14.070s] -- Looking for ignition-sensors6-lidar -- found version 6.8.1
[14.071s] -- Searching for dependencies of ignition-sensors6-lidar
[14.072s] -- Looking for ignition-sensors6 -- found version 6.8.1
[14.072s] -- Searching for <ignition-sensors6> component [gpu_lidar]
[14.074s] -- Looking for ignition-sensors6-gpu_lidar -- found version 6.8.1
[14.075s] -- Searching for dependencies of ignition-sensors6-gpu_lidar
[14.075s] -- Looking for ignition-sensors6 -- found version 6.8.1
[14.076s] -- Searching for <ignition-sensors6> component [camera]
[14.078s] -- Looking for ignition-sensors6-camera -- found version 6.8.1
[14.078s] -- Searching for dependencies of ignition-sensors6-camera
[14.079s] -- Looking for ignition-sensors6 -- found version 6.8.1
[14.080s] -- Searching for <ignition-sensors6> component [boundingbox_camera]
[14.081s] -- Looking for ignition-sensors6-boundingbox_camera -- found version 6.8.1
[14.082s] -- Searching for dependencies of ignition-sensors6-boundingbox_camera
[14.083s] -- Searching for <ignition-sensors6> component [segmentation_camera]
[14.084s] -- Looking for ignition-sensors6-segmentation_camera -- found version 6.8.1
[14.085s] -- Searching for dependencies of ignition-sensors6-segmentation_camera
[14.085s] -- Searching for <ignition-sensors6> component [depth_camera]
[14.087s] -- Looking for ignition-sensors6-depth_camera -- found version 6.8.1
[14.088s] -- Searching for dependencies of ignition-sensors6-depth_camera
[14.089s] -- Looking for ignition-sensors6 -- found version 6.8.1
[14.090s] -- Searching for <ignition-sensors6> component [rgbd_camera]
[14.091s] -- Looking for ignition-sensors6-rgbd_camera -- found version 6.8.1
[14.092s] -- Searching for dependencies of ignition-sensors6-rgbd_camera
[14.092s] -- Looking for ignition-sensors6 -- found version 6.8.1
[14.094s] -- Searching for <ignition-sensors6> component [thermal_camera]
[14.096s] -- Looking for ignition-sensors6-thermal_camera -- found version 6.8.1
[14.096s] -- Searching for dependencies of ignition-sensors6-thermal_camera
[14.097s] -- Looking for ignition-sensors6 -- found version 6.8.1
[14.098s] -- Looking for ignition-rendering6 -- found version 6.6.3
[14.098s] -- Looking for ignition-math6 -- found version 6.15.1
[14.101s] -- Looking for ignition-utils1 -- found version 1.5.1
[15.439s] -- Found ament_lint_auto: 0.12.11 (/opt/ros/humble/share/ament_lint_auto/cmake)
[15.527s] -- Configuring done
[15.533s] -- Generating done
[15.536s] -- Build files have been written to: /home/kevin/setup/INF3995-Templates/project_ws/src/build/ros_gz_example_gazebo
[15.549s] Invoked command in '/home/kevin/setup/INF3995-Templates/project_ws/src/build/ros_gz_example_gazebo' returned '0': AMENT_PREFIX_PATH=/home/kevin/setup/INF3995-Templates/project_ws/src/install/ros_gz_example_description:${AMENT_PREFIX_PATH} CMAKE_PREFIX_PATH=/home/kevin/setup/INF3995-Templates/project_ws/src/install/ros_gz_example_description:/home/kevin/setup/INF3995-Templates/project_ws/install/ros_gz_example_bringup:/home/kevin/setup/INF3995-Templates/project_ws/install/ros_gz_example_gazebo:/home/kevin/setup/INF3995-Templates/project_ws/install/ros_gz_example_description:/home/kevin/setup/INF3995-Templates/project_ws/install/ros_gz_example_application:/opt/ros/humble IGN_GAZEBO_RESOURCE_PATH=/home/kevin/setup/INF3995-Templates/project_ws/src/install/ros_gz_example_description/share/ros_gz_example_description/models:${IGN_GAZEBO_RESOURCE_PATH} /usr/bin/cmake /home/kevin/setup/INF3995-Templates/project_ws/src/ros_gz_example_gazebo -DAMENT_CMAKE_SYMLINK_INSTALL=1 -DCMAKE_INSTALL_PREFIX=/home/kevin/setup/INF3995-Templates/project_ws/src/install/ros_gz_example_gazebo
[15.551s] Invoking command in '/home/kevin/setup/INF3995-Templates/project_ws/src/build/ros_gz_example_gazebo': AMENT_PREFIX_PATH=/home/kevin/setup/INF3995-Templates/project_ws/src/install/ros_gz_example_description:${AMENT_PREFIX_PATH} CMAKE_PREFIX_PATH=/home/kevin/setup/INF3995-Templates/project_ws/src/install/ros_gz_example_description:/home/kevin/setup/INF3995-Templates/project_ws/install/ros_gz_example_bringup:/home/kevin/setup/INF3995-Templates/project_ws/install/ros_gz_example_gazebo:/home/kevin/setup/INF3995-Templates/project_ws/install/ros_gz_example_description:/home/kevin/setup/INF3995-Templates/project_ws/install/ros_gz_example_application:/opt/ros/humble IGN_GAZEBO_RESOURCE_PATH=/home/kevin/setup/INF3995-Templates/project_ws/src/install/ros_gz_example_description/share/ros_gz_example_description/models:${IGN_GAZEBO_RESOURCE_PATH} /usr/bin/cmake --build /home/kevin/setup/INF3995-Templates/project_ws/src/build/ros_gz_example_gazebo -- -j20 -l20
[15.594s] Invoked command in '/home/kevin/setup/INF3995-Templates/project_ws/src/build/ros_gz_example_gazebo' returned '0': AMENT_PREFIX_PATH=/home/kevin/setup/INF3995-Templates/project_ws/src/install/ros_gz_example_description:${AMENT_PREFIX_PATH} CMAKE_PREFIX_PATH=/home/kevin/setup/INF3995-Templates/project_ws/src/install/ros_gz_example_description:/home/kevin/setup/INF3995-Templates/project_ws/install/ros_gz_example_bringup:/home/kevin/setup/INF3995-Templates/project_ws/install/ros_gz_example_gazebo:/home/kevin/setup/INF3995-Templates/project_ws/install/ros_gz_example_description:/home/kevin/setup/INF3995-Templates/project_ws/install/ros_gz_example_application:/opt/ros/humble IGN_GAZEBO_RESOURCE_PATH=/home/kevin/setup/INF3995-Templates/project_ws/src/install/ros_gz_example_description/share/ros_gz_example_description/models:${IGN_GAZEBO_RESOURCE_PATH} /usr/bin/cmake --build /home/kevin/setup/INF3995-Templates/project_ws/src/build/ros_gz_example_gazebo -- -j20 -l20
[15.597s] Invoking command in '/home/kevin/setup/INF3995-Templates/project_ws/src/build/ros_gz_example_gazebo': AMENT_PREFIX_PATH=/home/kevin/setup/INF3995-Templates/project_ws/src/install/ros_gz_example_description:${AMENT_PREFIX_PATH} CMAKE_PREFIX_PATH=/home/kevin/setup/INF3995-Templates/project_ws/src/install/ros_gz_example_description:/home/kevin/setup/INF3995-Templates/project_ws/install/ros_gz_example_bringup:/home/kevin/setup/INF3995-Templates/project_ws/install/ros_gz_example_gazebo:/home/kevin/setup/INF3995-Templates/project_ws/install/ros_gz_example_description:/home/kevin/setup/INF3995-Templates/project_ws/install/ros_gz_example_application:/opt/ros/humble IGN_GAZEBO_RESOURCE_PATH=/home/kevin/setup/INF3995-Templates/project_ws/src/install/ros_gz_example_description/share/ros_gz_example_description/models:${IGN_GAZEBO_RESOURCE_PATH} /usr/bin/cmake --install /home/kevin/setup/INF3995-Templates/project_ws/src/build/ros_gz_example_gazebo
[15.602s] -- Install configuration: ""
[15.603s] -- Execute custom install script
[15.604s] -- Symlinking: /home/kevin/setup/INF3995-Templates/project_ws/src/install/ros_gz_example_gazebo/share/ros_gz_example_gazebo/worlds/diff_drive.sdf
[15.612s] -- Symlinking: /home/kevin/setup/INF3995-Templates/project_ws/src/install/ros_gz_example_gazebo/share/ros_gz_example_gazebo/environment/ros_gz_example_gazebo.dsv
[15.620s] -- Symlinking: /home/kevin/setup/INF3995-Templates/project_ws/src/install/ros_gz_example_gazebo/share/ros_gz_example_gazebo/environment/ros_gz_example_gazebo.sh
[15.629s] -- Symlinking: /home/kevin/setup/INF3995-Templates/project_ws/src/install/ros_gz_example_gazebo/share/ament_index/resource_index/package_run_dependencies/ros_gz_example_gazebo
[15.636s] -- Symlinking: /home/kevin/setup/INF3995-Templates/project_ws/src/install/ros_gz_example_gazebo/share/ament_index/resource_index/parent_prefix_path/ros_gz_example_gazebo
[15.643s] -- Symlinking: /home/kevin/setup/INF3995-Templates/project_ws/src/install/ros_gz_example_gazebo/share/ros_gz_example_gazebo/environment/ament_prefix_path.sh
[15.650s] -- Symlinking: /home/kevin/setup/INF3995-Templates/project_ws/src/install/ros_gz_example_gazebo/share/ros_gz_example_gazebo/environment/ament_prefix_path.dsv
[15.657s] -- Symlinking: /home/kevin/setup/INF3995-Templates/project_ws/src/install/ros_gz_example_gazebo/share/ros_gz_example_gazebo/environment/path.sh
[15.664s] -- Symlinking: /home/kevin/setup/INF3995-Templates/project_ws/src/install/ros_gz_example_gazebo/share/ros_gz_example_gazebo/environment/path.dsv
[15.671s] -- Symlinking: /home/kevin/setup/INF3995-Templates/project_ws/src/install/ros_gz_example_gazebo/share/ros_gz_example_gazebo/local_setup.bash
[15.679s] -- Symlinking: /home/kevin/setup/INF3995-Templates/project_ws/src/install/ros_gz_example_gazebo/share/ros_gz_example_gazebo/local_setup.sh
[15.685s] -- Symlinking: /home/kevin/setup/INF3995-Templates/project_ws/src/install/ros_gz_example_gazebo/share/ros_gz_example_gazebo/local_setup.zsh
[15.692s] -- Symlinking: /home/kevin/setup/INF3995-Templates/project_ws/src/install/ros_gz_example_gazebo/share/ros_gz_example_gazebo/local_setup.dsv
[15.700s] -- Symlinking: /home/kevin/setup/INF3995-Templates/project_ws/src/install/ros_gz_example_gazebo/share/ros_gz_example_gazebo/package.dsv
[15.707s] -- Symlinking: /home/kevin/setup/INF3995-Templates/project_ws/src/install/ros_gz_example_gazebo/share/ament_index/resource_index/packages/ros_gz_example_gazebo
[15.714s] -- Symlinking: /home/kevin/setup/INF3995-Templates/project_ws/src/install/ros_gz_example_gazebo/share/ros_gz_example_gazebo/cmake/ros_gz_example_gazeboConfig.cmake
[15.721s] -- Symlinking: /home/kevin/setup/INF3995-Templates/project_ws/src/install/ros_gz_example_gazebo/share/ros_gz_example_gazebo/cmake/ros_gz_example_gazeboConfig-version.cmake
[15.728s] -- Symlinking: /home/kevin/setup/INF3995-Templates/project_ws/src/install/ros_gz_example_gazebo/share/ros_gz_example_gazebo/package.xml
[15.737s] Invoked command in '/home/kevin/setup/INF3995-Templates/project_ws/src/build/ros_gz_example_gazebo' returned '0': AMENT_PREFIX_PATH=/home/kevin/setup/INF3995-Templates/project_ws/src/install/ros_gz_example_description:${AMENT_PREFIX_PATH} CMAKE_PREFIX_PATH=/home/kevin/setup/INF3995-Templates/project_ws/src/install/ros_gz_example_description:/home/kevin/setup/INF3995-Templates/project_ws/install/ros_gz_example_bringup:/home/kevin/setup/INF3995-Templates/project_ws/install/ros_gz_example_gazebo:/home/kevin/setup/INF3995-Templates/project_ws/install/ros_gz_example_description:/home/kevin/setup/INF3995-Templates/project_ws/install/ros_gz_example_application:/opt/ros/humble IGN_GAZEBO_RESOURCE_PATH=/home/kevin/setup/INF3995-Templates/project_ws/src/install/ros_gz_example_description/share/ros_gz_example_description/models:${IGN_GAZEBO_RESOURCE_PATH} /usr/bin/cmake --install /home/kevin/setup/INF3995-Templates/project_ws/src/build/ros_gz_example_gazebo
