[0.159s] Invoking command in '/home/isshadd/INF3995-102/robot/gazebo2/build/ros_gz_example_bringup': AMENT_PREFIX_PATH=/home/isshadd/INF3995-102/robot/gazebo2/install/ros_gz_example_gazebo:/home/isshadd/INF3995-102/robot/gazebo2/install/ros_gz_example_description:${AMENT_PREFIX_PATH} CMAKE_PREFIX_PATH=/home/isshadd/INF3995-102/robot/gazebo2/install/ros_gz_example_gazebo:/home/isshadd/INF3995-102/robot/gazebo2/install/ros_gz_example_description:/opt/ros/humble IGN_GAZEBO_PLUGIN_PATH=/home/isshadd/INF3995-102/robot/gazebo2/install/ros_gz_example_gazebo/lib/ros_gz_example_gazebo IGN_GAZEBO_RESOURCE_PATH=/home/isshadd/INF3995-102/robot/gazebo2/install/ros_gz_example_gazebo/share/ros_gz_example_gazebo/worlds:/home/isshadd/INF3995-102/robot/gazebo2/install/ros_gz_example_description/share/ros_gz_example_description/models /usr/bin/cmake /home/isshadd/INF3995-102/robot/gazebo2/src/ros_gz_example_bringup -DBUILD_TESTING=ON -DCMAKE_INSTALL_PREFIX=/home/isshadd/INF3995-102/robot/gazebo2/install/ros_gz_example_bringup
[0.375s] -- The C compiler identification is GNU 11.4.0
[1.094s] -- The CXX compiler identification is GNU 11.4.0
[1.505s] -- Detecting C compiler ABI info
[1.756s] -- Detecting C compiler ABI info - done
[1.771s] -- Check for working C compiler: /usr/bin/cc - skipped
[1.771s] -- Detecting C compile features
[1.772s] -- Detecting C compile features - done
[1.779s] -- Detecting CXX compiler ABI info
[2.026s] -- Detecting CXX compiler ABI info - done
[2.040s] -- Check for working CXX compiler: /usr/bin/c++ - skipped
[2.040s] -- Detecting CXX compile features
[2.041s] -- Detecting CXX compile features - done
[2.045s] -- Found ament_cmake: 1.3.11 (/opt/ros/humble/share/ament_cmake/cmake)
[2.406s] -- Found Python3: /usr/bin/python3 (found version "3.10.12") found components: Interpreter 
[2.613s] -- Found ros_gz_example_description: 0.0.0 (/home/isshadd/INF3995-102/robot/gazebo2/install/ros_gz_example_description/share/ros_gz_example_description/cmake)
[2.614s] -- Found ros_gz_example_gazebo: 0.0.0 (/home/isshadd/INF3995-102/robot/gazebo2/install/ros_gz_example_gazebo/share/ros_gz_example_gazebo/cmake)
[2.616s] -- Found ament_lint_auto: 0.12.11 (/opt/ros/humble/share/ament_lint_auto/cmake)
[2.780s] -- Configuring done
[2.791s] -- Generating done
[2.796s] -- Build files have been written to: /home/isshadd/INF3995-102/robot/gazebo2/build/ros_gz_example_bringup
[2.812s] Invoked command in '/home/isshadd/INF3995-102/robot/gazebo2/build/ros_gz_example_bringup' returned '0': AMENT_PREFIX_PATH=/home/isshadd/INF3995-102/robot/gazebo2/install/ros_gz_example_gazebo:/home/isshadd/INF3995-102/robot/gazebo2/install/ros_gz_example_description:${AMENT_PREFIX_PATH} CMAKE_PREFIX_PATH=/home/isshadd/INF3995-102/robot/gazebo2/install/ros_gz_example_gazebo:/home/isshadd/INF3995-102/robot/gazebo2/install/ros_gz_example_description:/opt/ros/humble IGN_GAZEBO_PLUGIN_PATH=/home/isshadd/INF3995-102/robot/gazebo2/install/ros_gz_example_gazebo/lib/ros_gz_example_gazebo IGN_GAZEBO_RESOURCE_PATH=/home/isshadd/INF3995-102/robot/gazebo2/install/ros_gz_example_gazebo/share/ros_gz_example_gazebo/worlds:/home/isshadd/INF3995-102/robot/gazebo2/install/ros_gz_example_description/share/ros_gz_example_description/models /usr/bin/cmake /home/isshadd/INF3995-102/robot/gazebo2/src/ros_gz_example_bringup -DBUILD_TESTING=ON -DCMAKE_INSTALL_PREFIX=/home/isshadd/INF3995-102/robot/gazebo2/install/ros_gz_example_bringup
[2.817s] Invoking command in '/home/isshadd/INF3995-102/robot/gazebo2/build/ros_gz_example_bringup': AMENT_PREFIX_PATH=/home/isshadd/INF3995-102/robot/gazebo2/install/ros_gz_example_gazebo:/home/isshadd/INF3995-102/robot/gazebo2/install/ros_gz_example_description:${AMENT_PREFIX_PATH} CMAKE_PREFIX_PATH=/home/isshadd/INF3995-102/robot/gazebo2/install/ros_gz_example_gazebo:/home/isshadd/INF3995-102/robot/gazebo2/install/ros_gz_example_description:/opt/ros/humble IGN_GAZEBO_PLUGIN_PATH=/home/isshadd/INF3995-102/robot/gazebo2/install/ros_gz_example_gazebo/lib/ros_gz_example_gazebo IGN_GAZEBO_RESOURCE_PATH=/home/isshadd/INF3995-102/robot/gazebo2/install/ros_gz_example_gazebo/share/ros_gz_example_gazebo/worlds:/home/isshadd/INF3995-102/robot/gazebo2/install/ros_gz_example_description/share/ros_gz_example_description/models /usr/bin/cmake --build /home/isshadd/INF3995-102/robot/gazebo2/build/ros_gz_example_bringup -- -j8 -l8
[2.898s] Invoked command in '/home/isshadd/INF3995-102/robot/gazebo2/build/ros_gz_example_bringup' returned '0': AMENT_PREFIX_PATH=/home/isshadd/INF3995-102/robot/gazebo2/install/ros_gz_example_gazebo:/home/isshadd/INF3995-102/robot/gazebo2/install/ros_gz_example_description:${AMENT_PREFIX_PATH} CMAKE_PREFIX_PATH=/home/isshadd/INF3995-102/robot/gazebo2/install/ros_gz_example_gazebo:/home/isshadd/INF3995-102/robot/gazebo2/install/ros_gz_example_description:/opt/ros/humble IGN_GAZEBO_PLUGIN_PATH=/home/isshadd/INF3995-102/robot/gazebo2/install/ros_gz_example_gazebo/lib/ros_gz_example_gazebo IGN_GAZEBO_RESOURCE_PATH=/home/isshadd/INF3995-102/robot/gazebo2/install/ros_gz_example_gazebo/share/ros_gz_example_gazebo/worlds:/home/isshadd/INF3995-102/robot/gazebo2/install/ros_gz_example_description/share/ros_gz_example_description/models /usr/bin/cmake --build /home/isshadd/INF3995-102/robot/gazebo2/build/ros_gz_example_bringup -- -j8 -l8
[2.904s] Invoking command in '/home/isshadd/INF3995-102/robot/gazebo2/build/ros_gz_example_bringup': AMENT_PREFIX_PATH=/home/isshadd/INF3995-102/robot/gazebo2/install/ros_gz_example_gazebo:/home/isshadd/INF3995-102/robot/gazebo2/install/ros_gz_example_description:${AMENT_PREFIX_PATH} CMAKE_PREFIX_PATH=/home/isshadd/INF3995-102/robot/gazebo2/install/ros_gz_example_gazebo:/home/isshadd/INF3995-102/robot/gazebo2/install/ros_gz_example_description:/opt/ros/humble IGN_GAZEBO_PLUGIN_PATH=/home/isshadd/INF3995-102/robot/gazebo2/install/ros_gz_example_gazebo/lib/ros_gz_example_gazebo IGN_GAZEBO_RESOURCE_PATH=/home/isshadd/INF3995-102/robot/gazebo2/install/ros_gz_example_gazebo/share/ros_gz_example_gazebo/worlds:/home/isshadd/INF3995-102/robot/gazebo2/install/ros_gz_example_description/share/ros_gz_example_description/models /usr/bin/cmake --install /home/isshadd/INF3995-102/robot/gazebo2/build/ros_gz_example_bringup
[2.917s] -- Install configuration: ""
[2.917s] -- Installing: /home/isshadd/INF3995-102/robot/gazebo2/install/ros_gz_example_bringup/share/ros_gz_example_bringup/launch
[2.918s] -- Installing: /home/isshadd/INF3995-102/robot/gazebo2/install/ros_gz_example_bringup/share/ros_gz_example_bringup/launch/diff_drive.launch.py
[2.919s] -- Installing: /home/isshadd/INF3995-102/robot/gazebo2/install/ros_gz_example_bringup/share/ros_gz_example_bringup/config
[2.920s] -- Installing: /home/isshadd/INF3995-102/robot/gazebo2/install/ros_gz_example_bringup/share/ros_gz_example_bringup/config/diff_drive.rviz
[2.920s] -- Installing: /home/isshadd/INF3995-102/robot/gazebo2/install/ros_gz_example_bringup/share/ros_gz_example_bringup/config/limo_diff_drive.rviz
[2.921s] -- Installing: /home/isshadd/INF3995-102/robot/gazebo2/install/ros_gz_example_bringup/share/ros_gz_example_bringup/config/ros_gz_example_bridge.yaml
[2.921s] -- Installing: /home/isshadd/INF3995-102/robot/gazebo2/install/ros_gz_example_bringup/share/ros_gz_example_bringup/config/cartographer_2d.lua
[2.924s] -- Installing: /home/isshadd/INF3995-102/robot/gazebo2/install/ros_gz_example_bringup/share/ament_index/resource_index/package_run_dependencies/ros_gz_example_bringup
[2.924s] -- Installing: /home/isshadd/INF3995-102/robot/gazebo2/install/ros_gz_example_bringup/share/ament_index/resource_index/parent_prefix_path/ros_gz_example_bringup
[2.925s] -- Installing: /home/isshadd/INF3995-102/robot/gazebo2/install/ros_gz_example_bringup/share/ros_gz_example_bringup/environment/ament_prefix_path.sh
[2.926s] -- Installing: /home/isshadd/INF3995-102/robot/gazebo2/install/ros_gz_example_bringup/share/ros_gz_example_bringup/environment/ament_prefix_path.dsv
[2.926s] -- Installing: /home/isshadd/INF3995-102/robot/gazebo2/install/ros_gz_example_bringup/share/ros_gz_example_bringup/environment/path.sh
[2.927s] -- Installing: /home/isshadd/INF3995-102/robot/gazebo2/install/ros_gz_example_bringup/share/ros_gz_example_bringup/environment/path.dsv
[2.927s] -- Installing: /home/isshadd/INF3995-102/robot/gazebo2/install/ros_gz_example_bringup/share/ros_gz_example_bringup/local_setup.bash
[2.927s] -- Installing: /home/isshadd/INF3995-102/robot/gazebo2/install/ros_gz_example_bringup/share/ros_gz_example_bringup/local_setup.sh
[2.928s] -- Installing: /home/isshadd/INF3995-102/robot/gazebo2/install/ros_gz_example_bringup/share/ros_gz_example_bringup/local_setup.zsh
[2.929s] -- Installing: /home/isshadd/INF3995-102/robot/gazebo2/install/ros_gz_example_bringup/share/ros_gz_example_bringup/local_setup.dsv
[2.929s] -- Installing: /home/isshadd/INF3995-102/robot/gazebo2/install/ros_gz_example_bringup/share/ros_gz_example_bringup/package.dsv
[2.930s] -- Installing: /home/isshadd/INF3995-102/robot/gazebo2/install/ros_gz_example_bringup/share/ament_index/resource_index/packages/ros_gz_example_bringup
[2.932s] -- Installing: /home/isshadd/INF3995-102/robot/gazebo2/install/ros_gz_example_bringup/share/ros_gz_example_bringup/cmake/ros_gz_example_bringupConfig.cmake
[2.932s] -- Installing: /home/isshadd/INF3995-102/robot/gazebo2/install/ros_gz_example_bringup/share/ros_gz_example_bringup/cmake/ros_gz_example_bringupConfig-version.cmake
[2.933s] -- Installing: /home/isshadd/INF3995-102/robot/gazebo2/install/ros_gz_example_bringup/share/ros_gz_example_bringup/package.xml
[2.938s] Invoked command in '/home/isshadd/INF3995-102/robot/gazebo2/build/ros_gz_example_bringup' returned '0': AMENT_PREFIX_PATH=/home/isshadd/INF3995-102/robot/gazebo2/install/ros_gz_example_gazebo:/home/isshadd/INF3995-102/robot/gazebo2/install/ros_gz_example_description:${AMENT_PREFIX_PATH} CMAKE_PREFIX_PATH=/home/isshadd/INF3995-102/robot/gazebo2/install/ros_gz_example_gazebo:/home/isshadd/INF3995-102/robot/gazebo2/install/ros_gz_example_description:/opt/ros/humble IGN_GAZEBO_PLUGIN_PATH=/home/isshadd/INF3995-102/robot/gazebo2/install/ros_gz_example_gazebo/lib/ros_gz_example_gazebo IGN_GAZEBO_RESOURCE_PATH=/home/isshadd/INF3995-102/robot/gazebo2/install/ros_gz_example_gazebo/share/ros_gz_example_gazebo/worlds:/home/isshadd/INF3995-102/robot/gazebo2/install/ros_gz_example_description/share/ros_gz_example_description/models /usr/bin/cmake --install /home/isshadd/INF3995-102/robot/gazebo2/build/ros_gz_example_bringup
