[0.035s] Invoking command in '/home/isshadd/INF3995-102/robot/gazebo2/build/ros_gz_example_application': CMAKE_PREFIX_PATH=${CMAKE_PREFIX_PATH}:/home/isshadd/INF3995-102/robot/install/voice_control:/home/isshadd/INF3995-102/robot/install/identification:/home/isshadd/INF3995-102/robot/install/control:/home/isshadd/INF3995-102/robot/install/communication:/opt/ros/humble /usr/bin/cmake --build /home/isshadd/INF3995-102/robot/gazebo2/build/ros_gz_example_application -- -j8 -l8
[0.100s] Invoked command in '/home/isshadd/INF3995-102/robot/gazebo2/build/ros_gz_example_application' returned '0': CMAKE_PREFIX_PATH=${CMAKE_PREFIX_PATH}:/home/isshadd/INF3995-102/robot/install/voice_control:/home/isshadd/INF3995-102/robot/install/identification:/home/isshadd/INF3995-102/robot/install/control:/home/isshadd/INF3995-102/robot/install/communication:/opt/ros/humble /usr/bin/cmake --build /home/isshadd/INF3995-102/robot/gazebo2/build/ros_gz_example_application -- -j8 -l8
[0.104s] Invoking command in '/home/isshadd/INF3995-102/robot/gazebo2/build/ros_gz_example_application': CMAKE_PREFIX_PATH=${CMAKE_PREFIX_PATH}:/home/isshadd/INF3995-102/robot/install/voice_control:/home/isshadd/INF3995-102/robot/install/identification:/home/isshadd/INF3995-102/robot/install/control:/home/isshadd/INF3995-102/robot/install/communication:/opt/ros/humble /usr/bin/cmake --install /home/isshadd/INF3995-102/robot/gazebo2/build/ros_gz_example_application
[0.123s] -- Install configuration: ""
[0.124s] -- Up-to-date: /home/isshadd/INF3995-102/robot/gazebo2/install/ros_gz_example_application/share/ament_index/resource_index/package_run_dependencies/ros_gz_example_application
[0.124s] -- Up-to-date: /home/isshadd/INF3995-102/robot/gazebo2/install/ros_gz_example_application/share/ament_index/resource_index/parent_prefix_path/ros_gz_example_application
[0.125s] -- Up-to-date: /home/isshadd/INF3995-102/robot/gazebo2/install/ros_gz_example_application/share/ros_gz_example_application/environment/ament_prefix_path.sh
[0.125s] -- Up-to-date: /home/isshadd/INF3995-102/robot/gazebo2/install/ros_gz_example_application/share/ros_gz_example_application/environment/ament_prefix_path.dsv
[0.126s] -- Up-to-date: /home/isshadd/INF3995-102/robot/gazebo2/install/ros_gz_example_application/share/ros_gz_example_application/environment/path.sh
[0.126s] -- Up-to-date: /home/isshadd/INF3995-102/robot/gazebo2/install/ros_gz_example_application/share/ros_gz_example_application/environment/path.dsv
[0.126s] -- Up-to-date: /home/isshadd/INF3995-102/robot/gazebo2/install/ros_gz_example_application/share/ros_gz_example_application/local_setup.bash
[0.126s] -- Up-to-date: /home/isshadd/INF3995-102/robot/gazebo2/install/ros_gz_example_application/share/ros_gz_example_application/local_setup.sh
[0.126s] -- Up-to-date: /home/isshadd/INF3995-102/robot/gazebo2/install/ros_gz_example_application/share/ros_gz_example_application/local_setup.zsh
[0.126s] -- Up-to-date: /home/isshadd/INF3995-102/robot/gazebo2/install/ros_gz_example_application/share/ros_gz_example_application/local_setup.dsv
[0.127s] -- Installing: /home/isshadd/INF3995-102/robot/gazebo2/install/ros_gz_example_application/share/ros_gz_example_application/package.dsv
[0.127s] -- Up-to-date: /home/isshadd/INF3995-102/robot/gazebo2/install/ros_gz_example_application/share/ament_index/resource_index/packages/ros_gz_example_application
[0.127s] -- Up-to-date: /home/isshadd/INF3995-102/robot/gazebo2/install/ros_gz_example_application/share/ros_gz_example_application/cmake/ros_gz_example_applicationConfig.cmake
[0.127s] -- Up-to-date: /home/isshadd/INF3995-102/robot/gazebo2/install/ros_gz_example_application/share/ros_gz_example_application/cmake/ros_gz_example_applicationConfig-version.cmake
[0.127s] -- Up-to-date: /home/isshadd/INF3995-102/robot/gazebo2/install/ros_gz_example_application/share/ros_gz_example_application/package.xml
[0.170s] Invoked command in '/home/isshadd/INF3995-102/robot/gazebo2/build/ros_gz_example_application' returned '0': CMAKE_PREFIX_PATH=${CMAKE_PREFIX_PATH}:/home/isshadd/INF3995-102/robot/install/voice_control:/home/isshadd/INF3995-102/robot/install/identification:/home/isshadd/INF3995-102/robot/install/control:/home/isshadd/INF3995-102/robot/install/communication:/opt/ros/humble /usr/bin/cmake --install /home/isshadd/INF3995-102/robot/gazebo2/build/ros_gz_example_application
