[0.090s] Invoking command in '/home/kylor/INF3995-102/robot/build/ros_gz_example_gazebo': CMAKE_PREFIX_PATH=/home/kylor/INF3995-102/robot/install/ros_gz_example_description:/home/kylor/INF3995-102/robot/install/ros_gz_example_bringup:/home/kylor/INF3995-102/robot/install/ros_gz_example_gazebo:/home/kylor/INF3995-102/robot/install/ros_gz_example_application:/opt/ros/humble IGN_GAZEBO_RESOURCE_PATH=/home/kylor/INF3995-102/robot/install/ros_gz_example_description/share/ros_gz_example_description/models:${IGN_GAZEBO_RESOURCE_PATH} /usr/bin/cmake --build /home/kylor/INF3995-102/robot/build/ros_gz_example_gazebo -- -j12 -l12
[0.151s] -- Found ament_cmake: 1.3.11 (/opt/ros/humble/share/ament_cmake/cmake)
[0.304s] -- Found ros_gz_example_description: 0.0.0 (/home/kylor/INF3995-102/robot/install/ros_gz_example_description/share/ros_gz_example_description/cmake)
[0.328s] -- Looking for ignition-plugin1 -- found version 1.4.0
[0.329s] -- Searching for dependencies of ignition-plugin1
[0.333s] -- Searching for <ignition-plugin1> component [register]
[0.335s] -- Looking for ignition-plugin1-register -- found version 1.4.0
[0.335s] -- Searching for dependencies of ignition-plugin1-register
[0.338s] -- Looking for ignition-common4 -- found version 4.7.0
[0.339s] -- Searching for dependencies of ignition-common4
[0.339s] -- Looking for dlfcn.h - found
[0.340s] -- Looking for libdl - found
[0.349s] -- Checking for module 'uuid'
[0.365s] --   Found uuid, version 2.37.2
[0.389s] -- Searching for <ignition-common4> component [profiler]
[0.391s] -- Looking for ignition-common4-profiler -- found version 4.7.0
[0.392s] -- Searching for dependencies of ignition-common4-profiler
[0.396s] -- Looking for ignition-gazebo6 -- found version 6.17.0
[0.396s] -- Searching for dependencies of ignition-gazebo6
[0.399s] -- Looking for sdformat12 -- found version 12.8.0
[0.399s] -- Searching for dependencies of sdformat12
[0.404s] -- Checking for module 'tinyxml2'
[0.416s] --   Found tinyxml2, version 9.0.0
[0.441s] -- Looking for ignition-math6 -- found version 6.15.1
[0.442s] -- Searching for dependencies of ignition-math6
[0.445s] -- Looking for ignition-utils1 -- found version 1.5.1
[0.446s] -- Searching for dependencies of ignition-utils1
[0.449s] -- Looking for ignition-plugin1 -- found version 1.4.0
[0.450s] -- Searching for dependencies of ignition-plugin1
[0.450s] -- Searching for <ignition-plugin1> component [loader]
[0.451s] -- Looking for ignition-plugin1-loader -- found version 1.4.0
[0.452s] -- Searching for dependencies of ignition-plugin1-loader
[0.454s] -- Searching for <ignition-plugin1> component [register]
[0.456s] -- Looking for ignition-transport11 -- found version 11.4.1
[0.456s] -- Searching for dependencies of ignition-transport11
[4.646s] -- Config-file not installed for ZeroMQ -- checking for pkg-config
[4.650s] -- Checking for module 'libzmq >= 4'
[4.668s] --   Found libzmq , version 4.3.4
[5.016s] -- Looking for ignition-utils1 -- found version 1.5.1
[5.016s] -- Searching for dependencies of ignition-utils1
[5.016s] -- Searching for <ignition-utils1> component [cli]
[5.018s] -- Looking for ignition-utils1-cli -- found version 1.5.1
[5.018s] -- Searching for dependencies of ignition-utils1-cli
[5.020s] -- Looking for ignition-msgs8 -- found version 8.7.0
[5.021s] -- Searching for dependencies of ignition-msgs8
[7.048s] -- Found Protobuf: /usr/lib/x86_64-linux-gnu/libprotobuf.so (found suitable version "3.12.4", minimum required is "3") 
[7.048s] -- Looking for ignition-math6 -- found version 6.15.1
[7.193s] -- Searching for <ignition-transport11> component [log]
[7.195s] -- Looking for ignition-transport11-log -- found version 11.4.1
[7.195s] -- Searching for dependencies of ignition-transport11-log
[7.196s] -- Searching for <ignition-transport11> component [parameters]
[7.197s] -- Looking for ignition-transport11-parameters -- found version 11.4.1
[7.198s] -- Searching for dependencies of ignition-transport11-parameters
[7.199s] -- Looking for ignition-msgs8 -- found version 8.7.0
[7.200s] -- Looking for ignition-common4 -- found version 4.7.0
[7.200s] -- Searching for dependencies of ignition-common4
[7.201s] -- Looking for dlfcn.h - found
[7.201s] -- Looking for libdl - found
[7.276s] -- Searching for <ignition-common4> component [profiler]
[7.276s] -- Searching for <ignition-common4> component [events]
[7.280s] -- Looking for ignition-common4-events -- found version 4.7.0
[7.281s] -- Searching for dependencies of ignition-common4-events
[7.281s] -- Looking for ignition-math6 -- found version 6.15.1
[7.283s] -- Searching for <ignition-common4> component [av]
[7.284s] -- Looking for ignition-common4-av -- found version 4.7.0
[7.284s] -- Searching for dependencies of ignition-common4-av
[7.289s] -- Checking for module 'libswscale'
[7.301s] --   Found libswscale, version 5.9.100
[7.327s] -- Checking for module 'libavdevice >= 56.4.100'
[7.343s] --   Found libavdevice , version 58.13.100
[7.375s] -- Checking for module 'libavformat'
[7.385s] --   Found libavformat, version 58.76.100
[7.415s] -- Checking for module 'libavcodec'
[7.424s] --   Found libavcodec, version 58.134.100
[7.453s] -- Checking for module 'libavutil'
[7.463s] --   Found libavutil, version 56.70.100
[7.490s] -- Looking for ignition-fuel_tools7 -- found version 7.3.1
[7.490s] -- Searching for dependencies of ignition-fuel_tools7
[9.751s] -- Checking for module 'jsoncpp'
[9.761s] --   Found jsoncpp, version 1.9.5
[9.794s] -- Checking for module 'libzip'
[9.805s] --   Found libzip, version 1.7.3
[9.827s] -- Looking for ignition-common4 -- found version 4.7.0
[9.827s] -- Looking for ignition-math6 -- found version 6.15.1
[9.828s] -- Looking for ignition-msgs8 -- found version 8.7.0
[9.832s] -- Looking for ignition-gui6 -- found version 6.8.0
[9.833s] -- Searching for dependencies of ignition-gui6
[11.936s] -- Looking for ignition-math6 -- found version 6.15.1
[11.937s] -- Looking for ignition-common4 -- found version 4.7.0
[11.937s] -- Looking for ignition-plugin1 -- found version 1.4.0
[11.938s] -- Looking for ignition-transport11 -- found version 11.4.1
[11.941s] -- Looking for ignition-rendering6 -- found version 6.6.3
[11.941s] -- Searching for dependencies of ignition-rendering6
[11.941s] -- Looking for ignition-math6 -- found version 6.15.1
[11.942s] -- Searching for dependencies of ignition-math6
[11.942s] -- Searching for <ignition-math6> component [eigen3]
[11.944s] -- Looking for ignition-math6-eigen3 -- found version 6.15.1
[11.944s] -- Searching for dependencies of ignition-math6-eigen3
[11.948s] -- Looking for ignition-common4 -- found version 4.7.0
[11.948s] -- Searching for dependencies of ignition-common4
[11.948s] -- Looking for dlfcn.h - found
[11.949s] -- Looking for libdl - found
[12.025s] -- Searching for <ignition-common4> component [graphics]
[12.028s] -- Looking for ignition-common4-graphics -- found version 4.7.0
[12.029s] -- Searching for dependencies of ignition-common4-graphics
[12.029s] -- Looking for ignition-math6 -- found version 6.15.1
[12.030s] -- Looking for ignition-utils1 -- found version 1.5.1
[12.031s] -- Searching for <ignition-common4> component [events]
[12.032s] -- Looking for ignition-plugin1 -- found version 1.4.0
[12.033s] -- Searching for dependencies of ignition-plugin1
[12.033s] -- Searching for <ignition-plugin1> component [all]
[12.034s] -- Looking for all libraries of ignition-plugin1 -- found version 1.4.0
[12.035s] -- Looking for ignition-plugin1 -- found version 1.4.0
[12.038s] -- Looking for ignition-msgs8 -- found version 8.7.0
[12.228s] -- Looking for ignition-physics5 -- found version 5.3.2
[12.229s] -- Searching for dependencies of ignition-physics5
[12.230s] -- Looking for ignition-math6 -- found version 6.15.1
[12.230s] -- Looking for ignition-plugin1 -- found version 1.4.0
[12.231s] -- Looking for ignition-utils1 -- found version 1.5.1
[12.233s] -- Searching for <ignition-physics5> component [heightmap]
[12.234s] -- Looking for ignition-physics5-heightmap -- found version 5.3.2
[12.235s] -- Searching for dependencies of ignition-physics5-heightmap
[12.235s] -- Looking for ignition-common4 -- found version 4.7.0
[12.236s] -- Searching for <ignition-physics5> component [mesh]
[12.238s] -- Looking for ignition-physics5-mesh -- found version 5.3.2
[12.238s] -- Searching for dependencies of ignition-physics5-mesh
[12.239s] -- Looking for ignition-common4 -- found version 4.7.0
[12.239s] -- Searching for <ignition-physics5> component [sdf]
[12.241s] -- Looking for ignition-physics5-sdf -- found version 5.3.2
[12.241s] -- Searching for dependencies of ignition-physics5-sdf
[12.242s] -- Looking for sdformat12 -- found version 12.8.0
[12.244s] -- Looking for ignition-sensors6 -- found version 6.8.1
[12.245s] -- Searching for dependencies of ignition-sensors6
[14.230s] -- Found Protobuf: /usr/lib/x86_64-linux-gnu/libprotobuf.so (found version "3.12.4") 
[14.230s] -- Looking for ignition-math6 -- found version 6.15.1
[14.231s] -- Looking for ignition-common4 -- found version 4.7.0
[14.231s] -- Looking for ignition-transport11 -- found version 11.4.1
[14.232s] -- Looking for ignition-rendering6 -- found version 6.6.3
[14.232s] -- Looking for ignition-msgs8 -- found version 8.7.0
[14.233s] -- Looking for sdformat12 -- found version 12.8.0
[14.237s] -- Searching for <ignition-sensors6> component [air_pressure]
[14.239s] -- Looking for ignition-sensors6-air_pressure -- found version 6.8.1
[14.240s] -- Searching for dependencies of ignition-sensors6-air_pressure
[14.242s] -- Searching for <ignition-sensors6> component [altimeter]
[14.244s] -- Looking for ignition-sensors6-altimeter -- found version 6.8.1
[14.244s] -- Searching for dependencies of ignition-sensors6-altimeter
[14.246s] -- Searching for <ignition-sensors6> component [imu]
[14.247s] -- Looking for ignition-sensors6-imu -- found version 6.8.1
[14.247s] -- Searching for dependencies of ignition-sensors6-imu
[14.249s] -- Searching for <ignition-sensors6> component [force_torque]
[14.250s] -- Looking for ignition-sensors6-force_torque -- found version 6.8.1
[14.250s] -- Searching for dependencies of ignition-sensors6-force_torque
[14.252s] -- Searching for <ignition-sensors6> component [logical_camera]
[14.253s] -- Looking for ignition-sensors6-logical_camera -- found version 6.8.1
[14.253s] -- Searching for dependencies of ignition-sensors6-logical_camera
[14.254s] -- Searching for <ignition-sensors6> component [magnetometer]
[14.256s] -- Looking for ignition-sensors6-magnetometer -- found version 6.8.1
[14.257s] -- Searching for dependencies of ignition-sensors6-magnetometer
[14.258s] -- Searching for <ignition-sensors6> component [navsat]
[14.260s] -- Looking for ignition-sensors6-navsat -- found version 6.8.1
[14.260s] -- Searching for dependencies of ignition-sensors6-navsat
[14.261s] -- Searching for <ignition-sensors6> component [rendering]
[14.263s] -- Looking for ignition-sensors6-rendering -- found version 6.8.1
[14.263s] -- Searching for dependencies of ignition-sensors6-rendering
[14.265s] -- Searching for <ignition-sensors6> component [lidar]
[14.266s] -- Looking for ignition-sensors6-lidar -- found version 6.8.1
[14.266s] -- Searching for dependencies of ignition-sensors6-lidar
[14.267s] -- Looking for ignition-sensors6 -- found version 6.8.1
[14.268s] -- Searching for <ignition-sensors6> component [gpu_lidar]
[14.269s] -- Looking for ignition-sensors6-gpu_lidar -- found version 6.8.1
[14.270s] -- Searching for dependencies of ignition-sensors6-gpu_lidar
[14.270s] -- Looking for ignition-sensors6 -- found version 6.8.1
[14.272s] -- Searching for <ignition-sensors6> component [camera]
[14.273s] -- Looking for ignition-sensors6-camera -- found version 6.8.1
[14.274s] -- Searching for dependencies of ignition-sensors6-camera
[14.274s] -- Looking for ignition-sensors6 -- found version 6.8.1
[14.276s] -- Searching for <ignition-sensors6> component [boundingbox_camera]
[14.277s] -- Looking for ignition-sensors6-boundingbox_camera -- found version 6.8.1
[14.278s] -- Searching for dependencies of ignition-sensors6-boundingbox_camera
[14.279s] -- Searching for <ignition-sensors6> component [segmentation_camera]
[14.281s] -- Looking for ignition-sensors6-segmentation_camera -- found version 6.8.1
[14.281s] -- Searching for dependencies of ignition-sensors6-segmentation_camera
[14.282s] -- Searching for <ignition-sensors6> component [depth_camera]
[14.284s] -- Looking for ignition-sensors6-depth_camera -- found version 6.8.1
[14.284s] -- Searching for dependencies of ignition-sensors6-depth_camera
[14.285s] -- Looking for ignition-sensors6 -- found version 6.8.1
[14.286s] -- Searching for <ignition-sensors6> component [rgbd_camera]
[14.287s] -- Looking for ignition-sensors6-rgbd_camera -- found version 6.8.1
[14.288s] -- Searching for dependencies of ignition-sensors6-rgbd_camera
[14.288s] -- Looking for ignition-sensors6 -- found version 6.8.1
[14.290s] -- Searching for <ignition-sensors6> component [thermal_camera]
[14.291s] -- Looking for ignition-sensors6-thermal_camera -- found version 6.8.1
[14.292s] -- Searching for dependencies of ignition-sensors6-thermal_camera
[14.292s] -- Looking for ignition-sensors6 -- found version 6.8.1
[14.294s] -- Looking for ignition-rendering6 -- found version 6.6.3
[14.294s] -- Looking for ignition-math6 -- found version 6.15.1
[14.295s] -- Looking for ignition-utils1 -- found version 1.5.1
[16.318s] -- Found ament_lint_auto: 0.12.11 (/opt/ros/humble/share/ament_lint_auto/cmake)
[16.380s] -- Configuring done
[16.385s] -- Generating done
[16.387s] -- Build files have been written to: /home/kylor/INF3995-102/robot/build/ros_gz_example_gazebo
[16.410s] Invoked command in '/home/kylor/INF3995-102/robot/build/ros_gz_example_gazebo' returned '0': CMAKE_PREFIX_PATH=/home/kylor/INF3995-102/robot/install/ros_gz_example_description:/home/kylor/INF3995-102/robot/install/ros_gz_example_bringup:/home/kylor/INF3995-102/robot/install/ros_gz_example_gazebo:/home/kylor/INF3995-102/robot/install/ros_gz_example_application:/opt/ros/humble IGN_GAZEBO_RESOURCE_PATH=/home/kylor/INF3995-102/robot/install/ros_gz_example_description/share/ros_gz_example_description/models:${IGN_GAZEBO_RESOURCE_PATH} /usr/bin/cmake --build /home/kylor/INF3995-102/robot/build/ros_gz_example_gazebo -- -j12 -l12
[16.412s] Invoking command in '/home/kylor/INF3995-102/robot/build/ros_gz_example_gazebo': CMAKE_PREFIX_PATH=/home/kylor/INF3995-102/robot/install/ros_gz_example_description:/home/kylor/INF3995-102/robot/install/ros_gz_example_bringup:/home/kylor/INF3995-102/robot/install/ros_gz_example_gazebo:/home/kylor/INF3995-102/robot/install/ros_gz_example_application:/opt/ros/humble IGN_GAZEBO_RESOURCE_PATH=/home/kylor/INF3995-102/robot/install/ros_gz_example_description/share/ros_gz_example_description/models:${IGN_GAZEBO_RESOURCE_PATH} /usr/bin/cmake --install /home/kylor/INF3995-102/robot/build/ros_gz_example_gazebo
[16.418s] -- Install configuration: ""
[16.419s] -- Up-to-date: /home/kylor/INF3995-102/robot/install/ros_gz_example_gazebo/share/ros_gz_example_gazebo/worlds
[16.419s] -- Installing: /home/kylor/INF3995-102/robot/install/ros_gz_example_gazebo/share/ros_gz_example_gazebo/worlds/diff_drive.sdf:Zone.Identifier
[16.419s] -- Installing: /home/kylor/INF3995-102/robot/install/ros_gz_example_gazebo/share/ros_gz_example_gazebo/worlds/diff_drive.sdf
[16.419s] -- Installing: /home/kylor/INF3995-102/robot/install/ros_gz_example_gazebo/share/ros_gz_example_gazebo/environment/ros_gz_example_gazebo.dsv
[16.419s] -- Installing: /home/kylor/INF3995-102/robot/install/ros_gz_example_gazebo/share/ros_gz_example_gazebo/environment/ros_gz_example_gazebo.sh
[16.420s] -- Installing: /home/kylor/INF3995-102/robot/install/ros_gz_example_gazebo/share/ament_index/resource_index/package_run_dependencies/ros_gz_example_gazebo
[16.420s] -- Installing: /home/kylor/INF3995-102/robot/install/ros_gz_example_gazebo/share/ament_index/resource_index/parent_prefix_path/ros_gz_example_gazebo
[16.420s] -- Installing: /home/kylor/INF3995-102/robot/install/ros_gz_example_gazebo/share/ros_gz_example_gazebo/environment/ament_prefix_path.sh
[16.420s] -- Installing: /home/kylor/INF3995-102/robot/install/ros_gz_example_gazebo/share/ros_gz_example_gazebo/environment/ament_prefix_path.dsv
[16.420s] -- Installing: /home/kylor/INF3995-102/robot/install/ros_gz_example_gazebo/share/ros_gz_example_gazebo/environment/path.sh
[16.420s] -- Installing: /home/kylor/INF3995-102/robot/install/ros_gz_example_gazebo/share/ros_gz_example_gazebo/environment/path.dsv
[16.421s] -- Installing: /home/kylor/INF3995-102/robot/install/ros_gz_example_gazebo/share/ros_gz_example_gazebo/local_setup.bash
[16.421s] -- Up-to-date: /home/kylor/INF3995-102/robot/install/ros_gz_example_gazebo/share/ros_gz_example_gazebo/local_setup.sh
[16.421s] -- Installing: /home/kylor/INF3995-102/robot/install/ros_gz_example_gazebo/share/ros_gz_example_gazebo/local_setup.zsh
[16.421s] -- Installing: /home/kylor/INF3995-102/robot/install/ros_gz_example_gazebo/share/ros_gz_example_gazebo/local_setup.dsv
[16.422s] -- Installing: /home/kylor/INF3995-102/robot/install/ros_gz_example_gazebo/share/ros_gz_example_gazebo/package.dsv
[16.422s] -- Installing: /home/kylor/INF3995-102/robot/install/ros_gz_example_gazebo/share/ament_index/resource_index/packages/ros_gz_example_gazebo
[16.422s] -- Installing: /home/kylor/INF3995-102/robot/install/ros_gz_example_gazebo/share/ros_gz_example_gazebo/cmake/ros_gz_example_gazeboConfig.cmake
[16.422s] -- Installing: /home/kylor/INF3995-102/robot/install/ros_gz_example_gazebo/share/ros_gz_example_gazebo/cmake/ros_gz_example_gazeboConfig-version.cmake
[16.422s] -- Installing: /home/kylor/INF3995-102/robot/install/ros_gz_example_gazebo/share/ros_gz_example_gazebo/package.xml
[16.423s] Invoked command in '/home/kylor/INF3995-102/robot/build/ros_gz_example_gazebo' returned '0': CMAKE_PREFIX_PATH=/home/kylor/INF3995-102/robot/install/ros_gz_example_description:/home/kylor/INF3995-102/robot/install/ros_gz_example_bringup:/home/kylor/INF3995-102/robot/install/ros_gz_example_gazebo:/home/kylor/INF3995-102/robot/install/ros_gz_example_application:/opt/ros/humble IGN_GAZEBO_RESOURCE_PATH=/home/kylor/INF3995-102/robot/install/ros_gz_example_description/share/ros_gz_example_description/models:${IGN_GAZEBO_RESOURCE_PATH} /usr/bin/cmake --install /home/kylor/INF3995-102/robot/build/ros_gz_example_gazebo
