[0.009s] Invoking command in '/home/kevin/Desktop/INF3995-102/build/ros_gz_example_bringup': AMENT_PREFIX_PATH=/home/kevin/Desktop/INF3995-102/install/ros_gz_example_gazebo:/home/kevin/Desktop/INF3995-102/install/ros_gz_example_description:${AMENT_PREFIX_PATH} CMAKE_PREFIX_PATH=/home/kevin/Desktop/INF3995-102/install/ros_gz_example_gazebo:/home/kevin/Desktop/INF3995-102/install/ros_gz_example_description:/opt/ros/humble IGN_GAZEBO_PLUGIN_PATH=/home/kevin/Desktop/INF3995-102/install/ros_gz_example_gazebo/lib/ros_gz_example_gazebo IGN_GAZEBO_RESOURCE_PATH=/home/kevin/Desktop/INF3995-102/install/ros_gz_example_gazebo/share/ros_gz_example_gazebo/worlds:/home/kevin/Desktop/INF3995-102/install/ros_gz_example_description/share/ros_gz_example_description/models /usr/bin/cmake /home/kevin/Desktop/INF3995-102/robot/gazebo/src/ros_gz_example_bringup -DCMAKE_INSTALL_PREFIX=/home/kevin/Desktop/INF3995-102/install/ros_gz_example_bringup
[0.065s] -- The C compiler identification is GNU 11.4.0
[0.119s] -- The CXX compiler identification is GNU 11.4.0
[0.129s] -- Detecting C compiler ABI info
[0.213s] -- Detecting C compiler ABI info - done
[0.222s] -- Check for working C compiler: /usr/bin/cc - skipped
[0.222s] -- Detecting C compile features
[0.223s] -- Detecting C compile features - done
[0.226s] -- Detecting CXX compiler ABI info
[0.293s] -- Detecting CXX compiler ABI info - done
[0.298s] -- Check for working CXX compiler: /usr/bin/c++ - skipped
[0.298s] -- Detecting CXX compile features
[0.299s] -- Detecting CXX compile features - done
[0.301s] -- Found ament_cmake: 1.3.11 (/opt/ros/humble/share/ament_cmake/cmake)
[0.443s] -- Found Python3: /usr/bin/python3 (found version "3.10.12") found components: Interpreter 
[0.531s] -- Found ros_gz_example_description: 0.0.0 (/home/kevin/Desktop/INF3995-102/install/ros_gz_example_description/share/ros_gz_example_description/cmake)
[0.531s] -- Found ros_gz_example_gazebo: 0.0.0 (/home/kevin/Desktop/INF3995-102/install/ros_gz_example_gazebo/share/ros_gz_example_gazebo/cmake)
[0.535s] -- Found ament_lint_auto: 0.12.11 (/opt/ros/humble/share/ament_lint_auto/cmake)
[0.607s] -- Configuring done
[0.610s] -- Generating done
[0.612s] -- Build files have been written to: /home/kevin/Desktop/INF3995-102/build/ros_gz_example_bringup
[0.616s] Invoked command in '/home/kevin/Desktop/INF3995-102/build/ros_gz_example_bringup' returned '0': AMENT_PREFIX_PATH=/home/kevin/Desktop/INF3995-102/install/ros_gz_example_gazebo:/home/kevin/Desktop/INF3995-102/install/ros_gz_example_description:${AMENT_PREFIX_PATH} CMAKE_PREFIX_PATH=/home/kevin/Desktop/INF3995-102/install/ros_gz_example_gazebo:/home/kevin/Desktop/INF3995-102/install/ros_gz_example_description:/opt/ros/humble IGN_GAZEBO_PLUGIN_PATH=/home/kevin/Desktop/INF3995-102/install/ros_gz_example_gazebo/lib/ros_gz_example_gazebo IGN_GAZEBO_RESOURCE_PATH=/home/kevin/Desktop/INF3995-102/install/ros_gz_example_gazebo/share/ros_gz_example_gazebo/worlds:/home/kevin/Desktop/INF3995-102/install/ros_gz_example_description/share/ros_gz_example_description/models /usr/bin/cmake /home/kevin/Desktop/INF3995-102/robot/gazebo/src/ros_gz_example_bringup -DCMAKE_INSTALL_PREFIX=/home/kevin/Desktop/INF3995-102/install/ros_gz_example_bringup
[0.619s] Invoking command in '/home/kevin/Desktop/INF3995-102/build/ros_gz_example_bringup': AMENT_PREFIX_PATH=/home/kevin/Desktop/INF3995-102/install/ros_gz_example_gazebo:/home/kevin/Desktop/INF3995-102/install/ros_gz_example_description:${AMENT_PREFIX_PATH} CMAKE_PREFIX_PATH=/home/kevin/Desktop/INF3995-102/install/ros_gz_example_gazebo:/home/kevin/Desktop/INF3995-102/install/ros_gz_example_description:/opt/ros/humble IGN_GAZEBO_PLUGIN_PATH=/home/kevin/Desktop/INF3995-102/install/ros_gz_example_gazebo/lib/ros_gz_example_gazebo IGN_GAZEBO_RESOURCE_PATH=/home/kevin/Desktop/INF3995-102/install/ros_gz_example_gazebo/share/ros_gz_example_gazebo/worlds:/home/kevin/Desktop/INF3995-102/install/ros_gz_example_description/share/ros_gz_example_description/models /usr/bin/cmake --build /home/kevin/Desktop/INF3995-102/build/ros_gz_example_bringup -- -j20 -l20
[0.662s] Invoked command in '/home/kevin/Desktop/INF3995-102/build/ros_gz_example_bringup' returned '0': AMENT_PREFIX_PATH=/home/kevin/Desktop/INF3995-102/install/ros_gz_example_gazebo:/home/kevin/Desktop/INF3995-102/install/ros_gz_example_description:${AMENT_PREFIX_PATH} CMAKE_PREFIX_PATH=/home/kevin/Desktop/INF3995-102/install/ros_gz_example_gazebo:/home/kevin/Desktop/INF3995-102/install/ros_gz_example_description:/opt/ros/humble IGN_GAZEBO_PLUGIN_PATH=/home/kevin/Desktop/INF3995-102/install/ros_gz_example_gazebo/lib/ros_gz_example_gazebo IGN_GAZEBO_RESOURCE_PATH=/home/kevin/Desktop/INF3995-102/install/ros_gz_example_gazebo/share/ros_gz_example_gazebo/worlds:/home/kevin/Desktop/INF3995-102/install/ros_gz_example_description/share/ros_gz_example_description/models /usr/bin/cmake --build /home/kevin/Desktop/INF3995-102/build/ros_gz_example_bringup -- -j20 -l20
[0.664s] Invoking command in '/home/kevin/Desktop/INF3995-102/build/ros_gz_example_bringup': AMENT_PREFIX_PATH=/home/kevin/Desktop/INF3995-102/install/ros_gz_example_gazebo:/home/kevin/Desktop/INF3995-102/install/ros_gz_example_description:${AMENT_PREFIX_PATH} CMAKE_PREFIX_PATH=/home/kevin/Desktop/INF3995-102/install/ros_gz_example_gazebo:/home/kevin/Desktop/INF3995-102/install/ros_gz_example_description:/opt/ros/humble IGN_GAZEBO_PLUGIN_PATH=/home/kevin/Desktop/INF3995-102/install/ros_gz_example_gazebo/lib/ros_gz_example_gazebo IGN_GAZEBO_RESOURCE_PATH=/home/kevin/Desktop/INF3995-102/install/ros_gz_example_gazebo/share/ros_gz_example_gazebo/worlds:/home/kevin/Desktop/INF3995-102/install/ros_gz_example_description/share/ros_gz_example_description/models /usr/bin/cmake --install /home/kevin/Desktop/INF3995-102/build/ros_gz_example_bringup
[0.672s] -- Install configuration: ""
[0.672s] -- Installing: /home/kevin/Desktop/INF3995-102/install/ros_gz_example_bringup/share/ros_gz_example_bringup/launch
[0.672s] -- Installing: /home/kevin/Desktop/INF3995-102/install/ros_gz_example_bringup/share/ros_gz_example_bringup/launch/random_generator.py
[0.672s] -- Installing: /home/kevin/Desktop/INF3995-102/install/ros_gz_example_bringup/share/ros_gz_example_bringup/launch/navigation2.launch.py
[0.672s] -- Installing: /home/kevin/Desktop/INF3995-102/install/ros_gz_example_bringup/share/ros_gz_example_bringup/launch/map.launch.py
[0.672s] -- Installing: /home/kevin/Desktop/INF3995-102/install/ros_gz_example_bringup/share/ros_gz_example_bringup/launch/diff_drive.launch.py
[0.672s] -- Installing: /home/kevin/Desktop/INF3995-102/install/ros_gz_example_bringup/share/ros_gz_example_bringup/config
[0.672s] -- Installing: /home/kevin/Desktop/INF3995-102/install/ros_gz_example_bringup/share/ros_gz_example_bringup/config/map_rviz.posegraph
[0.675s] -- Installing: /home/kevin/Desktop/INF3995-102/install/ros_gz_example_bringup/share/ros_gz_example_bringup/config/map_image.pgm
[0.675s] -- Installing: /home/kevin/Desktop/INF3995-102/install/ros_gz_example_bringup/share/ros_gz_example_bringup/config/nav2_config1.yaml
[0.676s] -- Installing: /home/kevin/Desktop/INF3995-102/install/ros_gz_example_bringup/share/ros_gz_example_bringup/config/ros_gz_example_bridge2.yaml
[0.676s] -- Installing: /home/kevin/Desktop/INF3995-102/install/ros_gz_example_bringup/share/ros_gz_example_bringup/config/limo_diff_drive.rviz
[0.676s] -- Installing: /home/kevin/Desktop/INF3995-102/install/ros_gz_example_bringup/share/ros_gz_example_bringup/config/nav2_config2.yaml
[0.676s] -- Installing: /home/kevin/Desktop/INF3995-102/install/ros_gz_example_bringup/share/ros_gz_example_bringup/config/slam_config2.yaml
[0.676s] -- Installing: /home/kevin/Desktop/INF3995-102/install/ros_gz_example_bringup/share/ros_gz_example_bringup/config/map_rviz.data
[0.677s] -- Installing: /home/kevin/Desktop/INF3995-102/install/ros_gz_example_bringup/share/ros_gz_example_bringup/config/cartographer_2d.lua
[0.677s] -- Installing: /home/kevin/Desktop/INF3995-102/install/ros_gz_example_bringup/share/ros_gz_example_bringup/config/ros_gz_example_bridge1.yaml
[0.677s] -- Installing: /home/kevin/Desktop/INF3995-102/install/ros_gz_example_bringup/share/ros_gz_example_bringup/config/diff_drive.rviz
[0.677s] -- Installing: /home/kevin/Desktop/INF3995-102/install/ros_gz_example_bringup/share/ros_gz_example_bringup/config/slam_config1.yaml
[0.677s] -- Installing: /home/kevin/Desktop/INF3995-102/install/ros_gz_example_bringup/share/ros_gz_example_bringup/config/map_image.yaml
[0.677s] -- Installing: /home/kevin/Desktop/INF3995-102/install/ros_gz_example_bringup/share/ament_index/resource_index/package_run_dependencies/ros_gz_example_bringup
[0.677s] -- Installing: /home/kevin/Desktop/INF3995-102/install/ros_gz_example_bringup/share/ament_index/resource_index/parent_prefix_path/ros_gz_example_bringup
[0.677s] -- Installing: /home/kevin/Desktop/INF3995-102/install/ros_gz_example_bringup/share/ros_gz_example_bringup/environment/ament_prefix_path.sh
[0.677s] -- Installing: /home/kevin/Desktop/INF3995-102/install/ros_gz_example_bringup/share/ros_gz_example_bringup/environment/ament_prefix_path.dsv
[0.677s] -- Installing: /home/kevin/Desktop/INF3995-102/install/ros_gz_example_bringup/share/ros_gz_example_bringup/environment/path.sh
[0.677s] -- Installing: /home/kevin/Desktop/INF3995-102/install/ros_gz_example_bringup/share/ros_gz_example_bringup/environment/path.dsv
[0.678s] -- Installing: /home/kevin/Desktop/INF3995-102/install/ros_gz_example_bringup/share/ros_gz_example_bringup/local_setup.bash
[0.678s] -- Installing: /home/kevin/Desktop/INF3995-102/install/ros_gz_example_bringup/share/ros_gz_example_bringup/local_setup.sh
[0.678s] -- Installing: /home/kevin/Desktop/INF3995-102/install/ros_gz_example_bringup/share/ros_gz_example_bringup/local_setup.zsh
[0.678s] -- Installing: /home/kevin/Desktop/INF3995-102/install/ros_gz_example_bringup/share/ros_gz_example_bringup/local_setup.dsv
[0.678s] -- Installing: /home/kevin/Desktop/INF3995-102/install/ros_gz_example_bringup/share/ros_gz_example_bringup/package.dsv
[0.678s] -- Installing: /home/kevin/Desktop/INF3995-102/install/ros_gz_example_bringup/share/ament_index/resource_index/packages/ros_gz_example_bringup
[0.678s] -- Installing: /home/kevin/Desktop/INF3995-102/install/ros_gz_example_bringup/share/ros_gz_example_bringup/cmake/ros_gz_example_bringupConfig.cmake
[0.678s] -- Installing: /home/kevin/Desktop/INF3995-102/install/ros_gz_example_bringup/share/ros_gz_example_bringup/cmake/ros_gz_example_bringupConfig-version.cmake
[0.678s] -- Installing: /home/kevin/Desktop/INF3995-102/install/ros_gz_example_bringup/share/ros_gz_example_bringup/package.xml
[0.682s] Invoked command in '/home/kevin/Desktop/INF3995-102/build/ros_gz_example_bringup' returned '0': AMENT_PREFIX_PATH=/home/kevin/Desktop/INF3995-102/install/ros_gz_example_gazebo:/home/kevin/Desktop/INF3995-102/install/ros_gz_example_description:${AMENT_PREFIX_PATH} CMAKE_PREFIX_PATH=/home/kevin/Desktop/INF3995-102/install/ros_gz_example_gazebo:/home/kevin/Desktop/INF3995-102/install/ros_gz_example_description:/opt/ros/humble IGN_GAZEBO_PLUGIN_PATH=/home/kevin/Desktop/INF3995-102/install/ros_gz_example_gazebo/lib/ros_gz_example_gazebo IGN_GAZEBO_RESOURCE_PATH=/home/kevin/Desktop/INF3995-102/install/ros_gz_example_gazebo/share/ros_gz_example_gazebo/worlds:/home/kevin/Desktop/INF3995-102/install/ros_gz_example_description/share/ros_gz_example_description/models /usr/bin/cmake --install /home/kevin/Desktop/INF3995-102/build/ros_gz_example_bringup
