[0.214s] Invoking command in '/home/isshadd/INF3995-102/robot/gazebo2/build/ros_gz_example_description': CMAKE_PREFIX_PATH=${CMAKE_PREFIX_PATH}:/home/isshadd/INF3995-102/robot/install/voice_control:/home/isshadd/INF3995-102/robot/install/identification:/home/isshadd/INF3995-102/robot/install/control:/home/isshadd/INF3995-102/robot/install/communication:/opt/ros/humble /usr/bin/cmake --build /home/isshadd/INF3995-102/robot/gazebo2/build/ros_gz_example_description -- -j8 -l8
[1.215s] Invoked command in '/home/isshadd/INF3995-102/robot/gazebo2/build/ros_gz_example_description' returned '0': CMAKE_PREFIX_PATH=${CMAKE_PREFIX_PATH}:/home/isshadd/INF3995-102/robot/install/voice_control:/home/isshadd/INF3995-102/robot/install/identification:/home/isshadd/INF3995-102/robot/install/control:/home/isshadd/INF3995-102/robot/install/communication:/opt/ros/humble /usr/bin/cmake --build /home/isshadd/INF3995-102/robot/gazebo2/build/ros_gz_example_description -- -j8 -l8
[1.266s] Invoking command in '/home/isshadd/INF3995-102/robot/gazebo2/build/ros_gz_example_description': CMAKE_PREFIX_PATH=${CMAKE_PREFIX_PATH}:/home/isshadd/INF3995-102/robot/install/voice_control:/home/isshadd/INF3995-102/robot/install/identification:/home/isshadd/INF3995-102/robot/install/control:/home/isshadd/INF3995-102/robot/install/communication:/opt/ros/humble /usr/bin/cmake --install /home/isshadd/INF3995-102/robot/gazebo2/build/ros_gz_example_description
[1.314s] -- Install configuration: ""
[1.342s] -- Up-to-date: /home/isshadd/INF3995-102/robot/gazebo2/install/ros_gz_example_description/share/ros_gz_example_description/models
[1.347s] -- Up-to-date: /home/isshadd/INF3995-102/robot/gazebo2/install/ros_gz_example_description/share/ros_gz_example_description/models/limo_ackerman
[1.354s] -- Up-to-date: /home/isshadd/INF3995-102/robot/gazebo2/install/ros_gz_example_description/share/ros_gz_example_description/models/limo_ackerman/model.config
[1.356s] -- Up-to-date: /home/isshadd/INF3995-102/robot/gazebo2/install/ros_gz_example_description/share/ros_gz_example_description/models/limo_ackerman/model.sdf
[1.357s] -- Up-to-date: /home/isshadd/INF3995-102/robot/gazebo2/install/ros_gz_example_description/share/ros_gz_example_description/models/limo_ackerman/meshes
[1.357s] -- Up-to-date: /home/isshadd/INF3995-102/robot/gazebo2/install/ros_gz_example_description/share/ros_gz_example_description/models/limo_ackerman/meshes/limo_wheel.dae
[1.365s] -- Up-to-date: /home/isshadd/INF3995-102/robot/gazebo2/install/ros_gz_example_description/share/ros_gz_example_description/models/limo_ackerman/meshes/limo_base.stl
[1.367s] -- Up-to-date: /home/isshadd/INF3995-102/robot/gazebo2/install/ros_gz_example_description/share/ros_gz_example_description/models/limo_ackerman/meshes/limo_base.dae
[1.375s] -- Up-to-date: /home/isshadd/INF3995-102/robot/gazebo2/install/ros_gz_example_description/share/ros_gz_example_description/models/limo_ackerman/meshes/limo_wheel.stl
[1.375s] -- Up-to-date: /home/isshadd/INF3995-102/robot/gazebo2/install/ros_gz_example_description/share/ros_gz_example_description/models/limo_diff_drive
[1.377s] -- Up-to-date: /home/isshadd/INF3995-102/robot/gazebo2/install/ros_gz_example_description/share/ros_gz_example_description/models/limo_diff_drive/model.config
[1.377s] -- Up-to-date: /home/isshadd/INF3995-102/robot/gazebo2/install/ros_gz_example_description/share/ros_gz_example_description/models/limo_diff_drive/model.sdf
[1.377s] -- Up-to-date: /home/isshadd/INF3995-102/robot/gazebo2/install/ros_gz_example_description/share/ros_gz_example_description/models/limo_diff_drive/meshes
[1.377s] -- Up-to-date: /home/isshadd/INF3995-102/robot/gazebo2/install/ros_gz_example_description/share/ros_gz_example_description/models/limo_diff_drive/meshes/limo_wheel.dae
[1.378s] -- Up-to-date: /home/isshadd/INF3995-102/robot/gazebo2/install/ros_gz_example_description/share/ros_gz_example_description/models/limo_diff_drive/meshes/limo_base.stl
[1.378s] -- Up-to-date: /home/isshadd/INF3995-102/robot/gazebo2/install/ros_gz_example_description/share/ros_gz_example_description/models/limo_diff_drive/meshes/limo_base.dae
[1.399s] -- Up-to-date: /home/isshadd/INF3995-102/robot/gazebo2/install/ros_gz_example_description/share/ros_gz_example_description/models/limo_diff_drive/meshes/limo_wheel.stl
[1.400s] -- Up-to-date: /home/isshadd/INF3995-102/robot/gazebo2/install/ros_gz_example_description/share/ros_gz_example_description/environment/ros_gz_example_description.dsv
[1.400s] -- Up-to-date: /home/isshadd/INF3995-102/robot/gazebo2/install/ros_gz_example_description/share/ros_gz_example_description/environment/ros_gz_example_description.sh
[1.401s] -- Up-to-date: /home/isshadd/INF3995-102/robot/gazebo2/install/ros_gz_example_description/share/ament_index/resource_index/package_run_dependencies/ros_gz_example_description
[1.401s] -- Up-to-date: /home/isshadd/INF3995-102/robot/gazebo2/install/ros_gz_example_description/share/ament_index/resource_index/parent_prefix_path/ros_gz_example_description
[1.401s] -- Up-to-date: /home/isshadd/INF3995-102/robot/gazebo2/install/ros_gz_example_description/share/ros_gz_example_description/environment/ament_prefix_path.sh
[1.401s] -- Up-to-date: /home/isshadd/INF3995-102/robot/gazebo2/install/ros_gz_example_description/share/ros_gz_example_description/environment/ament_prefix_path.dsv
[1.402s] -- Up-to-date: /home/isshadd/INF3995-102/robot/gazebo2/install/ros_gz_example_description/share/ros_gz_example_description/environment/path.sh
[1.402s] -- Up-to-date: /home/isshadd/INF3995-102/robot/gazebo2/install/ros_gz_example_description/share/ros_gz_example_description/environment/path.dsv
[1.402s] -- Up-to-date: /home/isshadd/INF3995-102/robot/gazebo2/install/ros_gz_example_description/share/ros_gz_example_description/local_setup.bash
[1.402s] -- Up-to-date: /home/isshadd/INF3995-102/robot/gazebo2/install/ros_gz_example_description/share/ros_gz_example_description/local_setup.sh
[1.402s] -- Up-to-date: /home/isshadd/INF3995-102/robot/gazebo2/install/ros_gz_example_description/share/ros_gz_example_description/local_setup.zsh
[1.403s] -- Up-to-date: /home/isshadd/INF3995-102/robot/gazebo2/install/ros_gz_example_description/share/ros_gz_example_description/local_setup.dsv
[1.403s] -- Installing: /home/isshadd/INF3995-102/robot/gazebo2/install/ros_gz_example_description/share/ros_gz_example_description/package.dsv
[1.403s] -- Up-to-date: /home/isshadd/INF3995-102/robot/gazebo2/install/ros_gz_example_description/share/ament_index/resource_index/packages/ros_gz_example_description
[1.403s] -- Up-to-date: /home/isshadd/INF3995-102/robot/gazebo2/install/ros_gz_example_description/share/ros_gz_example_description/cmake/ros_gz_example_descriptionConfig.cmake
[1.403s] -- Up-to-date: /home/isshadd/INF3995-102/robot/gazebo2/install/ros_gz_example_description/share/ros_gz_example_description/cmake/ros_gz_example_descriptionConfig-version.cmake
[1.404s] -- Up-to-date: /home/isshadd/INF3995-102/robot/gazebo2/install/ros_gz_example_description/share/ros_gz_example_description/package.xml
[1.422s] Invoked command in '/home/isshadd/INF3995-102/robot/gazebo2/build/ros_gz_example_description' returned '0': CMAKE_PREFIX_PATH=${CMAKE_PREFIX_PATH}:/home/isshadd/INF3995-102/robot/install/voice_control:/home/isshadd/INF3995-102/robot/install/identification:/home/isshadd/INF3995-102/robot/install/control:/home/isshadd/INF3995-102/robot/install/communication:/opt/ros/humble /usr/bin/cmake --install /home/isshadd/INF3995-102/robot/gazebo2/build/ros_gz_example_description
