[0.026s] Invoking command in '/home/kylor/INF3995-102/robot/build/ros_gz_example_description': /usr/bin/cmake /home/kylor/INF3995-102/robot/src/ros_gz_example_description -DBUILD_TESTING=ON -DCMAKE_INSTALL_PREFIX=/home/kylor/INF3995-102/robot/install/ros_gz_example_description
[0.433s] -- The C compiler identification is GNU 11.4.0
[1.191s] -- The CXX compiler identification is GNU 11.4.0
[1.559s] -- Detecting C compiler ABI info
[1.723s] -- Detecting C compiler ABI info - done
[1.734s] -- Check for working C compiler: /usr/bin/cc - skipped
[1.735s] -- Detecting C compile features
[1.737s] -- Detecting C compile features - done
[1.743s] -- Detecting CXX compiler ABI info
[1.947s] -- Detecting CXX compiler ABI info - done
[1.958s] -- Check for working CXX compiler: /usr/bin/c++ - skipped
[1.958s] -- Detecting CXX compile features
[1.959s] -- Detecting CXX compile features - done
[2.563s] [31mCMake Error at CMakeLists.txt:5 (find_package):
[2.563s]   By not providing "Findament_cmake.cmake" in CMAKE_MODULE_PATH this project
[2.563s]   has asked CMake to find a package configuration file provided by
[2.563s]   "ament_cmake", but CMake did not find one.
[2.563s] 
[2.563s]   Could not find a package configuration file provided by "ament_cmake" with
[2.563s]   any of the following names:
[2.563s] 
[2.563s]     ament_cmakeConfig.cmake
[2.563s]     ament_cmake-config.cmake
[2.564s] 
[2.564s]   Add the installation prefix of "ament_cmake" to CMAKE_PREFIX_PATH or set
[2.564s]   "ament_cmake_DIR" to a directory containing one of the above files.  If
[2.564s]   "ament_cmake" provides a separate development package or SDK, be sure it
[2.564s]   has been installed.
[2.564s] 
[2.564s] [0m
[2.566s] -- Configuring incomplete, errors occurred!
[2.566s] See also "/home/kylor/INF3995-102/robot/build/ros_gz_example_description/CMakeFiles/CMakeOutput.log".
[2.572s] Invoked command in '/home/kylor/INF3995-102/robot/build/ros_gz_example_description' returned '1': /usr/bin/cmake /home/kylor/INF3995-102/robot/src/ros_gz_example_description -DBUILD_TESTING=ON -DCMAKE_INSTALL_PREFIX=/home/kylor/INF3995-102/robot/install/ros_gz_example_description
