[0.030s] Invoking command in '/home/kevin/INF3995-102/robot/build/ros_gz_example_description': CMAKE_PREFIX_PATH=/opt/ros/humble /usr/bin/cmake /home/kevin/INF3995-102/robot/src/ros_gz_example_description -DBUILD_TESTING=ON -DCMAKE_INSTALL_PREFIX=/home/kevin/INF3995-102/robot/install/ros_gz_example_description
[0.142s] -- Found ament_cmake: 1.3.11 (/opt/ros/humble/share/ament_cmake/cmake)
[0.365s] -- Found Python3: /usr/bin/python3 (found version "3.10.12") found components: Interpreter 
[0.524s] -- Found ament_lint_auto: 0.12.11 (/opt/ros/humble/share/ament_lint_auto/cmake)
[0.619s] -- Configuring done
[0.626s] -- Generating done
[0.629s] -- Build files have been written to: /home/kevin/INF3995-102/robot/build/ros_gz_example_description
[0.641s] Invoked command in '/home/kevin/INF3995-102/robot/build/ros_gz_example_description' returned '0': CMAKE_PREFIX_PATH=/opt/ros/humble /usr/bin/cmake /home/kevin/INF3995-102/robot/src/ros_gz_example_description -DBUILD_TESTING=ON -DCMAKE_INSTALL_PREFIX=/home/kevin/INF3995-102/robot/install/ros_gz_example_description
[0.644s] Invoking command in '/home/kevin/INF3995-102/robot/build/ros_gz_example_description': CMAKE_PREFIX_PATH=/opt/ros/humble /usr/bin/cmake --build /home/kevin/INF3995-102/robot/build/ros_gz_example_description -- -j20 -l20
[0.686s] Invoked command in '/home/kevin/INF3995-102/robot/build/ros_gz_example_description' returned '0': CMAKE_PREFIX_PATH=/opt/ros/humble /usr/bin/cmake --build /home/kevin/INF3995-102/robot/build/ros_gz_example_description -- -j20 -l20
[0.699s] Invoking command in '/home/kevin/INF3995-102/robot/build/ros_gz_example_description': CMAKE_PREFIX_PATH=/opt/ros/humble /usr/bin/cmake --install /home/kevin/INF3995-102/robot/build/ros_gz_example_description
[0.706s] -- Install configuration: ""
[0.707s] -- Installing: /home/kevin/INF3995-102/robot/install/ros_gz_example_description/share/ros_gz_example_description/models
[0.708s] -- Installing: /home/kevin/INF3995-102/robot/install/ros_gz_example_description/share/ros_gz_example_description/models/limo_diff_drive
[0.708s] -- Installing: /home/kevin/INF3995-102/robot/install/ros_gz_example_description/share/ros_gz_example_description/models/limo_diff_drive/model.sdf
[0.709s] -- Installing: /home/kevin/INF3995-102/robot/install/ros_gz_example_description/share/ros_gz_example_description/models/limo_diff_drive/model.config:Zone.Identifier
[0.710s] -- Installing: /home/kevin/INF3995-102/robot/install/ros_gz_example_description/share/ros_gz_example_description/models/limo_diff_drive/model.sdf:Zone.Identifier
[0.710s] -- Installing: /home/kevin/INF3995-102/robot/install/ros_gz_example_description/share/ros_gz_example_description/models/limo_diff_drive/meshes
[0.710s] -- Installing: /home/kevin/INF3995-102/robot/install/ros_gz_example_description/share/ros_gz_example_description/models/limo_diff_drive/meshes/limo_base.dae:Zone.Identifier
[0.710s] -- Installing: /home/kevin/INF3995-102/robot/install/ros_gz_example_description/share/ros_gz_example_description/models/limo_diff_drive/meshes/limo_base.stl
[0.809s] -- Installing: /home/kevin/INF3995-102/robot/install/ros_gz_example_description/share/ros_gz_example_description/models/limo_diff_drive/meshes/limo_wheel.dae:Zone.Identifier
[0.809s] -- Installing: /home/kevin/INF3995-102/robot/install/ros_gz_example_description/share/ros_gz_example_description/models/limo_diff_drive/meshes/limo_base.dae
[0.949s] -- Installing: /home/kevin/INF3995-102/robot/install/ros_gz_example_description/share/ros_gz_example_description/models/limo_diff_drive/meshes/limo_wheel.stl
[0.969s] -- Installing: /home/kevin/INF3995-102/robot/install/ros_gz_example_description/share/ros_gz_example_description/models/limo_diff_drive/meshes/limo_base.stl:Zone.Identifier
[0.969s] -- Installing: /home/kevin/INF3995-102/robot/install/ros_gz_example_description/share/ros_gz_example_description/models/limo_diff_drive/meshes/limo_wheel.stl:Zone.Identifier
[0.969s] -- Installing: /home/kevin/INF3995-102/robot/install/ros_gz_example_description/share/ros_gz_example_description/models/limo_diff_drive/meshes/limo_wheel.dae
[0.999s] -- Installing: /home/kevin/INF3995-102/robot/install/ros_gz_example_description/share/ros_gz_example_description/models/limo_diff_drive/model.config
[1.000s] -- Installing: /home/kevin/INF3995-102/robot/install/ros_gz_example_description/share/ros_gz_example_description/models/limo_ackerman
[1.000s] -- Installing: /home/kevin/INF3995-102/robot/install/ros_gz_example_description/share/ros_gz_example_description/models/limo_ackerman/model.sdf
[1.001s] -- Installing: /home/kevin/INF3995-102/robot/install/ros_gz_example_description/share/ros_gz_example_description/models/limo_ackerman/model.config:Zone.Identifier
[1.001s] -- Installing: /home/kevin/INF3995-102/robot/install/ros_gz_example_description/share/ros_gz_example_description/models/limo_ackerman/model.sdf:Zone.Identifier
[1.002s] -- Installing: /home/kevin/INF3995-102/robot/install/ros_gz_example_description/share/ros_gz_example_description/models/limo_ackerman/meshes
[1.002s] -- Installing: /home/kevin/INF3995-102/robot/install/ros_gz_example_description/share/ros_gz_example_description/models/limo_ackerman/meshes/limo_base.dae:Zone.Identifier
[1.002s] -- Installing: /home/kevin/INF3995-102/robot/install/ros_gz_example_description/share/ros_gz_example_description/models/limo_ackerman/meshes/limo_base.stl
[1.102s] -- Installing: /home/kevin/INF3995-102/robot/install/ros_gz_example_description/share/ros_gz_example_description/models/limo_ackerman/meshes/limo_wheel.dae:Zone.Identifier
[1.103s] -- Installing: /home/kevin/INF3995-102/robot/install/ros_gz_example_description/share/ros_gz_example_description/models/limo_ackerman/meshes/limo_base.dae
[1.250s] -- Installing: /home/kevin/INF3995-102/robot/install/ros_gz_example_description/share/ros_gz_example_description/models/limo_ackerman/meshes/limo_wheel.stl
[1.287s] -- Installing: /home/kevin/INF3995-102/robot/install/ros_gz_example_description/share/ros_gz_example_description/models/limo_ackerman/meshes/limo_base.stl:Zone.Identifier
[1.287s] -- Installing: /home/kevin/INF3995-102/robot/install/ros_gz_example_description/share/ros_gz_example_description/models/limo_ackerman/meshes/limo_wheel.stl:Zone.Identifier
[1.287s] -- Installing: /home/kevin/INF3995-102/robot/install/ros_gz_example_description/share/ros_gz_example_description/models/limo_ackerman/meshes/limo_wheel.dae
[1.323s] -- Installing: /home/kevin/INF3995-102/robot/install/ros_gz_example_description/share/ros_gz_example_description/models/limo_ackerman/model.config
[1.324s] -- Installing: /home/kevin/INF3995-102/robot/install/ros_gz_example_description/share/ros_gz_example_description/environment/ros_gz_example_description.dsv
[1.324s] -- Installing: /home/kevin/INF3995-102/robot/install/ros_gz_example_description/share/ros_gz_example_description/environment/ros_gz_example_description.sh
[1.325s] -- Installing: /home/kevin/INF3995-102/robot/install/ros_gz_example_description/share/ament_index/resource_index/package_run_dependencies/ros_gz_example_description
[1.325s] -- Installing: /home/kevin/INF3995-102/robot/install/ros_gz_example_description/share/ament_index/resource_index/parent_prefix_path/ros_gz_example_description
[1.325s] -- Installing: /home/kevin/INF3995-102/robot/install/ros_gz_example_description/share/ros_gz_example_description/environment/ament_prefix_path.sh
[1.326s] -- Installing: /home/kevin/INF3995-102/robot/install/ros_gz_example_description/share/ros_gz_example_description/environment/ament_prefix_path.dsv
[1.326s] -- Installing: /home/kevin/INF3995-102/robot/install/ros_gz_example_description/share/ros_gz_example_description/environment/path.sh
[1.326s] -- Installing: /home/kevin/INF3995-102/robot/install/ros_gz_example_description/share/ros_gz_example_description/environment/path.dsv
[1.327s] -- Installing: /home/kevin/INF3995-102/robot/install/ros_gz_example_description/share/ros_gz_example_description/local_setup.bash
[1.327s] -- Installing: /home/kevin/INF3995-102/robot/install/ros_gz_example_description/share/ros_gz_example_description/local_setup.sh
[1.327s] -- Installing: /home/kevin/INF3995-102/robot/install/ros_gz_example_description/share/ros_gz_example_description/local_setup.zsh
[1.328s] -- Installing: /home/kevin/INF3995-102/robot/install/ros_gz_example_description/share/ros_gz_example_description/local_setup.dsv
[1.328s] -- Installing: /home/kevin/INF3995-102/robot/install/ros_gz_example_description/share/ros_gz_example_description/package.dsv
[1.328s] -- Installing: /home/kevin/INF3995-102/robot/install/ros_gz_example_description/share/ament_index/resource_index/packages/ros_gz_example_description
[1.328s] -- Installing: /home/kevin/INF3995-102/robot/install/ros_gz_example_description/share/ros_gz_example_description/cmake/ros_gz_example_descriptionConfig.cmake
[1.329s] -- Installing: /home/kevin/INF3995-102/robot/install/ros_gz_example_description/share/ros_gz_example_description/cmake/ros_gz_example_descriptionConfig-version.cmake
[1.330s] -- Installing: /home/kevin/INF3995-102/robot/install/ros_gz_example_description/share/ros_gz_example_description/package.xml
[1.332s] Invoked command in '/home/kevin/INF3995-102/robot/build/ros_gz_example_description' returned '0': CMAKE_PREFIX_PATH=/opt/ros/humble /usr/bin/cmake --install /home/kevin/INF3995-102/robot/build/ros_gz_example_description
