[0.050s] Invoking command in '/home/kevin/Desktop/INF3995-102/build/ros_gz_example_description': CMAKE_PREFIX_PATH=/opt/ros/humble /usr/bin/cmake /home/kevin/Desktop/INF3995-102/robot/gazebo/src/ros_gz_example_description -DCMAKE_INSTALL_PREFIX=/home/kevin/Desktop/INF3995-102/install/ros_gz_example_description
[0.726s] -- The C compiler identification is GNU 11.4.0
[0.726s] -- The CXX compiler identification is GNU 11.4.0
[0.726s] -- Detecting C compiler ABI info
[0.726s] -- Detecting C compiler ABI info - done
[0.726s] -- Check for working C compiler: /usr/bin/cc - skipped
[0.726s] -- Detecting C compile features
[0.726s] -- Detecting C compile features - done
[0.726s] -- Detecting CXX compiler ABI info
[0.726s] -- Detecting CXX compiler ABI info - done
[0.726s] -- Check for working CXX compiler: /usr/bin/c++ - skipped
[0.726s] -- Detecting CXX compile features
[0.726s] -- Detecting CXX compile features - done
[0.726s] -- Found ament_cmake: 1.3.11 (/opt/ros/humble/share/ament_cmake/cmake)
[0.726s] -- Found Python3: /usr/bin/python3 (found version "3.10.12") found components: Interpreter 
[0.726s] -- Found ament_lint_auto: 0.12.11 (/opt/ros/humble/share/ament_lint_auto/cmake)
[0.726s] -- Configuring done
[0.726s] -- Generating done
[0.726s] -- Build files have been written to: /home/kevin/Desktop/INF3995-102/build/ros_gz_example_description
[0.729s] Invoked command in '/home/kevin/Desktop/INF3995-102/build/ros_gz_example_description' returned '0': CMAKE_PREFIX_PATH=/opt/ros/humble /usr/bin/cmake /home/kevin/Desktop/INF3995-102/robot/gazebo/src/ros_gz_example_description -DCMAKE_INSTALL_PREFIX=/home/kevin/Desktop/INF3995-102/install/ros_gz_example_description
[0.732s] Invoking command in '/home/kevin/Desktop/INF3995-102/build/ros_gz_example_description': CMAKE_PREFIX_PATH=/opt/ros/humble /usr/bin/cmake --build /home/kevin/Desktop/INF3995-102/build/ros_gz_example_description -- -j20 -l20
[0.776s] Invoked command in '/home/kevin/Desktop/INF3995-102/build/ros_gz_example_description' returned '0': CMAKE_PREFIX_PATH=/opt/ros/humble /usr/bin/cmake --build /home/kevin/Desktop/INF3995-102/build/ros_gz_example_description -- -j20 -l20
[0.788s] Invoking command in '/home/kevin/Desktop/INF3995-102/build/ros_gz_example_description': CMAKE_PREFIX_PATH=/opt/ros/humble /usr/bin/cmake --install /home/kevin/Desktop/INF3995-102/build/ros_gz_example_description
[0.796s] -- Install configuration: ""
[0.796s] -- Installing: /home/kevin/Desktop/INF3995-102/install/ros_gz_example_description/share/ros_gz_example_description/models
[0.796s] -- Installing: /home/kevin/Desktop/INF3995-102/install/ros_gz_example_description/share/ros_gz_example_description/models/limo_diff_drive1
[0.796s] -- Installing: /home/kevin/Desktop/INF3995-102/install/ros_gz_example_description/share/ros_gz_example_description/models/limo_diff_drive1/limo1.sdf
[0.796s] -- Installing: /home/kevin/Desktop/INF3995-102/install/ros_gz_example_description/share/ros_gz_example_description/models/limo_diff_drive1/meshes
[0.796s] -- Installing: /home/kevin/Desktop/INF3995-102/install/ros_gz_example_description/share/ros_gz_example_description/models/limo_diff_drive1/meshes/limo_wheel.stl
[0.803s] -- Installing: /home/kevin/Desktop/INF3995-102/install/ros_gz_example_description/share/ros_gz_example_description/models/limo_diff_drive1/meshes/limo_wheel.dae
[0.816s] -- Installing: /home/kevin/Desktop/INF3995-102/install/ros_gz_example_description/share/ros_gz_example_description/models/limo_diff_drive1/meshes/limo_base.stl
[0.854s] -- Installing: /home/kevin/Desktop/INF3995-102/install/ros_gz_example_description/share/ros_gz_example_description/models/limo_diff_drive1/meshes/limo_base.dae
[0.925s] -- Installing: /home/kevin/Desktop/INF3995-102/install/ros_gz_example_description/share/ros_gz_example_description/models/limo_diff_drive1/model.config
[0.925s] -- Installing: /home/kevin/Desktop/INF3995-102/install/ros_gz_example_description/share/ros_gz_example_description/models/limo_ackerman
[0.925s] -- Installing: /home/kevin/Desktop/INF3995-102/install/ros_gz_example_description/share/ros_gz_example_description/models/limo_ackerman/meshes
[0.925s] -- Installing: /home/kevin/Desktop/INF3995-102/install/ros_gz_example_description/share/ros_gz_example_description/models/limo_ackerman/meshes/limo_wheel.stl
[0.930s] -- Installing: /home/kevin/Desktop/INF3995-102/install/ros_gz_example_description/share/ros_gz_example_description/models/limo_ackerman/meshes/limo_wheel.dae
[0.944s] -- Installing: /home/kevin/Desktop/INF3995-102/install/ros_gz_example_description/share/ros_gz_example_description/models/limo_ackerman/meshes/limo_base.stl
[0.991s] -- Installing: /home/kevin/Desktop/INF3995-102/install/ros_gz_example_description/share/ros_gz_example_description/models/limo_ackerman/meshes/limo_base.dae
[1.055s] -- Installing: /home/kevin/Desktop/INF3995-102/install/ros_gz_example_description/share/ros_gz_example_description/models/limo_ackerman/model.config
[1.055s] -- Installing: /home/kevin/Desktop/INF3995-102/install/ros_gz_example_description/share/ros_gz_example_description/models/limo_ackerman/model.sdf
[1.056s] -- Installing: /home/kevin/Desktop/INF3995-102/install/ros_gz_example_description/share/ros_gz_example_description/models/limo_diff_drive2
[1.056s] -- Installing: /home/kevin/Desktop/INF3995-102/install/ros_gz_example_description/share/ros_gz_example_description/models/limo_diff_drive2/meshes
[1.056s] -- Installing: /home/kevin/Desktop/INF3995-102/install/ros_gz_example_description/share/ros_gz_example_description/models/limo_diff_drive2/meshes/limo_wheel.stl
[1.065s] -- Installing: /home/kevin/Desktop/INF3995-102/install/ros_gz_example_description/share/ros_gz_example_description/models/limo_diff_drive2/meshes/limo_wheel.dae
[1.080s] -- Installing: /home/kevin/Desktop/INF3995-102/install/ros_gz_example_description/share/ros_gz_example_description/models/limo_diff_drive2/meshes/limo_base.stl
[1.128s] -- Installing: /home/kevin/Desktop/INF3995-102/install/ros_gz_example_description/share/ros_gz_example_description/models/limo_diff_drive2/meshes/limo_base.dae
[1.196s] -- Installing: /home/kevin/Desktop/INF3995-102/install/ros_gz_example_description/share/ros_gz_example_description/models/limo_diff_drive2/model.config
[1.196s] -- Installing: /home/kevin/Desktop/INF3995-102/install/ros_gz_example_description/share/ros_gz_example_description/models/limo_diff_drive2/limo2.sdf
[1.196s] -- Installing: /home/kevin/Desktop/INF3995-102/install/ros_gz_example_description/share/ros_gz_example_description/environment/ros_gz_example_description.dsv
[1.196s] -- Installing: /home/kevin/Desktop/INF3995-102/install/ros_gz_example_description/share/ros_gz_example_description/environment/ros_gz_example_description.sh
[1.196s] -- Installing: /home/kevin/Desktop/INF3995-102/install/ros_gz_example_description/share/ament_index/resource_index/package_run_dependencies/ros_gz_example_description
[1.197s] -- Installing: /home/kevin/Desktop/INF3995-102/install/ros_gz_example_description/share/ament_index/resource_index/parent_prefix_path/ros_gz_example_description
[1.197s] -- Installing: /home/kevin/Desktop/INF3995-102/install/ros_gz_example_description/share/ros_gz_example_description/environment/ament_prefix_path.sh
[1.197s] -- Installing: /home/kevin/Desktop/INF3995-102/install/ros_gz_example_description/share/ros_gz_example_description/environment/ament_prefix_path.dsv
[1.197s] -- Installing: /home/kevin/Desktop/INF3995-102/install/ros_gz_example_description/share/ros_gz_example_description/environment/path.sh
[1.197s] -- Installing: /home/kevin/Desktop/INF3995-102/install/ros_gz_example_description/share/ros_gz_example_description/environment/path.dsv
[1.198s] -- Installing: /home/kevin/Desktop/INF3995-102/install/ros_gz_example_description/share/ros_gz_example_description/local_setup.bash
[1.198s] -- Installing: /home/kevin/Desktop/INF3995-102/install/ros_gz_example_description/share/ros_gz_example_description/local_setup.sh
[1.198s] -- Installing: /home/kevin/Desktop/INF3995-102/install/ros_gz_example_description/share/ros_gz_example_description/local_setup.zsh
[1.198s] -- Installing: /home/kevin/Desktop/INF3995-102/install/ros_gz_example_description/share/ros_gz_example_description/local_setup.dsv
[1.198s] -- Installing: /home/kevin/Desktop/INF3995-102/install/ros_gz_example_description/share/ros_gz_example_description/package.dsv
[1.199s] -- Installing: /home/kevin/Desktop/INF3995-102/install/ros_gz_example_description/share/ament_index/resource_index/packages/ros_gz_example_description
[1.199s] -- Installing: /home/kevin/Desktop/INF3995-102/install/ros_gz_example_description/share/ros_gz_example_description/cmake/ros_gz_example_descriptionConfig.cmake
[1.199s] -- Installing: /home/kevin/Desktop/INF3995-102/install/ros_gz_example_description/share/ros_gz_example_description/cmake/ros_gz_example_descriptionConfig-version.cmake
[1.199s] -- Installing: /home/kevin/Desktop/INF3995-102/install/ros_gz_example_description/share/ros_gz_example_description/package.xml
[1.202s] Invoked command in '/home/kevin/Desktop/INF3995-102/build/ros_gz_example_description' returned '0': CMAKE_PREFIX_PATH=/opt/ros/humble /usr/bin/cmake --install /home/kevin/Desktop/INF3995-102/build/ros_gz_example_description
