-- Found ament_cmake: 1.3.11 (/opt/ros/humble/share/ament_cmake/cmake)
-- Found Python3: /usr/bin/python3 (found version "3.10.12") found components: Interpreter 
-- Configuring done
-- Generating done
-- Build files have been written to: /home/kevin/INF3995-102/robot/build/ros_gz_example_application
-- Install configuration: ""
-- Installing: /home/kevin/INF3995-102/robot/install/ros_gz_example_application/share/ament_index/resource_index/package_run_dependencies/ros_gz_example_application
-- Installing: /home/kevin/INF3995-102/robot/install/ros_gz_example_application/share/ament_index/resource_index/parent_prefix_path/ros_gz_example_application
-- Installing: /home/kevin/INF3995-102/robot/install/ros_gz_example_application/share/ros_gz_example_application/environment/ament_prefix_path.sh
-- Installing: /home/kevin/INF3995-102/robot/install/ros_gz_example_application/share/ros_gz_example_application/environment/ament_prefix_path.dsv
-- Installing: /home/kevin/INF3995-102/robot/install/ros_gz_example_application/share/ros_gz_example_application/environment/path.sh
-- Installing: /home/kevin/INF3995-102/robot/install/ros_gz_example_application/share/ros_gz_example_application/environment/path.dsv
-- Installing: /home/kevin/INF3995-102/robot/install/ros_gz_example_application/share/ros_gz_example_application/local_setup.bash
-- Installing: /home/kevin/INF3995-102/robot/install/ros_gz_example_application/share/ros_gz_example_application/local_setup.sh
-- Installing: /home/kevin/INF3995-102/robot/install/ros_gz_example_application/share/ros_gz_example_application/local_setup.zsh
-- Installing: /home/kevin/INF3995-102/robot/install/ros_gz_example_application/share/ros_gz_example_application/local_setup.dsv
-- Installing: /home/kevin/INF3995-102/robot/install/ros_gz_example_application/share/ros_gz_example_application/package.dsv
-- Installing: /home/kevin/INF3995-102/robot/install/ros_gz_example_application/share/ament_index/resource_index/packages/ros_gz_example_application
-- Installing: /home/kevin/INF3995-102/robot/install/ros_gz_example_application/share/ros_gz_example_application/cmake/ros_gz_example_applicationConfig.cmake
-- Installing: /home/kevin/INF3995-102/robot/install/ros_gz_example_application/share/ros_gz_example_application/cmake/ros_gz_example_applicationConfig-version.cmake
-- Installing: /home/kevin/INF3995-102/robot/install/ros_gz_example_application/share/ros_gz_example_application/package.xml
