[0.022s] Invoking command in '/home/kylor/INF3995-102/robot/build/ros_gz_example_application': CMAKE_PREFIX_PATH=/opt/ros/humble /usr/bin/cmake /home/kylor/INF3995-102/robot/src/ros_gz_example_application -DBUILD_TESTING=ON -DCMAKE_INSTALL_PREFIX=/home/kylor/INF3995-102/robot/install/ros_gz_example_application
[0.121s] -- Found ament_cmake: 1.3.11 (/opt/ros/humble/share/ament_cmake/cmake)
[0.345s] -- Found Python3: /usr/bin/python3 (found version "3.10.12") found components: Interpreter 
[0.598s] -- Configuring done
[0.606s] -- Generating done
[0.608s] -- Build files have been written to: /home/kylor/INF3995-102/robot/build/ros_gz_example_application
[0.624s] Invoked command in '/home/kylor/INF3995-102/robot/build/ros_gz_example_application' returned '0': CMAKE_PREFIX_PATH=/opt/ros/humble /usr/bin/cmake /home/kylor/INF3995-102/robot/src/ros_gz_example_application -DBUILD_TESTING=ON -DCMAKE_INSTALL_PREFIX=/home/kylor/INF3995-102/robot/install/ros_gz_example_application
[0.628s] Invoking command in '/home/kylor/INF3995-102/robot/build/ros_gz_example_application': CMAKE_PREFIX_PATH=/opt/ros/humble /usr/bin/cmake --build /home/kylor/INF3995-102/robot/build/ros_gz_example_application -- -j20 -l20
[0.681s] Invoked command in '/home/kylor/INF3995-102/robot/build/ros_gz_example_application' returned '0': CMAKE_PREFIX_PATH=/opt/ros/humble /usr/bin/cmake --build /home/kylor/INF3995-102/robot/build/ros_gz_example_application -- -j20 -l20
[0.684s] Invoking command in '/home/kylor/INF3995-102/robot/build/ros_gz_example_application': CMAKE_PREFIX_PATH=/opt/ros/humble /usr/bin/cmake --install /home/kylor/INF3995-102/robot/build/ros_gz_example_application
[0.692s] -- Install configuration: ""
[0.694s] -- Installing: /home/kylor/INF3995-102/robot/install/ros_gz_example_application/share/ament_index/resource_index/package_run_dependencies/ros_gz_example_application
[0.694s] -- Installing: /home/kylor/INF3995-102/robot/install/ros_gz_example_application/share/ament_index/resource_index/parent_prefix_path/ros_gz_example_application
[0.695s] -- Installing: /home/kylor/INF3995-102/robot/install/ros_gz_example_application/share/ros_gz_example_application/environment/ament_prefix_path.sh
[0.695s] -- Installing: /home/kylor/INF3995-102/robot/install/ros_gz_example_application/share/ros_gz_example_application/environment/ament_prefix_path.dsv
[0.696s] -- Installing: /home/kylor/INF3995-102/robot/install/ros_gz_example_application/share/ros_gz_example_application/environment/path.sh
[0.696s] -- Installing: /home/kylor/INF3995-102/robot/install/ros_gz_example_application/share/ros_gz_example_application/environment/path.dsv
[0.697s] -- Installing: /home/kylor/INF3995-102/robot/install/ros_gz_example_application/share/ros_gz_example_application/local_setup.bash
[0.697s] -- Installing: /home/kylor/INF3995-102/robot/install/ros_gz_example_application/share/ros_gz_example_application/local_setup.sh
[0.697s] -- Installing: /home/kylor/INF3995-102/robot/install/ros_gz_example_application/share/ros_gz_example_application/local_setup.zsh
[0.697s] -- Installing: /home/kylor/INF3995-102/robot/install/ros_gz_example_application/share/ros_gz_example_application/local_setup.dsv
[0.698s] -- Installing: /home/kylor/INF3995-102/robot/install/ros_gz_example_application/share/ros_gz_example_application/package.dsv
[0.698s] -- Installing: /home/kylor/INF3995-102/robot/install/ros_gz_example_application/share/ament_index/resource_index/packages/ros_gz_example_application
[0.698s] -- Installing: /home/kylor/INF3995-102/robot/install/ros_gz_example_application/share/ros_gz_example_application/cmake/ros_gz_example_applicationConfig.cmake
[0.698s] -- Installing: /home/kylor/INF3995-102/robot/install/ros_gz_example_application/share/ros_gz_example_application/cmake/ros_gz_example_applicationConfig-version.cmake
[0.699s] -- Installing: /home/kylor/INF3995-102/robot/install/ros_gz_example_application/share/ros_gz_example_application/package.xml
[0.701s] Invoked command in '/home/kylor/INF3995-102/robot/build/ros_gz_example_application' returned '0': CMAKE_PREFIX_PATH=/opt/ros/humble /usr/bin/cmake --install /home/kylor/INF3995-102/robot/build/ros_gz_example_application
