[0.018s] Invoking command in '/home/kylor/INF3995-102/robot/build/ros_gz_example_application': /usr/bin/cmake /home/kylor/INF3995-102/robot/src/ros_gz_example_application -DBUILD_TESTING=ON -DCMAKE_INSTALL_PREFIX=/home/kylor/INF3995-102/robot/install/ros_gz_example_application
[0.618s] [31mCMake Error at CMakeLists.txt:5 (find_package):
[0.618s]   By not providing "Findament_cmake.cmake" in CMAKE_MODULE_PATH this project
[0.618s]   has asked CMake to find a package configuration file provided by
[0.618s]   "ament_cmake", but CMake did not find one.
[0.618s] 
[0.619s]   Could not find a package configuration file provided by "ament_cmake" with
[0.619s]   any of the following names:
[0.619s] 
[0.619s]     ament_cmakeConfig.cmake
[0.619s]     ament_cmake-config.cmake
[0.619s] 
[0.619s]   Add the installation prefix of "ament_cmake" to CMAKE_PREFIX_PATH or set
[0.619s]   "ament_cmake_DIR" to a directory containing one of the above files.  If
[0.620s]   "ament_cmake" provides a separate development package or SDK, be sure it
[0.620s]   has been installed.
[0.620s] 
[0.620s] [0m
[0.620s] -- Configuring incomplete, errors occurred!
[0.620s] See also "/home/kylor/INF3995-102/robot/build/ros_gz_example_application/CMakeFiles/CMakeOutput.log".
[0.628s] Invoked command in '/home/kylor/INF3995-102/robot/build/ros_gz_example_application' returned '1': /usr/bin/cmake /home/kylor/INF3995-102/robot/src/ros_gz_example_application -DBUILD_TESTING=ON -DCMAKE_INSTALL_PREFIX=/home/kylor/INF3995-102/robot/install/ros_gz_example_application
