[1.304s] Invoking command in '/home/kevin/Desktop/INF3995-102/robot/robot/src/control': PYTHONPATH=/home/kevin/Desktop/INF3995-102/build/control/prefix_override:/usr/local/lib/python3.10/dist-packages/colcon_core/task/python/colcon_distutils_commands:/home/kevin/Desktop/INF3995-102/install/control/lib/python3.10/site-packages:${PYTHONPATH} /usr/bin/python3 -W ignore:setup.py install is deprecated -W ignore:easy_install command is deprecated setup.py egg_info --egg-base ../../../../build/control build --build-base /home/kevin/Desktop/INF3995-102/build/control/build install --record /home/kevin/Desktop/INF3995-102/build/control/install.log --single-version-externally-managed install_data
[1.539s] running egg_info
[1.540s] creating ../../../../build/control/control.egg-info
[1.540s] writing ../../../../build/control/control.egg-info/PKG-INFO
[1.540s] writing dependency_links to ../../../../build/control/control.egg-info/dependency_links.txt
[1.541s] writing entry points to ../../../../build/control/control.egg-info/entry_points.txt
[1.541s] writing requirements to ../../../../build/control/control.egg-info/requires.txt
[1.541s] writing top-level names to ../../../../build/control/control.egg-info/top_level.txt
[1.542s] writing manifest file '../../../../build/control/control.egg-info/SOURCES.txt'
[1.543s] reading manifest file '../../../../build/control/control.egg-info/SOURCES.txt'
[1.543s] writing manifest file '../../../../build/control/control.egg-info/SOURCES.txt'
[1.543s] running build
[1.543s] running build_py
[1.546s] creating /home/kevin/Desktop/INF3995-102/build/control/build
[1.547s] creating /home/kevin/Desktop/INF3995-102/build/control/build/lib
[1.548s] creating /home/kevin/Desktop/INF3995-102/build/control/build/lib/control
[1.548s] copying control/__init__.py -> /home/kevin/Desktop/INF3995-102/build/control/build/lib/control
[1.548s] copying control/control.py -> /home/kevin/Desktop/INF3995-102/build/control/build/lib/control
[1.551s] running install
[1.552s] running install_lib
[1.552s] creating /home/kevin/Desktop/INF3995-102/install/control/lib/python3.10/site-packages/control
[1.552s] copying /home/kevin/Desktop/INF3995-102/build/control/build/lib/control/__init__.py -> /home/kevin/Desktop/INF3995-102/install/control/lib/python3.10/site-packages/control
[1.552s] copying /home/kevin/Desktop/INF3995-102/build/control/build/lib/control/control.py -> /home/kevin/Desktop/INF3995-102/install/control/lib/python3.10/site-packages/control
[1.554s] byte-compiling /home/kevin/Desktop/INF3995-102/install/control/lib/python3.10/site-packages/control/__init__.py to __init__.cpython-310.pyc
[1.554s] byte-compiling /home/kevin/Desktop/INF3995-102/install/control/lib/python3.10/site-packages/control/control.py to control.cpython-310.pyc
[1.554s] running install_data
[1.554s] creating /home/kevin/Desktop/INF3995-102/install/control/share/ament_index
[1.555s] creating /home/kevin/Desktop/INF3995-102/install/control/share/ament_index/resource_index
[1.555s] creating /home/kevin/Desktop/INF3995-102/install/control/share/ament_index/resource_index/packages
[1.555s] copying resource/control -> /home/kevin/Desktop/INF3995-102/install/control/share/ament_index/resource_index/packages
[1.555s] copying package.xml -> /home/kevin/Desktop/INF3995-102/install/control/share/control
[1.555s] running install_egg_info
[1.556s] Copying ../../../../build/control/control.egg-info to /home/kevin/Desktop/INF3995-102/install/control/lib/python3.10/site-packages/control-0.0.0-py3.10.egg-info
[1.556s] running install_scripts
[1.576s] Installing move_controller script to /home/kevin/Desktop/INF3995-102/install/control/lib/control
[1.577s] writing list of installed files to '/home/kevin/Desktop/INF3995-102/build/control/install.log'
[1.616s] Invoked command in '/home/kevin/Desktop/INF3995-102/robot/robot/src/control' returned '0': PYTHONPATH=/home/kevin/Desktop/INF3995-102/build/control/prefix_override:/usr/local/lib/python3.10/dist-packages/colcon_core/task/python/colcon_distutils_commands:/home/kevin/Desktop/INF3995-102/install/control/lib/python3.10/site-packages:${PYTHONPATH} /usr/bin/python3 -W ignore:setup.py install is deprecated -W ignore:easy_install command is deprecated setup.py egg_info --egg-base ../../../../build/control build --build-base /home/kevin/Desktop/INF3995-102/build/control/build install --record /home/kevin/Desktop/INF3995-102/build/control/install.log --single-version-externally-managed install_data
