[0.026s] Invoking command in '/home/kevin/INF3995-102/robot/build/ros_gz_example_description': /usr/bin/cmake /home/kevin/INF3995-102/robot/src/ros_gz_example_description -DBUILD_TESTING=ON -DCMAKE_INSTALL_PREFIX=/home/kevin/INF3995-102/robot/install/ros_gz_example_description
[0.633s] [31mCMake Error at CMakeLists.txt:5 (find_package):
[0.634s]   By not providing "Findament_cmake.cmake" in CMAKE_MODULE_PATH this project
[0.634s]   has asked CMake to find a package configuration file provided by
[0.634s]   "ament_cmake", but CMake did not find one.
[0.634s] 
[0.635s]   Could not find a package configuration file provided by "ament_cmake" with
[0.635s]   any of the following names:
[0.635s] 
[0.635s]     ament_cmakeConfig.cmake
[0.636s]     ament_cmake-config.cmake
[0.636s] 
[0.636s]   Add the installation prefix of "ament_cmake" to CMAKE_PREFIX_PATH or set
[0.636s]   "ament_cmake_DIR" to a directory containing one of the above files.  If
[0.636s]   "ament_cmake" provides a separate development package or SDK, be sure it
[0.637s]   has been installed.
[0.637s] 
[0.637s] [0m
[0.637s] -- Configuring incomplete, errors occurred!
[0.638s] See also "/home/kevin/INF3995-102/robot/build/ros_gz_example_description/CMakeFiles/CMakeOutput.log".
[0.644s] Invoked command in '/home/kevin/INF3995-102/robot/build/ros_gz_example_description' returned '1': /usr/bin/cmake /home/kevin/INF3995-102/robot/src/ros_gz_example_description -DBUILD_TESTING=ON -DCMAKE_INSTALL_PREFIX=/home/kevin/INF3995-102/robot/install/ros_gz_example_description
